Building DAG of jobs...
Using shell: /bin/bash
Provided cores: 24
Rules claiming more threads will be scaled down.
Job stats:
job                 count
----------------  -------
all                     1
tex2pdf_with_bib        1
total                   2

Select jobs to execute...

[Sun Dec 31 17:31:58 2023]
rule tex2pdf_with_bib:
    input: workflow/hcg_paper.tex
    output: results/publication/hcg_paper.pdf
    jobid: 5
    reason: Missing output files: results/publication/hcg_paper.pdf
    resources: mem_mb=1000, mem_mib=954, disk_mb=1000, disk_mib=954, tmpdir=/tmp

[Sun Dec 31 17:31:59 2023]
Error in rule tex2pdf_with_bib:
    jobid: 5
    input: workflow/hcg_paper.tex
    output: results/publication/hcg_paper.pdf
    shell:
        
        tectonic -o results/publication workflow/hcg_paper.tex
        
        (one of the commands exited with non-zero exit code; note that snakemake uses bash strict mode!)

Shutting down, this might take some time.
Exiting because a job execution failed. Look above for error message
Complete log: .snakemake/log/2023-12-31T173157.301072.snakemake.log
