Building DAG of jobs...
Using shell: /bin/bash
Provided cores: 24
Rules claiming more threads will be scaled down.
Job stats:
job                    count
-------------------  -------
all                        1
plot_sofia_products        1
run_sofia                  3
total                      5

Select jobs to execute...

[Wed Dec 27 12:29:43 2023]
rule run_sofia:
    input: data/hcg30/hcg30_line60_masked.image.fits, config/sofia/hcg30_sofia.par
    output: results/sofia/hcg30/hcg30_line60_masked.image_cat.txt, results/sofia/hcg30/hcg30_sofia_updated.par, results/sofia/hcg30/hcg30_line60_masked.image_cubelets/hcg30_line60_masked.image_1_mom0.fits
    log: results/sofia/logs/hcg30/hcg30_line60_masked.image.log
    jobid: 2
    reason: Missing output files: results/sofia/hcg30/hcg30_line60_masked.image_cat.txt, results/sofia/hcg30/hcg30_line60_masked.image_cubelets/hcg30_line60_masked.image_1_mom0.fits, results/sofia/hcg30/hcg30_sofia_updated.par
    wildcards: gal_idx=hcg30
    resources: mem_mb=1203, mem_mib=1148, disk_mb=1203, disk_mib=1148, tmpdir=/tmp


[Wed Dec 27 12:29:44 2023]
rule run_sofia:
    input: data/hcg16/hcg16_line60_masked.image.fits, config/sofia/hcg16_sofia.par
    output: results/sofia/hcg16/hcg16_line60_masked.image_cat.txt, results/sofia/hcg16/hcg16_sofia_updated.par, results/sofia/hcg16/hcg16_line60_masked.image_cubelets/hcg16_line60_masked.image_1_mom0.fits
    log: results/sofia/logs/hcg16/hcg16_line60_masked.image.log
    jobid: 1
    reason: Missing output files: results/sofia/hcg16/hcg16_line60_masked.image_cubelets/hcg16_line60_masked.image_1_mom0.fits, results/sofia/hcg16/hcg16_line60_masked.image_cat.txt, results/sofia/hcg16/hcg16_sofia_updated.par
    wildcards: gal_idx=hcg16
    resources: mem_mb=1069, mem_mib=1020, disk_mb=1069, disk_mib=1020, tmpdir=/tmp


[Wed Dec 27 12:29:44 2023]
rule run_sofia:
    input: data/hcg31/hcg31_line60_masked.image.fits, config/sofia/hcg31_sofia.par
    output: results/sofia/hcg31/hcg31_line60_masked.image_cat.txt, results/sofia/hcg31/hcg31_sofia_updated.par, results/sofia/hcg31/hcg31_line60_masked.image_cubelets/hcg31_line60_masked.image_1_mom0.fits
    log: results/sofia/logs/hcg31/hcg31_line60_masked.image.log
    jobid: 3
    reason: Missing output files: results/sofia/hcg31/hcg31_sofia_updated.par, results/sofia/hcg31/hcg31_line60_masked.image_cat.txt, results/sofia/hcg31/hcg31_line60_masked.image_cubelets/hcg31_line60_masked.image_1_mom0.fits
    wildcards: gal_idx=hcg31
    resources: mem_mb=1890, mem_mib=1803, disk_mb=1890, disk_mib=1803, tmpdir=/tmp

[Wed Dec 27 12:29:44 2023]
Error in rule run_sofia:
    jobid: 2
    input: data/hcg30/hcg30_line60_masked.image.fits, config/sofia/hcg30_sofia.par
    output: results/sofia/hcg30/hcg30_line60_masked.image_cat.txt, results/sofia/hcg30/hcg30_sofia_updated.par, results/sofia/hcg30/hcg30_line60_masked.image_cubelets/hcg30_line60_masked.image_1_mom0.fits
    log: results/sofia/logs/hcg30/hcg30_line60_masked.image.log (check log file(s) for error details)
    shell:
        python workflow/scripts/run_sofia.py        --parfile config/sofia/hcg30_sofia.par        --datacube data/hcg30/hcg30_line60_masked.image.fits        --outname results/sofia/hcg30        --scfind_threshold 5.0        --reliability_minpix 0        --reliability_threshold 0.9        --reliability_enable False        | tee results/sofia/logs/hcg30/hcg30_line60_masked.image.log
        (one of the commands exited with non-zero exit code; note that snakemake uses bash strict mode!)

[Wed Dec 27 12:29:44 2023]
Error in rule run_sofia:
    jobid: 1
    input: data/hcg16/hcg16_line60_masked.image.fits, config/sofia/hcg16_sofia.par
    output: results/sofia/hcg16/hcg16_line60_masked.image_cat.txt, results/sofia/hcg16/hcg16_sofia_updated.par, results/sofia/hcg16/hcg16_line60_masked.image_cubelets/hcg16_line60_masked.image_1_mom0.fits
    log: results/sofia/logs/hcg16/hcg16_line60_masked.image.log (check log file(s) for error details)
    shell:
        python workflow/scripts/run_sofia.py        --parfile config/sofia/hcg16_sofia.par        --datacube data/hcg16/hcg16_line60_masked.image.fits        --outname results/sofia/hcg16        --scfind_threshold 5.6        --reliability_minpix 0        --reliability_threshold 0.9        --reliability_enable False        | tee results/sofia/logs/hcg16/hcg16_line60_masked.image.log
        (one of the commands exited with non-zero exit code; note that snakemake uses bash strict mode!)

[Wed Dec 27 12:29:44 2023]
Error in rule run_sofia:
    jobid: 3
    input: data/hcg31/hcg31_line60_masked.image.fits, config/sofia/hcg31_sofia.par
    output: results/sofia/hcg31/hcg31_line60_masked.image_cat.txt, results/sofia/hcg31/hcg31_sofia_updated.par, results/sofia/hcg31/hcg31_line60_masked.image_cubelets/hcg31_line60_masked.image_1_mom0.fits
    log: results/sofia/logs/hcg31/hcg31_line60_masked.image.log (check log file(s) for error details)
    shell:
        python workflow/scripts/run_sofia.py        --parfile config/sofia/hcg31_sofia.par        --datacube data/hcg31/hcg31_line60_masked.image.fits        --outname results/sofia/hcg31        --scfind_threshold 5.6        --reliability_minpix 0        --reliability_threshold 0.9        --reliability_enable False        | tee results/sofia/logs/hcg31/hcg31_line60_masked.image.log
        (one of the commands exited with non-zero exit code; note that snakemake uses bash strict mode!)

Shutting down, this might take some time.
Exiting because a job execution failed. Look above for error message
Complete log: .snakemake/log/2023-12-27T122943.172295.snakemake.log
