Building DAG of jobs...
Using shell: /usr/bin/bash
Provided cores: 24
Rules claiming more threads will be scaled down.
Job stats:
job                    count
-------------------  -------
all                        1
plot_sofia_products        1
total                      2

Select jobs to execute...

[Wed Dec 20 05:14:21 2023]
rule plot_sofia_products:
    input: data/hcg30/optical/legacystamps_69.152500_-3.186400_ls-dr10-gfilter.fits, data/hcg30/optical/legacystamps_69.152500_-3.186400_ls-dr10-ifilter.fits, data/hcg30/optical/legacystamps_69.152500_-3.186400_ls-dr10-zfilter.fits, results/sofia/hcg30/hcg30_line60_masked.image_cubelets/hcg30_line60_masked.image_16_mom0.fits
    output: results/publication/figures/ngc1622_mom0.pdf
    jobid: 5
    reason: Missing output files: results/publication/figures/ngc1622_mom0.pdf
    resources: mem_mb=1000, mem_mib=954, disk_mb=1000, disk_mib=954, tmpdir=/tmp

[Wed Dec 20 05:14:24 2023]
Error in rule plot_sofia_products:
    jobid: 5
    input: data/hcg30/optical/legacystamps_69.152500_-3.186400_ls-dr10-gfilter.fits, data/hcg30/optical/legacystamps_69.152500_-3.186400_ls-dr10-ifilter.fits, data/hcg30/optical/legacystamps_69.152500_-3.186400_ls-dr10-zfilter.fits, results/sofia/hcg30/hcg30_line60_masked.image_cubelets/hcg30_line60_masked.image_16_mom0.fits
    output: results/publication/figures/ngc1622_mom0.pdf
    shell:
        python workflow/scripts/plot_sofia_products.py        --gfilter data/hcg30/optical/legacystamps_69.152500_-3.186400_ls-dr10-gfilter.fits        --ifilter data/hcg30/optical/legacystamps_69.152500_-3.186400_ls-dr10-ifilter.fits        --zfilter data/hcg30/optical/legacystamps_69.152500_-3.186400_ls-dr10-zfilter.fits        --contour_file results/sofia/hcg30/hcg30_line60_masked.image_cubelets/hcg30_line60_masked.image_16_mom0.fits
        (one of the commands exited with non-zero exit code; note that snakemake uses bash strict mode!)

Shutting down, this might take some time.
Exiting because a job execution failed. Look above for error message
Complete log: .snakemake/log/2023-12-20T051421.183953.snakemake.log
