Building DAG of jobs...
Using shell: /usr/bin/bash
Provided cores: 24
Rules claiming more threads will be scaled down.
Job stats:
job          count
---------  -------
all              1
run_sofia        3
total            4

Select jobs to execute...

[Wed Dec 20 05:32:03 2023]
rule run_sofia:
    input: data/hcg31/hcg31_line60_masked.image.fits, config/sofia/hcg31_sofia.par
    output: results/sofia/hcg31/hcg31_line60_masked.image_cat.txt, results/sofia/hcg31/hcg31_sofia_updated.par
    log: results/sofia/logs/hcg31/hcg31_line60_masked.image.log
    jobid: 4
    reason: Missing output files: results/sofia/hcg31/hcg31_line60_masked.image_cat.txt, results/sofia/hcg31/hcg31_sofia_updated.par
    wildcards: gal_idx=hcg31
    resources: mem_mb=1890, mem_mib=1803, disk_mb=1890, disk_mib=1803, tmpdir=/tmp


[Wed Dec 20 05:32:05 2023]
rule run_sofia:
    input: data/hcg16/hcg16_line60_masked.image.fits, config/sofia/hcg16_sofia.par
    output: results/sofia/hcg16/hcg16_line60_masked.image_cat.txt, results/sofia/hcg16/hcg16_sofia_updated.par
    log: results/sofia/logs/hcg16/hcg16_line60_masked.image.log
    jobid: 2
    reason: Missing output files: results/sofia/hcg16/hcg16_line60_masked.image_cat.txt, results/sofia/hcg16/hcg16_sofia_updated.par
    wildcards: gal_idx=hcg16
    resources: mem_mb=1069, mem_mib=1020, disk_mb=1069, disk_mib=1020, tmpdir=/tmp


[Wed Dec 20 05:32:05 2023]
rule run_sofia:
    input: data/hcg30/hcg30_line60_masked.image.fits, config/sofia/hcg30_sofia.par
    output: results/sofia/hcg30/hcg30_line60_masked.image_cat.txt, results/sofia/hcg30/hcg30_sofia_updated.par
    log: results/sofia/logs/hcg30/hcg30_line60_masked.image.log
    jobid: 3
    reason: Missing output files: results/sofia/hcg30/hcg30_sofia_updated.par, results/sofia/hcg30/hcg30_line60_masked.image_cat.txt
    wildcards: gal_idx=hcg30
    resources: mem_mb=1203, mem_mib=1148, disk_mb=1203, disk_mib=1148, tmpdir=/tmp

Terminating processes on user request, this might take some time.
[Wed Dec 20 05:32:32 2023]
Error in rule run_sofia:
    jobid: 3
    input: data/hcg30/hcg30_line60_masked.image.fits, config/sofia/hcg30_sofia.par
    output: results/sofia/hcg30/hcg30_line60_masked.image_cat.txt, results/sofia/hcg30/hcg30_sofia_updated.par
    log: results/sofia/logs/hcg30/hcg30_line60_masked.image.log (check log file(s) for error details)
    shell:
        python workflow/scripts/run_sofia.py        --parfile config/sofia/hcg30_sofia.par        --datacube data/hcg30/hcg30_line60_masked.image.fits        --outname results/sofia/hcg30        --scfind_threshold 5.0        --reliability_minpix 0        --reliability_threshold 0.9        --reliability_enable False        | tee results/sofia/logs/hcg30/hcg30_line60_masked.image.log
        (one of the commands exited with non-zero exit code; note that snakemake uses bash strict mode!)

[Wed Dec 20 05:32:32 2023]
Error in rule run_sofia:
    jobid: 2
    input: data/hcg16/hcg16_line60_masked.image.fits, config/sofia/hcg16_sofia.par
    output: results/sofia/hcg16/hcg16_line60_masked.image_cat.txt, results/sofia/hcg16/hcg16_sofia_updated.par
    log: results/sofia/logs/hcg16/hcg16_line60_masked.image.log (check log file(s) for error details)
    shell:
        python workflow/scripts/run_sofia.py        --parfile config/sofia/hcg16_sofia.par        --datacube data/hcg16/hcg16_line60_masked.image.fits        --outname results/sofia/hcg16        --scfind_threshold 5.6        --reliability_minpix 0        --reliability_threshold 0.9        --reliability_enable False        | tee results/sofia/logs/hcg16/hcg16_line60_masked.image.log
        (one of the commands exited with non-zero exit code; note that snakemake uses bash strict mode!)

[Wed Dec 20 05:32:32 2023]
Error in rule run_sofia:
    jobid: 4
    input: data/hcg31/hcg31_line60_masked.image.fits, config/sofia/hcg31_sofia.par
    output: results/sofia/hcg31/hcg31_line60_masked.image_cat.txt, results/sofia/hcg31/hcg31_sofia_updated.par
    log: results/sofia/logs/hcg31/hcg31_line60_masked.image.log (check log file(s) for error details)
    shell:
        python workflow/scripts/run_sofia.py        --parfile config/sofia/hcg31_sofia.par        --datacube data/hcg31/hcg31_line60_masked.image.fits        --outname results/sofia/hcg31        --scfind_threshold 5.6        --reliability_minpix 0        --reliability_threshold 0.9        --reliability_enable False        | tee results/sofia/logs/hcg31/hcg31_line60_masked.image.log
        (one of the commands exited with non-zero exit code; note that snakemake uses bash strict mode!)

Complete log: .snakemake/log/2023-12-20T053202.427095.snakemake.log
