Building DAG of jobs...
Using shell: /bin/bash
Provided cores: 24
Rules claiming more threads will be scaled down.
Job stats:
job                    count
-------------------  -------
all                        1
plot_sofia_products        1
run_sofia                  3
tex2pdf_with_bib           1
total                      6

Select jobs to execute...

[Thu Dec 28 07:22:06 2023]
rule run_sofia:
    input: data/hcg30/hcg30_line60_masked.image.fits, config/sofia/hcg30_sofia.par
    output: results/sofia/hcg30/hcg30_line60_masked.image_vopt_cat.txt, results/sofia/hcg30/hcg30_sofia_updated_vopt.par, results/sofia/hcg30/hcg30_line60_masked.image_vopt_cubelets/hcg30_line60_masked.image_vopt_1_mom0.fits
    log: results/sofia/logs/hcg30/hcg30_line60_masked.image_vopt.log
    jobid: 2
    reason: Missing output files: results/sofia/hcg30/hcg30_line60_masked.image_vopt_cat.txt, results/sofia/hcg30/hcg30_sofia_updated_vopt.par, results/sofia/hcg30/hcg30_line60_masked.image_vopt_cubelets/hcg30_line60_masked.image_vopt_1_mom0.fits
    wildcards: gal_idx=hcg30
    resources: mem_mb=1203, mem_mib=1148, disk_mb=1203, disk_mib=1148, tmpdir=/tmp


[Thu Dec 28 07:22:07 2023]
rule run_sofia:
    input: data/hcg16/hcg16_line60_masked.image.fits, config/sofia/hcg16_sofia.par
    output: results/sofia/hcg16/hcg16_line60_masked.image_vopt_cat.txt, results/sofia/hcg16/hcg16_sofia_updated_vopt.par, results/sofia/hcg16/hcg16_line60_masked.image_vopt_cubelets/hcg16_line60_masked.image_vopt_1_mom0.fits
    log: results/sofia/logs/hcg16/hcg16_line60_masked.image_vopt.log
    jobid: 1
    reason: Missing output files: results/sofia/hcg16/hcg16_sofia_updated_vopt.par, results/sofia/hcg16/hcg16_line60_masked.image_vopt_cat.txt, results/sofia/hcg16/hcg16_line60_masked.image_vopt_cubelets/hcg16_line60_masked.image_vopt_1_mom0.fits
    wildcards: gal_idx=hcg16
    resources: mem_mb=1069, mem_mib=1020, disk_mb=1069, disk_mib=1020, tmpdir=/tmp


[Thu Dec 28 07:22:07 2023]
rule run_sofia:
    input: data/hcg31/hcg31_line60_masked.image.fits, config/sofia/hcg31_sofia.par
    output: results/sofia/hcg31/hcg31_line60_masked.image_vopt_cat.txt, results/sofia/hcg31/hcg31_sofia_updated_vopt.par, results/sofia/hcg31/hcg31_line60_masked.image_vopt_cubelets/hcg31_line60_masked.image_vopt_1_mom0.fits
    log: results/sofia/logs/hcg31/hcg31_line60_masked.image_vopt.log
    jobid: 3
    reason: Missing output files: results/sofia/hcg31/hcg31_line60_masked.image_vopt_cat.txt, results/sofia/hcg31/hcg31_line60_masked.image_vopt_cubelets/hcg31_line60_masked.image_vopt_1_mom0.fits, results/sofia/hcg31/hcg31_sofia_updated_vopt.par
    wildcards: gal_idx=hcg31
    resources: mem_mb=1890, mem_mib=1803, disk_mb=1890, disk_mib=1803, tmpdir=/tmp


[Thu Dec 28 07:22:07 2023]
rule tex2pdf_with_bib:
    input: workflow/hcg_paper.tex
    output: results/publication/hcg_paper.pdf
    jobid: 5
    reason: Missing output files: results/publication/hcg_paper.pdf
    resources: mem_mb=1000, mem_mib=954, disk_mb=1000, disk_mib=954, tmpdir=/tmp

[Thu Dec 28 07:22:10 2023]
Finished job 5.
1 of 6 steps (17%) done
[Thu Dec 28 07:22:57 2023]
Finished job 2.
2 of 6 steps (33%) done
Select jobs to execute...

[Thu Dec 28 07:22:57 2023]
rule plot_sofia_products:
    input: data/hcg30/optical/legacystamps_69.152500_-3.186400_ls-dr10-gfilter.fits, data/hcg30/optical/legacystamps_69.152500_-3.186400_ls-dr10-ifilter.fits, data/hcg30/optical/legacystamps_69.152500_-3.186400_ls-dr10-zfilter.fits, results/sofia/hcg30/hcg30_line60_masked.image_vopt_cubelets/hcg30_line60_masked.image_vopt_1_mom0.fits
    output: results/publication/figures/ngc1622_mom0.pdf
    jobid: 4
    reason: Missing output files: results/publication/figures/ngc1622_mom0.pdf; Input files updated by another job: results/sofia/hcg30/hcg30_line60_masked.image_vopt_cubelets/hcg30_line60_masked.image_vopt_1_mom0.fits
    resources: mem_mb=1000, mem_mib=954, disk_mb=1000, disk_mib=954, tmpdir=/tmp

[Thu Dec 28 07:23:04 2023]
Finished job 1.
3 of 6 steps (50%) done
[Thu Dec 28 07:23:36 2023]
Error in rule plot_sofia_products:
    jobid: 4
    input: data/hcg30/optical/legacystamps_69.152500_-3.186400_ls-dr10-gfilter.fits, data/hcg30/optical/legacystamps_69.152500_-3.186400_ls-dr10-ifilter.fits, data/hcg30/optical/legacystamps_69.152500_-3.186400_ls-dr10-zfilter.fits, results/sofia/hcg30/hcg30_line60_masked.image_vopt_cubelets/hcg30_line60_masked.image_vopt_1_mom0.fits
    output: results/publication/figures/ngc1622_mom0.pdf
    shell:
        python workflow/scripts/plot_sofia_products.py --gfilter data/hcg30/optical/legacystamps_69.152500_-3.186400_ls-dr10-gfilter.fits --ifilter data/hcg30/optical/legacystamps_69.152500_-3.186400_ls-dr10-ifilter.fits --zfilter data/hcg30/optical/legacystamps_69.152500_-3.186400_ls-dr10-zfilter.fits --contour_file results/sofia/hcg30/hcg30_line60_masked.image_vopt_cubelets/hcg30_line60_masked.image_vopt_1_mom0.fits --source_id 16
        (one of the commands exited with non-zero exit code; note that snakemake uses bash strict mode!)

[Thu Dec 28 07:23:46 2023]
Finished job 3.
4 of 6 steps (67%) done
Shutting down, this might take some time.
Exiting because a job execution failed. Look above for error message
Complete log: .snakemake/log/2023-12-28T072205.873344.snakemake.log
