Building DAG of jobs...
Using shell: /usr/bin/bash
Provided cores: 24
Rules claiming more threads will be scaled down.
Job stats:
job                 count
----------------  -------
all                     1
tex2pdf_with_bib        1
total                   2

Select jobs to execute...

[Fri Dec 15 08:30:34 2023]
rule tex2pdf_with_bib:
    input: workflow/src/hcg_paper.tex
    output: results/publication/hcg_paper.pdf
    jobid: 1
    reason: Updated input files: workflow/src/hcg_paper.tex
    wildcards: name=hcg_paper
    resources: mem_mb=1000, mem_mib=954, disk_mb=1000, disk_mib=954, tmpdir=/tmp

[Fri Dec 15 08:31:18 2023]
Finished job 1.
1 of 2 steps (50%) done
Select jobs to execute...

[Fri Dec 15 08:31:18 2023]
localrule all:
    input: results/publication/hcg_paper.pdf
    jobid: 0
    reason: Input files updated by another job: results/publication/hcg_paper.pdf
    resources: mem_mb=1000, mem_mib=954, disk_mb=1000, disk_mib=954, tmpdir=/tmp

[Fri Dec 15 08:31:18 2023]
Finished job 0.
2 of 2 steps (100%) done
Complete log: .snakemake/log/2023-12-15T083033.186763.snakemake.log
