Building DAG of jobs...
Using shell: /bin/bash
Provided cores: 24
Rules claiming more threads will be scaled down.
Job stats:
job                    count
-------------------  -------
all                        1
plot_sofia_products        1
run_sofia                  3
tex2pdf_with_bib           1
total                      6

Select jobs to execute...

[Thu Dec 28 07:32:42 2023]
rule run_sofia:
    input: data/hcg30/hcg30_line60_masked.image.fits, config/sofia/hcg30_sofia.par
    output: results/sofia/hcg30/hcg30_line60_masked.image_vopt_cat.txt, results/sofia/hcg30/hcg30_sofia_updated_vopt.par, results/sofia/hcg30/hcg30_line60_masked.image_vopt_cubelets/hcg30_line60_masked.image_vopt_1_mom0.fits
    log: results/sofia/logs/hcg30/hcg30_line60_masked.image_vopt.log
    jobid: 2
    reason: Missing output files: results/sofia/hcg30/hcg30_sofia_updated_vopt.par, results/sofia/hcg30/hcg30_line60_masked.image_vopt_cubelets/hcg30_line60_masked.image_vopt_1_mom0.fits, results/sofia/hcg30/hcg30_line60_masked.image_vopt_cat.txt
    wildcards: gal_idx=hcg30
    resources: mem_mb=1203, mem_mib=1148, disk_mb=1203, disk_mib=1148, tmpdir=/tmp


[Thu Dec 28 07:32:43 2023]
rule run_sofia:
    input: data/hcg16/hcg16_line60_masked.image.fits, config/sofia/hcg16_sofia.par
    output: results/sofia/hcg16/hcg16_line60_masked.image_vopt_cat.txt, results/sofia/hcg16/hcg16_sofia_updated_vopt.par, results/sofia/hcg16/hcg16_line60_masked.image_vopt_cubelets/hcg16_line60_masked.image_vopt_1_mom0.fits
    log: results/sofia/logs/hcg16/hcg16_line60_masked.image_vopt.log
    jobid: 1
    reason: Missing output files: results/sofia/hcg16/hcg16_sofia_updated_vopt.par, results/sofia/hcg16/hcg16_line60_masked.image_vopt_cubelets/hcg16_line60_masked.image_vopt_1_mom0.fits, results/sofia/hcg16/hcg16_line60_masked.image_vopt_cat.txt
    wildcards: gal_idx=hcg16
    resources: mem_mb=1069, mem_mib=1020, disk_mb=1069, disk_mib=1020, tmpdir=/tmp


[Thu Dec 28 07:32:43 2023]
rule run_sofia:
    input: data/hcg31/hcg31_line60_masked.image.fits, config/sofia/hcg31_sofia.par
    output: results/sofia/hcg31/hcg31_line60_masked.image_vopt_cat.txt, results/sofia/hcg31/hcg31_sofia_updated_vopt.par, results/sofia/hcg31/hcg31_line60_masked.image_vopt_cubelets/hcg31_line60_masked.image_vopt_1_mom0.fits
    log: results/sofia/logs/hcg31/hcg31_line60_masked.image_vopt.log
    jobid: 3
    reason: Missing output files: results/sofia/hcg31/hcg31_sofia_updated_vopt.par, results/sofia/hcg31/hcg31_line60_masked.image_vopt_cubelets/hcg31_line60_masked.image_vopt_1_mom0.fits, results/sofia/hcg31/hcg31_line60_masked.image_vopt_cat.txt
    wildcards: gal_idx=hcg31
    resources: mem_mb=1890, mem_mib=1803, disk_mb=1890, disk_mib=1803, tmpdir=/tmp


[Thu Dec 28 07:32:43 2023]
rule tex2pdf_with_bib:
    input: workflow/hcg_paper.tex
    output: results/publication/hcg_paper.pdf
    jobid: 5
    reason: Missing output files: results/publication/hcg_paper.pdf
    resources: mem_mb=1000, mem_mib=954, disk_mb=1000, disk_mib=954, tmpdir=/tmp

[Thu Dec 28 07:32:46 2023]
Finished job 5.
1 of 6 steps (17%) done
[Thu Dec 28 07:33:28 2023]
Finished job 2.
2 of 6 steps (33%) done
Select jobs to execute...

[Thu Dec 28 07:33:28 2023]
rule plot_sofia_products:
    input: data/hcg30/optical/legacystamps_69.152500_-3.186400_ls-dr10-gfilter.fits, data/hcg30/optical/legacystamps_69.152500_-3.186400_ls-dr10-ifilter.fits, data/hcg30/optical/legacystamps_69.152500_-3.186400_ls-dr10-zfilter.fits, results/sofia/hcg30/hcg30_line60_masked.image_vopt_cubelets/hcg30_line60_masked.image_vopt_1_mom0.fits
    output: results/publication/figures/ngc1622_mom0.pdf
    jobid: 4
    reason: Missing output files: results/publication/figures/ngc1622_mom0.pdf; Input files updated by another job: results/sofia/hcg30/hcg30_line60_masked.image_vopt_cubelets/hcg30_line60_masked.image_vopt_1_mom0.fits
    resources: mem_mb=1000, mem_mib=954, disk_mb=1000, disk_mib=954, tmpdir=/tmp

[Thu Dec 28 07:33:38 2023]
Finished job 1.
3 of 6 steps (50%) done
[Thu Dec 28 07:34:07 2023]
Finished job 4.
4 of 6 steps (67%) done
[Thu Dec 28 07:34:18 2023]
Finished job 3.
5 of 6 steps (83%) done
Select jobs to execute...

[Thu Dec 28 07:34:18 2023]
localrule all:
    input: results/sofia/hcg16/hcg16_sofia_updated_vopt.par, results/sofia/hcg30/hcg30_sofia_updated_vopt.par, results/sofia/hcg31/hcg31_sofia_updated_vopt.par, results/sofia/hcg16/hcg16_line60_masked.image_vopt_cat.txt, results/sofia/hcg30/hcg30_line60_masked.image_vopt_cat.txt, results/sofia/hcg31/hcg31_line60_masked.image_vopt_cat.txt, results/sofia/hcg16/hcg16_line60_masked.image_vopt_cubelets/hcg16_line60_masked.image_vopt_1_mom0.fits, results/sofia/hcg30/hcg30_line60_masked.image_vopt_cubelets/hcg30_line60_masked.image_vopt_1_mom0.fits, results/sofia/hcg31/hcg31_line60_masked.image_vopt_cubelets/hcg31_line60_masked.image_vopt_1_mom0.fits, results/publication/figures/ngc1622_mom0.pdf, results/publication/hcg_paper.pdf
    jobid: 0
    reason: Input files updated by another job: results/sofia/hcg16/hcg16_sofia_updated_vopt.par, results/sofia/hcg31/hcg31_line60_masked.image_vopt_cubelets/hcg31_line60_masked.image_vopt_1_mom0.fits, results/sofia/hcg16/hcg16_line60_masked.image_vopt_cubelets/hcg16_line60_masked.image_vopt_1_mom0.fits, results/sofia/hcg31/hcg31_line60_masked.image_vopt_cat.txt, results/sofia/hcg16/hcg16_line60_masked.image_vopt_cat.txt, results/sofia/hcg30/hcg30_line60_masked.image_vopt_cubelets/hcg30_line60_masked.image_vopt_1_mom0.fits, results/sofia/hcg31/hcg31_sofia_updated_vopt.par, results/publication/hcg_paper.pdf, results/publication/figures/ngc1622_mom0.pdf, results/sofia/hcg30/hcg30_sofia_updated_vopt.par, results/sofia/hcg30/hcg30_line60_masked.image_vopt_cat.txt
    resources: mem_mb=1000, mem_mib=954, disk_mb=1000, disk_mib=954, tmpdir=/tmp

[Thu Dec 28 07:34:18 2023]
Finished job 0.
6 of 6 steps (100%) done
Complete log: .snakemake/log/2023-12-28T073241.646201.snakemake.log
