Building DAG of jobs...
Using shell: /bin/bash
Provided cores: 24
Rules claiming more threads will be scaled down.
Job stats:
job                    count
-------------------  -------
all                        1
plot_sofia_products        1
total                      2

Select jobs to execute...

[Wed Dec 27 10:01:45 2023]
rule plot_sofia_products:
    input: data/hcg30/optical/legacystamps_69.152500_-3.186400_ls-dr10-gfilter.fits, data/hcg30/optical/legacystamps_69.152500_-3.186400_ls-dr10-ifilter.fits, data/hcg30/optical/legacystamps_69.152500_-3.186400_ls-dr10-zfilter.fits, results/sofia/hcg30/hcg30_line60_masked.image_cubelets/hcg30_line60_masked.image_1_mom0.fits
    output: results/publication/figures/ngc1622_mom0.pdf
    jobid: 4
    reason: Missing output files: results/publication/figures/ngc1622_mom0.pdf
    resources: mem_mb=1000, mem_mib=954, disk_mb=1000, disk_mib=954, tmpdir=/tmp

[Wed Dec 27 10:02:24 2023]
Finished job 4.
1 of 2 steps (50%) done
Select jobs to execute...

[Wed Dec 27 10:02:24 2023]
localrule all:
    input: results/sofia/hcg16/hcg16_sofia_updated.par, results/sofia/hcg30/hcg30_sofia_updated.par, results/sofia/hcg31/hcg31_sofia_updated.par, results/sofia/hcg16/hcg16_line60_masked.image_cat.txt, results/sofia/hcg30/hcg30_line60_masked.image_cat.txt, results/sofia/hcg31/hcg31_line60_masked.image_cat.txt, results/sofia/hcg16/hcg16_line60_masked.image_cubelets/hcg16_line60_masked.image_1_mom0.fits, results/sofia/hcg30/hcg30_line60_masked.image_cubelets/hcg30_line60_masked.image_1_mom0.fits, results/sofia/hcg31/hcg31_line60_masked.image_cubelets/hcg31_line60_masked.image_1_mom0.fits, results/publication/figures/ngc1622_mom0.pdf, results/publication/hcg_paper.pdf
    jobid: 0
    reason: Input files updated by another job: results/publication/figures/ngc1622_mom0.pdf
    resources: mem_mb=1000, mem_mib=954, disk_mb=1000, disk_mib=954, tmpdir=/tmp

[Wed Dec 27 10:02:24 2023]
Finished job 0.
2 of 2 steps (100%) done
Complete log: .snakemake/log/2023-12-27T100144.423073.snakemake.log
