Building DAG of jobs...
Using shell: /usr/bin/bash
Provided cores: 24
Rules claiming more threads will be scaled down.
Job stats:
job                 count
----------------  -------
all                     1
run_sofia               3
tex2pdf_with_bib        1
total                   5

Select jobs to execute...

[Tue Dec 19 09:41:41 2023]
rule run_sofia:
    input: data/hcg30/hcg30_line60_masked.image.fits, config/sofia/hcg30_sofia.par
    output: results/sofia/hcg30/hcg30_line60_masked.image_cat.txt, results/sofia/hcg30/hcg30_sofia_updated.par
    log: results/sofia/logs/hcg30/hcg30_line60_masked.image.log
    jobid: 3
    reason: Missing output files: results/sofia/hcg30/hcg30_sofia_updated.par, results/sofia/hcg30/hcg30_line60_masked.image_cat.txt
    wildcards: gal_idx=hcg30
    threads: 24
    resources: mem_mb=1203, mem_mib=1148, disk_mb=1203, disk_mib=1148, tmpdir=/tmp

[Tue Dec 19 09:42:03 2023]
Finished job 3.
1 of 5 steps (20%) done
Select jobs to execute...

[Tue Dec 19 09:42:03 2023]
rule run_sofia:
    input: data/hcg31/hcg31_line60_masked.image.fits, config/sofia/hcg31_sofia.par
    output: results/sofia/hcg31/hcg31_line60_masked.image_cat.txt, results/sofia/hcg31/hcg31_sofia_updated.par
    log: results/sofia/logs/hcg31/hcg31_line60_masked.image.log
    jobid: 4
    reason: Missing output files: results/sofia/hcg31/hcg31_line60_masked.image_cat.txt, results/sofia/hcg31/hcg31_sofia_updated.par
    wildcards: gal_idx=hcg31
    threads: 24
    resources: mem_mb=1890, mem_mib=1803, disk_mb=1890, disk_mib=1803, tmpdir=/tmp

[Tue Dec 19 09:42:27 2023]
Finished job 4.
2 of 5 steps (40%) done
Select jobs to execute...

[Tue Dec 19 09:42:27 2023]
rule run_sofia:
    input: data/hcg16/hcg16_line60_masked.image.fits, config/sofia/hcg16_sofia.par
    output: results/sofia/hcg16/hcg16_line60_masked.image_cat.txt, results/sofia/hcg16/hcg16_sofia_updated.par
    log: results/sofia/logs/hcg16/hcg16_line60_masked.image.log
    jobid: 2
    reason: Missing output files: results/sofia/hcg16/hcg16_sofia_updated.par, results/sofia/hcg16/hcg16_line60_masked.image_cat.txt
    wildcards: gal_idx=hcg16
    threads: 24
    resources: mem_mb=1069, mem_mib=1020, disk_mb=1069, disk_mib=1020, tmpdir=/tmp

[Tue Dec 19 09:42:43 2023]
Finished job 2.
3 of 5 steps (60%) done
Select jobs to execute...

[Tue Dec 19 09:42:43 2023]
rule tex2pdf_with_bib:
    input: workflow/hcg_paper.tex
    output: results/publication/hcg_paper.pdf
    jobid: 1
    reason: Updated input files: workflow/hcg_paper.tex
    wildcards: name=hcg_paper
    resources: mem_mb=1000, mem_mib=954, disk_mb=1000, disk_mib=954, tmpdir=/tmp

[Tue Dec 19 09:43:16 2023]
Finished job 1.
4 of 5 steps (80%) done
Select jobs to execute...

[Tue Dec 19 09:43:16 2023]
localrule all:
    input: results/publication/hcg_paper.pdf, results/sofia/hcg16/hcg16_line60_masked.image_cat.txt, results/sofia/hcg30/hcg30_line60_masked.image_cat.txt, results/sofia/hcg31/hcg31_line60_masked.image_cat.txt, results/sofia/hcg16/hcg16_sofia_updated.par, results/sofia/hcg30/hcg30_sofia_updated.par, results/sofia/hcg31/hcg31_sofia_updated.par
    jobid: 0
    reason: Input files updated by another job: results/sofia/hcg30/hcg30_line60_masked.image_cat.txt, results/sofia/hcg31/hcg31_sofia_updated.par, results/publication/hcg_paper.pdf, results/sofia/hcg31/hcg31_line60_masked.image_cat.txt, results/sofia/hcg16/hcg16_sofia_updated.par, results/sofia/hcg30/hcg30_sofia_updated.par, results/sofia/hcg16/hcg16_line60_masked.image_cat.txt
    resources: mem_mb=1000, mem_mib=954, disk_mb=1000, disk_mib=954, tmpdir=/tmp

[Tue Dec 19 09:43:16 2023]
Finished job 0.
5 of 5 steps (100%) done
Complete log: .snakemake/log/2023-12-19T094140.746421.snakemake.log
