Building DAG of jobs...
Using shell: /bin/bash
Provided cores: 24
Rules claiming more threads will be scaled down.
Job stats:
job                         count
------------------------  -------
plot_gbt_vs_meerkat_flux        1
plot_global_prof                4
plot_noise_specaxis             4
plot_velocity_ra                4
tex2pdf_with_bib                1
total                          14

Select jobs to execute...

[Sun Jan 14 04:48:53 2024]
rule plot_gbt_vs_meerkat_flux:
    input: results/data/hcg16/hcg16_line60_masked.pb_corr_vopt.fits, results/data/hcg30/hcg30_line60_masked.pb_corr_vopt.fits, results/data/hcg31/hcg31_line60_masked.pb_corr_vopt.fits, results/data/hcg91/hcg91_line60_masked.pb_corr_vopt.fits, results/publication/figures/hcg16_meerkat_gbt_spec.pdf, results/publication/figures/hcg30_meerkat_gbt_spec.pdf, results/publication/figures/hcg31_meerkat_gbt_spec.pdf, results/publication/figures/hcg91_meerkat_gbt_spec.pdf
    output: results/publication/figures/hcgs_meerkat_gbt_flux.pdf
    jobid: 10
    reason: Missing output files: results/publication/figures/hcgs_meerkat_gbt_flux.pdf; Updated input files: results/publication/figures/hcg91_meerkat_gbt_spec.pdf, results/publication/figures/hcg30_meerkat_gbt_spec.pdf, results/publication/figures/hcg31_meerkat_gbt_spec.pdf, results/publication/figures/hcg16_meerkat_gbt_spec.pdf
    resources: mem_mb=7475, mem_mib=7129, disk_mb=7475, disk_mib=7129, tmpdir=/data


[Sun Jan 14 04:48:53 2024]
rule plot_velocity_ra:
    input: results/data/hcg30/hcg30_line60_masked.image_vopt.fits, results/publication/figures/ngc1622_mom0.pdf, results/publication/figures/ngc1622_snr.pdf, results/publication/figures/ngc1622_mom1.pdf, results/publication/figures/ngc1622_chan.pdf, results/publication/figures/ngc1622_mom2.pdf, results/publication/figures/ngc1622_spec.pdf
    output: results/publication/figures/hcg30_velocity_ra.pdf
    jobid: 12
    reason: Updated input files: results/publication/figures/ngc1622_mom1.pdf, results/publication/figures/ngc1622_mom2.pdf, results/publication/figures/ngc1622_snr.pdf, results/publication/figures/ngc1622_mom0.pdf, results/publication/figures/ngc1622_chan.pdf, results/publication/figures/ngc1622_spec.pdf
    wildcards: gal_idx=hcg30
    resources: mem_mb=1232, mem_mib=1175, disk_mb=1232, disk_mib=1175, tmpdir=/data


[Sun Jan 14 04:48:53 2024]
rule plot_velocity_ra:
    input: results/data/hcg91/hcg91_line60_masked.image_vopt.fits, results/publication/figures/ngc1622_mom0.pdf, results/publication/figures/ngc1622_snr.pdf, results/publication/figures/ngc1622_mom1.pdf, results/publication/figures/ngc1622_chan.pdf, results/publication/figures/ngc1622_mom2.pdf, results/publication/figures/ngc1622_spec.pdf
    output: results/publication/figures/hcg91_velocity_ra.pdf
    jobid: 14
    reason: Updated input files: results/publication/figures/ngc1622_mom1.pdf, results/publication/figures/ngc1622_mom2.pdf, results/publication/figures/ngc1622_snr.pdf, results/publication/figures/ngc1622_mom0.pdf, results/publication/figures/ngc1622_chan.pdf, results/publication/figures/ngc1622_spec.pdf
    wildcards: gal_idx=hcg91
    resources: mem_mb=3341, mem_mib=3187, disk_mb=3341, disk_mib=3187, tmpdir=/data


[Sun Jan 14 04:48:53 2024]
rule plot_velocity_ra:
    input: results/data/hcg16/hcg16_line60_masked.image_vopt.fits, results/publication/figures/ngc1622_mom0.pdf, results/publication/figures/ngc1622_snr.pdf, results/publication/figures/ngc1622_mom1.pdf, results/publication/figures/ngc1622_chan.pdf, results/publication/figures/ngc1622_mom2.pdf, results/publication/figures/ngc1622_spec.pdf
    output: results/publication/figures/hcg16_velocity_ra.pdf
    jobid: 11
    reason: Updated input files: results/publication/figures/ngc1622_mom1.pdf, results/publication/figures/ngc1622_mom2.pdf, results/publication/figures/ngc1622_snr.pdf, results/publication/figures/ngc1622_mom0.pdf, results/publication/figures/ngc1622_chan.pdf, results/publication/figures/ngc1622_spec.pdf
    wildcards: gal_idx=hcg16
    resources: mem_mb=1097, mem_mib=1047, disk_mb=1097, disk_mib=1047, tmpdir=/data


[Sun Jan 14 04:48:53 2024]
rule plot_velocity_ra:
    input: results/data/hcg31/hcg31_line60_masked.image_vopt.fits, results/publication/figures/ngc1622_mom0.pdf, results/publication/figures/ngc1622_snr.pdf, results/publication/figures/ngc1622_mom1.pdf, results/publication/figures/ngc1622_chan.pdf, results/publication/figures/ngc1622_mom2.pdf, results/publication/figures/ngc1622_spec.pdf
    output: results/publication/figures/hcg31_velocity_ra.pdf
    jobid: 13
    reason: Updated input files: results/publication/figures/ngc1622_mom1.pdf, results/publication/figures/ngc1622_mom2.pdf, results/publication/figures/ngc1622_snr.pdf, results/publication/figures/ngc1622_mom0.pdf, results/publication/figures/ngc1622_chan.pdf, results/publication/figures/ngc1622_spec.pdf
    wildcards: gal_idx=hcg31
    resources: mem_mb=1918, mem_mib=1830, disk_mb=1918, disk_mib=1830, tmpdir=/data

[Sun Jan 14 04:49:07 2024]
Finished job 12.
1 of 14 steps (7%) done
[Sun Jan 14 04:49:08 2024]
Finished job 11.
2 of 14 steps (14%) done
[Sun Jan 14 04:49:15 2024]
Finished job 10.
3 of 14 steps (21%) done
[Sun Jan 14 04:49:18 2024]
Finished job 14.
4 of 14 steps (29%) done
Select jobs to execute...

[Sun Jan 14 04:49:19 2024]
rule plot_noise_specaxis:
    input: results/sofia/hcg91/hcg91_line60_masked.image_vopt_noise.fits, results/publication/figures/hcg91_velocity_ra.pdf
    output: results/publication/figures/hcg91_noise_specaxis.pdf
    jobid: 18
    reason: Input files updated by another job: results/publication/figures/hcg91_velocity_ra.pdf
    wildcards: gal_idx=hcg91
    resources: mem_mb=3315, mem_mib=3162, disk_mb=3315, disk_mib=3162, tmpdir=/data


[Sun Jan 14 04:49:19 2024]
rule plot_noise_specaxis:
    input: results/sofia/hcg16/hcg16_line60_masked.image_vopt_noise.fits, results/publication/figures/hcg91_velocity_ra.pdf
    output: results/publication/figures/hcg16_noise_specaxis.pdf
    jobid: 15
    reason: Input files updated by another job: results/publication/figures/hcg91_velocity_ra.pdf
    wildcards: gal_idx=hcg16
    resources: mem_mb=1071, mem_mib=1022, disk_mb=1071, disk_mib=1022, tmpdir=/data


[Sun Jan 14 04:49:19 2024]
rule plot_noise_specaxis:
    input: results/sofia/hcg30/hcg30_line60_masked.image_vopt_noise.fits, results/publication/figures/hcg91_velocity_ra.pdf
    output: results/publication/figures/hcg30_noise_specaxis.pdf
    jobid: 16
    reason: Input files updated by another job: results/publication/figures/hcg91_velocity_ra.pdf
    wildcards: gal_idx=hcg30
    resources: mem_mb=1205, mem_mib=1150, disk_mb=1205, disk_mib=1150, tmpdir=/data


[Sun Jan 14 04:49:19 2024]
rule plot_noise_specaxis:
    input: results/sofia/hcg31/hcg31_line60_masked.image_vopt_noise.fits, results/publication/figures/hcg91_velocity_ra.pdf
    output: results/publication/figures/hcg31_noise_specaxis.pdf
    jobid: 17
    reason: Input files updated by another job: results/publication/figures/hcg91_velocity_ra.pdf
    wildcards: gal_idx=hcg31
    resources: mem_mb=1892, mem_mib=1805, disk_mb=1892, disk_mib=1805, tmpdir=/data

[Sun Jan 14 04:49:19 2024]
Finished job 13.
5 of 14 steps (36%) done
[Sun Jan 14 04:49:30 2024]
Finished job 15.
6 of 14 steps (43%) done
[Sun Jan 14 04:49:30 2024]
Finished job 16.
7 of 14 steps (50%) done
[Sun Jan 14 04:49:32 2024]
Finished job 17.
8 of 14 steps (57%) done
[Sun Jan 14 04:49:34 2024]
Finished job 18.
9 of 14 steps (64%) done
Select jobs to execute...

[Sun Jan 14 04:49:34 2024]
rule plot_global_prof:
    input: results/data/hcg16/hcg16_line60_masked.pb_corr_vopt.fits, data/hcg16/vla_data/hcg16_spec.txt, results/sofia_pbc/hcg16/hcg16_line60_masked.pb_corr_vopt_mask.fits, results/publication/figures/ngc1622_mom0.pdf, results/publication/figures/ngc1622_snr.pdf, results/publication/figures/ngc1622_mom1.pdf, results/publication/figures/ngc1622_chan.pdf, results/publication/figures/ngc1622_mom2.pdf, results/publication/figures/ngc1622_spec.pdf, results/publication/figures/hcg16_meerkat_gbt_spec.pdf, results/publication/figures/hcg30_meerkat_gbt_spec.pdf, results/publication/figures/hcg31_meerkat_gbt_spec.pdf, results/publication/figures/hcg91_meerkat_gbt_spec.pdf, results/publication/figures/hcgs_meerkat_gbt_flux.pdf, results/publication/figures/hcg16_velocity_ra.pdf, results/publication/figures/hcg30_velocity_ra.pdf, results/publication/figures/hcg31_velocity_ra.pdf, results/publication/figures/hcg91_velocity_ra.pdf, results/publication/figures/hcg16_noise_specaxis.pdf, results/publication/figures/hcg30_noise_specaxis.pdf, results/publication/figures/hcg31_noise_specaxis.pdf, results/publication/figures/hcg91_noise_specaxis.pdf
    output: results/publication/figures/hcg16_global_profile.pdf
    jobid: 19
    reason: Input files updated by another job: results/publication/figures/hcg31_velocity_ra.pdf, results/publication/figures/hcg30_velocity_ra.pdf, results/publication/figures/hcg31_noise_specaxis.pdf, results/publication/figures/hcg30_noise_specaxis.pdf, results/publication/figures/hcgs_meerkat_gbt_flux.pdf, results/publication/figures/hcg91_noise_specaxis.pdf, results/publication/figures/hcg16_noise_specaxis.pdf, results/publication/figures/hcg91_velocity_ra.pdf, results/publication/figures/hcg16_velocity_ra.pdf
    wildcards: gal_idx=hcg16
    resources: mem_mb=2171, mem_mib=2071, disk_mb=2171, disk_mib=2071, tmpdir=/data


[Sun Jan 14 04:49:34 2024]
rule plot_global_prof:
    input: results/data/hcg30/hcg30_line60_masked.pb_corr_vopt.fits, data/hcg30/vla_data/hcg30_spec.txt, results/sofia_pbc/hcg30/hcg30_line60_masked.pb_corr_vopt_mask.fits, results/publication/figures/ngc1622_mom0.pdf, results/publication/figures/ngc1622_snr.pdf, results/publication/figures/ngc1622_mom1.pdf, results/publication/figures/ngc1622_chan.pdf, results/publication/figures/ngc1622_mom2.pdf, results/publication/figures/ngc1622_spec.pdf, results/publication/figures/hcg16_meerkat_gbt_spec.pdf, results/publication/figures/hcg30_meerkat_gbt_spec.pdf, results/publication/figures/hcg31_meerkat_gbt_spec.pdf, results/publication/figures/hcg91_meerkat_gbt_spec.pdf, results/publication/figures/hcgs_meerkat_gbt_flux.pdf, results/publication/figures/hcg16_velocity_ra.pdf, results/publication/figures/hcg30_velocity_ra.pdf, results/publication/figures/hcg31_velocity_ra.pdf, results/publication/figures/hcg91_velocity_ra.pdf, results/publication/figures/hcg16_noise_specaxis.pdf, results/publication/figures/hcg30_noise_specaxis.pdf, results/publication/figures/hcg31_noise_specaxis.pdf, results/publication/figures/hcg91_noise_specaxis.pdf
    output: results/publication/figures/hcg30_global_profile.pdf
    jobid: 20
    reason: Input files updated by another job: results/publication/figures/hcg31_velocity_ra.pdf, results/publication/figures/hcg30_velocity_ra.pdf, results/publication/figures/hcg31_noise_specaxis.pdf, results/publication/figures/hcg30_noise_specaxis.pdf, results/publication/figures/hcgs_meerkat_gbt_flux.pdf, results/publication/figures/hcg91_noise_specaxis.pdf, results/publication/figures/hcg16_noise_specaxis.pdf, results/publication/figures/hcg91_velocity_ra.pdf, results/publication/figures/hcg16_velocity_ra.pdf
    wildcards: gal_idx=hcg30
    resources: mem_mb=2440, mem_mib=2327, disk_mb=2440, disk_mib=2327, tmpdir=/data


[Sun Jan 14 04:49:34 2024]
rule plot_global_prof:
    input: results/data/hcg31/hcg31_line60_masked.pb_corr_vopt.fits, data/hcg31/vla_data/hcg31_spec.txt, results/sofia_pbc/hcg31/hcg31_line60_masked.pb_corr_vopt_mask.fits, results/publication/figures/ngc1622_mom0.pdf, results/publication/figures/ngc1622_snr.pdf, results/publication/figures/ngc1622_mom1.pdf, results/publication/figures/ngc1622_chan.pdf, results/publication/figures/ngc1622_mom2.pdf, results/publication/figures/ngc1622_spec.pdf, results/publication/figures/hcg16_meerkat_gbt_spec.pdf, results/publication/figures/hcg30_meerkat_gbt_spec.pdf, results/publication/figures/hcg31_meerkat_gbt_spec.pdf, results/publication/figures/hcg91_meerkat_gbt_spec.pdf, results/publication/figures/hcgs_meerkat_gbt_flux.pdf, results/publication/figures/hcg16_velocity_ra.pdf, results/publication/figures/hcg30_velocity_ra.pdf, results/publication/figures/hcg31_velocity_ra.pdf, results/publication/figures/hcg91_velocity_ra.pdf, results/publication/figures/hcg16_noise_specaxis.pdf, results/publication/figures/hcg30_noise_specaxis.pdf, results/publication/figures/hcg31_noise_specaxis.pdf, results/publication/figures/hcg91_noise_specaxis.pdf
    output: results/publication/figures/hcg31_global_profile.pdf
    jobid: 21
    reason: Input files updated by another job: results/publication/figures/hcg31_velocity_ra.pdf, results/publication/figures/hcg30_velocity_ra.pdf, results/publication/figures/hcg31_noise_specaxis.pdf, results/publication/figures/hcg30_noise_specaxis.pdf, results/publication/figures/hcgs_meerkat_gbt_flux.pdf, results/publication/figures/hcg91_noise_specaxis.pdf, results/publication/figures/hcg16_noise_specaxis.pdf, results/publication/figures/hcg91_velocity_ra.pdf, results/publication/figures/hcg16_velocity_ra.pdf
    wildcards: gal_idx=hcg31
    resources: mem_mb=3813, mem_mib=3637, disk_mb=3813, disk_mib=3637, tmpdir=/data


[Sun Jan 14 04:49:34 2024]
rule plot_global_prof:
    input: results/data/hcg91/hcg91_line60_masked.pb_corr_vopt.fits, data/hcg91/vla_data/hcg91_spec.txt, results/sofia_pbc/hcg91/hcg91_line60_masked.pb_corr_vopt_mask.fits, results/publication/figures/ngc1622_mom0.pdf, results/publication/figures/ngc1622_snr.pdf, results/publication/figures/ngc1622_mom1.pdf, results/publication/figures/ngc1622_chan.pdf, results/publication/figures/ngc1622_mom2.pdf, results/publication/figures/ngc1622_spec.pdf, results/publication/figures/hcg16_meerkat_gbt_spec.pdf, results/publication/figures/hcg30_meerkat_gbt_spec.pdf, results/publication/figures/hcg31_meerkat_gbt_spec.pdf, results/publication/figures/hcg91_meerkat_gbt_spec.pdf, results/publication/figures/hcgs_meerkat_gbt_flux.pdf, results/publication/figures/hcg16_velocity_ra.pdf, results/publication/figures/hcg30_velocity_ra.pdf, results/publication/figures/hcg31_velocity_ra.pdf, results/publication/figures/hcg91_velocity_ra.pdf, results/publication/figures/hcg16_noise_specaxis.pdf, results/publication/figures/hcg30_noise_specaxis.pdf, results/publication/figures/hcg31_noise_specaxis.pdf, results/publication/figures/hcg91_noise_specaxis.pdf
    output: results/publication/figures/hcg91_global_profile.pdf
    jobid: 22
    reason: Input files updated by another job: results/publication/figures/hcg31_velocity_ra.pdf, results/publication/figures/hcg30_velocity_ra.pdf, results/publication/figures/hcg31_noise_specaxis.pdf, results/publication/figures/hcg30_noise_specaxis.pdf, results/publication/figures/hcgs_meerkat_gbt_flux.pdf, results/publication/figures/hcg91_noise_specaxis.pdf, results/publication/figures/hcg16_noise_specaxis.pdf, results/publication/figures/hcg91_velocity_ra.pdf, results/publication/figures/hcg16_velocity_ra.pdf
    wildcards: gal_idx=hcg91
    resources: mem_mb=6659, mem_mib=6351, disk_mb=6659, disk_mib=6351, tmpdir=/data

[Sun Jan 14 04:49:47 2024]
Finished job 20.
10 of 14 steps (71%) done
[Sun Jan 14 04:49:47 2024]
Finished job 19.
11 of 14 steps (79%) done
[Sun Jan 14 04:49:49 2024]
Finished job 21.
12 of 14 steps (86%) done
[Sun Jan 14 04:49:55 2024]
Finished job 22.
13 of 14 steps (93%) done
Select jobs to execute...

[Sun Jan 14 04:49:55 2024]
rule tex2pdf_with_bib:
    input: workflow/hcg_paper.tex, results/publication/figures/ngc1622_mom0.pdf, results/publication/figures/ngc1622_snr.pdf, results/publication/figures/ngc1622_mom1.pdf, results/publication/figures/ngc1622_chan.pdf, results/publication/figures/ngc1622_mom2.pdf, results/publication/figures/ngc1622_spec.pdf, results/publication/figures/hcg16_meerkat_gbt_spec.pdf, results/publication/figures/hcg30_meerkat_gbt_spec.pdf, results/publication/figures/hcg31_meerkat_gbt_spec.pdf, results/publication/figures/hcg91_meerkat_gbt_spec.pdf, results/publication/figures/hcgs_meerkat_gbt_flux.pdf, results/publication/figures/hcg16_velocity_ra.pdf, results/publication/figures/hcg30_velocity_ra.pdf, results/publication/figures/hcg31_velocity_ra.pdf, results/publication/figures/hcg91_velocity_ra.pdf, results/publication/figures/hcg16_noise_specaxis.pdf, results/publication/figures/hcg30_noise_specaxis.pdf, results/publication/figures/hcg31_noise_specaxis.pdf, results/publication/figures/hcg91_noise_specaxis.pdf, results/publication/figures/hcg16_global_profile.pdf, results/publication/figures/hcg30_global_profile.pdf, results/publication/figures/hcg31_global_profile.pdf, results/publication/figures/hcg91_global_profile.pdf
    output: results/publication/hcg_paper.pdf
    jobid: 0
    reason: Input files updated by another job: results/publication/figures/hcg31_velocity_ra.pdf, results/publication/figures/hcg30_velocity_ra.pdf, results/publication/figures/hcg16_global_profile.pdf, results/publication/figures/hcg31_noise_specaxis.pdf, results/publication/figures/hcg30_noise_specaxis.pdf, results/publication/figures/hcgs_meerkat_gbt_flux.pdf, results/publication/figures/hcg31_global_profile.pdf, results/publication/figures/hcg91_noise_specaxis.pdf, results/publication/figures/hcg16_noise_specaxis.pdf, results/publication/figures/hcg91_velocity_ra.pdf, results/publication/figures/hcg91_global_profile.pdf, results/publication/figures/hcg30_global_profile.pdf, results/publication/figures/hcg16_velocity_ra.pdf
    resources: mem_mb=1000, mem_mib=954, disk_mb=1000, disk_mib=954, tmpdir=/data

[Sun Jan 14 04:50:00 2024]
Finished job 0.
14 of 14 steps (100%) done
Complete log: .snakemake/log/2024-01-14T044852.316597.snakemake.log
