Building DAG of jobs...
Using shell: /bin/bash
Provided cores: 24
Rules claiming more threads will be scaled down.
Job stats:
job                    count
-------------------  -------
plot_noise_specaxis        3
tex2pdf_with_bib           1
total                      4

Select jobs to execute...

[Wed Jan 10 22:16:48 2024]
rule plot_noise_specaxis:
    input: results/sofia/hcg91/hcg91_line60_masked.image_vopt_noise.fits
    output: results/publication/figures/hcg91_noise_specaxis.pdf
    jobid: 18
    reason: Missing output files: results/publication/figures/hcg91_noise_specaxis.pdf
    wildcards: gal_idx=hcg91
    resources: mem_mb=3312, mem_mib=3159, disk_mb=3312, disk_mib=3159, tmpdir=/data


[Wed Jan 10 22:16:49 2024]
rule plot_noise_specaxis:
    input: results/sofia/hcg30/hcg30_line60_masked.image_vopt_noise.fits
    output: results/publication/figures/hcg30_noise_specaxis.pdf
    jobid: 16
    reason: Missing output files: results/publication/figures/hcg30_noise_specaxis.pdf
    wildcards: gal_idx=hcg30
    resources: mem_mb=1203, mem_mib=1148, disk_mb=1203, disk_mib=1148, tmpdir=/data


[Wed Jan 10 22:16:49 2024]
rule plot_noise_specaxis:
    input: results/sofia/hcg31/hcg31_line60_masked.image_vopt_noise.fits
    output: results/publication/figures/hcg31_noise_specaxis.pdf
    jobid: 17
    reason: Missing output files: results/publication/figures/hcg31_noise_specaxis.pdf
    wildcards: gal_idx=hcg31
    resources: mem_mb=1890, mem_mib=1803, disk_mb=1890, disk_mib=1803, tmpdir=/data

[Wed Jan 10 22:17:05 2024]
Error in rule plot_noise_specaxis:
    jobid: 16
    input: results/sofia/hcg30/hcg30_line60_masked.image_vopt_noise.fits
    output: results/publication/figures/hcg30_noise_specaxis.pdf
    shell:
        python workflow/scripts/plot_noise_specaxis.py --cube results/sofia/hcg30/hcg30_line60_masked.image_vopt_noise.fits
        (one of the commands exited with non-zero exit code; note that snakemake uses bash strict mode!)

[Wed Jan 10 22:17:08 2024]
Error in rule plot_noise_specaxis:
    jobid: 17
    input: results/sofia/hcg31/hcg31_line60_masked.image_vopt_noise.fits
    output: results/publication/figures/hcg31_noise_specaxis.pdf
    shell:
        python workflow/scripts/plot_noise_specaxis.py --cube results/sofia/hcg31/hcg31_line60_masked.image_vopt_noise.fits
        (one of the commands exited with non-zero exit code; note that snakemake uses bash strict mode!)

[Wed Jan 10 22:17:16 2024]
Error in rule plot_noise_specaxis:
    jobid: 18
    input: results/sofia/hcg91/hcg91_line60_masked.image_vopt_noise.fits
    output: results/publication/figures/hcg91_noise_specaxis.pdf
    shell:
        python workflow/scripts/plot_noise_specaxis.py --cube results/sofia/hcg91/hcg91_line60_masked.image_vopt_noise.fits
        (one of the commands exited with non-zero exit code; note that snakemake uses bash strict mode!)

Shutting down, this might take some time.
Exiting because a job execution failed. Look above for error message
Complete log: .snakemake/log/2024-01-10T221647.705386.snakemake.log
