Building DAG of jobs...
Using shell: /bin/bash
Provided cores: 24
Rules claiming more threads will be scaled down.
Job stats:
job                         count
------------------------  -------
plot_gbt_meerkat_spectra        4
plot_gbt_vs_meerkat_flux        1
plot_global_prof                4
plot_noise_specaxis             4
plot_sofia_products             1
plot_velocity_ra                4
tex2pdf_with_bib                1
total                          19

Select jobs to execute...

[Sun Jan 14 04:46:28 2024]
rule plot_sofia_products:
    input: data/hcg30/optical/legacystamps_69.152500_-3.186400_ls-dr10-gfilter.fits, data/hcg30/optical/legacystamps_69.152500_-3.186400_ls-dr10-rfilter.fits, data/hcg30/optical/legacystamps_69.152500_-3.186400_ls-dr10-ifilter.fits, results/sofia_pbc/hcg30/hcg30_line60_masked.pb_corr_vopt_cubelets/hcg30_line60_masked.pb_corr_vopt_1_mom0.fits, results/sofia_pbc/hcg16/hcg16_line60_masked.pb_corr_vopt_cubelets/hcg16_line60_masked.pb_corr_vopt_1_mom0.fits, results/sofia_pbc/hcg30/hcg30_line60_masked.pb_corr_vopt_cubelets/hcg30_line60_masked.pb_corr_vopt_1_mom0.fits, results/sofia_pbc/hcg31/hcg31_line60_masked.pb_corr_vopt_cubelets/hcg31_line60_masked.pb_corr_vopt_1_mom0.fits, results/sofia_pbc/hcg91/hcg91_line60_masked.pb_corr_vopt_cubelets/hcg91_line60_masked.pb_corr_vopt_1_mom0.fits
    output: results/publication/figures/ngc1622_mom0.pdf, results/publication/figures/ngc1622_snr.pdf, results/publication/figures/ngc1622_mom1.pdf, results/publication/figures/ngc1622_chan.pdf, results/publication/figures/ngc1622_mom2.pdf, results/publication/figures/ngc1622_spec.pdf
    jobid: 1
    reason: Missing output files: results/publication/figures/ngc1622_spec.pdf, results/publication/figures/ngc1622_snr.pdf, results/publication/figures/ngc1622_mom1.pdf, results/publication/figures/ngc1622_chan.pdf, results/publication/figures/ngc1622_mom2.pdf, results/publication/figures/ngc1622_mom0.pdf
    resources: mem_mb=1000, mem_mib=954, disk_mb=1000, disk_mib=954, tmpdir=/data


[Sun Jan 14 04:46:28 2024]
rule plot_gbt_meerkat_spectra:
    input: results/data/hcg30/hcg30_line60_masked.pb_corr_vopt.fits
    output: results/publication/figures/hcg30_meerkat_gbt_spec.pdf
    jobid: 7
    reason: Missing output files: results/publication/figures/hcg30_meerkat_gbt_spec.pdf
    wildcards: gal_idx=hcg30
    resources: mem_mb=1203, mem_mib=1148, disk_mb=1203, disk_mib=1148, tmpdir=/data


[Sun Jan 14 04:46:28 2024]
rule plot_gbt_meerkat_spectra:
    input: results/data/hcg91/hcg91_line60_masked.pb_corr_vopt.fits
    output: results/publication/figures/hcg91_meerkat_gbt_spec.pdf
    jobid: 9
    reason: Missing output files: results/publication/figures/hcg91_meerkat_gbt_spec.pdf
    wildcards: gal_idx=hcg91
    resources: mem_mb=3313, mem_mib=3160, disk_mb=3313, disk_mib=3160, tmpdir=/data


[Sun Jan 14 04:46:28 2024]
rule plot_gbt_meerkat_spectra:
    input: results/data/hcg16/hcg16_line60_masked.pb_corr_vopt.fits
    output: results/publication/figures/hcg16_meerkat_gbt_spec.pdf
    jobid: 6
    reason: Missing output files: results/publication/figures/hcg16_meerkat_gbt_spec.pdf
    wildcards: gal_idx=hcg16
    resources: mem_mb=1069, mem_mib=1020, disk_mb=1069, disk_mib=1020, tmpdir=/data


[Sun Jan 14 04:46:28 2024]
rule plot_gbt_meerkat_spectra:
    input: results/data/hcg31/hcg31_line60_masked.pb_corr_vopt.fits
    output: results/publication/figures/hcg31_meerkat_gbt_spec.pdf
    jobid: 8
    reason: Missing output files: results/publication/figures/hcg31_meerkat_gbt_spec.pdf
    wildcards: gal_idx=hcg31
    resources: mem_mb=1890, mem_mib=1803, disk_mb=1890, disk_mib=1803, tmpdir=/data

[Sun Jan 14 04:46:40 2024]
Finished job 7.
1 of 19 steps (5%) done
[Sun Jan 14 04:46:41 2024]
Finished job 6.
2 of 19 steps (11%) done
[Sun Jan 14 04:46:43 2024]
Finished job 8.
3 of 19 steps (16%) done
[Sun Jan 14 04:46:49 2024]
Finished job 9.
4 of 19 steps (21%) done
Select jobs to execute...

[Sun Jan 14 04:46:49 2024]
rule plot_gbt_vs_meerkat_flux:
    input: results/data/hcg16/hcg16_line60_masked.pb_corr_vopt.fits, results/data/hcg30/hcg30_line60_masked.pb_corr_vopt.fits, results/data/hcg31/hcg31_line60_masked.pb_corr_vopt.fits, results/data/hcg91/hcg91_line60_masked.pb_corr_vopt.fits, results/publication/figures/hcg16_meerkat_gbt_spec.pdf, results/publication/figures/hcg30_meerkat_gbt_spec.pdf, results/publication/figures/hcg31_meerkat_gbt_spec.pdf, results/publication/figures/hcg91_meerkat_gbt_spec.pdf
    output: results/publication/figures/hcgs_meerkat_gbt_flux.pdf
    jobid: 10
    reason: Input files updated by another job: results/publication/figures/hcg30_meerkat_gbt_spec.pdf, results/publication/figures/hcg31_meerkat_gbt_spec.pdf, results/publication/figures/hcg16_meerkat_gbt_spec.pdf, results/publication/figures/hcg91_meerkat_gbt_spec.pdf
    resources: mem_mb=7475, mem_mib=7129, disk_mb=7475, disk_mib=7129, tmpdir=/data

[Sun Jan 14 04:46:53 2024]
Error in rule plot_gbt_vs_meerkat_flux:
    jobid: 10
    input: results/data/hcg16/hcg16_line60_masked.pb_corr_vopt.fits, results/data/hcg30/hcg30_line60_masked.pb_corr_vopt.fits, results/data/hcg31/hcg31_line60_masked.pb_corr_vopt.fits, results/data/hcg91/hcg91_line60_masked.pb_corr_vopt.fits, results/publication/figures/hcg16_meerkat_gbt_spec.pdf, results/publication/figures/hcg30_meerkat_gbt_spec.pdf, results/publication/figures/hcg31_meerkat_gbt_spec.pdf, results/publication/figures/hcg91_meerkat_gbt_spec.pdf
    output: results/publication/figures/hcgs_meerkat_gbt_flux.pdf
    shell:
        
        
        for cube in results/data/hcg16/hcg16_line60_masked.pb_corr_vopt.fits results/data/hcg30/hcg30_line60_masked.pb_corr_vopt.fits results/data/hcg31/hcg31_line60_masked.pb_corr_vopt.fits results/data/hcg91/hcg91_line60_masked.pb_corr_vopt.fits; do
            python workflow/scripts/plot_gbt_vs_meerkat_flux.py --cube $cube
        done  
        
        (one of the commands exited with non-zero exit code; note that snakemake uses bash strict mode!)

[Sun Jan 14 04:47:18 2024]
Finished job 1.
5 of 19 steps (26%) done
Shutting down, this might take some time.
Exiting because a job execution failed. Look above for error message
Complete log: .snakemake/log/2024-01-14T044627.430728.snakemake.log
