Building DAG of jobs...
Using shell: /bin/bash
Provided cores: 24
Rules claiming more threads will be scaled down.
Job stats:
job                         count
------------------------  -------
plot_gbt_meerkat_spectra        4
plot_gbt_vs_meerkat_flux        1
plot_global_prof                4
plot_moments                    4
plot_noise_specaxis             4
plot_segmented_pvdiag           1
plot_sofia_products             1
plot_velocity_ra                4
tex2pdf_with_bib                1
total                          24

Select jobs to execute...

[Tue Jan 30 17:56:15 2024]
rule plot_sofia_products:
    input: data/hcg30/optical/hcg30legacystamps_69.119180_-2.832390_ls-dr10-gfilter.fits, data/hcg30/optical/hcg30legacystamps_69.119180_-2.832390_ls-dr10-zfilter.fits, data/hcg30/optical/hcg30legacystamps_69.119180_-2.832390_ls-dr10-ifilter.fits, results/sofia_pbc/hcg30/hcg30_line60_masked.pb_corr_vopt_cubelets/hcg30_line60_masked.pb_corr_vopt_1_mom0.fits, results/sofia_pbc/hcg16/hcg16_line60_masked.pb_corr_vopt_cubelets/hcg16_line60_masked.pb_corr_vopt_1_mom0.fits, results/sofia_pbc/hcg30/hcg30_line60_masked.pb_corr_vopt_cubelets/hcg30_line60_masked.pb_corr_vopt_1_mom0.fits, results/sofia_pbc/hcg31/hcg31_line60_masked.pb_corr_vopt_cubelets/hcg31_line60_masked.pb_corr_vopt_1_mom0.fits, results/sofia_pbc/hcg91/hcg91_line60_masked.pb_corr_vopt_cubelets/hcg91_line60_masked.pb_corr_vopt_1_mom0.fits
    output: results/publication/figures/ngc1622_mom0.pdf, results/publication/figures/ngc1622_snr.pdf, results/publication/figures/ngc1622_mom1.pdf, results/publication/figures/ngc1622_chan.pdf, results/publication/figures/ngc1622_mom2.pdf, results/publication/figures/ngc1622_spec.pdf
    jobid: 1
    reason: Missing output files: results/publication/figures/ngc1622_chan.pdf, results/publication/figures/ngc1622_mom0.pdf, results/publication/figures/ngc1622_snr.pdf, results/publication/figures/ngc1622_mom2.pdf, results/publication/figures/ngc1622_mom1.pdf, results/publication/figures/ngc1622_spec.pdf; Set of input files has changed since last execution; Code has changed since last execution
    resources: mem_mb=1000, mem_mib=954, disk_mb=1000, disk_mib=954, tmpdir=/tmp

[Tue Jan 30 17:56:20 2024]
Error in rule plot_sofia_products:
    jobid: 1
    input: data/hcg30/optical/hcg30legacystamps_69.119180_-2.832390_ls-dr10-gfilter.fits, data/hcg30/optical/hcg30legacystamps_69.119180_-2.832390_ls-dr10-zfilter.fits, data/hcg30/optical/hcg30legacystamps_69.119180_-2.832390_ls-dr10-ifilter.fits, results/sofia_pbc/hcg30/hcg30_line60_masked.pb_corr_vopt_cubelets/hcg30_line60_masked.pb_corr_vopt_1_mom0.fits, results/sofia_pbc/hcg16/hcg16_line60_masked.pb_corr_vopt_cubelets/hcg16_line60_masked.pb_corr_vopt_1_mom0.fits, results/sofia_pbc/hcg30/hcg30_line60_masked.pb_corr_vopt_cubelets/hcg30_line60_masked.pb_corr_vopt_1_mom0.fits, results/sofia_pbc/hcg31/hcg31_line60_masked.pb_corr_vopt_cubelets/hcg31_line60_masked.pb_corr_vopt_1_mom0.fits, results/sofia_pbc/hcg91/hcg91_line60_masked.pb_corr_vopt_cubelets/hcg91_line60_masked.pb_corr_vopt_1_mom0.fits
    output: results/publication/figures/ngc1622_mom0.pdf, results/publication/figures/ngc1622_snr.pdf, results/publication/figures/ngc1622_mom1.pdf, results/publication/figures/ngc1622_chan.pdf, results/publication/figures/ngc1622_mom2.pdf, results/publication/figures/ngc1622_spec.pdf
    shell:
        python workflow/scripts/plot_sofia_products.py --gfilter data/hcg30/optical/hcg30legacystamps_69.119180_-2.832390_ls-dr10-gfilter.fits --ifilter data/hcg30/optical/hcg30legacystamps_69.119180_-2.832390_ls-dr10-ifilter.fits --zfilter data/hcg30/optical/hcg30legacystamps_69.119180_-2.832390_ls-dr10-zfilter.fits --filetoplot results/sofia_pbc/hcg30/hcg30_line60_masked.pb_corr_vopt_cubelets/hcg30_line60_masked.pb_corr_vopt_1_mom0.fits --source_id 7
        (one of the commands exited with non-zero exit code; note that snakemake uses bash strict mode!)

Shutting down, this might take some time.
Exiting because a job execution failed. Look above for error message
Complete log: .snakemake/log/2024-01-30T175614.730647.snakemake.log
