Building DAG of jobs...
Using shell: /bin/bash
Provided cores: 24
Rules claiming more threads will be scaled down.
Job stats:
job                 count
----------------  -------
plot_global_prof        6
tex2pdf_with_bib        1
total                   7

Resources before job selection: {'_cores': 24, '_nodes': 9223372036854775807}
Ready jobs (6)
Select jobs to execute...
Selected jobs (6)
Resources after job selection: {'_cores': 18, '_nodes': 9223372036854775801}

[Sat Oct 26 10:47:49 2024]
rule plot_global_prof:
    input: outputs/data/hcg97/hcg97_line60_masked.pb_corr_vopt.fits, data/hcg97/vla_data/hcg97_spec.txt, outputs/sofia_pbc/hcg97/hcg97_line60_masked.pb_corr_vopt_mask.fits
    output: outputs/publication/figures/hcg97_global_profile.pdf
    jobid: 32
    reason: Missing output files: outputs/publication/figures/hcg97_global_profile.pdf
    wildcards: gal_idx=hcg97
    priority: 94
    resources: mem_mb=2879, mem_mib=2746, disk_mb=2879, disk_mib=2746, tmpdir=/data


[Sat Oct 26 10:47:49 2024]
rule plot_global_prof:
    input: outputs/data/hcg16/hcg16_line60_masked.pb_corr_vopt.fits, data/hcg16/vla_data/hcg16_spec.txt, outputs/sofia_pbc/hcg16/hcg16_line60_masked.pb_corr_vopt_mask.fits
    output: outputs/publication/figures/hcg16_global_profile.pdf
    jobid: 27
    reason: Missing output files: outputs/publication/figures/hcg16_global_profile.pdf
    wildcards: gal_idx=hcg16
    priority: 94
    resources: mem_mb=2137, mem_mib=2039, disk_mb=2137, disk_mib=2039, tmpdir=/data


[Sat Oct 26 10:47:49 2024]
rule plot_global_prof:
    input: outputs/data/hcg31/hcg31_line60_masked.pb_corr_vopt.fits, data/hcg31/vla_data/hcg31_spec.txt, outputs/sofia_pbc/hcg31/hcg31_line60_masked.pb_corr_vopt_mask.fits
    output: outputs/publication/figures/hcg31_global_profile.pdf
    jobid: 29
    reason: Missing output files: outputs/publication/figures/hcg31_global_profile.pdf
    wildcards: gal_idx=hcg31
    priority: 94
    resources: mem_mb=3780, mem_mib=3605, disk_mb=3780, disk_mib=3605, tmpdir=/data


[Sat Oct 26 10:47:49 2024]
rule plot_global_prof:
    input: outputs/data/hcg91/hcg91_line60_masked.pb_corr_vopt.fits, data/hcg91/vla_data/hcg91_spec.txt, outputs/sofia_pbc/hcg91/hcg91_line60_masked.pb_corr_vopt_mask.fits
    output: outputs/publication/figures/hcg91_global_profile.pdf
    jobid: 31
    reason: Missing output files: outputs/publication/figures/hcg91_global_profile.pdf
    wildcards: gal_idx=hcg91
    priority: 94
    resources: mem_mb=6625, mem_mib=6319, disk_mb=6625, disk_mib=6319, tmpdir=/data


[Sat Oct 26 10:47:49 2024]
rule plot_global_prof:
    input: outputs/data/hcg30/hcg30_line60_masked.pb_corr_vopt.fits, data/hcg30/vla_data/hcg30_spec.txt, outputs/sofia_pbc/hcg30/hcg30_line60_masked.pb_corr_vopt_mask.fits
    output: outputs/publication/figures/hcg30_global_profile.pdf
    jobid: 28
    reason: Missing output files: outputs/publication/figures/hcg30_global_profile.pdf
    wildcards: gal_idx=hcg30
    priority: 94
    resources: mem_mb=2406, mem_mib=2295, disk_mb=2406, disk_mib=2295, tmpdir=/data


[Sat Oct 26 10:47:49 2024]
rule plot_global_prof:
    input: outputs/data/hcg90/hcg90_line60_masked.pb_corr_vopt.fits, data/hcg90/vla_data/hcg90_spec.txt, outputs/sofia_pbc/hcg90/hcg90_line60_masked.pb_corr_vopt_mask.fits
    output: outputs/publication/figures/hcg90_global_profile.pdf
    jobid: 30
    reason: Missing output files: outputs/publication/figures/hcg90_global_profile.pdf
    wildcards: gal_idx=hcg90
    priority: 94
    resources: mem_mb=4411, mem_mib=4207, disk_mb=4411, disk_mib=4207, tmpdir=/data

[Sat Oct 26 10:48:03 2024]
Finished job 27.
1 of 7 steps (14%) done
[Sat Oct 26 10:48:03 2024]
Finished job 28.
2 of 7 steps (29%) done
[Sat Oct 26 10:48:04 2024]
Finished job 32.
3 of 7 steps (43%) done
[Sat Oct 26 10:48:07 2024]
Finished job 29.
4 of 7 steps (57%) done
[Sat Oct 26 10:48:09 2024]
Finished job 30.
5 of 7 steps (71%) done
[Sat Oct 26 10:48:12 2024]
Finished job 31.
6 of 7 steps (86%) done
Resources before job selection: {'_cores': 24, '_nodes': 9223372036854775807}
Ready jobs (1)
Select jobs to execute...
Using greedy selector because only single job has to be scheduled.
Selected jobs (1)
Resources after job selection: {'_cores': 23, '_nodes': 9223372036854775806}

[Sat Oct 26 10:48:12 2024]
rule tex2pdf_with_bib:
    input: outputs/sofia/hcg16/hcg16_sofia_updated_vopt_central.par, outputs/sofia/hcg16/hcg16_line60_masked.image_vopt_cat.txt, outputs/sofia/hcg16/hcg16_line60_masked.image_vopt_noise.fits, outputs/sofia/hcg16/hcg16_line60_masked.image_vopt_cubelets/hcg16_line60_masked.image_vopt_1_mom0.fits, outputs/sofia_pbc/hcg16/hcg16_sofia_updated_vopt_central.par, outputs/sofia_pbc/hcg16/hcg16_line60_masked.pb_corr_vopt_cat.txt, outputs/sofia_pbc/hcg16/hcg16_line60_masked.pb_corr_vopt_mask.fits, outputs/sofia_pbc/hcg16/hcg16_line60_masked.pb_corr_vopt_mom1.fits, outputs/sofia_pbc/hcg16/hcg16_line60_masked.pb_corr_vopt_mom0.fits, outputs/sofia_pbc/hcg16/hcg16_line60_masked.pb_corr_vopt_noise.fits, outputs/data/hcg16/hcg16_line60_masked.image_vopt.fits, outputs/data/hcg16/hcg16_line60_masked.pb_corr_vopt.fits, outputs/sofia_pbc/hcg16/hcg16_line60_masked.pb_corr_vopt_cubelets/hcg16_line60_masked.pb_corr_vopt_1_mom0.fits, outputs/sofia/hcg30/hcg30_sofia_updated_vopt_central.par, outputs/sofia/hcg30/hcg30_line60_masked.image_vopt_cat.txt, outputs/sofia/hcg30/hcg30_line60_masked.image_vopt_noise.fits, outputs/sofia/hcg30/hcg30_line60_masked.image_vopt_cubelets/hcg30_line60_masked.image_vopt_1_mom0.fits, outputs/sofia_pbc/hcg30/hcg30_sofia_updated_vopt_central.par, outputs/sofia_pbc/hcg30/hcg30_line60_masked.pb_corr_vopt_cat.txt, outputs/sofia_pbc/hcg30/hcg30_line60_masked.pb_corr_vopt_mask.fits, outputs/sofia_pbc/hcg30/hcg30_line60_masked.pb_corr_vopt_mom1.fits, outputs/sofia_pbc/hcg30/hcg30_line60_masked.pb_corr_vopt_mom0.fits, outputs/sofia_pbc/hcg30/hcg30_line60_masked.pb_corr_vopt_noise.fits, outputs/data/hcg30/hcg30_line60_masked.image_vopt.fits, outputs/data/hcg30/hcg30_line60_masked.pb_corr_vopt.fits, outputs/sofia_pbc/hcg30/hcg30_line60_masked.pb_corr_vopt_cubelets/hcg30_line60_masked.pb_corr_vopt_1_mom0.fits, outputs/sofia/hcg31/hcg31_sofia_updated_vopt_central.par, outputs/sofia/hcg31/hcg31_line60_masked.image_vopt_cat.txt, outputs/sofia/hcg31/hcg31_line60_masked.image_vopt_noise.fits, outputs/sofia/hcg31/hcg31_line60_masked.image_vopt_cubelets/hcg31_line60_masked.image_vopt_1_mom0.fits, outputs/sofia_pbc/hcg31/hcg31_sofia_updated_vopt_central.par, outputs/sofia_pbc/hcg31/hcg31_line60_masked.pb_corr_vopt_cat.txt, outputs/sofia_pbc/hcg31/hcg31_line60_masked.pb_corr_vopt_mask.fits, outputs/sofia_pbc/hcg31/hcg31_line60_masked.pb_corr_vopt_mom1.fits, outputs/sofia_pbc/hcg31/hcg31_line60_masked.pb_corr_vopt_mom0.fits, outputs/sofia_pbc/hcg31/hcg31_line60_masked.pb_corr_vopt_noise.fits, outputs/data/hcg31/hcg31_line60_masked.image_vopt.fits, outputs/data/hcg31/hcg31_line60_masked.pb_corr_vopt.fits, outputs/sofia_pbc/hcg31/hcg31_line60_masked.pb_corr_vopt_cubelets/hcg31_line60_masked.pb_corr_vopt_1_mom0.fits, outputs/sofia/hcg90/hcg90_sofia_updated_vopt_central.par, outputs/sofia/hcg90/hcg90_line60_masked.image_vopt_cat.txt, outputs/sofia/hcg90/hcg90_line60_masked.image_vopt_noise.fits, outputs/sofia/hcg90/hcg90_line60_masked.image_vopt_cubelets/hcg90_line60_masked.image_vopt_1_mom0.fits, outputs/sofia_pbc/hcg90/hcg90_sofia_updated_vopt_central.par, outputs/sofia_pbc/hcg90/hcg90_line60_masked.pb_corr_vopt_cat.txt, outputs/sofia_pbc/hcg90/hcg90_line60_masked.pb_corr_vopt_mask.fits, outputs/sofia_pbc/hcg90/hcg90_line60_masked.pb_corr_vopt_mom1.fits, outputs/sofia_pbc/hcg90/hcg90_line60_masked.pb_corr_vopt_mom0.fits, outputs/sofia_pbc/hcg90/hcg90_line60_masked.pb_corr_vopt_noise.fits, outputs/data/hcg90/hcg90_line60_masked.image_vopt.fits, outputs/data/hcg90/hcg90_line60_masked.pb_corr_vopt.fits, outputs/sofia_pbc/hcg90/hcg90_line60_masked.pb_corr_vopt_cubelets/hcg90_line60_masked.pb_corr_vopt_1_mom0.fits, outputs/sofia/hcg91/hcg91_sofia_updated_vopt_central.par, outputs/sofia/hcg91/hcg91_line60_masked.image_vopt_cat.txt, outputs/sofia/hcg91/hcg91_line60_masked.image_vopt_noise.fits, outputs/sofia/hcg91/hcg91_line60_masked.image_vopt_cubelets/hcg91_line60_masked.image_vopt_1_mom0.fits, outputs/sofia_pbc/hcg91/hcg91_sofia_updated_vopt_central.par, outputs/sofia_pbc/hcg91/hcg91_line60_masked.pb_corr_vopt_cat.txt, outputs/sofia_pbc/hcg91/hcg91_line60_masked.pb_corr_vopt_mask.fits, outputs/sofia_pbc/hcg91/hcg91_line60_masked.pb_corr_vopt_mom1.fits, outputs/sofia_pbc/hcg91/hcg91_line60_masked.pb_corr_vopt_mom0.fits, outputs/sofia_pbc/hcg91/hcg91_line60_masked.pb_corr_vopt_noise.fits, outputs/data/hcg91/hcg91_line60_masked.image_vopt.fits, outputs/data/hcg91/hcg91_line60_masked.pb_corr_vopt.fits, outputs/sofia_pbc/hcg91/hcg91_line60_masked.pb_corr_vopt_cubelets/hcg91_line60_masked.pb_corr_vopt_1_mom0.fits, outputs/sofia/hcg97/hcg97_sofia_updated_vopt_central.par, outputs/sofia/hcg97/hcg97_line60_masked.image_vopt_cat.txt, outputs/sofia/hcg97/hcg97_line60_masked.image_vopt_noise.fits, outputs/sofia/hcg97/hcg97_line60_masked.image_vopt_cubelets/hcg97_line60_masked.image_vopt_1_mom0.fits, outputs/sofia_pbc/hcg97/hcg97_sofia_updated_vopt_central.par, outputs/sofia_pbc/hcg97/hcg97_line60_masked.pb_corr_vopt_cat.txt, outputs/sofia_pbc/hcg97/hcg97_line60_masked.pb_corr_vopt_mask.fits, outputs/sofia_pbc/hcg97/hcg97_line60_masked.pb_corr_vopt_mom1.fits, outputs/sofia_pbc/hcg97/hcg97_line60_masked.pb_corr_vopt_mom0.fits, outputs/sofia_pbc/hcg97/hcg97_line60_masked.pb_corr_vopt_noise.fits, outputs/data/hcg97/hcg97_line60_masked.image_vopt.fits, outputs/data/hcg97/hcg97_line60_masked.pb_corr_vopt.fits, outputs/sofia_pbc/hcg97/hcg97_line60_masked.pb_corr_vopt_cubelets/hcg97_line60_masked.pb_corr_vopt_1_mom0.fits, outputs/publication/figures/ngc1622_column_density.pdf, outputs/publication/figures/ngc1622_snr.pdf, outputs/publication/figures/ngc1622_mom1.pdf, outputs/publication/figures/ngc1622_chan.pdf, outputs/publication/figures/ngc1622_mom2.pdf, outputs/publication/figures/ngc1622_spec.pdf, outputs/data/hcg16/hcg16_line60_masked.pb_corr_vopt_times_beam_factor_integrated_spec.txt, outputs/publication/figures/hcg16_meerkat_gbt_spec.pdf, outputs/data/hcg30/hcg30_line60_masked.pb_corr_vopt_times_beam_factor_integrated_spec.txt, outputs/publication/figures/hcg30_meerkat_gbt_spec.pdf, outputs/data/hcg31/hcg31_line60_masked.pb_corr_vopt_times_beam_factor_integrated_spec.txt, outputs/publication/figures/hcg31_meerkat_gbt_spec.pdf, outputs/data/hcg90/hcg90_line60_masked.pb_corr_vopt_times_beam_factor_integrated_spec.txt, outputs/publication/figures/hcg90_meerkat_gbt_spec.pdf, outputs/data/hcg91/hcg91_line60_masked.pb_corr_vopt_times_beam_factor_integrated_spec.txt, outputs/publication/figures/hcg91_meerkat_gbt_spec.pdf, outputs/data/hcg97/hcg97_line60_masked.pb_corr_vopt_times_beam_factor_integrated_spec.txt, outputs/publication/figures/hcg97_meerkat_gbt_spec.pdf, outputs/publication/figures/hcgs_meerkat_gbt_flux.pdf, outputs/publication/figures/hcgs_meerkat_gbt_flux.pdf, outputs/publication/figures/hcgs_meerkat_gbt_flux.pdf, outputs/publication/figures/hcgs_meerkat_gbt_flux.pdf, outputs/publication/figures/hcgs_meerkat_gbt_flux.pdf, outputs/publication/figures/hcgs_meerkat_gbt_flux.pdf, outputs/publication/figures/hcg16_velocity_ra.pdf, outputs/publication/figures/hcg30_velocity_ra.pdf, outputs/publication/figures/hcg31_velocity_ra.pdf, outputs/publication/figures/hcg90_velocity_ra.pdf, outputs/publication/figures/hcg91_velocity_ra.pdf, outputs/publication/figures/hcg97_velocity_ra.pdf, outputs/publication/figures/hcg16_noise_specaxis.pdf, outputs/publication/figures/hcg30_noise_specaxis.pdf, outputs/publication/figures/hcg31_noise_specaxis.pdf, outputs/publication/figures/hcg90_noise_specaxis.pdf, outputs/publication/figures/hcg91_noise_specaxis.pdf, outputs/publication/figures/hcg97_noise_specaxis.pdf, outputs/publication/figures/hcg16_global_profile.pdf, outputs/publication/figures/hcg30_global_profile.pdf, outputs/publication/figures/hcg31_global_profile.pdf, outputs/publication/figures/hcg90_global_profile.pdf, outputs/publication/figures/hcg91_global_profile.pdf, outputs/publication/figures/hcg97_global_profile.pdf, workflow/hcg_paper.tex
    output: outputs/publication/hcg_paper.pdf
    jobid: 0
    reason: Missing output files: outputs/publication/hcg_paper.pdf; Input files updated by another job: outputs/publication/figures/hcg31_global_profile.pdf, outputs/publication/figures/hcg97_global_profile.pdf, outputs/publication/figures/hcg30_global_profile.pdf, outputs/publication/figures/hcg91_global_profile.pdf, outputs/publication/figures/hcg90_global_profile.pdf, outputs/publication/figures/hcg16_global_profile.pdf
    resources: mem_mb=55649, mem_mib=53072, disk_mb=55649, disk_mib=53072, tmpdir=/data

[Sat Oct 26 10:48:14 2024]
Finished job 0.
7 of 7 steps (100%) done
Complete log: .snakemake/log/2024-10-26T104748.177853.snakemake.log
unlocking
removing lock
removing lock
removed all locks
