Building DAG of jobs...
Using shell: /bin/bash
Provided cores: 24
Rules claiming more threads will be scaled down.
Job stats:
job                 count
----------------  -------
plot_global_prof        4
tex2pdf_with_bib        1
total                   5

Select jobs to execute...

[Thu Jan 11 09:57:16 2024]
rule plot_global_prof:
    input: results/data/hcg16/hcg16_line60_masked.pb_corr_vopt.fits, data/hcg16/vla_data/hcg16_spec.txt, results/sofia_pbc/hcg16/hcg16_line60_masked.pb_corr_vopt_mask.fits, results/publication/figures/ngc1622_mom0.pdf, results/publication/figures/ngc1622_snr.pdf, results/publication/figures/ngc1622_mom1.pdf, results/publication/figures/ngc1622_chan.pdf, results/publication/figures/ngc1622_mom2.pdf, results/publication/figures/ngc1622_spec.pdf, results/publication/figures/hcg16_meerkat_gbt_spec.pdf, results/publication/figures/hcg30_meerkat_gbt_spec.pdf, results/publication/figures/hcg31_meerkat_gbt_spec.pdf, results/publication/figures/hcg91_meerkat_gbt_spec.pdf, results/publication/figures/hcgs_meerkat_gbt_flux.pdf, results/publication/figures/hcg16_velocity_ra.pdf, results/publication/figures/hcg30_velocity_ra.pdf, results/publication/figures/hcg31_velocity_ra.pdf, results/publication/figures/hcg91_velocity_ra.pdf, results/publication/figures/hcg16_noise_specaxis.pdf, results/publication/figures/hcg30_noise_specaxis.pdf, results/publication/figures/hcg31_noise_specaxis.pdf, results/publication/figures/hcg91_noise_specaxis.pdf
    output: results/publication/figures/hcg16_global_profile.pdf
    jobid: 19
    reason: Missing output files: results/publication/figures/hcg16_global_profile.pdf
    wildcards: gal_idx=hcg16
    resources: mem_mb=2163, mem_mib=2063, disk_mb=2163, disk_mib=2063, tmpdir=/data


[Thu Jan 11 09:57:17 2024]
rule plot_global_prof:
    input: results/data/hcg30/hcg30_line60_masked.pb_corr_vopt.fits, data/hcg30/vla_data/hcg30_spec.txt, results/sofia_pbc/hcg30/hcg30_line60_masked.pb_corr_vopt_mask.fits, results/publication/figures/ngc1622_mom0.pdf, results/publication/figures/ngc1622_snr.pdf, results/publication/figures/ngc1622_mom1.pdf, results/publication/figures/ngc1622_chan.pdf, results/publication/figures/ngc1622_mom2.pdf, results/publication/figures/ngc1622_spec.pdf, results/publication/figures/hcg16_meerkat_gbt_spec.pdf, results/publication/figures/hcg30_meerkat_gbt_spec.pdf, results/publication/figures/hcg31_meerkat_gbt_spec.pdf, results/publication/figures/hcg91_meerkat_gbt_spec.pdf, results/publication/figures/hcgs_meerkat_gbt_flux.pdf, results/publication/figures/hcg16_velocity_ra.pdf, results/publication/figures/hcg30_velocity_ra.pdf, results/publication/figures/hcg31_velocity_ra.pdf, results/publication/figures/hcg91_velocity_ra.pdf, results/publication/figures/hcg16_noise_specaxis.pdf, results/publication/figures/hcg30_noise_specaxis.pdf, results/publication/figures/hcg31_noise_specaxis.pdf, results/publication/figures/hcg91_noise_specaxis.pdf
    output: results/publication/figures/hcg30_global_profile.pdf
    jobid: 20
    reason: Missing output files: results/publication/figures/hcg30_global_profile.pdf
    wildcards: gal_idx=hcg30
    resources: mem_mb=2432, mem_mib=2320, disk_mb=2432, disk_mib=2320, tmpdir=/data


[Thu Jan 11 09:57:17 2024]
rule plot_global_prof:
    input: results/data/hcg31/hcg31_line60_masked.pb_corr_vopt.fits, data/hcg31/vla_data/hcg31_spec.txt, results/sofia_pbc/hcg31/hcg31_line60_masked.pb_corr_vopt_mask.fits, results/publication/figures/ngc1622_mom0.pdf, results/publication/figures/ngc1622_snr.pdf, results/publication/figures/ngc1622_mom1.pdf, results/publication/figures/ngc1622_chan.pdf, results/publication/figures/ngc1622_mom2.pdf, results/publication/figures/ngc1622_spec.pdf, results/publication/figures/hcg16_meerkat_gbt_spec.pdf, results/publication/figures/hcg30_meerkat_gbt_spec.pdf, results/publication/figures/hcg31_meerkat_gbt_spec.pdf, results/publication/figures/hcg91_meerkat_gbt_spec.pdf, results/publication/figures/hcgs_meerkat_gbt_flux.pdf, results/publication/figures/hcg16_velocity_ra.pdf, results/publication/figures/hcg30_velocity_ra.pdf, results/publication/figures/hcg31_velocity_ra.pdf, results/publication/figures/hcg91_velocity_ra.pdf, results/publication/figures/hcg16_noise_specaxis.pdf, results/publication/figures/hcg30_noise_specaxis.pdf, results/publication/figures/hcg31_noise_specaxis.pdf, results/publication/figures/hcg91_noise_specaxis.pdf
    output: results/publication/figures/hcg31_global_profile.pdf
    jobid: 21
    reason: Missing output files: results/publication/figures/hcg31_global_profile.pdf
    wildcards: gal_idx=hcg31
    resources: mem_mb=3805, mem_mib=3629, disk_mb=3805, disk_mib=3629, tmpdir=/data


[Thu Jan 11 09:57:17 2024]
rule plot_global_prof:
    input: results/data/hcg91/hcg91_line60_masked.pb_corr_vopt.fits, data/hcg91/vla_data/hcg91_spec.txt, results/sofia_pbc/hcg91/hcg91_line60_masked.pb_corr_vopt_mask.fits, results/publication/figures/ngc1622_mom0.pdf, results/publication/figures/ngc1622_snr.pdf, results/publication/figures/ngc1622_mom1.pdf, results/publication/figures/ngc1622_chan.pdf, results/publication/figures/ngc1622_mom2.pdf, results/publication/figures/ngc1622_spec.pdf, results/publication/figures/hcg16_meerkat_gbt_spec.pdf, results/publication/figures/hcg30_meerkat_gbt_spec.pdf, results/publication/figures/hcg31_meerkat_gbt_spec.pdf, results/publication/figures/hcg91_meerkat_gbt_spec.pdf, results/publication/figures/hcgs_meerkat_gbt_flux.pdf, results/publication/figures/hcg16_velocity_ra.pdf, results/publication/figures/hcg30_velocity_ra.pdf, results/publication/figures/hcg31_velocity_ra.pdf, results/publication/figures/hcg91_velocity_ra.pdf, results/publication/figures/hcg16_noise_specaxis.pdf, results/publication/figures/hcg30_noise_specaxis.pdf, results/publication/figures/hcg31_noise_specaxis.pdf, results/publication/figures/hcg91_noise_specaxis.pdf
    output: results/publication/figures/hcg91_global_profile.pdf
    jobid: 22
    reason: Missing output files: results/publication/figures/hcg91_global_profile.pdf
    wildcards: gal_idx=hcg91
    resources: mem_mb=6651, mem_mib=6343, disk_mb=6651, disk_mib=6343, tmpdir=/data

Waiting at most 5 seconds for missing files.
MissingOutputException in rule plot_global_prof in file /data/workflow/rules/plot_global_prof.smk, line 14:
Job 22  completed successfully, but some output files are missing. Missing files after 5 seconds. This might be due to filesystem latency. If that is the case, consider to increase the wait time with --latency-wait:
results/publication/figures/hcg91_global_profile.pdf
Waiting at most 5 seconds for missing files.
MissingOutputException in rule plot_global_prof in file /data/workflow/rules/plot_global_prof.smk, line 14:
Job 19  completed successfully, but some output files are missing. Missing files after 5 seconds. This might be due to filesystem latency. If that is the case, consider to increase the wait time with --latency-wait:
results/publication/figures/hcg16_global_profile.pdf
Waiting at most 5 seconds for missing files.
MissingOutputException in rule plot_global_prof in file /data/workflow/rules/plot_global_prof.smk, line 14:
Job 20  completed successfully, but some output files are missing. Missing files after 5 seconds. This might be due to filesystem latency. If that is the case, consider to increase the wait time with --latency-wait:
results/publication/figures/hcg30_global_profile.pdf
Waiting at most 5 seconds for missing files.
MissingOutputException in rule plot_global_prof in file /data/workflow/rules/plot_global_prof.smk, line 14:
Job 21  completed successfully, but some output files are missing. Missing files after 5 seconds. This might be due to filesystem latency. If that is the case, consider to increase the wait time with --latency-wait:
results/publication/figures/hcg31_global_profile.pdf
Shutting down, this might take some time.
Exiting because a job execution failed. Look above for error message
Complete log: .snakemake/log/2024-01-11T095714.373338.snakemake.log
