Building DAG of jobs...
Using shell: /bin/bash
Provided cores: 24
Rules claiming more threads will be scaled down.
Job stats:
job                      count
---------------------  -------
plot_chanmap                 1
plot_moments                 2
plot_optical_mom0            1
plot_segmented_pvdiag        1
tex2pdf_with_bib             1
total                        6

Select jobs to execute...

[Fri Feb  2 16:54:13 2024]
rule plot_moments:
    input: results/sofia_pbc/hcg90/hcg90_line60_masked.pb_corr_vopt_mom0.fits, results/sofia_pbc/hcg90/hcg90_line60_masked.pb_corr_vopt_mom1.fits, results/publication/figures/ngc1622_mom0.pdf, results/publication/figures/ngc1622_snr.pdf, results/publication/figures/ngc1622_mom1.pdf, results/publication/figures/ngc1622_chan.pdf, results/publication/figures/ngc1622_mom2.pdf, results/publication/figures/ngc1622_spec.pdf, results/publication/figures/hcg16_meerkat_gbt_spec.pdf, results/publication/figures/hcg30_meerkat_gbt_spec.pdf, results/publication/figures/hcg31_meerkat_gbt_spec.pdf, results/publication/figures/hcg90_meerkat_gbt_spec.pdf, results/publication/figures/hcg91_meerkat_gbt_spec.pdf, results/publication/figures/hcg97_meerkat_gbt_spec.pdf, results/publication/figures/hcgs_meerkat_gbt_flux.pdf, results/publication/figures/hcg16_velocity_ra.pdf, results/publication/figures/hcg30_velocity_ra.pdf, results/publication/figures/hcg31_velocity_ra.pdf, results/publication/figures/hcg90_velocity_ra.pdf, results/publication/figures/hcg91_velocity_ra.pdf, results/publication/figures/hcg97_velocity_ra.pdf, results/publication/figures/hcg16_noise_specaxis.pdf, results/publication/figures/hcg30_noise_specaxis.pdf, results/publication/figures/hcg31_noise_specaxis.pdf, results/publication/figures/hcg90_noise_specaxis.pdf, results/publication/figures/hcg91_noise_specaxis.pdf, results/publication/figures/hcg97_noise_specaxis.pdf, results/publication/figures/hcg16_global_profile.pdf, results/publication/figures/hcg30_global_profile.pdf, results/publication/figures/hcg31_global_profile.pdf, results/publication/figures/hcg90_global_profile.pdf, results/publication/figures/hcg91_global_profile.pdf, results/publication/figures/hcg97_global_profile.pdf
    output: results/publication/figures/hcg90_mom0_pbc_zoom.pdf, results/publication/figures/hcg90_mom0_pbc_large.pdf, results/publication/figures/hcg90_coldens_pbc_zoom.pdf, results/publication/figures/hcg90_coldens_pbc_large.pdf, results/publication/figures/hcg90_mom1_pbc_zoom.pdf, results/publication/figures/hcg90_mom1_pbc_large.pdf
    jobid: 36
    reason: Missing output files: results/publication/figures/hcg90_coldens_pbc_zoom.pdf, results/publication/figures/hcg90_mom0_pbc_large.pdf, results/publication/figures/hcg90_coldens_pbc_large.pdf, results/publication/figures/hcg90_mom0_pbc_zoom.pdf, results/publication/figures/hcg90_mom1_pbc_large.pdf, results/publication/figures/hcg90_mom1_pbc_zoom.pdf
    wildcards: gal_idx=hcg90
    resources: mem_mb=1000, mem_mib=954, disk_mb=1000, disk_mib=954, tmpdir=/tmp

[Fri Feb  2 16:54:13 2024]
rule plot_moments:
    input: results/sofia_pbc/hcg97/hcg97_line60_masked.pb_corr_vopt_mom0.fits, results/sofia_pbc/hcg97/hcg97_line60_masked.pb_corr_vopt_mom1.fits, results/publication/figures/ngc1622_mom0.pdf, results/publication/figures/ngc1622_snr.pdf, results/publication/figures/ngc1622_mom1.pdf, results/publication/figures/ngc1622_chan.pdf, results/publication/figures/ngc1622_mom2.pdf, results/publication/figures/ngc1622_spec.pdf, results/publication/figures/hcg16_meerkat_gbt_spec.pdf, results/publication/figures/hcg30_meerkat_gbt_spec.pdf, results/publication/figures/hcg31_meerkat_gbt_spec.pdf, results/publication/figures/hcg90_meerkat_gbt_spec.pdf, results/publication/figures/hcg91_meerkat_gbt_spec.pdf, results/publication/figures/hcg97_meerkat_gbt_spec.pdf, results/publication/figures/hcgs_meerkat_gbt_flux.pdf, results/publication/figures/hcg16_velocity_ra.pdf, results/publication/figures/hcg30_velocity_ra.pdf, results/publication/figures/hcg31_velocity_ra.pdf, results/publication/figures/hcg90_velocity_ra.pdf, results/publication/figures/hcg91_velocity_ra.pdf, results/publication/figures/hcg97_velocity_ra.pdf, results/publication/figures/hcg16_noise_specaxis.pdf, results/publication/figures/hcg30_noise_specaxis.pdf, results/publication/figures/hcg31_noise_specaxis.pdf, results/publication/figures/hcg90_noise_specaxis.pdf, results/publication/figures/hcg91_noise_specaxis.pdf, results/publication/figures/hcg97_noise_specaxis.pdf, results/publication/figures/hcg16_global_profile.pdf, results/publication/figures/hcg30_global_profile.pdf, results/publication/figures/hcg31_global_profile.pdf, results/publication/figures/hcg90_global_profile.pdf, results/publication/figures/hcg91_global_profile.pdf, results/publication/figures/hcg97_global_profile.pdf
    output: results/publication/figures/hcg97_mom0_pbc_zoom.pdf, results/publication/figures/hcg97_mom0_pbc_large.pdf, results/publication/figures/hcg97_coldens_pbc_zoom.pdf, results/publication/figures/hcg97_coldens_pbc_large.pdf, results/publication/figures/hcg97_mom1_pbc_zoom.pdf, results/publication/figures/hcg97_mom1_pbc_large.pdf
    jobid: 38
    reason: Missing output files: results/publication/figures/hcg97_mom0_pbc_zoom.pdf, results/publication/figures/hcg97_coldens_pbc_large.pdf, results/publication/figures/hcg97_coldens_pbc_zoom.pdf, results/publication/figures/hcg97_mom0_pbc_large.pdf, results/publication/figures/hcg97_mom1_pbc_zoom.pdf, results/publication/figures/hcg97_mom1_pbc_large.pdf
    wildcards: gal_idx=hcg97
    resources: mem_mb=1000, mem_mib=954, disk_mb=1000, disk_mib=954, tmpdir=/tmp

[Fri Feb  2 16:57:21 2024]
Finished job 36.
1 of 6 steps (17%) done
[Fri Feb  2 16:57:27 2024]
Finished job 38.
2 of 6 steps (33%) done
Select jobs to execute...

[Fri Feb  2 16:57:27 2024]
rule plot_segmented_pvdiag:
    input: results/sofia_pbc/hcg16/hcg16_line60_masked.pb_corr_vopt_mom0.fits, results/data/hcg16/hcg16_line60_masked.pb_corr_vopt.fits, data/hcg16/vla_data/HCG16_CD_rob2_MS.fits, results/publication/figures/ngc1622_mom0.pdf, results/publication/figures/ngc1622_snr.pdf, results/publication/figures/ngc1622_mom1.pdf, results/publication/figures/ngc1622_chan.pdf, results/publication/figures/ngc1622_mom2.pdf, results/publication/figures/ngc1622_spec.pdf, results/publication/figures/hcg16_meerkat_gbt_spec.pdf, results/publication/figures/hcg30_meerkat_gbt_spec.pdf, results/publication/figures/hcg31_meerkat_gbt_spec.pdf, results/publication/figures/hcg90_meerkat_gbt_spec.pdf, results/publication/figures/hcg91_meerkat_gbt_spec.pdf, results/publication/figures/hcg97_meerkat_gbt_spec.pdf, results/publication/figures/hcgs_meerkat_gbt_flux.pdf, results/publication/figures/hcg16_velocity_ra.pdf, results/publication/figures/hcg30_velocity_ra.pdf, results/publication/figures/hcg31_velocity_ra.pdf, results/publication/figures/hcg90_velocity_ra.pdf, results/publication/figures/hcg91_velocity_ra.pdf, results/publication/figures/hcg97_velocity_ra.pdf, results/publication/figures/hcg16_noise_specaxis.pdf, results/publication/figures/hcg30_noise_specaxis.pdf, results/publication/figures/hcg31_noise_specaxis.pdf, results/publication/figures/hcg90_noise_specaxis.pdf, results/publication/figures/hcg91_noise_specaxis.pdf, results/publication/figures/hcg97_noise_specaxis.pdf, results/publication/figures/hcg16_global_profile.pdf, results/publication/figures/hcg30_global_profile.pdf, results/publication/figures/hcg31_global_profile.pdf, results/publication/figures/hcg90_global_profile.pdf, results/publication/figures/hcg91_global_profile.pdf, results/publication/figures/hcg97_global_profile.pdf, results/publication/figures/hcg16_mom0_pbc_zoom.pdf, results/publication/figures/hcg30_mom0_pbc_zoom.pdf, results/publication/figures/hcg31_mom0_pbc_zoom.pdf, results/publication/figures/hcg90_mom0_pbc_zoom.pdf, results/publication/figures/hcg91_mom0_pbc_zoom.pdf, results/publication/figures/hcg97_mom0_pbc_zoom.pdf, results/publication/figures/hcg16_mom0_pbc_large.pdf, results/publication/figures/hcg30_mom0_pbc_large.pdf, results/publication/figures/hcg31_mom0_pbc_large.pdf, results/publication/figures/hcg90_mom0_pbc_large.pdf, results/publication/figures/hcg91_mom0_pbc_large.pdf, results/publication/figures/hcg97_mom0_pbc_large.pdf, results/publication/figures/hcg16_coldens_pbc_zoom.pdf, results/publication/figures/hcg30_coldens_pbc_zoom.pdf, results/publication/figures/hcg31_coldens_pbc_zoom.pdf, results/publication/figures/hcg90_coldens_pbc_zoom.pdf, results/publication/figures/hcg91_coldens_pbc_zoom.pdf, results/publication/figures/hcg97_coldens_pbc_zoom.pdf, results/publication/figures/hcg16_coldens_pbc_large.pdf, results/publication/figures/hcg30_coldens_pbc_large.pdf, results/publication/figures/hcg31_coldens_pbc_large.pdf, results/publication/figures/hcg90_coldens_pbc_large.pdf, results/publication/figures/hcg91_coldens_pbc_large.pdf, results/publication/figures/hcg97_coldens_pbc_large.pdf, results/publication/figures/hcg16_mom1_pbc_zoom.pdf, results/publication/figures/hcg30_mom1_pbc_zoom.pdf, results/publication/figures/hcg31_mom1_pbc_zoom.pdf, results/publication/figures/hcg90_mom1_pbc_zoom.pdf, results/publication/figures/hcg91_mom1_pbc_zoom.pdf, results/publication/figures/hcg97_mom1_pbc_zoom.pdf, results/publication/figures/hcg16_mom1_pbc_large.pdf, results/publication/figures/hcg30_mom1_pbc_large.pdf, results/publication/figures/hcg31_mom1_pbc_large.pdf, results/publication/figures/hcg90_mom1_pbc_large.pdf, results/publication/figures/hcg91_mom1_pbc_large.pdf, results/publication/figures/hcg97_mom1_pbc_large.pdf
    output: results/publication/figures/hcg16_segmented_pv_view_mom0.pdf, results/publication/figures/hcg16_segmented_pv.pdf, results/publication/figures/hcg16_segmented_pv_vla.pdf
    jobid: 39
    reason: Missing output files: results/publication/figures/hcg16_segmented_pv_vla.pdf, results/publication/figures/hcg16_segmented_pv_view_mom0.pdf, results/publication/figures/hcg16_segmented_pv.pdf; Input files updated by another job: results/publication/figures/hcg90_coldens_pbc_zoom.pdf, results/publication/figures/hcg97_mom0_pbc_zoom.pdf, results/publication/figures/hcg97_coldens_pbc_large.pdf, results/publication/figures/hcg97_coldens_pbc_zoom.pdf, results/publication/figures/hcg90_mom0_pbc_large.pdf, results/publication/figures/hcg90_coldens_pbc_large.pdf, results/publication/figures/hcg97_mom0_pbc_large.pdf, results/publication/figures/hcg90_mom1_pbc_large.pdf, results/publication/figures/hcg97_mom1_pbc_zoom.pdf, results/publication/figures/hcg90_mom0_pbc_zoom.pdf, results/publication/figures/hcg90_mom1_pbc_zoom.pdf, results/publication/figures/hcg97_mom1_pbc_large.pdf; Set of input files has changed since last execution
    resources: mem_mb=1277, mem_mib=1218, disk_mb=1277, disk_mib=1218, tmpdir=/tmp

[Fri Feb  2 16:57:52 2024]
Error in rule plot_segmented_pvdiag:
    jobid: 39
    input: results/sofia_pbc/hcg16/hcg16_line60_masked.pb_corr_vopt_mom0.fits, results/data/hcg16/hcg16_line60_masked.pb_corr_vopt.fits, data/hcg16/vla_data/HCG16_CD_rob2_MS.fits, results/publication/figures/ngc1622_mom0.pdf, results/publication/figures/ngc1622_snr.pdf, results/publication/figures/ngc1622_mom1.pdf, results/publication/figures/ngc1622_chan.pdf, results/publication/figures/ngc1622_mom2.pdf, results/publication/figures/ngc1622_spec.pdf, results/publication/figures/hcg16_meerkat_gbt_spec.pdf, results/publication/figures/hcg30_meerkat_gbt_spec.pdf, results/publication/figures/hcg31_meerkat_gbt_spec.pdf, results/publication/figures/hcg90_meerkat_gbt_spec.pdf, results/publication/figures/hcg91_meerkat_gbt_spec.pdf, results/publication/figures/hcg97_meerkat_gbt_spec.pdf, results/publication/figures/hcgs_meerkat_gbt_flux.pdf, results/publication/figures/hcg16_velocity_ra.pdf, results/publication/figures/hcg30_velocity_ra.pdf, results/publication/figures/hcg31_velocity_ra.pdf, results/publication/figures/hcg90_velocity_ra.pdf, results/publication/figures/hcg91_velocity_ra.pdf, results/publication/figures/hcg97_velocity_ra.pdf, results/publication/figures/hcg16_noise_specaxis.pdf, results/publication/figures/hcg30_noise_specaxis.pdf, results/publication/figures/hcg31_noise_specaxis.pdf, results/publication/figures/hcg90_noise_specaxis.pdf, results/publication/figures/hcg91_noise_specaxis.pdf, results/publication/figures/hcg97_noise_specaxis.pdf, results/publication/figures/hcg16_global_profile.pdf, results/publication/figures/hcg30_global_profile.pdf, results/publication/figures/hcg31_global_profile.pdf, results/publication/figures/hcg90_global_profile.pdf, results/publication/figures/hcg91_global_profile.pdf, results/publication/figures/hcg97_global_profile.pdf, results/publication/figures/hcg16_mom0_pbc_zoom.pdf, results/publication/figures/hcg30_mom0_pbc_zoom.pdf, results/publication/figures/hcg31_mom0_pbc_zoom.pdf, results/publication/figures/hcg90_mom0_pbc_zoom.pdf, results/publication/figures/hcg91_mom0_pbc_zoom.pdf, results/publication/figures/hcg97_mom0_pbc_zoom.pdf, results/publication/figures/hcg16_mom0_pbc_large.pdf, results/publication/figures/hcg30_mom0_pbc_large.pdf, results/publication/figures/hcg31_mom0_pbc_large.pdf, results/publication/figures/hcg90_mom0_pbc_large.pdf, results/publication/figures/hcg91_mom0_pbc_large.pdf, results/publication/figures/hcg97_mom0_pbc_large.pdf, results/publication/figures/hcg16_coldens_pbc_zoom.pdf, results/publication/figures/hcg30_coldens_pbc_zoom.pdf, results/publication/figures/hcg31_coldens_pbc_zoom.pdf, results/publication/figures/hcg90_coldens_pbc_zoom.pdf, results/publication/figures/hcg91_coldens_pbc_zoom.pdf, results/publication/figures/hcg97_coldens_pbc_zoom.pdf, results/publication/figures/hcg16_coldens_pbc_large.pdf, results/publication/figures/hcg30_coldens_pbc_large.pdf, results/publication/figures/hcg31_coldens_pbc_large.pdf, results/publication/figures/hcg90_coldens_pbc_large.pdf, results/publication/figures/hcg91_coldens_pbc_large.pdf, results/publication/figures/hcg97_coldens_pbc_large.pdf, results/publication/figures/hcg16_mom1_pbc_zoom.pdf, results/publication/figures/hcg30_mom1_pbc_zoom.pdf, results/publication/figures/hcg31_mom1_pbc_zoom.pdf, results/publication/figures/hcg90_mom1_pbc_zoom.pdf, results/publication/figures/hcg91_mom1_pbc_zoom.pdf, results/publication/figures/hcg97_mom1_pbc_zoom.pdf, results/publication/figures/hcg16_mom1_pbc_large.pdf, results/publication/figures/hcg30_mom1_pbc_large.pdf, results/publication/figures/hcg31_mom1_pbc_large.pdf, results/publication/figures/hcg90_mom1_pbc_large.pdf, results/publication/figures/hcg91_mom1_pbc_large.pdf, results/publication/figures/hcg97_mom1_pbc_large.pdf
    output: results/publication/figures/hcg16_segmented_pv_view_mom0.pdf, results/publication/figures/hcg16_segmented_pv.pdf, results/publication/figures/hcg16_segmented_pv_vla.pdf
    shell:
        
        
        python workflow/scripts/plot_segmented_pvdiag.py -m results/sofia_pbc/hcg16/hcg16_line60_masked.pb_corr_vopt_mom0.fits -c results/data/hcg16/hcg16_line60_masked.pb_corr_vopt.fits -v data/hcg16/vla_data/HCG16_CD_rob2_MS.fits 
        
        (one of the commands exited with non-zero exit code; note that snakemake uses bash strict mode!)

Removing output files of failed job plot_segmented_pvdiag since they might be corrupted:
results/publication/figures/hcg16_segmented_pv_view_mom0.pdf
Shutting down, this might take some time.
Exiting because a job execution failed. Look above for error message
Complete log: .snakemake/log/2024-02-02T165412.151807.snakemake.log
