Building DAG of jobs...
Using shell: /bin/bash
Provided cores: 24
Rules claiming more threads will be scaled down.
Job stats:
job                    count
-------------------  -------
plot_sofia_products        1
plot_velocity_ra           4
tex2pdf_with_bib           1
total                      6

Select jobs to execute...

[Wed Jan 10 16:15:37 2024]
rule plot_sofia_products:
    input: data/hcg30/optical/legacystamps_69.152500_-3.186400_ls-dr10-gfilter.fits, data/hcg30/optical/legacystamps_69.152500_-3.186400_ls-dr10-rfilter.fits, data/hcg30/optical/legacystamps_69.152500_-3.186400_ls-dr10-ifilter.fits, results/sofia_pbc/hcg30/hcg30_line60_masked.pb_corr_vopt_cubelets/hcg30_line60_masked.pb_corr_vopt_1_mom0.fits, results/sofia_pbc/hcg16/hcg16_line60_masked.pb_corr_vopt_cubelets/hcg16_line60_masked.pb_corr_vopt_1_mom0.fits, results/sofia_pbc/hcg30/hcg30_line60_masked.pb_corr_vopt_cubelets/hcg30_line60_masked.pb_corr_vopt_1_mom0.fits, results/sofia_pbc/hcg31/hcg31_line60_masked.pb_corr_vopt_cubelets/hcg31_line60_masked.pb_corr_vopt_1_mom0.fits, results/sofia_pbc/hcg91/hcg91_line60_masked.pb_corr_vopt_cubelets/hcg91_line60_masked.pb_corr_vopt_1_mom0.fits
    output: results/publication/figures/ngc1622_mom0.pdf, results/publication/figures/ngc1622_snr.pdf, results/publication/figures/ngc1622_mom1.pdf, results/publication/figures/ngc1622_chan.pdf, results/publication/figures/ngc1622_mom2.pdf, results/publication/figures/ngc1622_spec.pdf
    jobid: 1
    reason: Missing output files: results/publication/figures/ngc1622_mom1.pdf, results/publication/figures/ngc1622_mom2.pdf, results/publication/figures/ngc1622_mom0.pdf, results/publication/figures/ngc1622_spec.pdf, results/publication/figures/ngc1622_chan.pdf, results/publication/figures/ngc1622_snr.pdf
    resources: mem_mb=1000, mem_mib=954, disk_mb=1000, disk_mib=954, tmpdir=/data

[Wed Jan 10 16:16:24 2024]
Finished job 1.
1 of 6 steps (17%) done
Select jobs to execute...

[Wed Jan 10 16:16:24 2024]
rule plot_velocity_ra:
    input: results/data/hcg16/hcg16_line60_masked.image_vopt.fits, results/publication/figures/ngc1622_mom0.pdf, results/publication/figures/ngc1622_snr.pdf, results/publication/figures/ngc1622_mom1.pdf, results/publication/figures/ngc1622_chan.pdf, results/publication/figures/ngc1622_mom2.pdf, results/publication/figures/ngc1622_spec.pdf
    output: results/publication/figures/hcg16_velocity_ra.pdf
    jobid: 11
    reason: Missing output files: results/publication/figures/hcg16_velocity_ra.pdf; Input files updated by another job: results/publication/figures/ngc1622_snr.pdf, results/publication/figures/ngc1622_mom1.pdf, results/publication/figures/ngc1622_mom2.pdf, results/publication/figures/ngc1622_mom0.pdf, results/publication/figures/ngc1622_spec.pdf, results/publication/figures/ngc1622_chan.pdf
    wildcards: gal_idx=hcg16
    resources: mem_mb=1089, mem_mib=1039, disk_mb=1089, disk_mib=1039, tmpdir=/data


[Wed Jan 10 16:16:24 2024]
rule plot_velocity_ra:
    input: results/data/hcg30/hcg30_line60_masked.image_vopt.fits, results/publication/figures/ngc1622_mom0.pdf, results/publication/figures/ngc1622_snr.pdf, results/publication/figures/ngc1622_mom1.pdf, results/publication/figures/ngc1622_chan.pdf, results/publication/figures/ngc1622_mom2.pdf, results/publication/figures/ngc1622_spec.pdf
    output: results/publication/figures/hcg30_velocity_ra.pdf
    jobid: 12
    reason: Missing output files: results/publication/figures/hcg30_velocity_ra.pdf; Input files updated by another job: results/publication/figures/ngc1622_snr.pdf, results/publication/figures/ngc1622_mom1.pdf, results/publication/figures/ngc1622_mom2.pdf, results/publication/figures/ngc1622_mom0.pdf, results/publication/figures/ngc1622_spec.pdf, results/publication/figures/ngc1622_chan.pdf; Set of input files has changed since last execution
    wildcards: gal_idx=hcg30
    resources: mem_mb=1224, mem_mib=1168, disk_mb=1224, disk_mib=1168, tmpdir=/data


[Wed Jan 10 16:16:24 2024]
rule plot_velocity_ra:
    input: results/data/hcg31/hcg31_line60_masked.image_vopt.fits, results/publication/figures/ngc1622_mom0.pdf, results/publication/figures/ngc1622_snr.pdf, results/publication/figures/ngc1622_mom1.pdf, results/publication/figures/ngc1622_chan.pdf, results/publication/figures/ngc1622_mom2.pdf, results/publication/figures/ngc1622_spec.pdf
    output: results/publication/figures/hcg31_velocity_ra.pdf
    jobid: 13
    reason: Missing output files: results/publication/figures/hcg31_velocity_ra.pdf; Input files updated by another job: results/publication/figures/ngc1622_snr.pdf, results/publication/figures/ngc1622_mom1.pdf, results/publication/figures/ngc1622_mom2.pdf, results/publication/figures/ngc1622_mom0.pdf, results/publication/figures/ngc1622_spec.pdf, results/publication/figures/ngc1622_chan.pdf; Set of input files has changed since last execution
    wildcards: gal_idx=hcg31
    resources: mem_mb=1911, mem_mib=1823, disk_mb=1911, disk_mib=1823, tmpdir=/data


[Wed Jan 10 16:16:24 2024]
rule plot_velocity_ra:
    input: results/data/hcg91/hcg91_line60_masked.image_vopt.fits, results/publication/figures/ngc1622_mom0.pdf, results/publication/figures/ngc1622_snr.pdf, results/publication/figures/ngc1622_mom1.pdf, results/publication/figures/ngc1622_chan.pdf, results/publication/figures/ngc1622_mom2.pdf, results/publication/figures/ngc1622_spec.pdf
    output: results/publication/figures/hcg91_velocity_ra.pdf
    jobid: 14
    reason: Missing output files: results/publication/figures/hcg91_velocity_ra.pdf; Input files updated by another job: results/publication/figures/ngc1622_snr.pdf, results/publication/figures/ngc1622_mom1.pdf, results/publication/figures/ngc1622_mom2.pdf, results/publication/figures/ngc1622_mom0.pdf, results/publication/figures/ngc1622_spec.pdf, results/publication/figures/ngc1622_chan.pdf; Set of input files has changed since last execution
    wildcards: gal_idx=hcg91
    resources: mem_mb=3334, mem_mib=3180, disk_mb=3334, disk_mib=3180, tmpdir=/data

[Wed Jan 10 16:16:33 2024]
Error in rule plot_velocity_ra:
    jobid: 12
    input: results/data/hcg30/hcg30_line60_masked.image_vopt.fits, results/publication/figures/ngc1622_mom0.pdf, results/publication/figures/ngc1622_snr.pdf, results/publication/figures/ngc1622_mom1.pdf, results/publication/figures/ngc1622_chan.pdf, results/publication/figures/ngc1622_mom2.pdf, results/publication/figures/ngc1622_spec.pdf
    output: results/publication/figures/hcg30_velocity_ra.pdf
    shell:
        python workflow/scripts/plot_velocity_ra.py --cube results/data/hcg30/hcg30_line60_masked.image_vopt.fits
        (one of the commands exited with non-zero exit code; note that snakemake uses bash strict mode!)

[Wed Jan 10 16:16:34 2024]
Error in rule plot_velocity_ra:
    jobid: 11
    input: results/data/hcg16/hcg16_line60_masked.image_vopt.fits, results/publication/figures/ngc1622_mom0.pdf, results/publication/figures/ngc1622_snr.pdf, results/publication/figures/ngc1622_mom1.pdf, results/publication/figures/ngc1622_chan.pdf, results/publication/figures/ngc1622_mom2.pdf, results/publication/figures/ngc1622_spec.pdf
    output: results/publication/figures/hcg16_velocity_ra.pdf
    shell:
        python workflow/scripts/plot_velocity_ra.py --cube results/data/hcg16/hcg16_line60_masked.image_vopt.fits
        (one of the commands exited with non-zero exit code; note that snakemake uses bash strict mode!)

[Wed Jan 10 16:16:36 2024]
Error in rule plot_velocity_ra:
    jobid: 13
    input: results/data/hcg31/hcg31_line60_masked.image_vopt.fits, results/publication/figures/ngc1622_mom0.pdf, results/publication/figures/ngc1622_snr.pdf, results/publication/figures/ngc1622_mom1.pdf, results/publication/figures/ngc1622_chan.pdf, results/publication/figures/ngc1622_mom2.pdf, results/publication/figures/ngc1622_spec.pdf
    output: results/publication/figures/hcg31_velocity_ra.pdf
    shell:
        python workflow/scripts/plot_velocity_ra.py --cube results/data/hcg31/hcg31_line60_masked.image_vopt.fits
        (one of the commands exited with non-zero exit code; note that snakemake uses bash strict mode!)

[Wed Jan 10 16:16:46 2024]
Error in rule plot_velocity_ra:
    jobid: 14
    input: results/data/hcg91/hcg91_line60_masked.image_vopt.fits, results/publication/figures/ngc1622_mom0.pdf, results/publication/figures/ngc1622_snr.pdf, results/publication/figures/ngc1622_mom1.pdf, results/publication/figures/ngc1622_chan.pdf, results/publication/figures/ngc1622_mom2.pdf, results/publication/figures/ngc1622_spec.pdf
    output: results/publication/figures/hcg91_velocity_ra.pdf
    shell:
        python workflow/scripts/plot_velocity_ra.py --cube results/data/hcg91/hcg91_line60_masked.image_vopt.fits
        (one of the commands exited with non-zero exit code; note that snakemake uses bash strict mode!)

Shutting down, this might take some time.
Exiting because a job execution failed. Look above for error message
Complete log: .snakemake/log/2024-01-10T161536.352226.snakemake.log
