Building DAG of jobs...
Using shell: /bin/bash
Provided cores: 24
Rules claiming more threads will be scaled down.
Job stats:
job                 count
----------------  -------
plot_global_prof        1
plot_moments            4
tex2pdf_with_bib        1
total                   6

Select jobs to execute...

[Mon Jan 15 15:09:26 2024]
rule plot_moments:
    input: results/sofia_pbc/hcg91/hcg91_line60_masked.pb_corr_vopt_mom0.fits, results/publication/figures/ngc1622_mom0.pdf, results/publication/figures/ngc1622_snr.pdf, results/publication/figures/ngc1622_mom1.pdf, results/publication/figures/ngc1622_chan.pdf, results/publication/figures/ngc1622_mom2.pdf, results/publication/figures/ngc1622_spec.pdf, results/publication/figures/hcg16_meerkat_gbt_spec.pdf, results/publication/figures/hcg30_meerkat_gbt_spec.pdf, results/publication/figures/hcg31_meerkat_gbt_spec.pdf, results/publication/figures/hcg91_meerkat_gbt_spec.pdf, results/publication/figures/hcgs_meerkat_gbt_flux.pdf, results/publication/figures/hcg16_velocity_ra.pdf, results/publication/figures/hcg30_velocity_ra.pdf, results/publication/figures/hcg31_velocity_ra.pdf, results/publication/figures/hcg91_velocity_ra.pdf, results/publication/figures/hcg16_noise_specaxis.pdf, results/publication/figures/hcg30_noise_specaxis.pdf, results/publication/figures/hcg31_noise_specaxis.pdf, results/publication/figures/hcg91_noise_specaxis.pdf, results/publication/figures/hcg16_global_profile.pdf, results/publication/figures/hcg30_global_profile.pdf, results/publication/figures/hcg31_global_profile.pdf, results/publication/figures/hcg91_global_profile.pdf
    output: results/publication/figures/hcg91_mom0_pbc_large.pdf, results/publication/figures/hcg91_mom0_pbc_zoom.pdf
    jobid: 23
    reason: Missing output files: results/publication/figures/hcg91_mom0_pbc_zoom.pdf; Updated input files: results/publication/figures/hcg31_global_profile.pdf, results/publication/figures/hcg91_global_profile.pdf, results/publication/figures/hcg16_global_profile.pdf, results/publication/figures/hcg30_global_profile.pdf
    wildcards: gal_idx=hcg91
    resources: mem_mb=1000, mem_mib=954, disk_mb=1000, disk_mib=954, tmpdir=/data


[Mon Jan 15 15:09:27 2024]
rule plot_moments:
    input: results/sofia_pbc/hcg16/hcg16_line60_masked.pb_corr_vopt_mom0.fits, results/publication/figures/ngc1622_mom0.pdf, results/publication/figures/ngc1622_snr.pdf, results/publication/figures/ngc1622_mom1.pdf, results/publication/figures/ngc1622_chan.pdf, results/publication/figures/ngc1622_mom2.pdf, results/publication/figures/ngc1622_spec.pdf, results/publication/figures/hcg16_meerkat_gbt_spec.pdf, results/publication/figures/hcg30_meerkat_gbt_spec.pdf, results/publication/figures/hcg31_meerkat_gbt_spec.pdf, results/publication/figures/hcg91_meerkat_gbt_spec.pdf, results/publication/figures/hcgs_meerkat_gbt_flux.pdf, results/publication/figures/hcg16_velocity_ra.pdf, results/publication/figures/hcg30_velocity_ra.pdf, results/publication/figures/hcg31_velocity_ra.pdf, results/publication/figures/hcg91_velocity_ra.pdf, results/publication/figures/hcg16_noise_specaxis.pdf, results/publication/figures/hcg30_noise_specaxis.pdf, results/publication/figures/hcg31_noise_specaxis.pdf, results/publication/figures/hcg91_noise_specaxis.pdf, results/publication/figures/hcg16_global_profile.pdf, results/publication/figures/hcg30_global_profile.pdf, results/publication/figures/hcg31_global_profile.pdf, results/publication/figures/hcg91_global_profile.pdf
    output: results/publication/figures/hcg16_mom0_pbc_large.pdf, results/publication/figures/hcg16_mom0_pbc_zoom.pdf
    jobid: 20
    reason: Missing output files: results/publication/figures/hcg16_mom0_pbc_zoom.pdf; Updated input files: results/publication/figures/hcg16_global_profile.pdf
    wildcards: gal_idx=hcg16
    resources: mem_mb=1000, mem_mib=954, disk_mb=1000, disk_mib=954, tmpdir=/data


[Mon Jan 15 15:09:27 2024]
rule plot_moments:
    input: results/sofia_pbc/hcg30/hcg30_line60_masked.pb_corr_vopt_mom0.fits, results/publication/figures/ngc1622_mom0.pdf, results/publication/figures/ngc1622_snr.pdf, results/publication/figures/ngc1622_mom1.pdf, results/publication/figures/ngc1622_chan.pdf, results/publication/figures/ngc1622_mom2.pdf, results/publication/figures/ngc1622_spec.pdf, results/publication/figures/hcg16_meerkat_gbt_spec.pdf, results/publication/figures/hcg30_meerkat_gbt_spec.pdf, results/publication/figures/hcg31_meerkat_gbt_spec.pdf, results/publication/figures/hcg91_meerkat_gbt_spec.pdf, results/publication/figures/hcgs_meerkat_gbt_flux.pdf, results/publication/figures/hcg16_velocity_ra.pdf, results/publication/figures/hcg30_velocity_ra.pdf, results/publication/figures/hcg31_velocity_ra.pdf, results/publication/figures/hcg91_velocity_ra.pdf, results/publication/figures/hcg16_noise_specaxis.pdf, results/publication/figures/hcg30_noise_specaxis.pdf, results/publication/figures/hcg31_noise_specaxis.pdf, results/publication/figures/hcg91_noise_specaxis.pdf, results/publication/figures/hcg16_global_profile.pdf, results/publication/figures/hcg30_global_profile.pdf, results/publication/figures/hcg31_global_profile.pdf, results/publication/figures/hcg91_global_profile.pdf
    output: results/publication/figures/hcg30_mom0_pbc_large.pdf, results/publication/figures/hcg30_mom0_pbc_zoom.pdf
    jobid: 21
    reason: Missing output files: results/publication/figures/hcg30_mom0_pbc_zoom.pdf; Updated input files: results/publication/figures/hcg16_global_profile.pdf, results/publication/figures/hcg30_global_profile.pdf
    wildcards: gal_idx=hcg30
    resources: mem_mb=1000, mem_mib=954, disk_mb=1000, disk_mib=954, tmpdir=/data


[Mon Jan 15 15:09:27 2024]
rule plot_moments:
    input: results/sofia_pbc/hcg31/hcg31_line60_masked.pb_corr_vopt_mom0.fits, results/publication/figures/ngc1622_mom0.pdf, results/publication/figures/ngc1622_snr.pdf, results/publication/figures/ngc1622_mom1.pdf, results/publication/figures/ngc1622_chan.pdf, results/publication/figures/ngc1622_mom2.pdf, results/publication/figures/ngc1622_spec.pdf, results/publication/figures/hcg16_meerkat_gbt_spec.pdf, results/publication/figures/hcg30_meerkat_gbt_spec.pdf, results/publication/figures/hcg31_meerkat_gbt_spec.pdf, results/publication/figures/hcg91_meerkat_gbt_spec.pdf, results/publication/figures/hcgs_meerkat_gbt_flux.pdf, results/publication/figures/hcg16_velocity_ra.pdf, results/publication/figures/hcg30_velocity_ra.pdf, results/publication/figures/hcg31_velocity_ra.pdf, results/publication/figures/hcg91_velocity_ra.pdf, results/publication/figures/hcg16_noise_specaxis.pdf, results/publication/figures/hcg30_noise_specaxis.pdf, results/publication/figures/hcg31_noise_specaxis.pdf, results/publication/figures/hcg91_noise_specaxis.pdf, results/publication/figures/hcg16_global_profile.pdf, results/publication/figures/hcg30_global_profile.pdf, results/publication/figures/hcg31_global_profile.pdf, results/publication/figures/hcg91_global_profile.pdf
    output: results/publication/figures/hcg31_mom0_pbc_large.pdf, results/publication/figures/hcg31_mom0_pbc_zoom.pdf
    jobid: 22
    reason: Missing output files: results/publication/figures/hcg31_mom0_pbc_zoom.pdf; Updated input files: results/publication/figures/hcg31_global_profile.pdf, results/publication/figures/hcg16_global_profile.pdf, results/publication/figures/hcg30_global_profile.pdf
    wildcards: gal_idx=hcg31
    resources: mem_mb=1000, mem_mib=954, disk_mb=1000, disk_mib=954, tmpdir=/data

[Mon Jan 15 15:09:34 2024]
Finished job 20.
1 of 6 steps (17%) done
[Mon Jan 15 15:09:34 2024]
Finished job 23.
2 of 6 steps (33%) done
[Mon Jan 15 15:09:34 2024]
Finished job 22.
3 of 6 steps (50%) done
[Mon Jan 15 15:09:34 2024]
Finished job 21.
4 of 6 steps (67%) done
Select jobs to execute...

[Mon Jan 15 15:09:34 2024]
rule plot_global_prof:
    input: results/data/hcg16/hcg16_line60_masked.pb_corr_vopt.fits, data/hcg16/vla_data/hcg16_spec.txt, results/sofia_pbc/hcg16/hcg16_line60_masked.pb_corr_vopt_mask.fits, results/publication/figures/ngc1622_mom0.pdf, results/publication/figures/ngc1622_snr.pdf, results/publication/figures/ngc1622_mom1.pdf, results/publication/figures/ngc1622_chan.pdf, results/publication/figures/ngc1622_mom2.pdf, results/publication/figures/ngc1622_spec.pdf, results/publication/figures/hcg16_meerkat_gbt_spec.pdf, results/publication/figures/hcg30_meerkat_gbt_spec.pdf, results/publication/figures/hcg31_meerkat_gbt_spec.pdf, results/publication/figures/hcg91_meerkat_gbt_spec.pdf, results/publication/figures/hcgs_meerkat_gbt_flux.pdf, results/publication/figures/hcg16_velocity_ra.pdf, results/publication/figures/hcg30_velocity_ra.pdf, results/publication/figures/hcg31_velocity_ra.pdf, results/publication/figures/hcg91_velocity_ra.pdf, results/publication/figures/hcg16_noise_specaxis.pdf, results/publication/figures/hcg30_noise_specaxis.pdf, results/publication/figures/hcg31_noise_specaxis.pdf, results/publication/figures/hcg91_noise_specaxis.pdf, results/publication/figures/hcg16_mom0_pbc_large.pdf, results/publication/figures/hcg30_mom0_pbc_large.pdf, results/publication/figures/hcg31_mom0_pbc_large.pdf, results/publication/figures/hcg91_mom0_pbc_large.pdf, results/publication/figures/hcg16_mom0_pbc_zoom.pdf, results/publication/figures/hcg30_mom0_pbc_zoom.pdf, results/publication/figures/hcg31_mom0_pbc_zoom.pdf, results/publication/figures/hcg91_mom0_pbc_zoom.pdf
    output: results/publication/figures/hcg16_global_profile.pdf
    jobid: 19
    reason: Input files updated by another job: results/publication/figures/hcg16_mom0_pbc_zoom.pdf, results/publication/figures/hcg30_mom0_pbc_zoom.pdf, results/publication/figures/hcg16_mom0_pbc_large.pdf, results/publication/figures/hcg91_mom0_pbc_zoom.pdf, results/publication/figures/hcg91_mom0_pbc_large.pdf, results/publication/figures/hcg31_mom0_pbc_zoom.pdf
    wildcards: gal_idx=hcg16
    resources: mem_mb=2172, mem_mib=2072, disk_mb=2172, disk_mib=2072, tmpdir=/data

[Mon Jan 15 15:09:43 2024]
Finished job 19.
5 of 6 steps (83%) done
Select jobs to execute...

[Mon Jan 15 15:09:43 2024]
rule tex2pdf_with_bib:
    input: workflow/hcg_paper.tex, results/publication/figures/ngc1622_mom0.pdf, results/publication/figures/ngc1622_snr.pdf, results/publication/figures/ngc1622_mom1.pdf, results/publication/figures/ngc1622_chan.pdf, results/publication/figures/ngc1622_mom2.pdf, results/publication/figures/ngc1622_spec.pdf, results/publication/figures/hcg16_meerkat_gbt_spec.pdf, results/publication/figures/hcg30_meerkat_gbt_spec.pdf, results/publication/figures/hcg31_meerkat_gbt_spec.pdf, results/publication/figures/hcg91_meerkat_gbt_spec.pdf, results/publication/figures/hcgs_meerkat_gbt_flux.pdf, results/publication/figures/hcg16_velocity_ra.pdf, results/publication/figures/hcg30_velocity_ra.pdf, results/publication/figures/hcg31_velocity_ra.pdf, results/publication/figures/hcg91_velocity_ra.pdf, results/publication/figures/hcg16_noise_specaxis.pdf, results/publication/figures/hcg30_noise_specaxis.pdf, results/publication/figures/hcg31_noise_specaxis.pdf, results/publication/figures/hcg91_noise_specaxis.pdf, results/publication/figures/hcg16_global_profile.pdf, results/publication/figures/hcg30_global_profile.pdf, results/publication/figures/hcg31_global_profile.pdf, results/publication/figures/hcg91_global_profile.pdf, results/publication/figures/hcg16_mom0_pbc_large.pdf, results/publication/figures/hcg30_mom0_pbc_large.pdf, results/publication/figures/hcg31_mom0_pbc_large.pdf, results/publication/figures/hcg91_mom0_pbc_large.pdf, results/publication/figures/hcg16_mom0_pbc_zoom.pdf, results/publication/figures/hcg30_mom0_pbc_zoom.pdf, results/publication/figures/hcg31_mom0_pbc_zoom.pdf, results/publication/figures/hcg91_mom0_pbc_zoom.pdf
    output: results/publication/hcg_paper.pdf
    jobid: 0
    reason: Input files updated by another job: results/publication/figures/hcg16_mom0_pbc_zoom.pdf, results/publication/figures/hcg30_mom0_pbc_zoom.pdf, results/publication/figures/hcg16_global_profile.pdf, results/publication/figures/hcg91_mom0_pbc_zoom.pdf, results/publication/figures/hcg91_mom0_pbc_large.pdf, results/publication/figures/hcg31_mom0_pbc_zoom.pdf
    resources: mem_mb=1000, mem_mib=954, disk_mb=1000, disk_mib=954, tmpdir=/data

[Mon Jan 15 15:09:48 2024]
Finished job 0.
6 of 6 steps (100%) done
Complete log: .snakemake/log/2024-01-15T150926.101293.snakemake.log
