Building DAG of jobs...
Using shell: /bin/bash
Provided cores: 24
Rules claiming more threads will be scaled down.
Job stats:
job                    count
-------------------  -------
plot_noise_specaxis        4
tex2pdf_with_bib           1
total                      5

Select jobs to execute...

[Wed Jan 10 22:27:31 2024]
rule plot_noise_specaxis:
    input: results/sofia/hcg91/hcg91_line60_masked.image_vopt_noise.fits, results/publication/figures/hcg91_velocity_ra.pdf
    output: results/publication/figures/hcg91_noise_specaxis.pdf
    jobid: 18
    reason: Missing output files: results/publication/figures/hcg91_noise_specaxis.pdf; Set of input files has changed since last execution
    wildcards: gal_idx=hcg91
    resources: mem_mb=3315, mem_mib=3162, disk_mb=3315, disk_mib=3162, tmpdir=/data


[Wed Jan 10 22:27:32 2024]
rule plot_noise_specaxis:
    input: results/sofia/hcg16/hcg16_line60_masked.image_vopt_noise.fits, results/publication/figures/hcg91_velocity_ra.pdf
    output: results/publication/figures/hcg16_noise_specaxis.pdf
    jobid: 15
    reason: Missing output files: results/publication/figures/hcg16_noise_specaxis.pdf; Set of input files has changed since last execution
    wildcards: gal_idx=hcg16
    resources: mem_mb=1071, mem_mib=1022, disk_mb=1071, disk_mib=1022, tmpdir=/data


[Wed Jan 10 22:27:32 2024]
rule plot_noise_specaxis:
    input: results/sofia/hcg30/hcg30_line60_masked.image_vopt_noise.fits, results/publication/figures/hcg91_velocity_ra.pdf
    output: results/publication/figures/hcg30_noise_specaxis.pdf
    jobid: 16
    reason: Missing output files: results/publication/figures/hcg30_noise_specaxis.pdf; Set of input files has changed since last execution
    wildcards: gal_idx=hcg30
    resources: mem_mb=1205, mem_mib=1150, disk_mb=1205, disk_mib=1150, tmpdir=/data


[Wed Jan 10 22:27:32 2024]
rule plot_noise_specaxis:
    input: results/sofia/hcg31/hcg31_line60_masked.image_vopt_noise.fits, results/publication/figures/hcg91_velocity_ra.pdf
    output: results/publication/figures/hcg31_noise_specaxis.pdf
    jobid: 17
    reason: Missing output files: results/publication/figures/hcg31_noise_specaxis.pdf; Set of input files has changed since last execution
    wildcards: gal_idx=hcg31
    resources: mem_mb=1892, mem_mib=1805, disk_mb=1892, disk_mib=1805, tmpdir=/data

[Wed Jan 10 22:27:43 2024]
Finished job 16.
1 of 5 steps (20%) done
[Wed Jan 10 22:27:43 2024]
Finished job 15.
2 of 5 steps (40%) done
[Wed Jan 10 22:27:45 2024]
Finished job 17.
3 of 5 steps (60%) done
[Wed Jan 10 22:27:49 2024]
Finished job 18.
4 of 5 steps (80%) done
Select jobs to execute...

[Wed Jan 10 22:27:49 2024]
rule tex2pdf_with_bib:
    input: workflow/hcg_paper.tex, results/publication/figures/ngc1622_mom0.pdf, results/publication/figures/ngc1622_snr.pdf, results/publication/figures/ngc1622_mom1.pdf, results/publication/figures/ngc1622_chan.pdf, results/publication/figures/ngc1622_mom2.pdf, results/publication/figures/ngc1622_spec.pdf, results/publication/figures/hcg16_meerkat_gbt_spec.pdf, results/publication/figures/hcg30_meerkat_gbt_spec.pdf, results/publication/figures/hcg31_meerkat_gbt_spec.pdf, results/publication/figures/hcg91_meerkat_gbt_spec.pdf, results/publication/figures/hcgs_meerkat_gbt_flux.pdf, results/publication/figures/hcg16_velocity_ra.pdf, results/publication/figures/hcg30_velocity_ra.pdf, results/publication/figures/hcg31_velocity_ra.pdf, results/publication/figures/hcg91_velocity_ra.pdf, results/publication/figures/hcg16_noise_specaxis.pdf, results/publication/figures/hcg30_noise_specaxis.pdf, results/publication/figures/hcg31_noise_specaxis.pdf, results/publication/figures/hcg91_noise_specaxis.pdf
    output: results/publication/hcg_paper.pdf
    jobid: 0
    reason: Input files updated by another job: results/publication/figures/hcg91_noise_specaxis.pdf, results/publication/figures/hcg30_noise_specaxis.pdf, results/publication/figures/hcg16_noise_specaxis.pdf, results/publication/figures/hcg31_noise_specaxis.pdf
    resources: mem_mb=1000, mem_mib=954, disk_mb=1000, disk_mib=954, tmpdir=/data

[Wed Jan 10 22:27:53 2024]
Finished job 0.
5 of 5 steps (100%) done
Complete log: .snakemake/log/2024-01-10T222731.142191.snakemake.log
