Building DAG of jobs...
Using shell: /bin/bash
Provided cores: 24
Rules claiming more threads will be scaled down.
Job stats:
job                    count
-------------------  -------
plot_global_prof           4
plot_moments               4
plot_noise_specaxis        4
plot_sofia_products        1
plot_velocity_ra           4
tex2pdf_with_bib           1
total                     18

Select jobs to execute...

[Mon Jan 15 15:04:30 2024]
rule plot_sofia_products:
    input: data/hcg30/optical/legacystamps_69.152500_-3.186400_ls-dr10-gfilter.fits, data/hcg30/optical/legacystamps_69.152500_-3.186400_ls-dr10-rfilter.fits, data/hcg30/optical/legacystamps_69.152500_-3.186400_ls-dr10-ifilter.fits, results/sofia_pbc/hcg30/hcg30_line60_masked.pb_corr_vopt_cubelets/hcg30_line60_masked.pb_corr_vopt_1_mom0.fits, results/sofia_pbc/hcg16/hcg16_line60_masked.pb_corr_vopt_cubelets/hcg16_line60_masked.pb_corr_vopt_1_mom0.fits, results/sofia_pbc/hcg30/hcg30_line60_masked.pb_corr_vopt_cubelets/hcg30_line60_masked.pb_corr_vopt_1_mom0.fits, results/sofia_pbc/hcg31/hcg31_line60_masked.pb_corr_vopt_cubelets/hcg31_line60_masked.pb_corr_vopt_1_mom0.fits, results/sofia_pbc/hcg91/hcg91_line60_masked.pb_corr_vopt_cubelets/hcg91_line60_masked.pb_corr_vopt_1_mom0.fits
    output: results/publication/figures/ngc1622_mom0.pdf, results/publication/figures/ngc1622_snr.pdf, results/publication/figures/ngc1622_mom1.pdf, results/publication/figures/ngc1622_chan.pdf, results/publication/figures/ngc1622_mom2.pdf, results/publication/figures/ngc1622_spec.pdf
    jobid: 1
    reason: Missing output files: results/publication/figures/ngc1622_chan.pdf, results/publication/figures/ngc1622_mom1.pdf, results/publication/figures/ngc1622_mom2.pdf, results/publication/figures/ngc1622_snr.pdf, results/publication/figures/ngc1622_mom0.pdf, results/publication/figures/ngc1622_spec.pdf; Updated input files: results/sofia_pbc/hcg31/hcg31_line60_masked.pb_corr_vopt_cubelets/hcg31_line60_masked.pb_corr_vopt_1_mom0.fits
    resources: mem_mb=1000, mem_mib=954, disk_mb=1000, disk_mib=954, tmpdir=/data

[Mon Jan 15 15:05:22 2024]
Finished job 1.
1 of 18 steps (6%) done
Select jobs to execute...

[Mon Jan 15 15:05:22 2024]
rule plot_velocity_ra:
    input: results/data/hcg16/hcg16_line60_masked.image_vopt.fits, results/publication/figures/ngc1622_mom0.pdf, results/publication/figures/ngc1622_snr.pdf, results/publication/figures/ngc1622_mom1.pdf, results/publication/figures/ngc1622_chan.pdf, results/publication/figures/ngc1622_mom2.pdf, results/publication/figures/ngc1622_spec.pdf
    output: results/publication/figures/hcg16_velocity_ra.pdf
    jobid: 11
    reason: Input files updated by another job: results/publication/figures/ngc1622_chan.pdf, results/publication/figures/ngc1622_mom1.pdf, results/publication/figures/ngc1622_mom2.pdf, results/publication/figures/ngc1622_mom0.pdf, results/publication/figures/ngc1622_snr.pdf, results/publication/figures/ngc1622_spec.pdf
    wildcards: gal_idx=hcg16
    resources: mem_mb=1097, mem_mib=1047, disk_mb=1097, disk_mib=1047, tmpdir=/data


[Mon Jan 15 15:05:22 2024]
rule plot_velocity_ra:
    input: results/data/hcg30/hcg30_line60_masked.image_vopt.fits, results/publication/figures/ngc1622_mom0.pdf, results/publication/figures/ngc1622_snr.pdf, results/publication/figures/ngc1622_mom1.pdf, results/publication/figures/ngc1622_chan.pdf, results/publication/figures/ngc1622_mom2.pdf, results/publication/figures/ngc1622_spec.pdf
    output: results/publication/figures/hcg30_velocity_ra.pdf
    jobid: 12
    reason: Input files updated by another job: results/publication/figures/ngc1622_chan.pdf, results/publication/figures/ngc1622_mom1.pdf, results/publication/figures/ngc1622_mom2.pdf, results/publication/figures/ngc1622_mom0.pdf, results/publication/figures/ngc1622_snr.pdf, results/publication/figures/ngc1622_spec.pdf
    wildcards: gal_idx=hcg30
    resources: mem_mb=1232, mem_mib=1175, disk_mb=1232, disk_mib=1175, tmpdir=/data


[Mon Jan 15 15:05:22 2024]
rule plot_velocity_ra:
    input: results/data/hcg31/hcg31_line60_masked.image_vopt.fits, results/publication/figures/ngc1622_mom0.pdf, results/publication/figures/ngc1622_snr.pdf, results/publication/figures/ngc1622_mom1.pdf, results/publication/figures/ngc1622_chan.pdf, results/publication/figures/ngc1622_mom2.pdf, results/publication/figures/ngc1622_spec.pdf
    output: results/publication/figures/hcg31_velocity_ra.pdf
    jobid: 13
    reason: Input files updated by another job: results/publication/figures/ngc1622_chan.pdf, results/publication/figures/ngc1622_mom1.pdf, results/publication/figures/ngc1622_mom2.pdf, results/publication/figures/ngc1622_mom0.pdf, results/publication/figures/ngc1622_snr.pdf, results/publication/figures/ngc1622_spec.pdf
    wildcards: gal_idx=hcg31
    resources: mem_mb=1918, mem_mib=1830, disk_mb=1918, disk_mib=1830, tmpdir=/data


[Mon Jan 15 15:05:22 2024]
rule plot_velocity_ra:
    input: results/data/hcg91/hcg91_line60_masked.image_vopt.fits, results/publication/figures/ngc1622_mom0.pdf, results/publication/figures/ngc1622_snr.pdf, results/publication/figures/ngc1622_mom1.pdf, results/publication/figures/ngc1622_chan.pdf, results/publication/figures/ngc1622_mom2.pdf, results/publication/figures/ngc1622_spec.pdf
    output: results/publication/figures/hcg91_velocity_ra.pdf
    jobid: 14
    reason: Input files updated by another job: results/publication/figures/ngc1622_chan.pdf, results/publication/figures/ngc1622_mom1.pdf, results/publication/figures/ngc1622_mom2.pdf, results/publication/figures/ngc1622_mom0.pdf, results/publication/figures/ngc1622_snr.pdf, results/publication/figures/ngc1622_spec.pdf
    wildcards: gal_idx=hcg91
    resources: mem_mb=3341, mem_mib=3187, disk_mb=3341, disk_mib=3187, tmpdir=/data

[Mon Jan 15 15:05:44 2024]
Finished job 13.
2 of 18 steps (11%) done
[Mon Jan 15 15:05:45 2024]
Finished job 11.
3 of 18 steps (17%) done
[Mon Jan 15 15:05:46 2024]
Finished job 12.
4 of 18 steps (22%) done
[Mon Jan 15 15:06:16 2024]
Finished job 14.
5 of 18 steps (28%) done
Select jobs to execute...

[Mon Jan 15 15:06:16 2024]
rule plot_noise_specaxis:
    input: results/sofia/hcg91/hcg91_line60_masked.image_vopt_noise.fits, results/publication/figures/hcg91_velocity_ra.pdf
    output: results/publication/figures/hcg91_noise_specaxis.pdf
    jobid: 18
    reason: Input files updated by another job: results/publication/figures/hcg91_velocity_ra.pdf
    wildcards: gal_idx=hcg91
    resources: mem_mb=3315, mem_mib=3162, disk_mb=3315, disk_mib=3162, tmpdir=/data


[Mon Jan 15 15:06:16 2024]
rule plot_noise_specaxis:
    input: results/sofia/hcg16/hcg16_line60_masked.image_vopt_noise.fits, results/publication/figures/hcg91_velocity_ra.pdf
    output: results/publication/figures/hcg16_noise_specaxis.pdf
    jobid: 15
    reason: Input files updated by another job: results/publication/figures/hcg91_velocity_ra.pdf
    wildcards: gal_idx=hcg16
    resources: mem_mb=1071, mem_mib=1022, disk_mb=1071, disk_mib=1022, tmpdir=/data


[Mon Jan 15 15:06:16 2024]
rule plot_noise_specaxis:
    input: results/sofia/hcg30/hcg30_line60_masked.image_vopt_noise.fits, results/publication/figures/hcg91_velocity_ra.pdf
    output: results/publication/figures/hcg30_noise_specaxis.pdf
    jobid: 16
    reason: Input files updated by another job: results/publication/figures/hcg91_velocity_ra.pdf
    wildcards: gal_idx=hcg30
    resources: mem_mb=1205, mem_mib=1150, disk_mb=1205, disk_mib=1150, tmpdir=/data


[Mon Jan 15 15:06:16 2024]
rule plot_noise_specaxis:
    input: results/sofia/hcg31/hcg31_line60_masked.image_vopt_noise.fits, results/publication/figures/hcg91_velocity_ra.pdf
    output: results/publication/figures/hcg31_noise_specaxis.pdf
    jobid: 17
    reason: Input files updated by another job: results/publication/figures/hcg91_velocity_ra.pdf
    wildcards: gal_idx=hcg31
    resources: mem_mb=1892, mem_mib=1805, disk_mb=1892, disk_mib=1805, tmpdir=/data

[Mon Jan 15 15:06:29 2024]
Finished job 15.
6 of 18 steps (33%) done
[Mon Jan 15 15:06:29 2024]
Finished job 16.
7 of 18 steps (39%) done
[Mon Jan 15 15:06:31 2024]
Finished job 17.
8 of 18 steps (44%) done
[Mon Jan 15 15:06:46 2024]
Finished job 18.
9 of 18 steps (50%) done
Select jobs to execute...

[Mon Jan 15 15:06:46 2024]
rule plot_moments:
    input: results/sofia_pbc/hcg91/hcg91_line60_masked.pb_corr_vopt_mom0.fits, results/publication/figures/ngc1622_mom0.pdf, results/publication/figures/ngc1622_snr.pdf, results/publication/figures/ngc1622_mom1.pdf, results/publication/figures/ngc1622_chan.pdf, results/publication/figures/ngc1622_mom2.pdf, results/publication/figures/ngc1622_spec.pdf, results/publication/figures/hcg16_meerkat_gbt_spec.pdf, results/publication/figures/hcg30_meerkat_gbt_spec.pdf, results/publication/figures/hcg31_meerkat_gbt_spec.pdf, results/publication/figures/hcg91_meerkat_gbt_spec.pdf, results/publication/figures/hcgs_meerkat_gbt_flux.pdf, results/publication/figures/hcg16_velocity_ra.pdf, results/publication/figures/hcg30_velocity_ra.pdf, results/publication/figures/hcg31_velocity_ra.pdf, results/publication/figures/hcg91_velocity_ra.pdf, results/publication/figures/hcg16_noise_specaxis.pdf, results/publication/figures/hcg30_noise_specaxis.pdf, results/publication/figures/hcg31_noise_specaxis.pdf, results/publication/figures/hcg91_noise_specaxis.pdf, results/publication/figures/hcg16_global_profile.pdf, results/publication/figures/hcg30_global_profile.pdf, results/publication/figures/hcg31_global_profile.pdf, results/publication/figures/hcg91_global_profile.pdf
    output: results/publication/figures/hcg91_mom0_pbc_large.pdf, results/publication/figures/hcg91_mom0_pbc_zoom.pdf
    jobid: 26
    reason: Input files updated by another job: results/publication/figures/ngc1622_chan.pdf, results/publication/figures/ngc1622_mom1.pdf, results/publication/figures/ngc1622_mom2.pdf, results/publication/figures/hcg91_noise_specaxis.pdf, results/publication/figures/ngc1622_snr.pdf, results/publication/figures/hcg30_noise_specaxis.pdf, results/publication/figures/hcg16_velocity_ra.pdf, results/publication/figures/hcg31_velocity_ra.pdf, results/publication/figures/hcg16_noise_specaxis.pdf, results/publication/figures/ngc1622_mom0.pdf, results/publication/figures/hcg30_velocity_ra.pdf, results/publication/figures/ngc1622_spec.pdf, results/publication/figures/hcg91_velocity_ra.pdf, results/publication/figures/hcg31_noise_specaxis.pdf
    wildcards: gal_idx=hcg91
    resources: mem_mb=1000, mem_mib=954, disk_mb=1000, disk_mib=954, tmpdir=/data

[Mon Jan 15 15:06:53 2024]
Finished job 26.
10 of 18 steps (56%) done
Select jobs to execute...

[Mon Jan 15 15:06:53 2024]
rule plot_global_prof:
    input: results/data/hcg91/hcg91_line60_masked.pb_corr_vopt.fits, data/hcg91/vla_data/hcg91_spec.txt, results/sofia_pbc/hcg91/hcg91_line60_masked.pb_corr_vopt_mask.fits, results/publication/figures/ngc1622_mom0.pdf, results/publication/figures/ngc1622_snr.pdf, results/publication/figures/ngc1622_mom1.pdf, results/publication/figures/ngc1622_chan.pdf, results/publication/figures/ngc1622_mom2.pdf, results/publication/figures/ngc1622_spec.pdf, results/publication/figures/hcg16_meerkat_gbt_spec.pdf, results/publication/figures/hcg30_meerkat_gbt_spec.pdf, results/publication/figures/hcg31_meerkat_gbt_spec.pdf, results/publication/figures/hcg91_meerkat_gbt_spec.pdf, results/publication/figures/hcgs_meerkat_gbt_flux.pdf, results/publication/figures/hcg16_velocity_ra.pdf, results/publication/figures/hcg30_velocity_ra.pdf, results/publication/figures/hcg31_velocity_ra.pdf, results/publication/figures/hcg91_velocity_ra.pdf, results/publication/figures/hcg16_noise_specaxis.pdf, results/publication/figures/hcg30_noise_specaxis.pdf, results/publication/figures/hcg31_noise_specaxis.pdf, results/publication/figures/hcg91_noise_specaxis.pdf, results/publication/figures/hcg16_mom0_pbc_large.pdf, results/publication/figures/hcg30_mom0_pbc_large.pdf, results/publication/figures/hcg31_mom0_pbc_large.pdf, results/publication/figures/hcg91_mom0_pbc_large.pdf, results/publication/figures/hcg16_mom0_pbc_zoom.pdf, results/publication/figures/hcg30_mom0_pbc_zoom.pdf, results/publication/figures/hcg31_mom0_pbc_zoom.pdf, results/publication/figures/hcg91_mom0_pbc_zoom.pdf
    output: results/publication/figures/hcg91_global_profile.pdf
    jobid: 25
    reason: Input files updated by another job: results/publication/figures/hcg91_mom0_pbc_large.pdf, results/publication/figures/hcg91_mom0_pbc_zoom.pdf, results/publication/figures/ngc1622_chan.pdf, results/publication/figures/ngc1622_mom1.pdf, results/publication/figures/ngc1622_mom2.pdf, results/publication/figures/hcg91_noise_specaxis.pdf, results/publication/figures/ngc1622_snr.pdf, results/publication/figures/hcg30_noise_specaxis.pdf, results/publication/figures/hcg16_velocity_ra.pdf, results/publication/figures/hcg31_velocity_ra.pdf, results/publication/figures/hcg16_noise_specaxis.pdf, results/publication/figures/ngc1622_mom0.pdf, results/publication/figures/hcg30_velocity_ra.pdf, results/publication/figures/ngc1622_spec.pdf, results/publication/figures/hcg91_velocity_ra.pdf, results/publication/figures/hcg31_noise_specaxis.pdf
    wildcards: gal_idx=hcg91
    resources: mem_mb=6660, mem_mib=6352, disk_mb=6660, disk_mib=6352, tmpdir=/data

[Mon Jan 15 15:07:46 2024]
Finished job 25.
11 of 18 steps (61%) done
Select jobs to execute...

[Mon Jan 15 15:07:46 2024]
rule plot_moments:
    input: results/sofia_pbc/hcg31/hcg31_line60_masked.pb_corr_vopt_mom0.fits, results/publication/figures/ngc1622_mom0.pdf, results/publication/figures/ngc1622_snr.pdf, results/publication/figures/ngc1622_mom1.pdf, results/publication/figures/ngc1622_chan.pdf, results/publication/figures/ngc1622_mom2.pdf, results/publication/figures/ngc1622_spec.pdf, results/publication/figures/hcg16_meerkat_gbt_spec.pdf, results/publication/figures/hcg30_meerkat_gbt_spec.pdf, results/publication/figures/hcg31_meerkat_gbt_spec.pdf, results/publication/figures/hcg91_meerkat_gbt_spec.pdf, results/publication/figures/hcgs_meerkat_gbt_flux.pdf, results/publication/figures/hcg16_velocity_ra.pdf, results/publication/figures/hcg30_velocity_ra.pdf, results/publication/figures/hcg31_velocity_ra.pdf, results/publication/figures/hcg91_velocity_ra.pdf, results/publication/figures/hcg16_noise_specaxis.pdf, results/publication/figures/hcg30_noise_specaxis.pdf, results/publication/figures/hcg31_noise_specaxis.pdf, results/publication/figures/hcg91_noise_specaxis.pdf, results/publication/figures/hcg16_global_profile.pdf, results/publication/figures/hcg30_global_profile.pdf, results/publication/figures/hcg31_global_profile.pdf, results/publication/figures/hcg91_global_profile.pdf
    output: results/publication/figures/hcg31_mom0_pbc_large.pdf, results/publication/figures/hcg31_mom0_pbc_zoom.pdf
    jobid: 24
    reason: Input files updated by another job: results/publication/figures/ngc1622_chan.pdf, results/publication/figures/ngc1622_mom1.pdf, results/publication/figures/ngc1622_mom2.pdf, results/publication/figures/hcg91_noise_specaxis.pdf, results/publication/figures/ngc1622_snr.pdf, results/publication/figures/hcg30_noise_specaxis.pdf, results/publication/figures/hcg16_velocity_ra.pdf, results/publication/figures/hcg31_velocity_ra.pdf, results/publication/figures/hcg16_noise_specaxis.pdf, results/publication/figures/hcg91_global_profile.pdf, results/publication/figures/ngc1622_mom0.pdf, results/publication/figures/hcg30_velocity_ra.pdf, results/publication/figures/ngc1622_spec.pdf, results/publication/figures/hcg91_velocity_ra.pdf, results/publication/figures/hcg31_noise_specaxis.pdf
    wildcards: gal_idx=hcg31
    resources: mem_mb=1000, mem_mib=954, disk_mb=1000, disk_mib=954, tmpdir=/data

[Mon Jan 15 15:07:53 2024]
Finished job 24.
12 of 18 steps (67%) done
Select jobs to execute...

[Mon Jan 15 15:07:53 2024]
rule plot_global_prof:
    input: results/data/hcg31/hcg31_line60_masked.pb_corr_vopt.fits, data/hcg31/vla_data/hcg31_spec.txt, results/sofia_pbc/hcg31/hcg31_line60_masked.pb_corr_vopt_mask.fits, results/publication/figures/ngc1622_mom0.pdf, results/publication/figures/ngc1622_snr.pdf, results/publication/figures/ngc1622_mom1.pdf, results/publication/figures/ngc1622_chan.pdf, results/publication/figures/ngc1622_mom2.pdf, results/publication/figures/ngc1622_spec.pdf, results/publication/figures/hcg16_meerkat_gbt_spec.pdf, results/publication/figures/hcg30_meerkat_gbt_spec.pdf, results/publication/figures/hcg31_meerkat_gbt_spec.pdf, results/publication/figures/hcg91_meerkat_gbt_spec.pdf, results/publication/figures/hcgs_meerkat_gbt_flux.pdf, results/publication/figures/hcg16_velocity_ra.pdf, results/publication/figures/hcg30_velocity_ra.pdf, results/publication/figures/hcg31_velocity_ra.pdf, results/publication/figures/hcg91_velocity_ra.pdf, results/publication/figures/hcg16_noise_specaxis.pdf, results/publication/figures/hcg30_noise_specaxis.pdf, results/publication/figures/hcg31_noise_specaxis.pdf, results/publication/figures/hcg91_noise_specaxis.pdf, results/publication/figures/hcg16_mom0_pbc_large.pdf, results/publication/figures/hcg30_mom0_pbc_large.pdf, results/publication/figures/hcg31_mom0_pbc_large.pdf, results/publication/figures/hcg91_mom0_pbc_large.pdf, results/publication/figures/hcg16_mom0_pbc_zoom.pdf, results/publication/figures/hcg30_mom0_pbc_zoom.pdf, results/publication/figures/hcg31_mom0_pbc_zoom.pdf, results/publication/figures/hcg91_mom0_pbc_zoom.pdf
    output: results/publication/figures/hcg31_global_profile.pdf
    jobid: 23
    reason: Input files updated by another job: results/publication/figures/hcg91_mom0_pbc_large.pdf, results/publication/figures/hcg91_mom0_pbc_zoom.pdf, results/publication/figures/ngc1622_chan.pdf, results/publication/figures/ngc1622_mom1.pdf, results/publication/figures/ngc1622_mom2.pdf, results/publication/figures/hcg31_mom0_pbc_large.pdf, results/publication/figures/ngc1622_snr.pdf, results/publication/figures/hcg30_noise_specaxis.pdf, results/publication/figures/hcg91_noise_specaxis.pdf, results/publication/figures/hcg16_velocity_ra.pdf, results/publication/figures/hcg31_velocity_ra.pdf, results/publication/figures/hcg16_noise_specaxis.pdf, results/publication/figures/ngc1622_mom0.pdf, results/publication/figures/hcg30_velocity_ra.pdf, results/publication/figures/ngc1622_spec.pdf, results/publication/figures/hcg91_velocity_ra.pdf, results/publication/figures/hcg31_noise_specaxis.pdf
    wildcards: gal_idx=hcg31
    resources: mem_mb=3814, mem_mib=3638, disk_mb=3814, disk_mib=3638, tmpdir=/data

[Mon Jan 15 15:08:07 2024]
Finished job 23.
13 of 18 steps (72%) done
Select jobs to execute...

[Mon Jan 15 15:08:07 2024]
rule plot_moments:
    input: results/sofia_pbc/hcg30/hcg30_line60_masked.pb_corr_vopt_mom0.fits, results/publication/figures/ngc1622_mom0.pdf, results/publication/figures/ngc1622_snr.pdf, results/publication/figures/ngc1622_mom1.pdf, results/publication/figures/ngc1622_chan.pdf, results/publication/figures/ngc1622_mom2.pdf, results/publication/figures/ngc1622_spec.pdf, results/publication/figures/hcg16_meerkat_gbt_spec.pdf, results/publication/figures/hcg30_meerkat_gbt_spec.pdf, results/publication/figures/hcg31_meerkat_gbt_spec.pdf, results/publication/figures/hcg91_meerkat_gbt_spec.pdf, results/publication/figures/hcgs_meerkat_gbt_flux.pdf, results/publication/figures/hcg16_velocity_ra.pdf, results/publication/figures/hcg30_velocity_ra.pdf, results/publication/figures/hcg31_velocity_ra.pdf, results/publication/figures/hcg91_velocity_ra.pdf, results/publication/figures/hcg16_noise_specaxis.pdf, results/publication/figures/hcg30_noise_specaxis.pdf, results/publication/figures/hcg31_noise_specaxis.pdf, results/publication/figures/hcg91_noise_specaxis.pdf, results/publication/figures/hcg16_global_profile.pdf, results/publication/figures/hcg30_global_profile.pdf, results/publication/figures/hcg31_global_profile.pdf, results/publication/figures/hcg91_global_profile.pdf
    output: results/publication/figures/hcg30_mom0_pbc_large.pdf, results/publication/figures/hcg30_mom0_pbc_zoom.pdf
    jobid: 22
    reason: Input files updated by another job: results/publication/figures/ngc1622_chan.pdf, results/publication/figures/ngc1622_mom1.pdf, results/publication/figures/ngc1622_mom2.pdf, results/publication/figures/hcg91_noise_specaxis.pdf, results/publication/figures/ngc1622_snr.pdf, results/publication/figures/hcg30_noise_specaxis.pdf, results/publication/figures/hcg16_velocity_ra.pdf, results/publication/figures/hcg31_global_profile.pdf, results/publication/figures/hcg31_velocity_ra.pdf, results/publication/figures/hcg16_noise_specaxis.pdf, results/publication/figures/ngc1622_mom0.pdf, results/publication/figures/hcg30_velocity_ra.pdf, results/publication/figures/ngc1622_spec.pdf, results/publication/figures/hcg91_velocity_ra.pdf, results/publication/figures/hcg31_noise_specaxis.pdf
    wildcards: gal_idx=hcg30
    resources: mem_mb=1000, mem_mib=954, disk_mb=1000, disk_mib=954, tmpdir=/data

[Mon Jan 15 15:08:13 2024]
Finished job 22.
14 of 18 steps (78%) done
Select jobs to execute...

[Mon Jan 15 15:08:13 2024]
rule plot_global_prof:
    input: results/data/hcg30/hcg30_line60_masked.pb_corr_vopt.fits, data/hcg30/vla_data/hcg30_spec.txt, results/sofia_pbc/hcg30/hcg30_line60_masked.pb_corr_vopt_mask.fits, results/publication/figures/ngc1622_mom0.pdf, results/publication/figures/ngc1622_snr.pdf, results/publication/figures/ngc1622_mom1.pdf, results/publication/figures/ngc1622_chan.pdf, results/publication/figures/ngc1622_mom2.pdf, results/publication/figures/ngc1622_spec.pdf, results/publication/figures/hcg16_meerkat_gbt_spec.pdf, results/publication/figures/hcg30_meerkat_gbt_spec.pdf, results/publication/figures/hcg31_meerkat_gbt_spec.pdf, results/publication/figures/hcg91_meerkat_gbt_spec.pdf, results/publication/figures/hcgs_meerkat_gbt_flux.pdf, results/publication/figures/hcg16_velocity_ra.pdf, results/publication/figures/hcg30_velocity_ra.pdf, results/publication/figures/hcg31_velocity_ra.pdf, results/publication/figures/hcg91_velocity_ra.pdf, results/publication/figures/hcg16_noise_specaxis.pdf, results/publication/figures/hcg30_noise_specaxis.pdf, results/publication/figures/hcg31_noise_specaxis.pdf, results/publication/figures/hcg91_noise_specaxis.pdf, results/publication/figures/hcg16_mom0_pbc_large.pdf, results/publication/figures/hcg30_mom0_pbc_large.pdf, results/publication/figures/hcg31_mom0_pbc_large.pdf, results/publication/figures/hcg91_mom0_pbc_large.pdf, results/publication/figures/hcg16_mom0_pbc_zoom.pdf, results/publication/figures/hcg30_mom0_pbc_zoom.pdf, results/publication/figures/hcg31_mom0_pbc_zoom.pdf, results/publication/figures/hcg91_mom0_pbc_zoom.pdf
    output: results/publication/figures/hcg30_global_profile.pdf
    jobid: 21
    reason: Input files updated by another job: results/publication/figures/hcg91_mom0_pbc_large.pdf, results/publication/figures/hcg91_mom0_pbc_zoom.pdf, results/publication/figures/ngc1622_chan.pdf, results/publication/figures/ngc1622_mom1.pdf, results/publication/figures/ngc1622_mom2.pdf, results/publication/figures/hcg91_noise_specaxis.pdf, results/publication/figures/ngc1622_snr.pdf, results/publication/figures/hcg30_mom0_pbc_large.pdf, results/publication/figures/hcg30_noise_specaxis.pdf, results/publication/figures/hcg16_velocity_ra.pdf, results/publication/figures/hcg31_velocity_ra.pdf, results/publication/figures/hcg16_noise_specaxis.pdf, results/publication/figures/ngc1622_mom0.pdf, results/publication/figures/hcg30_velocity_ra.pdf, results/publication/figures/ngc1622_spec.pdf, results/publication/figures/hcg91_velocity_ra.pdf, results/publication/figures/hcg31_noise_specaxis.pdf
    wildcards: gal_idx=hcg30
    resources: mem_mb=2441, mem_mib=2328, disk_mb=2441, disk_mib=2328, tmpdir=/data

[Mon Jan 15 15:08:33 2024]
Finished job 21.
15 of 18 steps (83%) done
Select jobs to execute...

[Mon Jan 15 15:08:33 2024]
rule plot_moments:
    input: results/sofia_pbc/hcg16/hcg16_line60_masked.pb_corr_vopt_mom0.fits, results/publication/figures/ngc1622_mom0.pdf, results/publication/figures/ngc1622_snr.pdf, results/publication/figures/ngc1622_mom1.pdf, results/publication/figures/ngc1622_chan.pdf, results/publication/figures/ngc1622_mom2.pdf, results/publication/figures/ngc1622_spec.pdf, results/publication/figures/hcg16_meerkat_gbt_spec.pdf, results/publication/figures/hcg30_meerkat_gbt_spec.pdf, results/publication/figures/hcg31_meerkat_gbt_spec.pdf, results/publication/figures/hcg91_meerkat_gbt_spec.pdf, results/publication/figures/hcgs_meerkat_gbt_flux.pdf, results/publication/figures/hcg16_velocity_ra.pdf, results/publication/figures/hcg30_velocity_ra.pdf, results/publication/figures/hcg31_velocity_ra.pdf, results/publication/figures/hcg91_velocity_ra.pdf, results/publication/figures/hcg16_noise_specaxis.pdf, results/publication/figures/hcg30_noise_specaxis.pdf, results/publication/figures/hcg31_noise_specaxis.pdf, results/publication/figures/hcg91_noise_specaxis.pdf, results/publication/figures/hcg16_global_profile.pdf, results/publication/figures/hcg30_global_profile.pdf, results/publication/figures/hcg31_global_profile.pdf, results/publication/figures/hcg91_global_profile.pdf
    output: results/publication/figures/hcg16_mom0_pbc_large.pdf, results/publication/figures/hcg16_mom0_pbc_zoom.pdf
    jobid: 20
    reason: Input files updated by another job: results/publication/figures/ngc1622_chan.pdf, results/publication/figures/ngc1622_mom1.pdf, results/publication/figures/ngc1622_mom2.pdf, results/publication/figures/hcg91_noise_specaxis.pdf, results/publication/figures/ngc1622_snr.pdf, results/publication/figures/hcg30_noise_specaxis.pdf, results/publication/figures/hcg30_global_profile.pdf, results/publication/figures/hcg16_velocity_ra.pdf, results/publication/figures/hcg31_velocity_ra.pdf, results/publication/figures/hcg16_noise_specaxis.pdf, results/publication/figures/ngc1622_mom0.pdf, results/publication/figures/hcg30_velocity_ra.pdf, results/publication/figures/ngc1622_spec.pdf, results/publication/figures/hcg91_velocity_ra.pdf, results/publication/figures/hcg31_noise_specaxis.pdf
    wildcards: gal_idx=hcg16
    resources: mem_mb=1000, mem_mib=954, disk_mb=1000, disk_mib=954, tmpdir=/data

[Mon Jan 15 15:08:40 2024]
Finished job 20.
16 of 18 steps (89%) done
Select jobs to execute...

[Mon Jan 15 15:08:40 2024]
rule plot_global_prof:
    input: results/data/hcg16/hcg16_line60_masked.pb_corr_vopt.fits, data/hcg16/vla_data/hcg16_spec.txt, results/sofia_pbc/hcg16/hcg16_line60_masked.pb_corr_vopt_mask.fits, results/publication/figures/ngc1622_mom0.pdf, results/publication/figures/ngc1622_snr.pdf, results/publication/figures/ngc1622_mom1.pdf, results/publication/figures/ngc1622_chan.pdf, results/publication/figures/ngc1622_mom2.pdf, results/publication/figures/ngc1622_spec.pdf, results/publication/figures/hcg16_meerkat_gbt_spec.pdf, results/publication/figures/hcg30_meerkat_gbt_spec.pdf, results/publication/figures/hcg31_meerkat_gbt_spec.pdf, results/publication/figures/hcg91_meerkat_gbt_spec.pdf, results/publication/figures/hcgs_meerkat_gbt_flux.pdf, results/publication/figures/hcg16_velocity_ra.pdf, results/publication/figures/hcg30_velocity_ra.pdf, results/publication/figures/hcg31_velocity_ra.pdf, results/publication/figures/hcg91_velocity_ra.pdf, results/publication/figures/hcg16_noise_specaxis.pdf, results/publication/figures/hcg30_noise_specaxis.pdf, results/publication/figures/hcg31_noise_specaxis.pdf, results/publication/figures/hcg91_noise_specaxis.pdf, results/publication/figures/hcg16_mom0_pbc_large.pdf, results/publication/figures/hcg30_mom0_pbc_large.pdf, results/publication/figures/hcg31_mom0_pbc_large.pdf, results/publication/figures/hcg91_mom0_pbc_large.pdf, results/publication/figures/hcg16_mom0_pbc_zoom.pdf, results/publication/figures/hcg30_mom0_pbc_zoom.pdf, results/publication/figures/hcg31_mom0_pbc_zoom.pdf, results/publication/figures/hcg91_mom0_pbc_zoom.pdf
    output: results/publication/figures/hcg16_global_profile.pdf
    jobid: 19
    reason: Input files updated by another job: results/publication/figures/hcg91_mom0_pbc_large.pdf, results/publication/figures/hcg91_mom0_pbc_zoom.pdf, results/publication/figures/ngc1622_chan.pdf, results/publication/figures/ngc1622_mom1.pdf, results/publication/figures/ngc1622_mom2.pdf, results/publication/figures/hcg91_noise_specaxis.pdf, results/publication/figures/ngc1622_snr.pdf, results/publication/figures/hcg30_noise_specaxis.pdf, results/publication/figures/hcg16_mom0_pbc_large.pdf, results/publication/figures/hcg16_velocity_ra.pdf, results/publication/figures/hcg31_velocity_ra.pdf, results/publication/figures/hcg16_noise_specaxis.pdf, results/publication/figures/ngc1622_mom0.pdf, results/publication/figures/hcg30_velocity_ra.pdf, results/publication/figures/ngc1622_spec.pdf, results/publication/figures/hcg91_velocity_ra.pdf, results/publication/figures/hcg31_noise_specaxis.pdf
    wildcards: gal_idx=hcg16
    resources: mem_mb=2172, mem_mib=2072, disk_mb=2172, disk_mib=2072, tmpdir=/data

[Mon Jan 15 15:08:59 2024]
Finished job 19.
17 of 18 steps (94%) done
Select jobs to execute...

[Mon Jan 15 15:08:59 2024]
rule tex2pdf_with_bib:
    input: workflow/hcg_paper.tex, results/publication/figures/ngc1622_mom0.pdf, results/publication/figures/ngc1622_snr.pdf, results/publication/figures/ngc1622_mom1.pdf, results/publication/figures/ngc1622_chan.pdf, results/publication/figures/ngc1622_mom2.pdf, results/publication/figures/ngc1622_spec.pdf, results/publication/figures/hcg16_meerkat_gbt_spec.pdf, results/publication/figures/hcg30_meerkat_gbt_spec.pdf, results/publication/figures/hcg31_meerkat_gbt_spec.pdf, results/publication/figures/hcg91_meerkat_gbt_spec.pdf, results/publication/figures/hcgs_meerkat_gbt_flux.pdf, results/publication/figures/hcg16_velocity_ra.pdf, results/publication/figures/hcg30_velocity_ra.pdf, results/publication/figures/hcg31_velocity_ra.pdf, results/publication/figures/hcg91_velocity_ra.pdf, results/publication/figures/hcg16_noise_specaxis.pdf, results/publication/figures/hcg30_noise_specaxis.pdf, results/publication/figures/hcg31_noise_specaxis.pdf, results/publication/figures/hcg91_noise_specaxis.pdf, results/publication/figures/hcg16_global_profile.pdf, results/publication/figures/hcg30_global_profile.pdf, results/publication/figures/hcg31_global_profile.pdf, results/publication/figures/hcg91_global_profile.pdf, results/publication/figures/hcg16_mom0_pbc_large.pdf, results/publication/figures/hcg30_mom0_pbc_large.pdf, results/publication/figures/hcg31_mom0_pbc_large.pdf, results/publication/figures/hcg91_mom0_pbc_large.pdf, results/publication/figures/hcg16_mom0_pbc_zoom.pdf, results/publication/figures/hcg30_mom0_pbc_zoom.pdf, results/publication/figures/hcg31_mom0_pbc_zoom.pdf, results/publication/figures/hcg91_mom0_pbc_zoom.pdf
    output: results/publication/hcg_paper.pdf
    jobid: 0
    reason: Input files updated by another job: results/publication/figures/hcg91_mom0_pbc_large.pdf, results/publication/figures/hcg91_mom0_pbc_zoom.pdf, results/publication/figures/ngc1622_chan.pdf, results/publication/figures/ngc1622_mom1.pdf, results/publication/figures/ngc1622_mom2.pdf, results/publication/figures/hcg91_noise_specaxis.pdf, results/publication/figures/ngc1622_snr.pdf, results/publication/figures/hcg30_noise_specaxis.pdf, results/publication/figures/hcg16_velocity_ra.pdf, results/publication/figures/hcg31_velocity_ra.pdf, results/publication/figures/hcg16_noise_specaxis.pdf, results/publication/figures/ngc1622_mom0.pdf, results/publication/figures/hcg30_velocity_ra.pdf, results/publication/figures/hcg16_global_profile.pdf, results/publication/figures/ngc1622_spec.pdf, results/publication/figures/hcg91_velocity_ra.pdf, results/publication/figures/hcg31_noise_specaxis.pdf
    resources: mem_mb=1000, mem_mib=954, disk_mb=1000, disk_mib=954, tmpdir=/data

[Mon Jan 15 15:09:04 2024]
Finished job 0.
18 of 18 steps (100%) done
Complete log: .snakemake/log/2024-01-15T150429.618673.snakemake.log
