Building DAG of jobs...
Using shell: /bin/bash
Provided cores: 24
Rules claiming more threads will be scaled down.
Job stats:
job                         count
------------------------  -------
plot_gbt_meerkat_spectra        6
plot_gbt_vs_meerkat_flux        1
plot_sofia_products             1
run_sofia                       6
tex2pdf_with_bib                1
total                          15

Resources before job selection: {'_cores': 24, '_nodes': 9223372036854775807}
Ready jobs (6)
Select jobs to execute...
Selected jobs (6)
Resources after job selection: {'_cores': 18, '_nodes': 9223372036854775801}

[Fri Oct 25 15:14:04 2024]
rule run_sofia:
    input: data/hcg16/hcg16_line60_masked.image.fits, config/sofia/hcg16_sofia.par, data/hcg16/hcg16_line60_masked.pb_corr.fits, data/hcg16/hcg16_line60_masked.pb.fits, config/sofia_pbc/hcg16_sofia.par
    output: outputs/sofia/hcg16/hcg16_sofia_updated_vopt_central.par, outputs/sofia/hcg16/hcg16_line60_masked.image_vopt_cat.txt, outputs/sofia/hcg16/hcg16_line60_masked.image_vopt_noise.fits, outputs/sofia/hcg16/hcg16_line60_masked.image_vopt_cubelets/hcg16_line60_masked.image_vopt_1_mom0.fits, outputs/sofia_pbc/hcg16/hcg16_sofia_updated_vopt_central.par, outputs/sofia_pbc/hcg16/hcg16_line60_masked.pb_corr_vopt_cat.txt, outputs/sofia_pbc/hcg16/hcg16_line60_masked.pb_corr_vopt_mask.fits, outputs/sofia_pbc/hcg16/hcg16_line60_masked.pb_corr_vopt_mom1.fits, outputs/sofia_pbc/hcg16/hcg16_line60_masked.pb_corr_vopt_mom0.fits, outputs/sofia_pbc/hcg16/hcg16_line60_masked.pb_corr_vopt_noise.fits, outputs/data/hcg16/hcg16_line60_masked.image_vopt.fits, outputs/data/hcg16/hcg16_line60_masked.pb_corr_vopt.fits, outputs/sofia_pbc/hcg16/hcg16_line60_masked.pb_corr_vopt_cubelets/hcg16_line60_masked.pb_corr_vopt_1_mom0.fits
    log: outputs/sofia/logs/hcg16/hcg16.log
    jobid: 1
    reason: Missing output files: outputs/sofia_pbc/hcg16/hcg16_line60_masked.pb_corr_vopt_mask.fits, outputs/sofia_pbc/hcg16/hcg16_line60_masked.pb_corr_vopt_noise.fits, outputs/sofia/hcg16/hcg16_line60_masked.image_vopt_cat.txt, outputs/sofia_pbc/hcg16/hcg16_sofia_updated_vopt_central.par, outputs/sofia_pbc/hcg16/hcg16_line60_masked.pb_corr_vopt_cat.txt, outputs/sofia/hcg16/hcg16_line60_masked.image_vopt_noise.fits, outputs/sofia/hcg16/hcg16_sofia_updated_vopt_central.par, outputs/sofia_pbc/hcg16/hcg16_line60_masked.pb_corr_vopt_cubelets/hcg16_line60_masked.pb_corr_vopt_1_mom0.fits, outputs/sofia/hcg16/hcg16_line60_masked.image_vopt_cubelets/hcg16_line60_masked.image_vopt_1_mom0.fits, outputs/sofia_pbc/hcg16/hcg16_line60_masked.pb_corr_vopt_mom0.fits, outputs/sofia_pbc/hcg16/hcg16_line60_masked.pb_corr_vopt_mom1.fits; Updated input files: config/sofia_pbc/hcg16_sofia.par
    wildcards: gal_idx=hcg16
    priority: 100
    resources: mem_mb=3206, mem_mib=3058, disk_mb=3206, disk_mib=3058, tmpdir=/data

[Fri Oct 25 15:14:04 2024]
rule run_sofia:
    input: data/hcg90/hcg90_line60_masked.image.fits, config/sofia/hcg90_sofia.par, data/hcg90/hcg90_line60_masked.pb_corr.fits, data/hcg90/hcg90_line60_masked.pb.fits, config/sofia_pbc/hcg90_sofia.par
    output: outputs/sofia/hcg90/hcg90_sofia_updated_vopt_central.par, outputs/sofia/hcg90/hcg90_line60_masked.image_vopt_cat.txt, outputs/sofia/hcg90/hcg90_line60_masked.image_vopt_noise.fits, outputs/sofia/hcg90/hcg90_line60_masked.image_vopt_cubelets/hcg90_line60_masked.image_vopt_1_mom0.fits, outputs/sofia_pbc/hcg90/hcg90_sofia_updated_vopt_central.par, outputs/sofia_pbc/hcg90/hcg90_line60_masked.pb_corr_vopt_cat.txt, outputs/sofia_pbc/hcg90/hcg90_line60_masked.pb_corr_vopt_mask.fits, outputs/sofia_pbc/hcg90/hcg90_line60_masked.pb_corr_vopt_mom1.fits, outputs/sofia_pbc/hcg90/hcg90_line60_masked.pb_corr_vopt_mom0.fits, outputs/sofia_pbc/hcg90/hcg90_line60_masked.pb_corr_vopt_noise.fits, outputs/data/hcg90/hcg90_line60_masked.image_vopt.fits, outputs/data/hcg90/hcg90_line60_masked.pb_corr_vopt.fits, outputs/sofia_pbc/hcg90/hcg90_line60_masked.pb_corr_vopt_cubelets/hcg90_line60_masked.pb_corr_vopt_1_mom0.fits
    log: outputs/sofia/logs/hcg90/hcg90.log
    jobid: 4
    reason: Missing output files: outputs/sofia/hcg90/hcg90_line60_masked.image_vopt_noise.fits, outputs/sofia_pbc/hcg90/hcg90_line60_masked.pb_corr_vopt_mom1.fits, outputs/sofia/hcg90/hcg90_line60_masked.image_vopt_cubelets/hcg90_line60_masked.image_vopt_1_mom0.fits, outputs/sofia_pbc/hcg90/hcg90_line60_masked.pb_corr_vopt_mask.fits, outputs/sofia/hcg90/hcg90_line60_masked.image_vopt_cat.txt, outputs/sofia_pbc/hcg90/hcg90_line60_masked.pb_corr_vopt_cat.txt, outputs/sofia_pbc/hcg90/hcg90_line60_masked.pb_corr_vopt_noise.fits, outputs/sofia/hcg90/hcg90_sofia_updated_vopt_central.par, outputs/sofia_pbc/hcg90/hcg90_sofia_updated_vopt_central.par, outputs/sofia_pbc/hcg90/hcg90_line60_masked.pb_corr_vopt_mom0.fits, outputs/sofia_pbc/hcg90/hcg90_line60_masked.pb_corr_vopt_cubelets/hcg90_line60_masked.pb_corr_vopt_1_mom0.fits
    wildcards: gal_idx=hcg90
    priority: 100
    resources: mem_mb=6618, mem_mib=6312, disk_mb=6618, disk_mib=6312, tmpdir=/data

[Fri Oct 25 15:14:04 2024]
rule run_sofia:
    input: data/hcg97/hcg97_line60_masked.image.fits, config/sofia/hcg97_sofia.par, data/hcg97/hcg97_line60_masked.pb_corr.fits, data/hcg97/hcg97_line60_masked.pb.fits, config/sofia_pbc/hcg97_sofia.par
    output: outputs/sofia/hcg97/hcg97_sofia_updated_vopt_central.par, outputs/sofia/hcg97/hcg97_line60_masked.image_vopt_cat.txt, outputs/sofia/hcg97/hcg97_line60_masked.image_vopt_noise.fits, outputs/sofia/hcg97/hcg97_line60_masked.image_vopt_cubelets/hcg97_line60_masked.image_vopt_1_mom0.fits, outputs/sofia_pbc/hcg97/hcg97_sofia_updated_vopt_central.par, outputs/sofia_pbc/hcg97/hcg97_line60_masked.pb_corr_vopt_cat.txt, outputs/sofia_pbc/hcg97/hcg97_line60_masked.pb_corr_vopt_mask.fits, outputs/sofia_pbc/hcg97/hcg97_line60_masked.pb_corr_vopt_mom1.fits, outputs/sofia_pbc/hcg97/hcg97_line60_masked.pb_corr_vopt_mom0.fits, outputs/sofia_pbc/hcg97/hcg97_line60_masked.pb_corr_vopt_noise.fits, outputs/data/hcg97/hcg97_line60_masked.image_vopt.fits, outputs/data/hcg97/hcg97_line60_masked.pb_corr_vopt.fits, outputs/sofia_pbc/hcg97/hcg97_line60_masked.pb_corr_vopt_cubelets/hcg97_line60_masked.pb_corr_vopt_1_mom0.fits
    log: outputs/sofia/logs/hcg97/hcg97.log
    jobid: 6
    reason: Missing output files: outputs/sofia/hcg97/hcg97_line60_masked.image_vopt_noise.fits, outputs/sofia_pbc/hcg97/hcg97_line60_masked.pb_corr_vopt_mom0.fits, outputs/sofia/hcg97/hcg97_line60_masked.image_vopt_cat.txt, outputs/sofia_pbc/hcg97/hcg97_line60_masked.pb_corr_vopt_cat.txt, outputs/sofia_pbc/hcg97/hcg97_line60_masked.pb_corr_vopt_noise.fits, outputs/sofia/hcg97/hcg97_line60_masked.image_vopt_cubelets/hcg97_line60_masked.image_vopt_1_mom0.fits, outputs/sofia_pbc/hcg97/hcg97_line60_masked.pb_corr_vopt_mask.fits, outputs/sofia/hcg97/hcg97_sofia_updated_vopt_central.par, outputs/sofia_pbc/hcg97/hcg97_sofia_updated_vopt_central.par, outputs/sofia_pbc/hcg97/hcg97_line60_masked.pb_corr_vopt_mom1.fits, outputs/sofia_pbc/hcg97/hcg97_line60_masked.pb_corr_vopt_cubelets/hcg97_line60_masked.pb_corr_vopt_1_mom0.fits
    wildcards: gal_idx=hcg97
    priority: 100
    resources: mem_mb=4318, mem_mib=4118, disk_mb=4318, disk_mib=4118, tmpdir=/data

[Fri Oct 25 15:14:04 2024]
rule run_sofia:
    input: data/hcg30/hcg30_line60_masked.image.fits, config/sofia/hcg30_sofia.par, data/hcg30/hcg30_line60_masked.pb_corr.fits, data/hcg30/hcg30_line60_masked.pb.fits, config/sofia_pbc/hcg30_sofia.par
    output: outputs/sofia/hcg30/hcg30_sofia_updated_vopt_central.par, outputs/sofia/hcg30/hcg30_line60_masked.image_vopt_cat.txt, outputs/sofia/hcg30/hcg30_line60_masked.image_vopt_noise.fits, outputs/sofia/hcg30/hcg30_line60_masked.image_vopt_cubelets/hcg30_line60_masked.image_vopt_1_mom0.fits, outputs/sofia_pbc/hcg30/hcg30_sofia_updated_vopt_central.par, outputs/sofia_pbc/hcg30/hcg30_line60_masked.pb_corr_vopt_cat.txt, outputs/sofia_pbc/hcg30/hcg30_line60_masked.pb_corr_vopt_mask.fits, outputs/sofia_pbc/hcg30/hcg30_line60_masked.pb_corr_vopt_mom1.fits, outputs/sofia_pbc/hcg30/hcg30_line60_masked.pb_corr_vopt_mom0.fits, outputs/sofia_pbc/hcg30/hcg30_line60_masked.pb_corr_vopt_noise.fits, outputs/data/hcg30/hcg30_line60_masked.image_vopt.fits, outputs/data/hcg30/hcg30_line60_masked.pb_corr_vopt.fits, outputs/sofia_pbc/hcg30/hcg30_line60_masked.pb_corr_vopt_cubelets/hcg30_line60_masked.pb_corr_vopt_1_mom0.fits
    log: outputs/sofia/logs/hcg30/hcg30.log
    jobid: 2
    reason: Missing output files: outputs/sofia/hcg30/hcg30_line60_masked.image_vopt_noise.fits, outputs/sofia_pbc/hcg30/hcg30_sofia_updated_vopt_central.par, outputs/sofia_pbc/hcg30/hcg30_line60_masked.pb_corr_vopt_mom1.fits, outputs/sofia/hcg30/hcg30_sofia_updated_vopt_central.par, outputs/sofia_pbc/hcg30/hcg30_line60_masked.pb_corr_vopt_noise.fits, outputs/sofia/hcg30/hcg30_line60_masked.image_vopt_cubelets/hcg30_line60_masked.image_vopt_1_mom0.fits, outputs/sofia_pbc/hcg30/hcg30_line60_masked.pb_corr_vopt_cat.txt, outputs/sofia/hcg30/hcg30_line60_masked.image_vopt_cat.txt, outputs/sofia_pbc/hcg30/hcg30_line60_masked.pb_corr_vopt_cubelets/hcg30_line60_masked.pb_corr_vopt_1_mom0.fits, outputs/sofia_pbc/hcg30/hcg30_line60_masked.pb_corr_vopt_mask.fits, outputs/sofia_pbc/hcg30/hcg30_line60_masked.pb_corr_vopt_mom0.fits; Updated input files: config/sofia_pbc/hcg30_sofia.par
    wildcards: gal_idx=hcg30
    priority: 100
    resources: mem_mb=3610, mem_mib=3443, disk_mb=3610, disk_mib=3443, tmpdir=/data

[Fri Oct 25 15:14:04 2024]
rule run_sofia:
    input: data/hcg31/hcg31_line60_masked.image.fits, config/sofia/hcg31_sofia.par, data/hcg31/hcg31_line60_masked.pb_corr.fits, data/hcg31/hcg31_line60_masked.pb.fits, config/sofia_pbc/hcg31_sofia.par
    output: outputs/sofia/hcg31/hcg31_sofia_updated_vopt_central.par, outputs/sofia/hcg31/hcg31_line60_masked.image_vopt_cat.txt, outputs/sofia/hcg31/hcg31_line60_masked.image_vopt_noise.fits, outputs/sofia/hcg31/hcg31_line60_masked.image_vopt_cubelets/hcg31_line60_masked.image_vopt_1_mom0.fits, outputs/sofia_pbc/hcg31/hcg31_sofia_updated_vopt_central.par, outputs/sofia_pbc/hcg31/hcg31_line60_masked.pb_corr_vopt_cat.txt, outputs/sofia_pbc/hcg31/hcg31_line60_masked.pb_corr_vopt_mask.fits, outputs/sofia_pbc/hcg31/hcg31_line60_masked.pb_corr_vopt_mom1.fits, outputs/sofia_pbc/hcg31/hcg31_line60_masked.pb_corr_vopt_mom0.fits, outputs/sofia_pbc/hcg31/hcg31_line60_masked.pb_corr_vopt_noise.fits, outputs/data/hcg31/hcg31_line60_masked.image_vopt.fits, outputs/data/hcg31/hcg31_line60_masked.pb_corr_vopt.fits, outputs/sofia_pbc/hcg31/hcg31_line60_masked.pb_corr_vopt_cubelets/hcg31_line60_masked.pb_corr_vopt_1_mom0.fits
    log: outputs/sofia/logs/hcg31/hcg31.log
    jobid: 3
    reason: Missing output files: outputs/sofia_pbc/hcg31/hcg31_line60_masked.pb_corr_vopt_mask.fits, outputs/sofia_pbc/hcg31/hcg31_line60_masked.pb_corr_vopt_mom1.fits, outputs/sofia_pbc/hcg31/hcg31_line60_masked.pb_corr_vopt_cubelets/hcg31_line60_masked.pb_corr_vopt_1_mom0.fits, outputs/sofia_pbc/hcg31/hcg31_line60_masked.pb_corr_vopt_cat.txt, outputs/sofia/hcg31/hcg31_line60_masked.image_vopt_cubelets/hcg31_line60_masked.image_vopt_1_mom0.fits, outputs/sofia_pbc/hcg31/hcg31_sofia_updated_vopt_central.par, outputs/sofia/hcg31/hcg31_line60_masked.image_vopt_noise.fits, outputs/sofia_pbc/hcg31/hcg31_line60_masked.pb_corr_vopt_noise.fits, outputs/sofia/hcg31/hcg31_line60_masked.image_vopt_cat.txt, outputs/sofia_pbc/hcg31/hcg31_line60_masked.pb_corr_vopt_mom0.fits, outputs/sofia/hcg31/hcg31_sofia_updated_vopt_central.par
    wildcards: gal_idx=hcg31
    priority: 100
    resources: mem_mb=5670, mem_mib=5408, disk_mb=5670, disk_mib=5408, tmpdir=/data

[Fri Oct 25 15:14:04 2024]
rule run_sofia:
    input: data/hcg91/hcg91_line60_masked.image.fits, config/sofia/hcg91_sofia.par, data/hcg91/hcg91_line60_masked.pb_corr.fits, data/hcg91/hcg91_line60_masked.pb.fits, config/sofia_pbc/hcg91_sofia.par
    output: outputs/sofia/hcg91/hcg91_sofia_updated_vopt_central.par, outputs/sofia/hcg91/hcg91_line60_masked.image_vopt_cat.txt, outputs/sofia/hcg91/hcg91_line60_masked.image_vopt_noise.fits, outputs/sofia/hcg91/hcg91_line60_masked.image_vopt_cubelets/hcg91_line60_masked.image_vopt_1_mom0.fits, outputs/sofia_pbc/hcg91/hcg91_sofia_updated_vopt_central.par, outputs/sofia_pbc/hcg91/hcg91_line60_masked.pb_corr_vopt_cat.txt, outputs/sofia_pbc/hcg91/hcg91_line60_masked.pb_corr_vopt_mask.fits, outputs/sofia_pbc/hcg91/hcg91_line60_masked.pb_corr_vopt_mom1.fits, outputs/sofia_pbc/hcg91/hcg91_line60_masked.pb_corr_vopt_mom0.fits, outputs/sofia_pbc/hcg91/hcg91_line60_masked.pb_corr_vopt_noise.fits, outputs/data/hcg91/hcg91_line60_masked.image_vopt.fits, outputs/data/hcg91/hcg91_line60_masked.pb_corr_vopt.fits, outputs/sofia_pbc/hcg91/hcg91_line60_masked.pb_corr_vopt_cubelets/hcg91_line60_masked.pb_corr_vopt_1_mom0.fits
    log: outputs/sofia/logs/hcg91/hcg91.log
    jobid: 5
    reason: Missing output files: outputs/sofia/hcg91/hcg91_line60_masked.image_vopt_cubelets/hcg91_line60_masked.image_vopt_1_mom0.fits, outputs/sofia_pbc/hcg91/hcg91_line60_masked.pb_corr_vopt_cat.txt, outputs/sofia_pbc/hcg91/hcg91_line60_masked.pb_corr_vopt_cubelets/hcg91_line60_masked.pb_corr_vopt_1_mom0.fits, outputs/sofia_pbc/hcg91/hcg91_line60_masked.pb_corr_vopt_mom0.fits, outputs/sofia_pbc/hcg91/hcg91_sofia_updated_vopt_central.par, outputs/sofia/hcg91/hcg91_line60_masked.image_vopt_cat.txt, outputs/sofia/hcg91/hcg91_sofia_updated_vopt_central.par, outputs/sofia_pbc/hcg91/hcg91_line60_masked.pb_corr_vopt_noise.fits, outputs/sofia/hcg91/hcg91_line60_masked.image_vopt_noise.fits, outputs/sofia_pbc/hcg91/hcg91_line60_masked.pb_corr_vopt_mom1.fits, outputs/sofia_pbc/hcg91/hcg91_line60_masked.pb_corr_vopt_mask.fits
    wildcards: gal_idx=hcg91
    priority: 100
    resources: mem_mb=9939, mem_mib=9479, disk_mb=9939, disk_mib=9479, tmpdir=/data

[Fri Oct 25 15:16:13 2024]
Finished job 1.
1 of 15 steps (7%) done
Resources before job selection: {'_cores': 19, '_nodes': 9223372036854775802}
Ready jobs (1)
Select jobs to execute...
Using greedy selector because only single job has to be scheduled.
Selected jobs (1)
Resources after job selection: {'_cores': 18, '_nodes': 9223372036854775801}

[Fri Oct 25 15:16:13 2024]
rule plot_gbt_meerkat_spectra:
    input: outputs/data/hcg16/hcg16_line60_masked.pb_corr_vopt.fits
    output: outputs/data/hcg16/hcg16_line60_masked.pb_corr_vopt_times_beam_factor_integrated_spec.txt, outputs/publication/figures/hcg16_meerkat_gbt_spec.pdf
    log: outputs/sofia/logs/hcg16/hcg16_meerkat_gbt_spec.log
    jobid: 8
    reason: Missing output files: outputs/publication/figures/hcg16_meerkat_gbt_spec.pdf; Input files updated by another job: outputs/data/hcg16/hcg16_line60_masked.pb_corr_vopt.fits
    wildcards: gal_idx=hcg16
    priority: 98
    resources: mem_mb=1069, mem_mib=1020, disk_mb=1069, disk_mib=1020, tmpdir=/data

[Fri Oct 25 15:16:46 2024]
Finished job 8.
2 of 15 steps (13%) done
[Fri Oct 25 15:16:57 2024]
Finished job 2.
3 of 15 steps (20%) done
Resources before job selection: {'_cores': 20, '_nodes': 9223372036854775803}
Ready jobs (2)
Select jobs to execute...
Selected jobs (2)
Resources after job selection: {'_cores': 18, '_nodes': 9223372036854775801}

[Fri Oct 25 15:16:57 2024]
rule plot_sofia_products:
    input: results/sofia_pbc/hcg30/hcg30_line60_masked.pb_corr_vopt_cubelets/hcg30_line60_masked.pb_corr_vopt_1_mom0.fits, outputs/sofia_pbc/hcg30/hcg30_line60_masked.pb_corr_vopt_cat.txt, outputs/sofia_pbc/hcg30/hcg30_line60_masked.pb_corr_vopt_cubelets/hcg30_line60_masked.pb_corr_vopt_1_mom0.fits, outputs/sofia_pbc/hcg30/hcg30_line60_masked.pb_corr_vopt_cubelets/hcg30_line60_masked.pb_corr_vopt_1_mom0.fits, outputs/sofia_pbc/hcg30/hcg30_line60_masked.pb_corr_vopt_cubelets/hcg30_line60_masked.pb_corr_vopt_1_mom0.fits, outputs/sofia_pbc/hcg30/hcg30_line60_masked.pb_corr_vopt_cubelets/hcg30_line60_masked.pb_corr_vopt_1_mom0.fits, outputs/sofia_pbc/hcg30/hcg30_line60_masked.pb_corr_vopt_cubelets/hcg30_line60_masked.pb_corr_vopt_1_mom0.fits, outputs/sofia_pbc/hcg30/hcg30_line60_masked.pb_corr_vopt_cubelets/hcg30_line60_masked.pb_corr_vopt_1_mom0.fits
    output: outputs/publication/figures/ngc1622_column_density.pdf, outputs/publication/figures/ngc1622_snr.pdf, outputs/publication/figures/ngc1622_mom1.pdf, outputs/publication/figures/ngc1622_chan.pdf, outputs/publication/figures/ngc1622_mom2.pdf, outputs/publication/figures/ngc1622_spec.pdf
    jobid: 7
    reason: Missing output files: outputs/publication/figures/ngc1622_mom1.pdf, outputs/publication/figures/ngc1622_snr.pdf, outputs/publication/figures/ngc1622_column_density.pdf, outputs/publication/figures/ngc1622_chan.pdf, outputs/publication/figures/ngc1622_mom2.pdf, outputs/publication/figures/ngc1622_spec.pdf; Input files updated by another job: outputs/sofia_pbc/hcg30/hcg30_line60_masked.pb_corr_vopt_cubelets/hcg30_line60_masked.pb_corr_vopt_1_mom0.fits, outputs/sofia_pbc/hcg30/hcg30_line60_masked.pb_corr_vopt_cat.txt
    priority: 99
    resources: mem_mb=1000, mem_mib=954, disk_mb=1000, disk_mib=954, tmpdir=/data


[Fri Oct 25 15:16:57 2024]
rule plot_gbt_meerkat_spectra:
    input: outputs/data/hcg30/hcg30_line60_masked.pb_corr_vopt.fits
    output: outputs/data/hcg30/hcg30_line60_masked.pb_corr_vopt_times_beam_factor_integrated_spec.txt, outputs/publication/figures/hcg30_meerkat_gbt_spec.pdf
    log: outputs/sofia/logs/hcg30/hcg30_meerkat_gbt_spec.log
    jobid: 9
    reason: Missing output files: outputs/publication/figures/hcg30_meerkat_gbt_spec.pdf; Input files updated by another job: outputs/data/hcg30/hcg30_line60_masked.pb_corr_vopt.fits
    wildcards: gal_idx=hcg30
    priority: 98
    resources: mem_mb=1203, mem_mib=1148, disk_mb=1203, disk_mib=1148, tmpdir=/data

[Fri Oct 25 15:17:17 2024]
Finished job 9.
4 of 15 steps (27%) done
[Fri Oct 25 15:18:08 2024]
Finished job 7.
5 of 15 steps (33%) done
[Fri Oct 25 15:18:37 2024]
Finished job 6.
6 of 15 steps (40%) done
Resources before job selection: {'_cores': 21, '_nodes': 9223372036854775804}
Ready jobs (1)
Select jobs to execute...
Using greedy selector because only single job has to be scheduled.
Selected jobs (1)
Resources after job selection: {'_cores': 20, '_nodes': 9223372036854775803}

[Fri Oct 25 15:18:37 2024]
rule plot_gbt_meerkat_spectra:
    input: outputs/data/hcg97/hcg97_line60_masked.pb_corr_vopt.fits
    output: outputs/data/hcg97/hcg97_line60_masked.pb_corr_vopt_times_beam_factor_integrated_spec.txt, outputs/publication/figures/hcg97_meerkat_gbt_spec.pdf
    log: outputs/sofia/logs/hcg97/hcg97_meerkat_gbt_spec.log
    jobid: 13
    reason: Missing output files: outputs/publication/figures/hcg97_meerkat_gbt_spec.pdf; Input files updated by another job: outputs/data/hcg97/hcg97_line60_masked.pb_corr_vopt.fits
    wildcards: gal_idx=hcg97
    priority: 98
    resources: mem_mb=1439, mem_mib=1373, disk_mb=1439, disk_mib=1373, tmpdir=/data

[Fri Oct 25 15:18:52 2024]
Finished job 13.
7 of 15 steps (47%) done
[Fri Oct 25 15:18:56 2024]
Finished job 3.
8 of 15 steps (53%) done
Resources before job selection: {'_cores': 22, '_nodes': 9223372036854775805}
Ready jobs (1)
Select jobs to execute...
Using greedy selector because only single job has to be scheduled.
Selected jobs (1)
Resources after job selection: {'_cores': 21, '_nodes': 9223372036854775804}

[Fri Oct 25 15:18:56 2024]
rule plot_gbt_meerkat_spectra:
    input: outputs/data/hcg31/hcg31_line60_masked.pb_corr_vopt.fits
    output: outputs/data/hcg31/hcg31_line60_masked.pb_corr_vopt_times_beam_factor_integrated_spec.txt, outputs/publication/figures/hcg31_meerkat_gbt_spec.pdf
    log: outputs/sofia/logs/hcg31/hcg31_meerkat_gbt_spec.log
    jobid: 10
    reason: Missing output files: outputs/publication/figures/hcg31_meerkat_gbt_spec.pdf; Input files updated by another job: outputs/data/hcg31/hcg31_line60_masked.pb_corr_vopt.fits
    wildcards: gal_idx=hcg31
    priority: 98
    resources: mem_mb=1890, mem_mib=1803, disk_mb=1890, disk_mib=1803, tmpdir=/data

[Fri Oct 25 15:19:14 2024]
Finished job 10.
9 of 15 steps (60%) done
[Fri Oct 25 15:19:43 2024]
Finished job 4.
10 of 15 steps (67%) done
Resources before job selection: {'_cores': 23, '_nodes': 9223372036854775806}
Ready jobs (1)
Select jobs to execute...
Using greedy selector because only single job has to be scheduled.
Selected jobs (1)
Resources after job selection: {'_cores': 22, '_nodes': 9223372036854775805}

[Fri Oct 25 15:19:43 2024]
rule plot_gbt_meerkat_spectra:
    input: outputs/data/hcg90/hcg90_line60_masked.pb_corr_vopt.fits
    output: outputs/data/hcg90/hcg90_line60_masked.pb_corr_vopt_times_beam_factor_integrated_spec.txt, outputs/publication/figures/hcg90_meerkat_gbt_spec.pdf
    log: outputs/sofia/logs/hcg90/hcg90_meerkat_gbt_spec.log
    jobid: 11
    reason: Missing output files: outputs/publication/figures/hcg90_meerkat_gbt_spec.pdf; Input files updated by another job: outputs/data/hcg90/hcg90_line60_masked.pb_corr_vopt.fits
    wildcards: gal_idx=hcg90
    priority: 98
    resources: mem_mb=2206, mem_mib=2104, disk_mb=2206, disk_mib=2104, tmpdir=/data

[Fri Oct 25 15:19:57 2024]
Finished job 11.
11 of 15 steps (73%) done
[Fri Oct 25 15:21:08 2024]
Finished job 5.
12 of 15 steps (80%) done
Resources before job selection: {'_cores': 24, '_nodes': 9223372036854775807}
Ready jobs (1)
Select jobs to execute...
Using greedy selector because only single job has to be scheduled.
Selected jobs (1)
Resources after job selection: {'_cores': 23, '_nodes': 9223372036854775806}

[Fri Oct 25 15:21:08 2024]
rule plot_gbt_meerkat_spectra:
    input: outputs/data/hcg91/hcg91_line60_masked.pb_corr_vopt.fits
    output: outputs/data/hcg91/hcg91_line60_masked.pb_corr_vopt_times_beam_factor_integrated_spec.txt, outputs/publication/figures/hcg91_meerkat_gbt_spec.pdf
    log: outputs/sofia/logs/hcg91/hcg91_meerkat_gbt_spec.log
    jobid: 12
    reason: Missing output files: outputs/publication/figures/hcg91_meerkat_gbt_spec.pdf; Input files updated by another job: outputs/data/hcg91/hcg91_line60_masked.pb_corr_vopt.fits
    wildcards: gal_idx=hcg91
    priority: 98
    resources: mem_mb=3313, mem_mib=3160, disk_mb=3313, disk_mib=3160, tmpdir=/data

[Fri Oct 25 15:21:25 2024]
Finished job 12.
13 of 15 steps (87%) done
Resources before job selection: {'_cores': 24, '_nodes': 9223372036854775807}
Ready jobs (1)
Select jobs to execute...
Using greedy selector because only single job has to be scheduled.
Selected jobs (1)
Resources after job selection: {'_cores': 23, '_nodes': 9223372036854775806}

[Fri Oct 25 15:21:25 2024]
rule plot_gbt_vs_meerkat_flux:
    input: outputs/publication/figures/hcg16_meerkat_gbt_spec.pdf, outputs/publication/figures/hcg30_meerkat_gbt_spec.pdf, outputs/publication/figures/hcg31_meerkat_gbt_spec.pdf, outputs/publication/figures/hcg90_meerkat_gbt_spec.pdf, outputs/publication/figures/hcg91_meerkat_gbt_spec.pdf, outputs/publication/figures/hcg97_meerkat_gbt_spec.pdf, outputs/data/hcg16/hcg16_line60_masked.pb_corr_vopt_times_beam_factor_integrated_spec.txt, outputs/data/hcg30/hcg30_line60_masked.pb_corr_vopt_times_beam_factor_integrated_spec.txt, outputs/data/hcg31/hcg31_line60_masked.pb_corr_vopt_times_beam_factor_integrated_spec.txt, outputs/data/hcg90/hcg90_line60_masked.pb_corr_vopt_times_beam_factor_integrated_spec.txt, outputs/data/hcg91/hcg91_line60_masked.pb_corr_vopt_times_beam_factor_integrated_spec.txt, outputs/data/hcg97/hcg97_line60_masked.pb_corr_vopt_times_beam_factor_integrated_spec.txt, results/data/hcg16/hcg16_line60_masked.pb_corr_vopt.fits, results/data/hcg30/hcg30_line60_masked.pb_corr_vopt.fits, results/data/hcg31/hcg31_line60_masked.pb_corr_vopt.fits, results/data/hcg90/hcg90_line60_masked.pb_corr_vopt.fits, results/data/hcg91/hcg91_line60_masked.pb_corr_vopt.fits, results/data/hcg97/hcg97_line60_masked.pb_corr_vopt.fits
    output: outputs/publication/figures/hcgs_meerkat_gbt_flux.pdf
    jobid: 14
    reason: Missing output files: outputs/publication/figures/hcgs_meerkat_gbt_flux.pdf; Input files updated by another job: outputs/publication/figures/hcg90_meerkat_gbt_spec.pdf, outputs/publication/figures/hcg16_meerkat_gbt_spec.pdf, outputs/publication/figures/hcg91_meerkat_gbt_spec.pdf, outputs/data/hcg31/hcg31_line60_masked.pb_corr_vopt_times_beam_factor_integrated_spec.txt, outputs/publication/figures/hcg30_meerkat_gbt_spec.pdf, outputs/data/hcg90/hcg90_line60_masked.pb_corr_vopt_times_beam_factor_integrated_spec.txt, outputs/publication/figures/hcg31_meerkat_gbt_spec.pdf, outputs/publication/figures/hcg97_meerkat_gbt_spec.pdf, outputs/data/hcg30/hcg30_line60_masked.pb_corr_vopt_times_beam_factor_integrated_spec.txt, outputs/data/hcg91/hcg91_line60_masked.pb_corr_vopt_times_beam_factor_integrated_spec.txt, outputs/data/hcg16/hcg16_line60_masked.pb_corr_vopt_times_beam_factor_integrated_spec.txt, outputs/data/hcg97/hcg97_line60_masked.pb_corr_vopt_times_beam_factor_integrated_spec.txt
    priority: 97
    resources: mem_mb=11120, mem_mib=10605, disk_mb=11120, disk_mib=10605, tmpdir=/data

[Fri Oct 25 15:21:40 2024]
Finished job 14.
14 of 15 steps (93%) done
Resources before job selection: {'_cores': 24, '_nodes': 9223372036854775807}
Ready jobs (1)
Select jobs to execute...
Using greedy selector because only single job has to be scheduled.
Selected jobs (1)
Resources after job selection: {'_cores': 23, '_nodes': 9223372036854775806}

[Fri Oct 25 15:21:40 2024]
rule tex2pdf_with_bib:
    input: outputs/sofia/hcg16/hcg16_sofia_updated_vopt_central.par, outputs/sofia/hcg16/hcg16_line60_masked.image_vopt_cat.txt, outputs/sofia/hcg16/hcg16_line60_masked.image_vopt_noise.fits, outputs/sofia/hcg16/hcg16_line60_masked.image_vopt_cubelets/hcg16_line60_masked.image_vopt_1_mom0.fits, outputs/sofia_pbc/hcg16/hcg16_sofia_updated_vopt_central.par, outputs/sofia_pbc/hcg16/hcg16_line60_masked.pb_corr_vopt_cat.txt, outputs/sofia_pbc/hcg16/hcg16_line60_masked.pb_corr_vopt_mask.fits, outputs/sofia_pbc/hcg16/hcg16_line60_masked.pb_corr_vopt_mom1.fits, outputs/sofia_pbc/hcg16/hcg16_line60_masked.pb_corr_vopt_mom0.fits, outputs/sofia_pbc/hcg16/hcg16_line60_masked.pb_corr_vopt_noise.fits, outputs/data/hcg16/hcg16_line60_masked.image_vopt.fits, outputs/data/hcg16/hcg16_line60_masked.pb_corr_vopt.fits, outputs/sofia_pbc/hcg16/hcg16_line60_masked.pb_corr_vopt_cubelets/hcg16_line60_masked.pb_corr_vopt_1_mom0.fits, outputs/sofia/hcg30/hcg30_sofia_updated_vopt_central.par, outputs/sofia/hcg30/hcg30_line60_masked.image_vopt_cat.txt, outputs/sofia/hcg30/hcg30_line60_masked.image_vopt_noise.fits, outputs/sofia/hcg30/hcg30_line60_masked.image_vopt_cubelets/hcg30_line60_masked.image_vopt_1_mom0.fits, outputs/sofia_pbc/hcg30/hcg30_sofia_updated_vopt_central.par, outputs/sofia_pbc/hcg30/hcg30_line60_masked.pb_corr_vopt_cat.txt, outputs/sofia_pbc/hcg30/hcg30_line60_masked.pb_corr_vopt_mask.fits, outputs/sofia_pbc/hcg30/hcg30_line60_masked.pb_corr_vopt_mom1.fits, outputs/sofia_pbc/hcg30/hcg30_line60_masked.pb_corr_vopt_mom0.fits, outputs/sofia_pbc/hcg30/hcg30_line60_masked.pb_corr_vopt_noise.fits, outputs/data/hcg30/hcg30_line60_masked.image_vopt.fits, outputs/data/hcg30/hcg30_line60_masked.pb_corr_vopt.fits, outputs/sofia_pbc/hcg30/hcg30_line60_masked.pb_corr_vopt_cubelets/hcg30_line60_masked.pb_corr_vopt_1_mom0.fits, outputs/sofia/hcg31/hcg31_sofia_updated_vopt_central.par, outputs/sofia/hcg31/hcg31_line60_masked.image_vopt_cat.txt, outputs/sofia/hcg31/hcg31_line60_masked.image_vopt_noise.fits, outputs/sofia/hcg31/hcg31_line60_masked.image_vopt_cubelets/hcg31_line60_masked.image_vopt_1_mom0.fits, outputs/sofia_pbc/hcg31/hcg31_sofia_updated_vopt_central.par, outputs/sofia_pbc/hcg31/hcg31_line60_masked.pb_corr_vopt_cat.txt, outputs/sofia_pbc/hcg31/hcg31_line60_masked.pb_corr_vopt_mask.fits, outputs/sofia_pbc/hcg31/hcg31_line60_masked.pb_corr_vopt_mom1.fits, outputs/sofia_pbc/hcg31/hcg31_line60_masked.pb_corr_vopt_mom0.fits, outputs/sofia_pbc/hcg31/hcg31_line60_masked.pb_corr_vopt_noise.fits, outputs/data/hcg31/hcg31_line60_masked.image_vopt.fits, outputs/data/hcg31/hcg31_line60_masked.pb_corr_vopt.fits, outputs/sofia_pbc/hcg31/hcg31_line60_masked.pb_corr_vopt_cubelets/hcg31_line60_masked.pb_corr_vopt_1_mom0.fits, outputs/sofia/hcg90/hcg90_sofia_updated_vopt_central.par, outputs/sofia/hcg90/hcg90_line60_masked.image_vopt_cat.txt, outputs/sofia/hcg90/hcg90_line60_masked.image_vopt_noise.fits, outputs/sofia/hcg90/hcg90_line60_masked.image_vopt_cubelets/hcg90_line60_masked.image_vopt_1_mom0.fits, outputs/sofia_pbc/hcg90/hcg90_sofia_updated_vopt_central.par, outputs/sofia_pbc/hcg90/hcg90_line60_masked.pb_corr_vopt_cat.txt, outputs/sofia_pbc/hcg90/hcg90_line60_masked.pb_corr_vopt_mask.fits, outputs/sofia_pbc/hcg90/hcg90_line60_masked.pb_corr_vopt_mom1.fits, outputs/sofia_pbc/hcg90/hcg90_line60_masked.pb_corr_vopt_mom0.fits, outputs/sofia_pbc/hcg90/hcg90_line60_masked.pb_corr_vopt_noise.fits, outputs/data/hcg90/hcg90_line60_masked.image_vopt.fits, outputs/data/hcg90/hcg90_line60_masked.pb_corr_vopt.fits, outputs/sofia_pbc/hcg90/hcg90_line60_masked.pb_corr_vopt_cubelets/hcg90_line60_masked.pb_corr_vopt_1_mom0.fits, outputs/sofia/hcg91/hcg91_sofia_updated_vopt_central.par, outputs/sofia/hcg91/hcg91_line60_masked.image_vopt_cat.txt, outputs/sofia/hcg91/hcg91_line60_masked.image_vopt_noise.fits, outputs/sofia/hcg91/hcg91_line60_masked.image_vopt_cubelets/hcg91_line60_masked.image_vopt_1_mom0.fits, outputs/sofia_pbc/hcg91/hcg91_sofia_updated_vopt_central.par, outputs/sofia_pbc/hcg91/hcg91_line60_masked.pb_corr_vopt_cat.txt, outputs/sofia_pbc/hcg91/hcg91_line60_masked.pb_corr_vopt_mask.fits, outputs/sofia_pbc/hcg91/hcg91_line60_masked.pb_corr_vopt_mom1.fits, outputs/sofia_pbc/hcg91/hcg91_line60_masked.pb_corr_vopt_mom0.fits, outputs/sofia_pbc/hcg91/hcg91_line60_masked.pb_corr_vopt_noise.fits, outputs/data/hcg91/hcg91_line60_masked.image_vopt.fits, outputs/data/hcg91/hcg91_line60_masked.pb_corr_vopt.fits, outputs/sofia_pbc/hcg91/hcg91_line60_masked.pb_corr_vopt_cubelets/hcg91_line60_masked.pb_corr_vopt_1_mom0.fits, outputs/sofia/hcg97/hcg97_sofia_updated_vopt_central.par, outputs/sofia/hcg97/hcg97_line60_masked.image_vopt_cat.txt, outputs/sofia/hcg97/hcg97_line60_masked.image_vopt_noise.fits, outputs/sofia/hcg97/hcg97_line60_masked.image_vopt_cubelets/hcg97_line60_masked.image_vopt_1_mom0.fits, outputs/sofia_pbc/hcg97/hcg97_sofia_updated_vopt_central.par, outputs/sofia_pbc/hcg97/hcg97_line60_masked.pb_corr_vopt_cat.txt, outputs/sofia_pbc/hcg97/hcg97_line60_masked.pb_corr_vopt_mask.fits, outputs/sofia_pbc/hcg97/hcg97_line60_masked.pb_corr_vopt_mom1.fits, outputs/sofia_pbc/hcg97/hcg97_line60_masked.pb_corr_vopt_mom0.fits, outputs/sofia_pbc/hcg97/hcg97_line60_masked.pb_corr_vopt_noise.fits, outputs/data/hcg97/hcg97_line60_masked.image_vopt.fits, outputs/data/hcg97/hcg97_line60_masked.pb_corr_vopt.fits, outputs/sofia_pbc/hcg97/hcg97_line60_masked.pb_corr_vopt_cubelets/hcg97_line60_masked.pb_corr_vopt_1_mom0.fits, outputs/publication/figures/ngc1622_column_density.pdf, outputs/publication/figures/ngc1622_snr.pdf, outputs/publication/figures/ngc1622_mom1.pdf, outputs/publication/figures/ngc1622_chan.pdf, outputs/publication/figures/ngc1622_mom2.pdf, outputs/publication/figures/ngc1622_spec.pdf, outputs/data/hcg16/hcg16_line60_masked.pb_corr_vopt_times_beam_factor_integrated_spec.txt, outputs/publication/figures/hcg16_meerkat_gbt_spec.pdf, outputs/data/hcg30/hcg30_line60_masked.pb_corr_vopt_times_beam_factor_integrated_spec.txt, outputs/publication/figures/hcg30_meerkat_gbt_spec.pdf, outputs/data/hcg31/hcg31_line60_masked.pb_corr_vopt_times_beam_factor_integrated_spec.txt, outputs/publication/figures/hcg31_meerkat_gbt_spec.pdf, outputs/data/hcg90/hcg90_line60_masked.pb_corr_vopt_times_beam_factor_integrated_spec.txt, outputs/publication/figures/hcg90_meerkat_gbt_spec.pdf, outputs/data/hcg91/hcg91_line60_masked.pb_corr_vopt_times_beam_factor_integrated_spec.txt, outputs/publication/figures/hcg91_meerkat_gbt_spec.pdf, outputs/data/hcg97/hcg97_line60_masked.pb_corr_vopt_times_beam_factor_integrated_spec.txt, outputs/publication/figures/hcg97_meerkat_gbt_spec.pdf, outputs/publication/figures/hcgs_meerkat_gbt_flux.pdf, outputs/publication/figures/hcgs_meerkat_gbt_flux.pdf, outputs/publication/figures/hcgs_meerkat_gbt_flux.pdf, outputs/publication/figures/hcgs_meerkat_gbt_flux.pdf, outputs/publication/figures/hcgs_meerkat_gbt_flux.pdf, outputs/publication/figures/hcgs_meerkat_gbt_flux.pdf, workflow/hcg_paper.tex
    output: outputs/publication/hcg_paper.pdf
    jobid: 0
    reason: Input files updated by another job: outputs/sofia/hcg97/hcg97_line60_masked.image_vopt_noise.fits, outputs/sofia_pbc/hcg16/hcg16_line60_masked.pb_corr_vopt_mask.fits, outputs/sofia/hcg97/hcg97_line60_masked.image_vopt_cubelets/hcg97_line60_masked.image_vopt_1_mom0.fits, outputs/sofia/hcg16/hcg16_sofia_updated_vopt_central.par, outputs/sofia/hcg31/hcg31_line60_masked.image_vopt_cubelets/hcg31_line60_masked.image_vopt_1_mom0.fits, outputs/publication/figures/hcg31_meerkat_gbt_spec.pdf, outputs/data/hcg31/hcg31_line60_masked.image_vopt.fits, outputs/sofia/hcg31/hcg31_sofia_updated_vopt_central.par, outputs/data/hcg97/hcg97_line60_masked.pb_corr_vopt_times_beam_factor_integrated_spec.txt, outputs/sofia/hcg91/hcg91_line60_masked.image_vopt_cubelets/hcg91_line60_masked.image_vopt_1_mom0.fits, outputs/sofia_pbc/hcg31/hcg31_line60_masked.pb_corr_vopt_mom1.fits, outputs/sofia_pbc/hcg31/hcg31_line60_masked.pb_corr_vopt_cubelets/hcg31_line60_masked.pb_corr_vopt_1_mom0.fits, outputs/sofia_pbc/hcg91/hcg91_line60_masked.pb_corr_vopt_mom0.fits, outputs/sofia_pbc/hcg16/hcg16_line60_masked.pb_corr_vopt_cat.txt, outputs/publication/figures/ngc1622_chan.pdf, outputs/sofia_pbc/hcg97/hcg97_line60_masked.pb_corr_vopt_noise.fits, outputs/publication/figures/ngc1622_mom2.pdf, outputs/sofia_pbc/hcg30/hcg30_line60_masked.pb_corr_vopt_noise.fits, outputs/sofia/hcg16/hcg16_line60_masked.image_vopt_cubelets/hcg16_line60_masked.image_vopt_1_mom0.fits, outputs/data/hcg97/hcg97_line60_masked.image_vopt.fits, outputs/sofia_pbc/hcg16/hcg16_line60_masked.pb_corr_vopt_mom0.fits, outputs/sofia/hcg31/hcg31_line60_masked.image_vopt_cat.txt, outputs/sofia_pbc/hcg91/hcg91_line60_masked.pb_corr_vopt_noise.fits, outputs/sofia_pbc/hcg31/hcg31_line60_masked.pb_corr_vopt_mask.fits, outputs/sofia_pbc/hcg91/hcg91_line60_masked.pb_corr_vopt_mom1.fits, outputs/sofia_pbc/hcg90/hcg90_sofia_updated_vopt_central.par, outputs/sofia_pbc/hcg90/hcg90_line60_masked.pb_corr_vopt_mom0.fits, outputs/publication/figures/hcg91_meerkat_gbt_spec.pdf, outputs/publication/figures/ngc1622_snr.pdf, outputs/sofia_pbc/hcg16/hcg16_sofia_updated_vopt_central.par, outputs/sofia_pbc/hcg97/hcg97_line60_masked.pb_corr_vopt_mask.fits, outputs/sofia_pbc/hcg31/hcg31_line60_masked.pb_corr_vopt_noise.fits, outputs/sofia/hcg90/hcg90_line60_masked.image_vopt_cat.txt, outputs/sofia_pbc/hcg90/hcg90_line60_masked.pb_corr_vopt_cat.txt, outputs/data/hcg16/hcg16_line60_masked.pb_corr_vopt_times_beam_factor_integrated_spec.txt, outputs/sofia_pbc/hcg31/hcg31_line60_masked.pb_corr_vopt_mom0.fits, outputs/sofia/hcg91/hcg91_line60_masked.image_vopt_noise.fits, outputs/publication/figures/ngc1622_spec.pdf, outputs/sofia_pbc/hcg30/hcg30_line60_masked.pb_corr_vopt_mom0.fits, outputs/sofia_pbc/hcg97/hcg97_line60_masked.pb_corr_vopt_mom0.fits, outputs/sofia_pbc/hcg16/hcg16_line60_masked.pb_corr_vopt_noise.fits, outputs/sofia/hcg90/hcg90_line60_masked.image_vopt_noise.fits, outputs/publication/figures/hcg90_meerkat_gbt_spec.pdf, outputs/data/hcg91/hcg91_line60_masked.pb_corr_vopt.fits, outputs/data/hcg16/hcg16_line60_masked.image_vopt.fits, outputs/data/hcg30/hcg30_line60_masked.image_vopt.fits, outputs/data/hcg90/hcg90_line60_masked.image_vopt.fits, outputs/sofia_pbc/hcg91/hcg91_line60_masked.pb_corr_vopt_cubelets/hcg91_line60_masked.pb_corr_vopt_1_mom0.fits, outputs/sofia/hcg31/hcg31_line60_masked.image_vopt_noise.fits, outputs/sofia/hcg90/hcg90_line60_masked.image_vopt_cubelets/hcg90_line60_masked.image_vopt_1_mom0.fits, outputs/sofia/hcg91/hcg91_line60_masked.image_vopt_cat.txt, outputs/data/hcg30/hcg30_line60_masked.pb_corr_vopt_times_beam_factor_integrated_spec.txt, outputs/data/hcg91/hcg91_line60_masked.pb_corr_vopt_times_beam_factor_integrated_spec.txt, outputs/sofia/hcg90/hcg90_sofia_updated_vopt_central.par, outputs/data/hcg30/hcg30_line60_masked.pb_corr_vopt.fits, outputs/sofia/hcg97/hcg97_sofia_updated_vopt_central.par, outputs/sofia_pbc/hcg30/hcg30_line60_masked.pb_corr_vopt_cubelets/hcg30_line60_masked.pb_corr_vopt_1_mom0.fits, outputs/sofia_pbc/hcg91/hcg91_line60_masked.pb_corr_vopt_mask.fits, outputs/sofia_pbc/hcg90/hcg90_line60_masked.pb_corr_vopt_cubelets/hcg90_line60_masked.pb_corr_vopt_1_mom0.fits, outputs/data/hcg97/hcg97_line60_masked.pb_corr_vopt.fits, outputs/publication/figures/hcg16_meerkat_gbt_spec.pdf, outputs/sofia/hcg30/hcg30_line60_masked.image_vopt_noise.fits, outputs/sofia_pbc/hcg91/hcg91_line60_masked.pb_corr_vopt_cat.txt, outputs/data/hcg90/hcg90_line60_masked.pb_corr_vopt.fits, outputs/publication/figures/ngc1622_column_density.pdf, outputs/sofia/hcg16/hcg16_line60_masked.image_vopt_noise.fits, outputs/publication/figures/hcg97_meerkat_gbt_spec.pdf, outputs/sofia_pbc/hcg30/hcg30_line60_masked.pb_corr_vopt_mask.fits, outputs/sofia/hcg30/hcg30_line60_masked.image_vopt_cat.txt, outputs/sofia/hcg30/hcg30_line60_masked.image_vopt_cubelets/hcg30_line60_masked.image_vopt_1_mom0.fits, outputs/sofia/hcg16/hcg16_line60_masked.image_vopt_cat.txt, outputs/sofia_pbc/hcg91/hcg91_sofia_updated_vopt_central.par, outputs/sofia_pbc/hcg31/hcg31_line60_masked.pb_corr_vopt_cat.txt, outputs/sofia_pbc/hcg90/hcg90_line60_masked.pb_corr_vopt_mask.fits, outputs/data/hcg90/hcg90_line60_masked.pb_corr_vopt_times_beam_factor_integrated_spec.txt, outputs/sofia_pbc/hcg90/hcg90_line60_masked.pb_corr_vopt_noise.fits, outputs/sofia_pbc/hcg30/hcg30_line60_masked.pb_corr_vopt_cat.txt, outputs/publication/figures/hcgs_meerkat_gbt_flux.pdf, outputs/data/hcg91/hcg91_line60_masked.image_vopt.fits, outputs/sofia_pbc/hcg97/hcg97_sofia_updated_vopt_central.par, outputs/sofia_pbc/hcg97/hcg97_line60_masked.pb_corr_vopt_cat.txt, outputs/data/hcg31/hcg31_line60_masked.pb_corr_vopt.fits, outputs/sofia_pbc/hcg90/hcg90_line60_masked.pb_corr_vopt_mom1.fits, outputs/data/hcg31/hcg31_line60_masked.pb_corr_vopt_times_beam_factor_integrated_spec.txt, outputs/sofia/hcg30/hcg30_sofia_updated_vopt_central.par, outputs/data/hcg16/hcg16_line60_masked.pb_corr_vopt.fits, outputs/sofia/hcg97/hcg97_line60_masked.image_vopt_cat.txt, outputs/publication/figures/ngc1622_mom1.pdf, outputs/sofia_pbc/hcg30/hcg30_sofia_updated_vopt_central.par, outputs/sofia_pbc/hcg30/hcg30_line60_masked.pb_corr_vopt_mom1.fits, outputs/publication/figures/hcg30_meerkat_gbt_spec.pdf, outputs/sofia_pbc/hcg31/hcg31_sofia_updated_vopt_central.par, outputs/sofia_pbc/hcg16/hcg16_line60_masked.pb_corr_vopt_cubelets/hcg16_line60_masked.pb_corr_vopt_1_mom0.fits, outputs/sofia_pbc/hcg16/hcg16_line60_masked.pb_corr_vopt_mom1.fits, outputs/sofia/hcg91/hcg91_sofia_updated_vopt_central.par, outputs/sofia_pbc/hcg97/hcg97_line60_masked.pb_corr_vopt_mom1.fits, outputs/sofia_pbc/hcg97/hcg97_line60_masked.pb_corr_vopt_cubelets/hcg97_line60_masked.pb_corr_vopt_1_mom0.fits
    resources: mem_mb=55641, mem_mib=53064, disk_mb=55641, disk_mib=53064, tmpdir=/data

[Fri Oct 25 15:21:43 2024]
Finished job 0.
15 of 15 steps (100%) done
Complete log: .snakemake/log/2024-10-25T151403.483027.snakemake.log
unlocking
removing lock
removing lock
removed all locks
