Building DAG of jobs...
Using shell: /bin/bash
Provided cores: 24
Rules claiming more threads will be scaled down.
Job stats:
job                 count
----------------  -------
plot_chanmap            1
tex2pdf_with_bib        1
total                   2

Select jobs to execute...

[Sat Feb  3 09:04:35 2024]
rule plot_chanmap:
    input: results/data/hcg16/hcg16_line60_masked.pb_corr_vopt.fits, results/data/hcg30/hcg30_line60_masked.pb_corr_vopt.fits, results/data/hcg31/hcg31_line60_masked.pb_corr_vopt.fits, results/data/hcg90/hcg90_line60_masked.pb_corr_vopt.fits, results/data/hcg91/hcg91_line60_masked.pb_corr_vopt.fits, results/data/hcg97/hcg97_line60_masked.pb_corr_vopt.fits, results/sofia_pbc/hcg16/hcg16_line60_masked.pb_corr_vopt_noise.fits, results/sofia_pbc/hcg30/hcg30_line60_masked.pb_corr_vopt_noise.fits, results/sofia_pbc/hcg31/hcg31_line60_masked.pb_corr_vopt_noise.fits, results/sofia_pbc/hcg90/hcg90_line60_masked.pb_corr_vopt_noise.fits, results/sofia_pbc/hcg91/hcg91_line60_masked.pb_corr_vopt_noise.fits, results/sofia_pbc/hcg97/hcg97_line60_masked.pb_corr_vopt_noise.fits, results/publication/figures/ngc1622_mom0.pdf, results/publication/figures/ngc1622_snr.pdf, results/publication/figures/ngc1622_mom1.pdf, results/publication/figures/ngc1622_chan.pdf, results/publication/figures/ngc1622_mom2.pdf, results/publication/figures/ngc1622_spec.pdf, results/publication/figures/hcg16_meerkat_gbt_spec.pdf, results/publication/figures/hcg30_meerkat_gbt_spec.pdf, results/publication/figures/hcg31_meerkat_gbt_spec.pdf, results/publication/figures/hcg90_meerkat_gbt_spec.pdf, results/publication/figures/hcg91_meerkat_gbt_spec.pdf, results/publication/figures/hcg97_meerkat_gbt_spec.pdf, results/publication/figures/hcgs_meerkat_gbt_flux.pdf, results/publication/figures/hcg16_velocity_ra.pdf, results/publication/figures/hcg30_velocity_ra.pdf, results/publication/figures/hcg31_velocity_ra.pdf, results/publication/figures/hcg90_velocity_ra.pdf, results/publication/figures/hcg91_velocity_ra.pdf, results/publication/figures/hcg97_velocity_ra.pdf, results/publication/figures/hcg16_noise_specaxis.pdf, results/publication/figures/hcg30_noise_specaxis.pdf, results/publication/figures/hcg31_noise_specaxis.pdf, results/publication/figures/hcg90_noise_specaxis.pdf, results/publication/figures/hcg91_noise_specaxis.pdf, results/publication/figures/hcg97_noise_specaxis.pdf, results/publication/figures/hcg16_global_profile.pdf, results/publication/figures/hcg30_global_profile.pdf, results/publication/figures/hcg31_global_profile.pdf, results/publication/figures/hcg90_global_profile.pdf, results/publication/figures/hcg91_global_profile.pdf, results/publication/figures/hcg97_global_profile.pdf, results/publication/figures/hcg16_mom0_pbc_zoom.pdf, results/publication/figures/hcg30_mom0_pbc_zoom.pdf, results/publication/figures/hcg31_mom0_pbc_zoom.pdf, results/publication/figures/hcg90_mom0_pbc_zoom.pdf, results/publication/figures/hcg91_mom0_pbc_zoom.pdf, results/publication/figures/hcg97_mom0_pbc_zoom.pdf, results/publication/figures/hcg16_mom0_pbc_large.pdf, results/publication/figures/hcg30_mom0_pbc_large.pdf, results/publication/figures/hcg31_mom0_pbc_large.pdf, results/publication/figures/hcg90_mom0_pbc_large.pdf, results/publication/figures/hcg91_mom0_pbc_large.pdf, results/publication/figures/hcg97_mom0_pbc_large.pdf, results/publication/figures/hcg16_coldens_pbc_zoom.pdf, results/publication/figures/hcg30_coldens_pbc_zoom.pdf, results/publication/figures/hcg31_coldens_pbc_zoom.pdf, results/publication/figures/hcg90_coldens_pbc_zoom.pdf, results/publication/figures/hcg91_coldens_pbc_zoom.pdf, results/publication/figures/hcg97_coldens_pbc_zoom.pdf, results/publication/figures/hcg16_coldens_pbc_large.pdf, results/publication/figures/hcg30_coldens_pbc_large.pdf, results/publication/figures/hcg31_coldens_pbc_large.pdf, results/publication/figures/hcg90_coldens_pbc_large.pdf, results/publication/figures/hcg91_coldens_pbc_large.pdf, results/publication/figures/hcg97_coldens_pbc_large.pdf, results/publication/figures/hcg16_mom1_pbc_zoom.pdf, results/publication/figures/hcg30_mom1_pbc_zoom.pdf, results/publication/figures/hcg31_mom1_pbc_zoom.pdf, results/publication/figures/hcg90_mom1_pbc_zoom.pdf, results/publication/figures/hcg91_mom1_pbc_zoom.pdf, results/publication/figures/hcg97_mom1_pbc_zoom.pdf, results/publication/figures/hcg16_mom1_pbc_large.pdf, results/publication/figures/hcg30_mom1_pbc_large.pdf, results/publication/figures/hcg31_mom1_pbc_large.pdf, results/publication/figures/hcg90_mom1_pbc_large.pdf, results/publication/figures/hcg91_mom1_pbc_large.pdf, results/publication/figures/hcg97_mom1_pbc_large.pdf, results/publication/figures/hcg16_segmented_pv_view_mom0.pdf, results/publication/figures/hcg16_segmented_pv.pdf, results/publication/figures/hcg16_segmented_pv_vla.pdf, results/publication/figures/hcg16_optical_mom0.pdf, results/publication/figures/hcg30_optical_mom0.pdf, results/publication/figures/hcg31_optical_mom0.pdf, results/publication/figures/hcg90_optical_mom0.pdf, results/publication/figures/hcg91_optical_mom0.pdf, results/publication/figures/hcg97_optical_mom0.pdf
    output: results/publication/figures/hcg16_chanmap170_pbc_zoom.pdf, results/publication/figures/hcg16_chanmap171_pbc_zoom.pdf
    jobid: 41
    reason: Missing output files: results/publication/figures/hcg16_chanmap171_pbc_zoom.pdf, results/publication/figures/hcg16_chanmap170_pbc_zoom.pdf
    resources: mem_mb=22522, mem_mib=21479, disk_mb=22522, disk_mib=21479, tmpdir=/tmp

Shutting down, this might take some time.
Exiting because a job execution failed. Look above for error message
Complete log: .snakemake/log/2024-02-03T090434.163413.snakemake.log
