Building DAG of jobs...
Using shell: /bin/bash
Provided cores: 24
Rules claiming more threads will be scaled down.
Job stats:
job                         count
------------------------  -------
plot_gbt_meerkat_spectra        4
plot_gbt_vs_meerkat_flux        1
plot_global_prof                4
plot_moments                    4
plot_noise_specaxis             4
plot_segmented_pvdiag           1
plot_sofia_products             1
plot_velocity_ra                4
tex2pdf_with_bib                1
total                          24

Select jobs to execute...

[Wed Jan 31 06:45:35 2024]
rule plot_sofia_products:
    input: data/hcg30/optical/legacystamps_69.154167_-3.184722_ls-dr10-gfilter.fits, data/hcg30/optical/legacystamps_69.154167_-3.184722_ls-dr10-zfilter.fits, data/hcg30/optical/legacystamps_69.154167_-3.184722_ls-dr10-ifilter.fits, results/sofia_pbc/hcg30/hcg30_line60_masked.pb_corr_vopt_cubelets/hcg30_line60_masked.pb_corr_vopt_1_mom0.fits, results/sofia_pbc/hcg16/hcg16_line60_masked.pb_corr_vopt_cubelets/hcg16_line60_masked.pb_corr_vopt_1_mom0.fits, results/sofia_pbc/hcg30/hcg30_line60_masked.pb_corr_vopt_cubelets/hcg30_line60_masked.pb_corr_vopt_1_mom0.fits, results/sofia_pbc/hcg31/hcg31_line60_masked.pb_corr_vopt_cubelets/hcg31_line60_masked.pb_corr_vopt_1_mom0.fits, results/sofia_pbc/hcg91/hcg91_line60_masked.pb_corr_vopt_cubelets/hcg91_line60_masked.pb_corr_vopt_1_mom0.fits
    output: results/publication/figures/ngc1622_mom0.pdf, results/publication/figures/ngc1622_snr.pdf, results/publication/figures/ngc1622_mom1.pdf, results/publication/figures/ngc1622_chan.pdf, results/publication/figures/ngc1622_mom2.pdf, results/publication/figures/ngc1622_spec.pdf
    jobid: 1
    reason: Missing output files: results/publication/figures/ngc1622_chan.pdf, results/publication/figures/ngc1622_mom1.pdf, results/publication/figures/ngc1622_mom0.pdf, results/publication/figures/ngc1622_spec.pdf, results/publication/figures/ngc1622_snr.pdf, results/publication/figures/ngc1622_mom2.pdf; Set of input files has changed since last execution
    resources: mem_mb=1000, mem_mib=954, disk_mb=1000, disk_mib=954, tmpdir=/tmp

[Wed Jan 31 06:45:59 2024]
Finished job 1.
1 of 24 steps (4%) done
Select jobs to execute...

[Wed Jan 31 06:45:59 2024]
rule plot_gbt_meerkat_spectra:
    input: results/data/hcg91/hcg91_line60_masked.pb_corr_vopt.fits, results/publication/figures/ngc1622_mom0.pdf, results/publication/figures/ngc1622_snr.pdf, results/publication/figures/ngc1622_mom1.pdf, results/publication/figures/ngc1622_chan.pdf, results/publication/figures/ngc1622_mom2.pdf, results/publication/figures/ngc1622_spec.pdf
    output: results/publication/figures/hcg91_meerkat_gbt_spec.pdf
    jobid: 9
    reason: Missing output files: results/publication/figures/hcg91_meerkat_gbt_spec.pdf; Input files updated by another job: results/publication/figures/ngc1622_mom0.pdf, results/publication/figures/ngc1622_spec.pdf, results/publication/figures/ngc1622_chan.pdf, results/publication/figures/ngc1622_snr.pdf, results/publication/figures/ngc1622_mom2.pdf, results/publication/figures/ngc1622_mom1.pdf
    wildcards: gal_idx=hcg91
    resources: mem_mb=3324, mem_mib=3171, disk_mb=3324, disk_mib=3171, tmpdir=/tmp


[Wed Jan 31 06:45:59 2024]
rule plot_gbt_meerkat_spectra:
    input: results/data/hcg16/hcg16_line60_masked.pb_corr_vopt.fits, results/publication/figures/ngc1622_mom0.pdf, results/publication/figures/ngc1622_snr.pdf, results/publication/figures/ngc1622_mom1.pdf, results/publication/figures/ngc1622_chan.pdf, results/publication/figures/ngc1622_mom2.pdf, results/publication/figures/ngc1622_spec.pdf
    output: results/publication/figures/hcg16_meerkat_gbt_spec.pdf
    jobid: 6
    reason: Missing output files: results/publication/figures/hcg16_meerkat_gbt_spec.pdf; Input files updated by another job: results/publication/figures/ngc1622_mom0.pdf, results/publication/figures/ngc1622_spec.pdf, results/publication/figures/ngc1622_chan.pdf, results/publication/figures/ngc1622_snr.pdf, results/publication/figures/ngc1622_mom2.pdf, results/publication/figures/ngc1622_mom1.pdf
    wildcards: gal_idx=hcg16
    resources: mem_mb=1079, mem_mib=1030, disk_mb=1079, disk_mib=1030, tmpdir=/tmp


[Wed Jan 31 06:45:59 2024]
rule plot_gbt_meerkat_spectra:
    input: results/data/hcg30/hcg30_line60_masked.pb_corr_vopt.fits, results/publication/figures/ngc1622_mom0.pdf, results/publication/figures/ngc1622_snr.pdf, results/publication/figures/ngc1622_mom1.pdf, results/publication/figures/ngc1622_chan.pdf, results/publication/figures/ngc1622_mom2.pdf, results/publication/figures/ngc1622_spec.pdf
    output: results/publication/figures/hcg30_meerkat_gbt_spec.pdf
    jobid: 7
    reason: Missing output files: results/publication/figures/hcg30_meerkat_gbt_spec.pdf; Input files updated by another job: results/publication/figures/ngc1622_mom0.pdf, results/publication/figures/ngc1622_spec.pdf, results/publication/figures/ngc1622_chan.pdf, results/publication/figures/ngc1622_snr.pdf, results/publication/figures/ngc1622_mom2.pdf, results/publication/figures/ngc1622_mom1.pdf
    wildcards: gal_idx=hcg30
    resources: mem_mb=1214, mem_mib=1158, disk_mb=1214, disk_mib=1158, tmpdir=/tmp


[Wed Jan 31 06:45:59 2024]
rule plot_gbt_meerkat_spectra:
    input: results/data/hcg31/hcg31_line60_masked.pb_corr_vopt.fits, results/publication/figures/ngc1622_mom0.pdf, results/publication/figures/ngc1622_snr.pdf, results/publication/figures/ngc1622_mom1.pdf, results/publication/figures/ngc1622_chan.pdf, results/publication/figures/ngc1622_mom2.pdf, results/publication/figures/ngc1622_spec.pdf
    output: results/publication/figures/hcg31_meerkat_gbt_spec.pdf
    jobid: 8
    reason: Missing output files: results/publication/figures/hcg31_meerkat_gbt_spec.pdf; Input files updated by another job: results/publication/figures/ngc1622_mom0.pdf, results/publication/figures/ngc1622_spec.pdf, results/publication/figures/ngc1622_chan.pdf, results/publication/figures/ngc1622_snr.pdf, results/publication/figures/ngc1622_mom2.pdf, results/publication/figures/ngc1622_mom1.pdf
    wildcards: gal_idx=hcg31
    resources: mem_mb=1901, mem_mib=1813, disk_mb=1901, disk_mib=1813, tmpdir=/tmp

[Wed Jan 31 06:46:14 2024]
Finished job 6.
2 of 24 steps (8%) done
[Wed Jan 31 06:46:15 2024]
Finished job 7.
3 of 24 steps (12%) done
[Wed Jan 31 06:46:17 2024]
Finished job 8.
4 of 24 steps (17%) done
[Wed Jan 31 06:46:24 2024]
Finished job 9.
5 of 24 steps (21%) done
Select jobs to execute...

[Wed Jan 31 06:46:24 2024]
rule plot_gbt_vs_meerkat_flux:
    input: results/data/hcg16/hcg16_line60_masked.pb_corr_vopt.fits, results/data/hcg30/hcg30_line60_masked.pb_corr_vopt.fits, results/data/hcg31/hcg31_line60_masked.pb_corr_vopt.fits, results/data/hcg91/hcg91_line60_masked.pb_corr_vopt.fits, results/publication/figures/ngc1622_mom0.pdf, results/publication/figures/ngc1622_snr.pdf, results/publication/figures/ngc1622_mom1.pdf, results/publication/figures/ngc1622_chan.pdf, results/publication/figures/ngc1622_mom2.pdf, results/publication/figures/ngc1622_spec.pdf, results/publication/figures/hcg16_meerkat_gbt_spec.pdf, results/publication/figures/hcg30_meerkat_gbt_spec.pdf, results/publication/figures/hcg31_meerkat_gbt_spec.pdf, results/publication/figures/hcg91_meerkat_gbt_spec.pdf
    output: results/publication/figures/hcgs_meerkat_gbt_flux.pdf
    jobid: 10
    reason: Missing output files: results/publication/figures/hcgs_meerkat_gbt_flux.pdf; Input files updated by another job: results/publication/figures/hcg31_meerkat_gbt_spec.pdf, results/publication/figures/ngc1622_chan.pdf, results/publication/figures/ngc1622_mom1.pdf, results/publication/figures/ngc1622_mom2.pdf, results/publication/figures/ngc1622_mom0.pdf, results/publication/figures/ngc1622_spec.pdf, results/publication/figures/hcg91_meerkat_gbt_spec.pdf, results/publication/figures/hcg16_meerkat_gbt_spec.pdf, results/publication/figures/ngc1622_snr.pdf, results/publication/figures/hcg30_meerkat_gbt_spec.pdf
    resources: mem_mb=7486, mem_mib=7140, disk_mb=7486, disk_mib=7140, tmpdir=/tmp

[Wed Jan 31 06:46:49 2024]
Finished job 10.
6 of 24 steps (25%) done
Select jobs to execute...

[Wed Jan 31 06:46:49 2024]
rule plot_velocity_ra:
    input: results/data/hcg16/hcg16_line60_masked.image_vopt.fits, results/publication/figures/ngc1622_mom0.pdf, results/publication/figures/ngc1622_snr.pdf, results/publication/figures/ngc1622_mom1.pdf, results/publication/figures/ngc1622_chan.pdf, results/publication/figures/ngc1622_mom2.pdf, results/publication/figures/ngc1622_spec.pdf, results/publication/figures/hcg16_meerkat_gbt_spec.pdf, results/publication/figures/hcg30_meerkat_gbt_spec.pdf, results/publication/figures/hcg31_meerkat_gbt_spec.pdf, results/publication/figures/hcg91_meerkat_gbt_spec.pdf, results/publication/figures/hcgs_meerkat_gbt_flux.pdf
    output: results/publication/figures/hcg16_velocity_ra.pdf
    jobid: 11
    reason: Missing output files: results/publication/figures/hcg16_velocity_ra.pdf; Input files updated by another job: results/publication/figures/hcgs_meerkat_gbt_flux.pdf, results/publication/figures/hcg31_meerkat_gbt_spec.pdf, results/publication/figures/ngc1622_chan.pdf, results/publication/figures/ngc1622_mom1.pdf, results/publication/figures/ngc1622_mom2.pdf, results/publication/figures/ngc1622_mom0.pdf, results/publication/figures/ngc1622_spec.pdf, results/publication/figures/hcg91_meerkat_gbt_spec.pdf, results/publication/figures/hcg16_meerkat_gbt_spec.pdf, results/publication/figures/ngc1622_snr.pdf, results/publication/figures/hcg30_meerkat_gbt_spec.pdf
    wildcards: gal_idx=hcg16
    resources: mem_mb=1079, mem_mib=1030, disk_mb=1079, disk_mib=1030, tmpdir=/tmp


[Wed Jan 31 06:46:49 2024]
rule plot_velocity_ra:
    input: results/data/hcg30/hcg30_line60_masked.image_vopt.fits, results/publication/figures/ngc1622_mom0.pdf, results/publication/figures/ngc1622_snr.pdf, results/publication/figures/ngc1622_mom1.pdf, results/publication/figures/ngc1622_chan.pdf, results/publication/figures/ngc1622_mom2.pdf, results/publication/figures/ngc1622_spec.pdf, results/publication/figures/hcg16_meerkat_gbt_spec.pdf, results/publication/figures/hcg30_meerkat_gbt_spec.pdf, results/publication/figures/hcg31_meerkat_gbt_spec.pdf, results/publication/figures/hcg91_meerkat_gbt_spec.pdf, results/publication/figures/hcgs_meerkat_gbt_flux.pdf
    output: results/publication/figures/hcg30_velocity_ra.pdf
    jobid: 12
    reason: Missing output files: results/publication/figures/hcg30_velocity_ra.pdf; Input files updated by another job: results/publication/figures/hcgs_meerkat_gbt_flux.pdf, results/publication/figures/hcg31_meerkat_gbt_spec.pdf, results/publication/figures/ngc1622_chan.pdf, results/publication/figures/ngc1622_mom1.pdf, results/publication/figures/ngc1622_mom2.pdf, results/publication/figures/ngc1622_mom0.pdf, results/publication/figures/ngc1622_spec.pdf, results/publication/figures/hcg91_meerkat_gbt_spec.pdf, results/publication/figures/hcg16_meerkat_gbt_spec.pdf, results/publication/figures/ngc1622_snr.pdf, results/publication/figures/hcg30_meerkat_gbt_spec.pdf
    wildcards: gal_idx=hcg30
    resources: mem_mb=1214, mem_mib=1158, disk_mb=1214, disk_mib=1158, tmpdir=/tmp


[Wed Jan 31 06:46:49 2024]
rule plot_velocity_ra:
    input: results/data/hcg31/hcg31_line60_masked.image_vopt.fits, results/publication/figures/ngc1622_mom0.pdf, results/publication/figures/ngc1622_snr.pdf, results/publication/figures/ngc1622_mom1.pdf, results/publication/figures/ngc1622_chan.pdf, results/publication/figures/ngc1622_mom2.pdf, results/publication/figures/ngc1622_spec.pdf, results/publication/figures/hcg16_meerkat_gbt_spec.pdf, results/publication/figures/hcg30_meerkat_gbt_spec.pdf, results/publication/figures/hcg31_meerkat_gbt_spec.pdf, results/publication/figures/hcg91_meerkat_gbt_spec.pdf, results/publication/figures/hcgs_meerkat_gbt_flux.pdf
    output: results/publication/figures/hcg31_velocity_ra.pdf
    jobid: 13
    reason: Missing output files: results/publication/figures/hcg31_velocity_ra.pdf; Input files updated by another job: results/publication/figures/hcgs_meerkat_gbt_flux.pdf, results/publication/figures/hcg31_meerkat_gbt_spec.pdf, results/publication/figures/ngc1622_chan.pdf, results/publication/figures/ngc1622_mom1.pdf, results/publication/figures/ngc1622_mom2.pdf, results/publication/figures/ngc1622_mom0.pdf, results/publication/figures/ngc1622_spec.pdf, results/publication/figures/hcg91_meerkat_gbt_spec.pdf, results/publication/figures/hcg16_meerkat_gbt_spec.pdf, results/publication/figures/ngc1622_snr.pdf, results/publication/figures/hcg30_meerkat_gbt_spec.pdf
    wildcards: gal_idx=hcg31
    resources: mem_mb=1901, mem_mib=1813, disk_mb=1901, disk_mib=1813, tmpdir=/tmp


[Wed Jan 31 06:46:49 2024]
rule plot_velocity_ra:
    input: results/data/hcg91/hcg91_line60_masked.image_vopt.fits, results/publication/figures/ngc1622_mom0.pdf, results/publication/figures/ngc1622_snr.pdf, results/publication/figures/ngc1622_mom1.pdf, results/publication/figures/ngc1622_chan.pdf, results/publication/figures/ngc1622_mom2.pdf, results/publication/figures/ngc1622_spec.pdf, results/publication/figures/hcg16_meerkat_gbt_spec.pdf, results/publication/figures/hcg30_meerkat_gbt_spec.pdf, results/publication/figures/hcg31_meerkat_gbt_spec.pdf, results/publication/figures/hcg91_meerkat_gbt_spec.pdf, results/publication/figures/hcgs_meerkat_gbt_flux.pdf
    output: results/publication/figures/hcg91_velocity_ra.pdf
    jobid: 14
    reason: Missing output files: results/publication/figures/hcg91_velocity_ra.pdf; Input files updated by another job: results/publication/figures/hcgs_meerkat_gbt_flux.pdf, results/publication/figures/hcg31_meerkat_gbt_spec.pdf, results/publication/figures/ngc1622_chan.pdf, results/publication/figures/ngc1622_mom1.pdf, results/publication/figures/ngc1622_mom2.pdf, results/publication/figures/ngc1622_mom0.pdf, results/publication/figures/ngc1622_spec.pdf, results/publication/figures/hcg91_meerkat_gbt_spec.pdf, results/publication/figures/hcg16_meerkat_gbt_spec.pdf, results/publication/figures/ngc1622_snr.pdf, results/publication/figures/hcg30_meerkat_gbt_spec.pdf
    wildcards: gal_idx=hcg91
    resources: mem_mb=3324, mem_mib=3171, disk_mb=3324, disk_mib=3171, tmpdir=/tmp

[Wed Jan 31 06:47:08 2024]
Finished job 11.
7 of 24 steps (29%) done
[Wed Jan 31 06:47:08 2024]
Finished job 12.
8 of 24 steps (33%) done
[Wed Jan 31 06:47:14 2024]
Finished job 13.
9 of 24 steps (38%) done
[Wed Jan 31 06:47:28 2024]
Finished job 14.
10 of 24 steps (42%) done
Select jobs to execute...

[Wed Jan 31 06:47:28 2024]
rule plot_noise_specaxis:
    input: results/sofia/hcg31/hcg31_line60_masked.image_vopt_noise.fits, results/publication/figures/ngc1622_mom0.pdf, results/publication/figures/ngc1622_snr.pdf, results/publication/figures/ngc1622_mom1.pdf, results/publication/figures/ngc1622_chan.pdf, results/publication/figures/ngc1622_mom2.pdf, results/publication/figures/ngc1622_spec.pdf, results/publication/figures/hcg16_meerkat_gbt_spec.pdf, results/publication/figures/hcg30_meerkat_gbt_spec.pdf, results/publication/figures/hcg31_meerkat_gbt_spec.pdf, results/publication/figures/hcg91_meerkat_gbt_spec.pdf, results/publication/figures/hcgs_meerkat_gbt_flux.pdf, results/publication/figures/hcg16_velocity_ra.pdf, results/publication/figures/hcg30_velocity_ra.pdf, results/publication/figures/hcg31_velocity_ra.pdf, results/publication/figures/hcg91_velocity_ra.pdf
    output: results/publication/figures/hcg31_noise_specaxis.pdf
    jobid: 17
    reason: Missing output files: results/publication/figures/hcg31_noise_specaxis.pdf; Input files updated by another job: results/publication/figures/hcgs_meerkat_gbt_flux.pdf, results/publication/figures/hcg31_meerkat_gbt_spec.pdf, results/publication/figures/hcg16_velocity_ra.pdf, results/publication/figures/hcg30_velocity_ra.pdf, results/publication/figures/hcg31_velocity_ra.pdf, results/publication/figures/ngc1622_chan.pdf, results/publication/figures/hcg91_velocity_ra.pdf, results/publication/figures/ngc1622_mom1.pdf, results/publication/figures/ngc1622_mom2.pdf, results/publication/figures/ngc1622_mom0.pdf, results/publication/figures/ngc1622_spec.pdf, results/publication/figures/hcg91_meerkat_gbt_spec.pdf, results/publication/figures/hcg16_meerkat_gbt_spec.pdf, results/publication/figures/ngc1622_snr.pdf, results/publication/figures/hcg30_meerkat_gbt_spec.pdf
    wildcards: gal_idx=hcg31
    resources: mem_mb=1906, mem_mib=1818, disk_mb=1906, disk_mib=1818, tmpdir=/tmp


[Wed Jan 31 06:47:28 2024]
rule plot_noise_specaxis:
    input: results/sofia/hcg91/hcg91_line60_masked.image_vopt_noise.fits, results/publication/figures/ngc1622_mom0.pdf, results/publication/figures/ngc1622_snr.pdf, results/publication/figures/ngc1622_mom1.pdf, results/publication/figures/ngc1622_chan.pdf, results/publication/figures/ngc1622_mom2.pdf, results/publication/figures/ngc1622_spec.pdf, results/publication/figures/hcg16_meerkat_gbt_spec.pdf, results/publication/figures/hcg30_meerkat_gbt_spec.pdf, results/publication/figures/hcg31_meerkat_gbt_spec.pdf, results/publication/figures/hcg91_meerkat_gbt_spec.pdf, results/publication/figures/hcgs_meerkat_gbt_flux.pdf, results/publication/figures/hcg16_velocity_ra.pdf, results/publication/figures/hcg30_velocity_ra.pdf, results/publication/figures/hcg31_velocity_ra.pdf, results/publication/figures/hcg91_velocity_ra.pdf
    output: results/publication/figures/hcg91_noise_specaxis.pdf
    jobid: 18
    reason: Missing output files: results/publication/figures/hcg91_noise_specaxis.pdf; Input files updated by another job: results/publication/figures/hcgs_meerkat_gbt_flux.pdf, results/publication/figures/hcg31_meerkat_gbt_spec.pdf, results/publication/figures/hcg16_velocity_ra.pdf, results/publication/figures/hcg30_velocity_ra.pdf, results/publication/figures/hcg31_velocity_ra.pdf, results/publication/figures/ngc1622_chan.pdf, results/publication/figures/hcg91_velocity_ra.pdf, results/publication/figures/ngc1622_mom1.pdf, results/publication/figures/ngc1622_mom2.pdf, results/publication/figures/ngc1622_mom0.pdf, results/publication/figures/ngc1622_spec.pdf, results/publication/figures/hcg91_meerkat_gbt_spec.pdf, results/publication/figures/hcg16_meerkat_gbt_spec.pdf, results/publication/figures/ngc1622_snr.pdf, results/publication/figures/hcg30_meerkat_gbt_spec.pdf
    wildcards: gal_idx=hcg91
    resources: mem_mb=3328, mem_mib=3174, disk_mb=3328, disk_mib=3174, tmpdir=/tmp


[Wed Jan 31 06:47:28 2024]
rule plot_noise_specaxis:
    input: results/sofia/hcg16/hcg16_line60_masked.image_vopt_noise.fits, results/publication/figures/ngc1622_mom0.pdf, results/publication/figures/ngc1622_snr.pdf, results/publication/figures/ngc1622_mom1.pdf, results/publication/figures/ngc1622_chan.pdf, results/publication/figures/ngc1622_mom2.pdf, results/publication/figures/ngc1622_spec.pdf, results/publication/figures/hcg16_meerkat_gbt_spec.pdf, results/publication/figures/hcg30_meerkat_gbt_spec.pdf, results/publication/figures/hcg31_meerkat_gbt_spec.pdf, results/publication/figures/hcg91_meerkat_gbt_spec.pdf, results/publication/figures/hcgs_meerkat_gbt_flux.pdf, results/publication/figures/hcg16_velocity_ra.pdf, results/publication/figures/hcg30_velocity_ra.pdf, results/publication/figures/hcg31_velocity_ra.pdf, results/publication/figures/hcg91_velocity_ra.pdf
    output: results/publication/figures/hcg16_noise_specaxis.pdf
    jobid: 15
    reason: Missing output files: results/publication/figures/hcg16_noise_specaxis.pdf; Input files updated by another job: results/publication/figures/hcgs_meerkat_gbt_flux.pdf, results/publication/figures/hcg31_meerkat_gbt_spec.pdf, results/publication/figures/hcg16_velocity_ra.pdf, results/publication/figures/hcg30_velocity_ra.pdf, results/publication/figures/hcg31_velocity_ra.pdf, results/publication/figures/ngc1622_chan.pdf, results/publication/figures/hcg91_velocity_ra.pdf, results/publication/figures/ngc1622_mom1.pdf, results/publication/figures/ngc1622_mom2.pdf, results/publication/figures/ngc1622_mom0.pdf, results/publication/figures/ngc1622_spec.pdf, results/publication/figures/hcg91_meerkat_gbt_spec.pdf, results/publication/figures/hcg16_meerkat_gbt_spec.pdf, results/publication/figures/ngc1622_snr.pdf, results/publication/figures/hcg30_meerkat_gbt_spec.pdf
    wildcards: gal_idx=hcg16
    resources: mem_mb=1084, mem_mib=1034, disk_mb=1084, disk_mib=1034, tmpdir=/tmp


[Wed Jan 31 06:47:28 2024]
rule plot_noise_specaxis:
    input: results/sofia/hcg30/hcg30_line60_masked.image_vopt_noise.fits, results/publication/figures/ngc1622_mom0.pdf, results/publication/figures/ngc1622_snr.pdf, results/publication/figures/ngc1622_mom1.pdf, results/publication/figures/ngc1622_chan.pdf, results/publication/figures/ngc1622_mom2.pdf, results/publication/figures/ngc1622_spec.pdf, results/publication/figures/hcg16_meerkat_gbt_spec.pdf, results/publication/figures/hcg30_meerkat_gbt_spec.pdf, results/publication/figures/hcg31_meerkat_gbt_spec.pdf, results/publication/figures/hcg91_meerkat_gbt_spec.pdf, results/publication/figures/hcgs_meerkat_gbt_flux.pdf, results/publication/figures/hcg16_velocity_ra.pdf, results/publication/figures/hcg30_velocity_ra.pdf, results/publication/figures/hcg31_velocity_ra.pdf, results/publication/figures/hcg91_velocity_ra.pdf
    output: results/publication/figures/hcg30_noise_specaxis.pdf
    jobid: 16
    reason: Missing output files: results/publication/figures/hcg30_noise_specaxis.pdf; Input files updated by another job: results/publication/figures/hcgs_meerkat_gbt_flux.pdf, results/publication/figures/hcg31_meerkat_gbt_spec.pdf, results/publication/figures/hcg16_velocity_ra.pdf, results/publication/figures/hcg30_velocity_ra.pdf, results/publication/figures/hcg31_velocity_ra.pdf, results/publication/figures/ngc1622_chan.pdf, results/publication/figures/hcg91_velocity_ra.pdf, results/publication/figures/ngc1622_mom1.pdf, results/publication/figures/ngc1622_mom2.pdf, results/publication/figures/ngc1622_mom0.pdf, results/publication/figures/ngc1622_spec.pdf, results/publication/figures/hcg91_meerkat_gbt_spec.pdf, results/publication/figures/hcg16_meerkat_gbt_spec.pdf, results/publication/figures/ngc1622_snr.pdf, results/publication/figures/hcg30_meerkat_gbt_spec.pdf
    wildcards: gal_idx=hcg30
    resources: mem_mb=1219, mem_mib=1163, disk_mb=1219, disk_mib=1163, tmpdir=/tmp

[Wed Jan 31 06:47:39 2024]
Finished job 15.
11 of 24 steps (46%) done
[Wed Jan 31 06:47:39 2024]
Finished job 16.
12 of 24 steps (50%) done
[Wed Jan 31 06:47:41 2024]
Finished job 17.
13 of 24 steps (54%) done
[Wed Jan 31 06:47:44 2024]
Finished job 18.
14 of 24 steps (58%) done
Select jobs to execute...

[Wed Jan 31 06:47:44 2024]
rule plot_global_prof:
    input: results/data/hcg16/hcg16_line60_masked.pb_corr_vopt.fits, data/hcg16/vla_data/hcg16_spec.txt, results/sofia_pbc/hcg16/hcg16_line60_masked.pb_corr_vopt_mask.fits, results/publication/figures/ngc1622_mom0.pdf, results/publication/figures/ngc1622_snr.pdf, results/publication/figures/ngc1622_mom1.pdf, results/publication/figures/ngc1622_chan.pdf, results/publication/figures/ngc1622_mom2.pdf, results/publication/figures/ngc1622_spec.pdf, results/publication/figures/hcg16_meerkat_gbt_spec.pdf, results/publication/figures/hcg30_meerkat_gbt_spec.pdf, results/publication/figures/hcg31_meerkat_gbt_spec.pdf, results/publication/figures/hcg91_meerkat_gbt_spec.pdf, results/publication/figures/hcgs_meerkat_gbt_flux.pdf, results/publication/figures/hcg16_velocity_ra.pdf, results/publication/figures/hcg30_velocity_ra.pdf, results/publication/figures/hcg31_velocity_ra.pdf, results/publication/figures/hcg91_velocity_ra.pdf, results/publication/figures/hcg16_noise_specaxis.pdf, results/publication/figures/hcg30_noise_specaxis.pdf, results/publication/figures/hcg31_noise_specaxis.pdf, results/publication/figures/hcg91_noise_specaxis.pdf
    output: results/publication/figures/hcg16_global_profile.pdf
    jobid: 19
    reason: Missing output files: results/publication/figures/hcg16_global_profile.pdf; Input files updated by another job: results/publication/figures/hcg31_noise_specaxis.pdf, results/publication/figures/hcg31_meerkat_gbt_spec.pdf, results/publication/figures/hcg31_velocity_ra.pdf, results/publication/figures/hcg91_velocity_ra.pdf, results/publication/figures/hcg91_noise_specaxis.pdf, results/publication/figures/ngc1622_spec.pdf, results/publication/figures/hcg16_meerkat_gbt_spec.pdf, results/publication/figures/ngc1622_snr.pdf, results/publication/figures/hcg30_noise_specaxis.pdf, results/publication/figures/ngc1622_mom2.pdf, results/publication/figures/hcg16_velocity_ra.pdf, results/publication/figures/hcg30_velocity_ra.pdf, results/publication/figures/ngc1622_chan.pdf, results/publication/figures/ngc1622_mom1.pdf, results/publication/figures/hcg16_noise_specaxis.pdf, results/publication/figures/ngc1622_mom0.pdf, results/publication/figures/hcg91_meerkat_gbt_spec.pdf, results/publication/figures/hcgs_meerkat_gbt_flux.pdf, results/publication/figures/hcg30_meerkat_gbt_spec.pdf
    wildcards: gal_idx=hcg16
    resources: mem_mb=2153, mem_mib=2054, disk_mb=2153, disk_mib=2054, tmpdir=/tmp


[Wed Jan 31 06:47:44 2024]
rule plot_global_prof:
    input: results/data/hcg30/hcg30_line60_masked.pb_corr_vopt.fits, data/hcg30/vla_data/hcg30_spec.txt, results/sofia_pbc/hcg30/hcg30_line60_masked.pb_corr_vopt_mask.fits, results/publication/figures/ngc1622_mom0.pdf, results/publication/figures/ngc1622_snr.pdf, results/publication/figures/ngc1622_mom1.pdf, results/publication/figures/ngc1622_chan.pdf, results/publication/figures/ngc1622_mom2.pdf, results/publication/figures/ngc1622_spec.pdf, results/publication/figures/hcg16_meerkat_gbt_spec.pdf, results/publication/figures/hcg30_meerkat_gbt_spec.pdf, results/publication/figures/hcg31_meerkat_gbt_spec.pdf, results/publication/figures/hcg91_meerkat_gbt_spec.pdf, results/publication/figures/hcgs_meerkat_gbt_flux.pdf, results/publication/figures/hcg16_velocity_ra.pdf, results/publication/figures/hcg30_velocity_ra.pdf, results/publication/figures/hcg31_velocity_ra.pdf, results/publication/figures/hcg91_velocity_ra.pdf, results/publication/figures/hcg16_noise_specaxis.pdf, results/publication/figures/hcg30_noise_specaxis.pdf, results/publication/figures/hcg31_noise_specaxis.pdf, results/publication/figures/hcg91_noise_specaxis.pdf
    output: results/publication/figures/hcg30_global_profile.pdf
    jobid: 20
    reason: Missing output files: results/publication/figures/hcg30_global_profile.pdf; Input files updated by another job: results/publication/figures/hcg31_noise_specaxis.pdf, results/publication/figures/hcg31_meerkat_gbt_spec.pdf, results/publication/figures/hcg31_velocity_ra.pdf, results/publication/figures/hcg91_velocity_ra.pdf, results/publication/figures/hcg91_noise_specaxis.pdf, results/publication/figures/ngc1622_spec.pdf, results/publication/figures/hcg16_meerkat_gbt_spec.pdf, results/publication/figures/ngc1622_snr.pdf, results/publication/figures/hcg30_noise_specaxis.pdf, results/publication/figures/ngc1622_mom2.pdf, results/publication/figures/hcg16_velocity_ra.pdf, results/publication/figures/hcg30_velocity_ra.pdf, results/publication/figures/ngc1622_chan.pdf, results/publication/figures/ngc1622_mom1.pdf, results/publication/figures/hcg16_noise_specaxis.pdf, results/publication/figures/ngc1622_mom0.pdf, results/publication/figures/hcg91_meerkat_gbt_spec.pdf, results/publication/figures/hcgs_meerkat_gbt_flux.pdf, results/publication/figures/hcg30_meerkat_gbt_spec.pdf
    wildcards: gal_idx=hcg30
    resources: mem_mb=2422, mem_mib=2310, disk_mb=2422, disk_mib=2310, tmpdir=/tmp


[Wed Jan 31 06:47:44 2024]
rule plot_global_prof:
    input: results/data/hcg31/hcg31_line60_masked.pb_corr_vopt.fits, data/hcg31/vla_data/hcg31_spec.txt, results/sofia_pbc/hcg31/hcg31_line60_masked.pb_corr_vopt_mask.fits, results/publication/figures/ngc1622_mom0.pdf, results/publication/figures/ngc1622_snr.pdf, results/publication/figures/ngc1622_mom1.pdf, results/publication/figures/ngc1622_chan.pdf, results/publication/figures/ngc1622_mom2.pdf, results/publication/figures/ngc1622_spec.pdf, results/publication/figures/hcg16_meerkat_gbt_spec.pdf, results/publication/figures/hcg30_meerkat_gbt_spec.pdf, results/publication/figures/hcg31_meerkat_gbt_spec.pdf, results/publication/figures/hcg91_meerkat_gbt_spec.pdf, results/publication/figures/hcgs_meerkat_gbt_flux.pdf, results/publication/figures/hcg16_velocity_ra.pdf, results/publication/figures/hcg30_velocity_ra.pdf, results/publication/figures/hcg31_velocity_ra.pdf, results/publication/figures/hcg91_velocity_ra.pdf, results/publication/figures/hcg16_noise_specaxis.pdf, results/publication/figures/hcg30_noise_specaxis.pdf, results/publication/figures/hcg31_noise_specaxis.pdf, results/publication/figures/hcg91_noise_specaxis.pdf
    output: results/publication/figures/hcg31_global_profile.pdf
    jobid: 21
    reason: Missing output files: results/publication/figures/hcg31_global_profile.pdf; Input files updated by another job: results/publication/figures/hcg31_noise_specaxis.pdf, results/publication/figures/hcg31_meerkat_gbt_spec.pdf, results/publication/figures/hcg31_velocity_ra.pdf, results/publication/figures/hcg91_velocity_ra.pdf, results/publication/figures/hcg91_noise_specaxis.pdf, results/publication/figures/ngc1622_spec.pdf, results/publication/figures/hcg16_meerkat_gbt_spec.pdf, results/publication/figures/ngc1622_snr.pdf, results/publication/figures/hcg30_noise_specaxis.pdf, results/publication/figures/ngc1622_mom2.pdf, results/publication/figures/hcg16_velocity_ra.pdf, results/publication/figures/hcg30_velocity_ra.pdf, results/publication/figures/ngc1622_chan.pdf, results/publication/figures/ngc1622_mom1.pdf, results/publication/figures/hcg16_noise_specaxis.pdf, results/publication/figures/ngc1622_mom0.pdf, results/publication/figures/hcg91_meerkat_gbt_spec.pdf, results/publication/figures/hcgs_meerkat_gbt_flux.pdf, results/publication/figures/hcg30_meerkat_gbt_spec.pdf
    wildcards: gal_idx=hcg31
    resources: mem_mb=3796, mem_mib=3621, disk_mb=3796, disk_mib=3621, tmpdir=/tmp


[Wed Jan 31 06:47:44 2024]
rule plot_global_prof:
    input: results/data/hcg91/hcg91_line60_masked.pb_corr_vopt.fits, data/hcg91/vla_data/hcg91_spec.txt, results/sofia_pbc/hcg91/hcg91_line60_masked.pb_corr_vopt_mask.fits, results/publication/figures/ngc1622_mom0.pdf, results/publication/figures/ngc1622_snr.pdf, results/publication/figures/ngc1622_mom1.pdf, results/publication/figures/ngc1622_chan.pdf, results/publication/figures/ngc1622_mom2.pdf, results/publication/figures/ngc1622_spec.pdf, results/publication/figures/hcg16_meerkat_gbt_spec.pdf, results/publication/figures/hcg30_meerkat_gbt_spec.pdf, results/publication/figures/hcg31_meerkat_gbt_spec.pdf, results/publication/figures/hcg91_meerkat_gbt_spec.pdf, results/publication/figures/hcgs_meerkat_gbt_flux.pdf, results/publication/figures/hcg16_velocity_ra.pdf, results/publication/figures/hcg30_velocity_ra.pdf, results/publication/figures/hcg31_velocity_ra.pdf, results/publication/figures/hcg91_velocity_ra.pdf, results/publication/figures/hcg16_noise_specaxis.pdf, results/publication/figures/hcg30_noise_specaxis.pdf, results/publication/figures/hcg31_noise_specaxis.pdf, results/publication/figures/hcg91_noise_specaxis.pdf
    output: results/publication/figures/hcg91_global_profile.pdf
    jobid: 22
    reason: Missing output files: results/publication/figures/hcg91_global_profile.pdf; Input files updated by another job: results/publication/figures/hcg31_noise_specaxis.pdf, results/publication/figures/hcg31_meerkat_gbt_spec.pdf, results/publication/figures/hcg31_velocity_ra.pdf, results/publication/figures/hcg91_velocity_ra.pdf, results/publication/figures/hcg91_noise_specaxis.pdf, results/publication/figures/ngc1622_spec.pdf, results/publication/figures/hcg16_meerkat_gbt_spec.pdf, results/publication/figures/ngc1622_snr.pdf, results/publication/figures/hcg30_noise_specaxis.pdf, results/publication/figures/ngc1622_mom2.pdf, results/publication/figures/hcg16_velocity_ra.pdf, results/publication/figures/hcg30_velocity_ra.pdf, results/publication/figures/ngc1622_chan.pdf, results/publication/figures/ngc1622_mom1.pdf, results/publication/figures/hcg16_noise_specaxis.pdf, results/publication/figures/ngc1622_mom0.pdf, results/publication/figures/hcg91_meerkat_gbt_spec.pdf, results/publication/figures/hcgs_meerkat_gbt_flux.pdf, results/publication/figures/hcg30_meerkat_gbt_spec.pdf
    wildcards: gal_idx=hcg91
    resources: mem_mb=6641, mem_mib=6334, disk_mb=6641, disk_mib=6334, tmpdir=/tmp

[Wed Jan 31 06:48:06 2024]
Finished job 19.
15 of 24 steps (62%) done
[Wed Jan 31 06:48:08 2024]
Finished job 20.
16 of 24 steps (67%) done
[Wed Jan 31 06:48:10 2024]
Finished job 21.
17 of 24 steps (71%) done
[Wed Jan 31 06:48:18 2024]
Finished job 22.
18 of 24 steps (75%) done
Select jobs to execute...

[Wed Jan 31 06:48:18 2024]
rule plot_moments:
    input: results/sofia_pbc/hcg31/hcg31_line60_masked.pb_corr_vopt_mom0.fits, results/sofia_pbc/hcg31/hcg31_line60_masked.pb_corr_vopt_mom1.fits, results/publication/figures/ngc1622_mom0.pdf, results/publication/figures/ngc1622_snr.pdf, results/publication/figures/ngc1622_mom1.pdf, results/publication/figures/ngc1622_chan.pdf, results/publication/figures/ngc1622_mom2.pdf, results/publication/figures/ngc1622_spec.pdf, results/publication/figures/hcg16_meerkat_gbt_spec.pdf, results/publication/figures/hcg30_meerkat_gbt_spec.pdf, results/publication/figures/hcg31_meerkat_gbt_spec.pdf, results/publication/figures/hcg91_meerkat_gbt_spec.pdf, results/publication/figures/hcgs_meerkat_gbt_flux.pdf, results/publication/figures/hcg16_velocity_ra.pdf, results/publication/figures/hcg30_velocity_ra.pdf, results/publication/figures/hcg31_velocity_ra.pdf, results/publication/figures/hcg91_velocity_ra.pdf, results/publication/figures/hcg16_noise_specaxis.pdf, results/publication/figures/hcg30_noise_specaxis.pdf, results/publication/figures/hcg31_noise_specaxis.pdf, results/publication/figures/hcg91_noise_specaxis.pdf, results/publication/figures/hcg16_global_profile.pdf, results/publication/figures/hcg30_global_profile.pdf, results/publication/figures/hcg31_global_profile.pdf, results/publication/figures/hcg91_global_profile.pdf
    output: results/publication/figures/hcg31_mom0_pbc_zoom.pdf, results/publication/figures/hcg31_mom0_pbc_large.pdf, results/publication/figures/hcg31_coldens_pbc_zoom.pdf, results/publication/figures/hcg31_coldens_pbc_large.pdf, results/publication/figures/hcg31_mom1_pbc_zoom.pdf, results/publication/figures/hcg31_mom1_pbc_large.pdf
    jobid: 25
    reason: Missing output files: results/publication/figures/hcg31_mom1_pbc_large.pdf, results/publication/figures/hcg31_mom0_pbc_zoom.pdf, results/publication/figures/hcg31_coldens_pbc_zoom.pdf, results/publication/figures/hcg31_mom1_pbc_zoom.pdf, results/publication/figures/hcg31_mom0_pbc_large.pdf, results/publication/figures/hcg31_coldens_pbc_large.pdf; Input files updated by another job: results/publication/figures/hcg31_noise_specaxis.pdf, results/publication/figures/hcg31_meerkat_gbt_spec.pdf, results/publication/figures/hcg31_velocity_ra.pdf, results/publication/figures/hcg91_velocity_ra.pdf, results/publication/figures/hcg91_noise_specaxis.pdf, results/publication/figures/hcg16_global_profile.pdf, results/publication/figures/hcg30_global_profile.pdf, results/publication/figures/ngc1622_spec.pdf, results/publication/figures/hcg16_meerkat_gbt_spec.pdf, results/publication/figures/hcg91_global_profile.pdf, results/publication/figures/ngc1622_snr.pdf, results/publication/figures/hcg30_noise_specaxis.pdf, results/publication/figures/ngc1622_mom2.pdf, results/publication/figures/hcg16_velocity_ra.pdf, results/publication/figures/hcg30_velocity_ra.pdf, results/publication/figures/ngc1622_chan.pdf, results/publication/figures/ngc1622_mom1.pdf, results/publication/figures/hcg16_noise_specaxis.pdf, results/publication/figures/ngc1622_mom0.pdf, results/publication/figures/hcg31_global_profile.pdf, results/publication/figures/hcg91_meerkat_gbt_spec.pdf, results/publication/figures/hcgs_meerkat_gbt_flux.pdf, results/publication/figures/hcg30_meerkat_gbt_spec.pdf
    wildcards: gal_idx=hcg31
    resources: mem_mb=1000, mem_mib=954, disk_mb=1000, disk_mib=954, tmpdir=/tmp

[Wed Jan 31 06:48:18 2024]
rule plot_moments:
    input: results/sofia_pbc/hcg91/hcg91_line60_masked.pb_corr_vopt_mom0.fits, results/sofia_pbc/hcg91/hcg91_line60_masked.pb_corr_vopt_mom1.fits, results/publication/figures/ngc1622_mom0.pdf, results/publication/figures/ngc1622_snr.pdf, results/publication/figures/ngc1622_mom1.pdf, results/publication/figures/ngc1622_chan.pdf, results/publication/figures/ngc1622_mom2.pdf, results/publication/figures/ngc1622_spec.pdf, results/publication/figures/hcg16_meerkat_gbt_spec.pdf, results/publication/figures/hcg30_meerkat_gbt_spec.pdf, results/publication/figures/hcg31_meerkat_gbt_spec.pdf, results/publication/figures/hcg91_meerkat_gbt_spec.pdf, results/publication/figures/hcgs_meerkat_gbt_flux.pdf, results/publication/figures/hcg16_velocity_ra.pdf, results/publication/figures/hcg30_velocity_ra.pdf, results/publication/figures/hcg31_velocity_ra.pdf, results/publication/figures/hcg91_velocity_ra.pdf, results/publication/figures/hcg16_noise_specaxis.pdf, results/publication/figures/hcg30_noise_specaxis.pdf, results/publication/figures/hcg31_noise_specaxis.pdf, results/publication/figures/hcg91_noise_specaxis.pdf, results/publication/figures/hcg16_global_profile.pdf, results/publication/figures/hcg30_global_profile.pdf, results/publication/figures/hcg31_global_profile.pdf, results/publication/figures/hcg91_global_profile.pdf
    output: results/publication/figures/hcg91_mom0_pbc_zoom.pdf, results/publication/figures/hcg91_mom0_pbc_large.pdf, results/publication/figures/hcg91_coldens_pbc_zoom.pdf, results/publication/figures/hcg91_coldens_pbc_large.pdf, results/publication/figures/hcg91_mom1_pbc_zoom.pdf, results/publication/figures/hcg91_mom1_pbc_large.pdf
    jobid: 26
    reason: Missing output files: results/publication/figures/hcg91_coldens_pbc_zoom.pdf, results/publication/figures/hcg91_mom1_pbc_large.pdf, results/publication/figures/hcg91_mom0_pbc_zoom.pdf, results/publication/figures/hcg91_coldens_pbc_large.pdf, results/publication/figures/hcg91_mom1_pbc_zoom.pdf, results/publication/figures/hcg91_mom0_pbc_large.pdf; Input files updated by another job: results/publication/figures/hcg31_noise_specaxis.pdf, results/publication/figures/hcg31_meerkat_gbt_spec.pdf, results/publication/figures/hcg31_velocity_ra.pdf, results/publication/figures/hcg91_velocity_ra.pdf, results/publication/figures/hcg91_noise_specaxis.pdf, results/publication/figures/hcg16_global_profile.pdf, results/publication/figures/hcg30_global_profile.pdf, results/publication/figures/ngc1622_spec.pdf, results/publication/figures/hcg16_meerkat_gbt_spec.pdf, results/publication/figures/hcg91_global_profile.pdf, results/publication/figures/ngc1622_snr.pdf, results/publication/figures/hcg30_noise_specaxis.pdf, results/publication/figures/ngc1622_mom2.pdf, results/publication/figures/hcg16_velocity_ra.pdf, results/publication/figures/hcg30_velocity_ra.pdf, results/publication/figures/ngc1622_chan.pdf, results/publication/figures/ngc1622_mom1.pdf, results/publication/figures/hcg16_noise_specaxis.pdf, results/publication/figures/ngc1622_mom0.pdf, results/publication/figures/hcg31_global_profile.pdf, results/publication/figures/hcg91_meerkat_gbt_spec.pdf, results/publication/figures/hcgs_meerkat_gbt_flux.pdf, results/publication/figures/hcg30_meerkat_gbt_spec.pdf
    wildcards: gal_idx=hcg91
    resources: mem_mb=1000, mem_mib=954, disk_mb=1000, disk_mib=954, tmpdir=/tmp

[Wed Jan 31 06:48:18 2024]
rule plot_moments:
    input: results/sofia_pbc/hcg16/hcg16_line60_masked.pb_corr_vopt_mom0.fits, results/sofia_pbc/hcg16/hcg16_line60_masked.pb_corr_vopt_mom1.fits, results/publication/figures/ngc1622_mom0.pdf, results/publication/figures/ngc1622_snr.pdf, results/publication/figures/ngc1622_mom1.pdf, results/publication/figures/ngc1622_chan.pdf, results/publication/figures/ngc1622_mom2.pdf, results/publication/figures/ngc1622_spec.pdf, results/publication/figures/hcg16_meerkat_gbt_spec.pdf, results/publication/figures/hcg30_meerkat_gbt_spec.pdf, results/publication/figures/hcg31_meerkat_gbt_spec.pdf, results/publication/figures/hcg91_meerkat_gbt_spec.pdf, results/publication/figures/hcgs_meerkat_gbt_flux.pdf, results/publication/figures/hcg16_velocity_ra.pdf, results/publication/figures/hcg30_velocity_ra.pdf, results/publication/figures/hcg31_velocity_ra.pdf, results/publication/figures/hcg91_velocity_ra.pdf, results/publication/figures/hcg16_noise_specaxis.pdf, results/publication/figures/hcg30_noise_specaxis.pdf, results/publication/figures/hcg31_noise_specaxis.pdf, results/publication/figures/hcg91_noise_specaxis.pdf, results/publication/figures/hcg16_global_profile.pdf, results/publication/figures/hcg30_global_profile.pdf, results/publication/figures/hcg31_global_profile.pdf, results/publication/figures/hcg91_global_profile.pdf
    output: results/publication/figures/hcg16_mom0_pbc_zoom.pdf, results/publication/figures/hcg16_mom0_pbc_large.pdf, results/publication/figures/hcg16_coldens_pbc_zoom.pdf, results/publication/figures/hcg16_coldens_pbc_large.pdf, results/publication/figures/hcg16_mom1_pbc_zoom.pdf, results/publication/figures/hcg16_mom1_pbc_large.pdf
    jobid: 23
    reason: Missing output files: results/publication/figures/hcg16_coldens_pbc_large.pdf, results/publication/figures/hcg16_mom1_pbc_large.pdf, results/publication/figures/hcg16_mom1_pbc_zoom.pdf, results/publication/figures/hcg16_coldens_pbc_zoom.pdf, results/publication/figures/hcg16_mom0_pbc_zoom.pdf, results/publication/figures/hcg16_mom0_pbc_large.pdf; Input files updated by another job: results/publication/figures/hcg31_noise_specaxis.pdf, results/publication/figures/hcg31_meerkat_gbt_spec.pdf, results/publication/figures/hcg31_velocity_ra.pdf, results/publication/figures/hcg91_velocity_ra.pdf, results/publication/figures/hcg91_noise_specaxis.pdf, results/publication/figures/hcg16_global_profile.pdf, results/publication/figures/hcg30_global_profile.pdf, results/publication/figures/ngc1622_spec.pdf, results/publication/figures/hcg16_meerkat_gbt_spec.pdf, results/publication/figures/hcg91_global_profile.pdf, results/publication/figures/ngc1622_snr.pdf, results/publication/figures/hcg30_noise_specaxis.pdf, results/publication/figures/ngc1622_mom2.pdf, results/publication/figures/hcg16_velocity_ra.pdf, results/publication/figures/hcg30_velocity_ra.pdf, results/publication/figures/ngc1622_chan.pdf, results/publication/figures/ngc1622_mom1.pdf, results/publication/figures/hcg16_noise_specaxis.pdf, results/publication/figures/ngc1622_mom0.pdf, results/publication/figures/hcg31_global_profile.pdf, results/publication/figures/hcg91_meerkat_gbt_spec.pdf, results/publication/figures/hcgs_meerkat_gbt_flux.pdf, results/publication/figures/hcg30_meerkat_gbt_spec.pdf
    wildcards: gal_idx=hcg16
    resources: mem_mb=1000, mem_mib=954, disk_mb=1000, disk_mib=954, tmpdir=/tmp

[Wed Jan 31 06:48:18 2024]
rule plot_moments:
    input: results/sofia_pbc/hcg30/hcg30_line60_masked.pb_corr_vopt_mom0.fits, results/sofia_pbc/hcg30/hcg30_line60_masked.pb_corr_vopt_mom1.fits, results/publication/figures/ngc1622_mom0.pdf, results/publication/figures/ngc1622_snr.pdf, results/publication/figures/ngc1622_mom1.pdf, results/publication/figures/ngc1622_chan.pdf, results/publication/figures/ngc1622_mom2.pdf, results/publication/figures/ngc1622_spec.pdf, results/publication/figures/hcg16_meerkat_gbt_spec.pdf, results/publication/figures/hcg30_meerkat_gbt_spec.pdf, results/publication/figures/hcg31_meerkat_gbt_spec.pdf, results/publication/figures/hcg91_meerkat_gbt_spec.pdf, results/publication/figures/hcgs_meerkat_gbt_flux.pdf, results/publication/figures/hcg16_velocity_ra.pdf, results/publication/figures/hcg30_velocity_ra.pdf, results/publication/figures/hcg31_velocity_ra.pdf, results/publication/figures/hcg91_velocity_ra.pdf, results/publication/figures/hcg16_noise_specaxis.pdf, results/publication/figures/hcg30_noise_specaxis.pdf, results/publication/figures/hcg31_noise_specaxis.pdf, results/publication/figures/hcg91_noise_specaxis.pdf, results/publication/figures/hcg16_global_profile.pdf, results/publication/figures/hcg30_global_profile.pdf, results/publication/figures/hcg31_global_profile.pdf, results/publication/figures/hcg91_global_profile.pdf
    output: results/publication/figures/hcg30_mom0_pbc_zoom.pdf, results/publication/figures/hcg30_mom0_pbc_large.pdf, results/publication/figures/hcg30_coldens_pbc_zoom.pdf, results/publication/figures/hcg30_coldens_pbc_large.pdf, results/publication/figures/hcg30_mom1_pbc_zoom.pdf, results/publication/figures/hcg30_mom1_pbc_large.pdf
    jobid: 24
    reason: Missing output files: results/publication/figures/hcg30_coldens_pbc_large.pdf, results/publication/figures/hcg30_mom0_pbc_large.pdf, results/publication/figures/hcg30_coldens_pbc_zoom.pdf, results/publication/figures/hcg30_mom0_pbc_zoom.pdf, results/publication/figures/hcg30_mom1_pbc_large.pdf, results/publication/figures/hcg30_mom1_pbc_zoom.pdf; Input files updated by another job: results/publication/figures/hcg31_noise_specaxis.pdf, results/publication/figures/hcg31_meerkat_gbt_spec.pdf, results/publication/figures/hcg31_velocity_ra.pdf, results/publication/figures/hcg91_velocity_ra.pdf, results/publication/figures/hcg91_noise_specaxis.pdf, results/publication/figures/hcg16_global_profile.pdf, results/publication/figures/hcg30_global_profile.pdf, results/publication/figures/ngc1622_spec.pdf, results/publication/figures/hcg16_meerkat_gbt_spec.pdf, results/publication/figures/hcg91_global_profile.pdf, results/publication/figures/ngc1622_snr.pdf, results/publication/figures/hcg30_noise_specaxis.pdf, results/publication/figures/ngc1622_mom2.pdf, results/publication/figures/hcg16_velocity_ra.pdf, results/publication/figures/hcg30_velocity_ra.pdf, results/publication/figures/ngc1622_chan.pdf, results/publication/figures/ngc1622_mom1.pdf, results/publication/figures/hcg16_noise_specaxis.pdf, results/publication/figures/ngc1622_mom0.pdf, results/publication/figures/hcg31_global_profile.pdf, results/publication/figures/hcg91_meerkat_gbt_spec.pdf, results/publication/figures/hcgs_meerkat_gbt_flux.pdf, results/publication/figures/hcg30_meerkat_gbt_spec.pdf
    wildcards: gal_idx=hcg30
    resources: mem_mb=1000, mem_mib=954, disk_mb=1000, disk_mib=954, tmpdir=/tmp

[Wed Jan 31 06:49:55 2024]
Finished job 23.
19 of 24 steps (79%) done
[Wed Jan 31 06:50:13 2024]
Finished job 25.
20 of 24 steps (83%) done
[Wed Jan 31 06:51:20 2024]
Finished job 26.
21 of 24 steps (88%) done
Shutting down, this might take some time.
Exiting because a job execution failed. Look above for error message
Complete log: .snakemake/log/2024-01-31T064534.099496.snakemake.log
