Building DAG of jobs...
Using shell: /bin/bash
Provided cores: 24
Rules claiming more threads will be scaled down.
Job stats:
job                         count
------------------------  -------
plot_chanmap                    1
plot_gbt_meerkat_spectra        6
plot_gbt_vs_meerkat_flux        1
plot_global_prof                6
plot_moments                    6
plot_noise_specaxis             6
plot_optical_mom0               1
plot_segmented_pvdiag           1
plot_sofia_products             1
plot_velocity_ra                6
run_sofia                       6
tex2pdf_with_bib                1
total                          42

Select jobs to execute...

[Fri Feb  2 16:08:14 2024]
rule run_sofia:
    input: data/hcg16/hcg16_line60_masked.image.fits, config/sofia/hcg16_sofia.par, data/hcg16/hcg16_line60_masked.pb_corr.fits, data/hcg16/hcg16_line60_masked.pb.fits, config/sofia_pbc/hcg16_sofia.par
    output: results/sofia/hcg16/hcg16_line60_masked.image_vopt_cat.txt, results/sofia/hcg16/hcg16_sofia_updated_vopt.par, results/sofia/hcg16/hcg16_line60_masked.image_vopt_noise.fits, results/sofia/hcg16/hcg16_line60_masked.image_vopt_cubelets/hcg16_line60_masked.image_vopt_1_mom0.fits, results/sofia_pbc/hcg16/hcg16_line60_masked.pb_corr_vopt_cat.txt, results/sofia_pbc/hcg16/hcg16_sofia_updated_vopt.par, results/sofia_pbc/hcg16/hcg16_line60_masked.pb_corr_vopt_mask.fits, results/sofia_pbc/hcg16/hcg16_line60_masked.pb_corr_vopt_mom1.fits, results/sofia_pbc/hcg16/hcg16_line60_masked.pb_corr_vopt_mom0.fits, results/sofia_pbc/hcg16/hcg16_line60_masked.pb_corr_vopt_noise.fits, results/data/hcg16/hcg16_line60_masked.image_vopt.fits, results/data/hcg16/hcg16_line60_masked.pb_corr_vopt.fits, results/sofia_pbc/hcg16/hcg16_line60_masked.pb_corr_vopt_cubelets/hcg16_line60_masked.pb_corr_vopt_1_mom0.fits
    log: results/sofia/logs/hcg16/hcg16.log
    jobid: 3
    reason: Missing output files: results/sofia_pbc/hcg16/hcg16_line60_masked.pb_corr_vopt_mom0.fits, results/sofia_pbc/hcg16/hcg16_line60_masked.pb_corr_vopt_noise.fits, results/data/hcg16/hcg16_line60_masked.pb_corr_vopt.fits, results/sofia_pbc/hcg16/hcg16_line60_masked.pb_corr_vopt_mom1.fits, results/data/hcg16/hcg16_line60_masked.image_vopt.fits, results/sofia_pbc/hcg16/hcg16_line60_masked.pb_corr_vopt_cubelets/hcg16_line60_masked.pb_corr_vopt_1_mom0.fits, results/sofia/hcg16/hcg16_line60_masked.image_vopt_noise.fits, results/sofia_pbc/hcg16/hcg16_line60_masked.pb_corr_vopt_mask.fits
    wildcards: gal_idx=hcg16
    resources: mem_mb=3206, mem_mib=3058, disk_mb=3206, disk_mib=3058, tmpdir=/tmp

[Fri Feb  2 16:08:14 2024]
rule run_sofia:
    input: data/hcg90/hcg90_line60_masked.image.fits, config/sofia/hcg90_sofia.par, data/hcg90/hcg90_line60_masked.pb_corr.fits, data/hcg90/hcg90_line60_masked.pb.fits, config/sofia_pbc/hcg90_sofia.par
    output: results/sofia/hcg90/hcg90_line60_masked.image_vopt_cat.txt, results/sofia/hcg90/hcg90_sofia_updated_vopt.par, results/sofia/hcg90/hcg90_line60_masked.image_vopt_noise.fits, results/sofia/hcg90/hcg90_line60_masked.image_vopt_cubelets/hcg90_line60_masked.image_vopt_1_mom0.fits, results/sofia_pbc/hcg90/hcg90_line60_masked.pb_corr_vopt_cat.txt, results/sofia_pbc/hcg90/hcg90_sofia_updated_vopt.par, results/sofia_pbc/hcg90/hcg90_line60_masked.pb_corr_vopt_mask.fits, results/sofia_pbc/hcg90/hcg90_line60_masked.pb_corr_vopt_mom1.fits, results/sofia_pbc/hcg90/hcg90_line60_masked.pb_corr_vopt_mom0.fits, results/sofia_pbc/hcg90/hcg90_line60_masked.pb_corr_vopt_noise.fits, results/data/hcg90/hcg90_line60_masked.image_vopt.fits, results/data/hcg90/hcg90_line60_masked.pb_corr_vopt.fits, results/sofia_pbc/hcg90/hcg90_line60_masked.pb_corr_vopt_cubelets/hcg90_line60_masked.pb_corr_vopt_1_mom0.fits
    log: results/sofia/logs/hcg90/hcg90.log
    jobid: 5
    reason: Missing output files: results/sofia_pbc/hcg90/hcg90_line60_masked.pb_corr_vopt_mask.fits, results/sofia_pbc/hcg90/hcg90_line60_masked.pb_corr_vopt_cubelets/hcg90_line60_masked.pb_corr_vopt_1_mom0.fits, results/sofia_pbc/hcg90/hcg90_line60_masked.pb_corr_vopt_noise.fits, results/data/hcg90/hcg90_line60_masked.pb_corr_vopt.fits, results/sofia_pbc/hcg90/hcg90_line60_masked.pb_corr_vopt_mom0.fits, results/data/hcg90/hcg90_line60_masked.image_vopt.fits, results/sofia/hcg90/hcg90_line60_masked.image_vopt_noise.fits, results/sofia_pbc/hcg90/hcg90_line60_masked.pb_corr_vopt_mom1.fits
    wildcards: gal_idx=hcg90
    resources: mem_mb=6618, mem_mib=6312, disk_mb=6618, disk_mib=6312, tmpdir=/tmp

[Fri Feb  2 16:08:14 2024]
rule run_sofia:
    input: data/hcg97/hcg97_line60_masked.image.fits, config/sofia/hcg97_sofia.par, data/hcg97/hcg97_line60_masked.pb_corr.fits, data/hcg97/hcg97_line60_masked.pb.fits, config/sofia_pbc/hcg97_sofia.par
    output: results/sofia/hcg97/hcg97_line60_masked.image_vopt_cat.txt, results/sofia/hcg97/hcg97_sofia_updated_vopt.par, results/sofia/hcg97/hcg97_line60_masked.image_vopt_noise.fits, results/sofia/hcg97/hcg97_line60_masked.image_vopt_cubelets/hcg97_line60_masked.image_vopt_1_mom0.fits, results/sofia_pbc/hcg97/hcg97_line60_masked.pb_corr_vopt_cat.txt, results/sofia_pbc/hcg97/hcg97_sofia_updated_vopt.par, results/sofia_pbc/hcg97/hcg97_line60_masked.pb_corr_vopt_mask.fits, results/sofia_pbc/hcg97/hcg97_line60_masked.pb_corr_vopt_mom1.fits, results/sofia_pbc/hcg97/hcg97_line60_masked.pb_corr_vopt_mom0.fits, results/sofia_pbc/hcg97/hcg97_line60_masked.pb_corr_vopt_noise.fits, results/data/hcg97/hcg97_line60_masked.image_vopt.fits, results/data/hcg97/hcg97_line60_masked.pb_corr_vopt.fits, results/sofia_pbc/hcg97/hcg97_line60_masked.pb_corr_vopt_cubelets/hcg97_line60_masked.pb_corr_vopt_1_mom0.fits
    log: results/sofia/logs/hcg97/hcg97.log
    jobid: 7
    reason: Missing output files: results/data/hcg97/hcg97_line60_masked.image_vopt.fits, results/sofia_pbc/hcg97/hcg97_line60_masked.pb_corr_vopt_mom0.fits, results/sofia/hcg97/hcg97_line60_masked.image_vopt_noise.fits, results/sofia_pbc/hcg97/hcg97_line60_masked.pb_corr_vopt_noise.fits, results/sofia_pbc/hcg97/hcg97_line60_masked.pb_corr_vopt_cubelets/hcg97_line60_masked.pb_corr_vopt_1_mom0.fits, results/sofia_pbc/hcg97/hcg97_line60_masked.pb_corr_vopt_mask.fits, results/sofia_pbc/hcg97/hcg97_line60_masked.pb_corr_vopt_mom1.fits, results/data/hcg97/hcg97_line60_masked.pb_corr_vopt.fits
    wildcards: gal_idx=hcg97
    resources: mem_mb=4318, mem_mib=4118, disk_mb=4318, disk_mib=4118, tmpdir=/tmp

[Fri Feb  2 16:08:15 2024]
rule run_sofia:
    input: data/hcg30/hcg30_line60_masked.image.fits, config/sofia/hcg30_sofia.par, data/hcg30/hcg30_line60_masked.pb_corr.fits, data/hcg30/hcg30_line60_masked.pb.fits, config/sofia_pbc/hcg30_sofia.par
    output: results/sofia/hcg30/hcg30_line60_masked.image_vopt_cat.txt, results/sofia/hcg30/hcg30_sofia_updated_vopt.par, results/sofia/hcg30/hcg30_line60_masked.image_vopt_noise.fits, results/sofia/hcg30/hcg30_line60_masked.image_vopt_cubelets/hcg30_line60_masked.image_vopt_1_mom0.fits, results/sofia_pbc/hcg30/hcg30_line60_masked.pb_corr_vopt_cat.txt, results/sofia_pbc/hcg30/hcg30_sofia_updated_vopt.par, results/sofia_pbc/hcg30/hcg30_line60_masked.pb_corr_vopt_mask.fits, results/sofia_pbc/hcg30/hcg30_line60_masked.pb_corr_vopt_mom1.fits, results/sofia_pbc/hcg30/hcg30_line60_masked.pb_corr_vopt_mom0.fits, results/sofia_pbc/hcg30/hcg30_line60_masked.pb_corr_vopt_noise.fits, results/data/hcg30/hcg30_line60_masked.image_vopt.fits, results/data/hcg30/hcg30_line60_masked.pb_corr_vopt.fits, results/sofia_pbc/hcg30/hcg30_line60_masked.pb_corr_vopt_cubelets/hcg30_line60_masked.pb_corr_vopt_1_mom0.fits
    log: results/sofia/logs/hcg30/hcg30.log
    jobid: 2
    reason: Missing output files: results/sofia_pbc/hcg30/hcg30_line60_masked.pb_corr_vopt_cubelets/hcg30_line60_masked.pb_corr_vopt_1_mom0.fits, results/sofia/hcg30/hcg30_line60_masked.image_vopt_noise.fits, results/sofia_pbc/hcg30/hcg30_line60_masked.pb_corr_vopt_mom0.fits, results/data/hcg30/hcg30_line60_masked.pb_corr_vopt.fits, results/sofia_pbc/hcg30/hcg30_line60_masked.pb_corr_vopt_mom1.fits, results/sofia_pbc/hcg30/hcg30_line60_masked.pb_corr_vopt_noise.fits, results/sofia_pbc/hcg30/hcg30_line60_masked.pb_corr_vopt_mask.fits, results/data/hcg30/hcg30_line60_masked.image_vopt.fits
    wildcards: gal_idx=hcg30
    resources: mem_mb=3610, mem_mib=3443, disk_mb=3610, disk_mib=3443, tmpdir=/tmp

[Fri Feb  2 16:08:15 2024]
rule run_sofia:
    input: data/hcg31/hcg31_line60_masked.image.fits, config/sofia/hcg31_sofia.par, data/hcg31/hcg31_line60_masked.pb_corr.fits, data/hcg31/hcg31_line60_masked.pb.fits, config/sofia_pbc/hcg31_sofia.par
    output: results/sofia/hcg31/hcg31_line60_masked.image_vopt_cat.txt, results/sofia/hcg31/hcg31_sofia_updated_vopt.par, results/sofia/hcg31/hcg31_line60_masked.image_vopt_noise.fits, results/sofia/hcg31/hcg31_line60_masked.image_vopt_cubelets/hcg31_line60_masked.image_vopt_1_mom0.fits, results/sofia_pbc/hcg31/hcg31_line60_masked.pb_corr_vopt_cat.txt, results/sofia_pbc/hcg31/hcg31_sofia_updated_vopt.par, results/sofia_pbc/hcg31/hcg31_line60_masked.pb_corr_vopt_mask.fits, results/sofia_pbc/hcg31/hcg31_line60_masked.pb_corr_vopt_mom1.fits, results/sofia_pbc/hcg31/hcg31_line60_masked.pb_corr_vopt_mom0.fits, results/sofia_pbc/hcg31/hcg31_line60_masked.pb_corr_vopt_noise.fits, results/data/hcg31/hcg31_line60_masked.image_vopt.fits, results/data/hcg31/hcg31_line60_masked.pb_corr_vopt.fits, results/sofia_pbc/hcg31/hcg31_line60_masked.pb_corr_vopt_cubelets/hcg31_line60_masked.pb_corr_vopt_1_mom0.fits
    log: results/sofia/logs/hcg31/hcg31.log
    jobid: 4
    reason: Missing output files: results/sofia_pbc/hcg31/hcg31_line60_masked.pb_corr_vopt_cubelets/hcg31_line60_masked.pb_corr_vopt_1_mom0.fits, results/sofia_pbc/hcg31/hcg31_line60_masked.pb_corr_vopt_mask.fits, results/sofia_pbc/hcg31/hcg31_line60_masked.pb_corr_vopt_mom0.fits, results/data/hcg31/hcg31_line60_masked.pb_corr_vopt.fits, results/sofia_pbc/hcg31/hcg31_line60_masked.pb_corr_vopt_noise.fits, results/sofia/hcg31/hcg31_line60_masked.image_vopt_noise.fits, results/data/hcg31/hcg31_line60_masked.image_vopt.fits, results/sofia_pbc/hcg31/hcg31_line60_masked.pb_corr_vopt_mom1.fits
    wildcards: gal_idx=hcg31
    resources: mem_mb=5670, mem_mib=5408, disk_mb=5670, disk_mib=5408, tmpdir=/tmp

[Fri Feb  2 16:08:15 2024]
rule run_sofia:
    input: data/hcg91/hcg91_line60_masked.image.fits, config/sofia/hcg91_sofia.par, data/hcg91/hcg91_line60_masked.pb_corr.fits, data/hcg91/hcg91_line60_masked.pb.fits, config/sofia_pbc/hcg91_sofia.par
    output: results/sofia/hcg91/hcg91_line60_masked.image_vopt_cat.txt, results/sofia/hcg91/hcg91_sofia_updated_vopt.par, results/sofia/hcg91/hcg91_line60_masked.image_vopt_noise.fits, results/sofia/hcg91/hcg91_line60_masked.image_vopt_cubelets/hcg91_line60_masked.image_vopt_1_mom0.fits, results/sofia_pbc/hcg91/hcg91_line60_masked.pb_corr_vopt_cat.txt, results/sofia_pbc/hcg91/hcg91_sofia_updated_vopt.par, results/sofia_pbc/hcg91/hcg91_line60_masked.pb_corr_vopt_mask.fits, results/sofia_pbc/hcg91/hcg91_line60_masked.pb_corr_vopt_mom1.fits, results/sofia_pbc/hcg91/hcg91_line60_masked.pb_corr_vopt_mom0.fits, results/sofia_pbc/hcg91/hcg91_line60_masked.pb_corr_vopt_noise.fits, results/data/hcg91/hcg91_line60_masked.image_vopt.fits, results/data/hcg91/hcg91_line60_masked.pb_corr_vopt.fits, results/sofia_pbc/hcg91/hcg91_line60_masked.pb_corr_vopt_cubelets/hcg91_line60_masked.pb_corr_vopt_1_mom0.fits
    log: results/sofia/logs/hcg91/hcg91.log
    jobid: 6
    reason: Missing output files: results/sofia_pbc/hcg91/hcg91_line60_masked.pb_corr_vopt_mom0.fits, results/sofia/hcg91/hcg91_line60_masked.image_vopt_noise.fits, results/data/hcg91/hcg91_line60_masked.image_vopt.fits, results/data/hcg91/hcg91_line60_masked.pb_corr_vopt.fits, results/sofia_pbc/hcg91/hcg91_line60_masked.pb_corr_vopt_noise.fits, results/sofia_pbc/hcg91/hcg91_line60_masked.pb_corr_vopt_mask.fits, results/sofia_pbc/hcg91/hcg91_line60_masked.pb_corr_vopt_mom1.fits, results/sofia_pbc/hcg91/hcg91_line60_masked.pb_corr_vopt_cubelets/hcg91_line60_masked.pb_corr_vopt_1_mom0.fits
    wildcards: gal_idx=hcg91
    resources: mem_mb=9939, mem_mib=9479, disk_mb=9939, disk_mib=9479, tmpdir=/tmp

[Fri Feb  2 16:10:16 2024]
Finished job 3.
1 of 42 steps (2%) done
[Fri Feb  2 16:11:11 2024]
Finished job 2.
2 of 42 steps (5%) done
[Fri Feb  2 16:13:27 2024]
Finished job 7.
3 of 42 steps (7%) done
[Fri Feb  2 16:14:24 2024]
Finished job 4.
4 of 42 steps (10%) done
[Fri Feb  2 16:14:48 2024]
Finished job 5.
5 of 42 steps (12%) done
[Fri Feb  2 16:16:26 2024]
Finished job 6.
6 of 42 steps (14%) done
Select jobs to execute...

[Fri Feb  2 16:16:26 2024]
rule plot_sofia_products:
    input: data/hcg30/optical/legacystamps_69.154167_-3.184722_ls-dr10-gfilter.fits, data/hcg30/optical/legacystamps_69.154167_-3.184722_ls-dr10-zfilter.fits, data/hcg30/optical/legacystamps_69.154167_-3.184722_ls-dr10-ifilter.fits, results/sofia_pbc/hcg30/hcg30_line60_masked.pb_corr_vopt_cubelets/hcg30_line60_masked.pb_corr_vopt_1_mom0.fits, results/sofia_pbc/hcg16/hcg16_line60_masked.pb_corr_vopt_cubelets/hcg16_line60_masked.pb_corr_vopt_1_mom0.fits, results/sofia_pbc/hcg30/hcg30_line60_masked.pb_corr_vopt_cubelets/hcg30_line60_masked.pb_corr_vopt_1_mom0.fits, results/sofia_pbc/hcg31/hcg31_line60_masked.pb_corr_vopt_cubelets/hcg31_line60_masked.pb_corr_vopt_1_mom0.fits, results/sofia_pbc/hcg90/hcg90_line60_masked.pb_corr_vopt_cubelets/hcg90_line60_masked.pb_corr_vopt_1_mom0.fits, results/sofia_pbc/hcg91/hcg91_line60_masked.pb_corr_vopt_cubelets/hcg91_line60_masked.pb_corr_vopt_1_mom0.fits, results/sofia_pbc/hcg97/hcg97_line60_masked.pb_corr_vopt_cubelets/hcg97_line60_masked.pb_corr_vopt_1_mom0.fits
    output: results/publication/figures/ngc1622_mom0.pdf, results/publication/figures/ngc1622_snr.pdf, results/publication/figures/ngc1622_mom1.pdf, results/publication/figures/ngc1622_chan.pdf, results/publication/figures/ngc1622_mom2.pdf, results/publication/figures/ngc1622_spec.pdf
    jobid: 1
    reason: Missing output files: results/publication/figures/ngc1622_chan.pdf, results/publication/figures/ngc1622_spec.pdf, results/publication/figures/ngc1622_mom0.pdf, results/publication/figures/ngc1622_mom2.pdf, results/publication/figures/ngc1622_mom1.pdf, results/publication/figures/ngc1622_snr.pdf; Input files updated by another job: results/sofia_pbc/hcg90/hcg90_line60_masked.pb_corr_vopt_cubelets/hcg90_line60_masked.pb_corr_vopt_1_mom0.fits, results/sofia_pbc/hcg30/hcg30_line60_masked.pb_corr_vopt_cubelets/hcg30_line60_masked.pb_corr_vopt_1_mom0.fits, results/sofia_pbc/hcg31/hcg31_line60_masked.pb_corr_vopt_cubelets/hcg31_line60_masked.pb_corr_vopt_1_mom0.fits, results/sofia_pbc/hcg16/hcg16_line60_masked.pb_corr_vopt_cubelets/hcg16_line60_masked.pb_corr_vopt_1_mom0.fits, results/sofia_pbc/hcg97/hcg97_line60_masked.pb_corr_vopt_cubelets/hcg97_line60_masked.pb_corr_vopt_1_mom0.fits, results/sofia_pbc/hcg91/hcg91_line60_masked.pb_corr_vopt_cubelets/hcg91_line60_masked.pb_corr_vopt_1_mom0.fits
    resources: mem_mb=1000, mem_mib=954, disk_mb=1000, disk_mib=954, tmpdir=/tmp

[Fri Feb  2 16:16:52 2024]
Finished job 1.
7 of 42 steps (17%) done
Select jobs to execute...

[Fri Feb  2 16:16:52 2024]
rule plot_gbt_meerkat_spectra:
    input: results/data/hcg16/hcg16_line60_masked.pb_corr_vopt.fits, results/publication/figures/ngc1622_mom0.pdf, results/publication/figures/ngc1622_snr.pdf, results/publication/figures/ngc1622_mom1.pdf, results/publication/figures/ngc1622_chan.pdf, results/publication/figures/ngc1622_mom2.pdf, results/publication/figures/ngc1622_spec.pdf
    output: results/publication/figures/hcg16_meerkat_gbt_spec.pdf
    jobid: 8
    reason: Missing output files: results/publication/figures/hcg16_meerkat_gbt_spec.pdf; Input files updated by another job: results/publication/figures/ngc1622_chan.pdf, results/publication/figures/ngc1622_mom1.pdf, results/publication/figures/ngc1622_spec.pdf, results/publication/figures/ngc1622_mom0.pdf, results/publication/figures/ngc1622_mom2.pdf, results/data/hcg16/hcg16_line60_masked.pb_corr_vopt.fits, results/publication/figures/ngc1622_snr.pdf
    wildcards: gal_idx=hcg16
    resources: mem_mb=1079, mem_mib=1030, disk_mb=1079, disk_mib=1030, tmpdir=/tmp


[Fri Feb  2 16:16:52 2024]
rule plot_gbt_meerkat_spectra:
    input: results/data/hcg31/hcg31_line60_masked.pb_corr_vopt.fits, results/publication/figures/ngc1622_mom0.pdf, results/publication/figures/ngc1622_snr.pdf, results/publication/figures/ngc1622_mom1.pdf, results/publication/figures/ngc1622_chan.pdf, results/publication/figures/ngc1622_mom2.pdf, results/publication/figures/ngc1622_spec.pdf
    output: results/publication/figures/hcg31_meerkat_gbt_spec.pdf
    jobid: 10
    reason: Missing output files: results/publication/figures/hcg31_meerkat_gbt_spec.pdf; Input files updated by another job: results/publication/figures/ngc1622_chan.pdf, results/publication/figures/ngc1622_mom1.pdf, results/publication/figures/ngc1622_spec.pdf, results/publication/figures/ngc1622_mom0.pdf, results/publication/figures/ngc1622_mom2.pdf, results/data/hcg31/hcg31_line60_masked.pb_corr_vopt.fits, results/publication/figures/ngc1622_snr.pdf
    wildcards: gal_idx=hcg31
    resources: mem_mb=1901, mem_mib=1813, disk_mb=1901, disk_mib=1813, tmpdir=/tmp


[Fri Feb  2 16:16:52 2024]
rule plot_gbt_meerkat_spectra:
    input: results/data/hcg91/hcg91_line60_masked.pb_corr_vopt.fits, results/publication/figures/ngc1622_mom0.pdf, results/publication/figures/ngc1622_snr.pdf, results/publication/figures/ngc1622_mom1.pdf, results/publication/figures/ngc1622_chan.pdf, results/publication/figures/ngc1622_mom2.pdf, results/publication/figures/ngc1622_spec.pdf
    output: results/publication/figures/hcg91_meerkat_gbt_spec.pdf
    jobid: 12
    reason: Missing output files: results/publication/figures/hcg91_meerkat_gbt_spec.pdf; Input files updated by another job: results/data/hcg91/hcg91_line60_masked.pb_corr_vopt.fits, results/publication/figures/ngc1622_chan.pdf, results/publication/figures/ngc1622_mom1.pdf, results/publication/figures/ngc1622_spec.pdf, results/publication/figures/ngc1622_mom0.pdf, results/publication/figures/ngc1622_mom2.pdf, results/publication/figures/ngc1622_snr.pdf
    wildcards: gal_idx=hcg91
    resources: mem_mb=3324, mem_mib=3171, disk_mb=3324, disk_mib=3171, tmpdir=/tmp


[Fri Feb  2 16:16:52 2024]
rule plot_gbt_meerkat_spectra:
    input: results/data/hcg30/hcg30_line60_masked.pb_corr_vopt.fits, results/publication/figures/ngc1622_mom0.pdf, results/publication/figures/ngc1622_snr.pdf, results/publication/figures/ngc1622_mom1.pdf, results/publication/figures/ngc1622_chan.pdf, results/publication/figures/ngc1622_mom2.pdf, results/publication/figures/ngc1622_spec.pdf
    output: results/publication/figures/hcg30_meerkat_gbt_spec.pdf
    jobid: 9
    reason: Missing output files: results/publication/figures/hcg30_meerkat_gbt_spec.pdf; Input files updated by another job: results/publication/figures/ngc1622_chan.pdf, results/publication/figures/ngc1622_mom1.pdf, results/publication/figures/ngc1622_spec.pdf, results/data/hcg30/hcg30_line60_masked.pb_corr_vopt.fits, results/publication/figures/ngc1622_mom0.pdf, results/publication/figures/ngc1622_mom2.pdf, results/publication/figures/ngc1622_snr.pdf
    wildcards: gal_idx=hcg30
    resources: mem_mb=1214, mem_mib=1158, disk_mb=1214, disk_mib=1158, tmpdir=/tmp


[Fri Feb  2 16:16:52 2024]
rule plot_gbt_meerkat_spectra:
    input: results/data/hcg90/hcg90_line60_masked.pb_corr_vopt.fits, results/publication/figures/ngc1622_mom0.pdf, results/publication/figures/ngc1622_snr.pdf, results/publication/figures/ngc1622_mom1.pdf, results/publication/figures/ngc1622_chan.pdf, results/publication/figures/ngc1622_mom2.pdf, results/publication/figures/ngc1622_spec.pdf
    output: results/publication/figures/hcg90_meerkat_gbt_spec.pdf
    jobid: 11
    reason: Missing output files: results/publication/figures/hcg90_meerkat_gbt_spec.pdf; Input files updated by another job: results/publication/figures/ngc1622_chan.pdf, results/publication/figures/ngc1622_mom1.pdf, results/publication/figures/ngc1622_spec.pdf, results/publication/figures/ngc1622_mom2.pdf, results/data/hcg90/hcg90_line60_masked.pb_corr_vopt.fits, results/publication/figures/ngc1622_mom0.pdf, results/publication/figures/ngc1622_snr.pdf
    wildcards: gal_idx=hcg90
    resources: mem_mb=2216, mem_mib=2114, disk_mb=2216, disk_mib=2114, tmpdir=/tmp


[Fri Feb  2 16:16:52 2024]
rule plot_gbt_meerkat_spectra:
    input: results/data/hcg97/hcg97_line60_masked.pb_corr_vopt.fits, results/publication/figures/ngc1622_mom0.pdf, results/publication/figures/ngc1622_snr.pdf, results/publication/figures/ngc1622_mom1.pdf, results/publication/figures/ngc1622_chan.pdf, results/publication/figures/ngc1622_mom2.pdf, results/publication/figures/ngc1622_spec.pdf
    output: results/publication/figures/hcg97_meerkat_gbt_spec.pdf
    jobid: 13
    reason: Missing output files: results/publication/figures/hcg97_meerkat_gbt_spec.pdf; Input files updated by another job: results/publication/figures/ngc1622_chan.pdf, results/publication/figures/ngc1622_mom1.pdf, results/publication/figures/ngc1622_spec.pdf, results/publication/figures/ngc1622_mom0.pdf, results/publication/figures/ngc1622_mom2.pdf, results/data/hcg97/hcg97_line60_masked.pb_corr_vopt.fits, results/publication/figures/ngc1622_snr.pdf
    wildcards: gal_idx=hcg97
    resources: mem_mb=1450, mem_mib=1383, disk_mb=1450, disk_mib=1383, tmpdir=/tmp

[Fri Feb  2 16:16:54 2024]
Error in rule plot_gbt_meerkat_spectra:
    jobid: 10
    input: results/data/hcg31/hcg31_line60_masked.pb_corr_vopt.fits, results/publication/figures/ngc1622_mom0.pdf, results/publication/figures/ngc1622_snr.pdf, results/publication/figures/ngc1622_mom1.pdf, results/publication/figures/ngc1622_chan.pdf, results/publication/figures/ngc1622_mom2.pdf, results/publication/figures/ngc1622_spec.pdf
    output: results/publication/figures/hcg31_meerkat_gbt_spec.pdf
    shell:
        python workflow/scripts/plot_gbt_meerkat_spectra.py --cube results/data/hcg31/hcg31_line60_masked.pb_corr_vopt.fits
        (one of the commands exited with non-zero exit code; note that snakemake uses bash strict mode!)

[Fri Feb  2 16:16:55 2024]
Error in rule plot_gbt_meerkat_spectra:
    jobid: 8
    input: results/data/hcg16/hcg16_line60_masked.pb_corr_vopt.fits, results/publication/figures/ngc1622_mom0.pdf, results/publication/figures/ngc1622_snr.pdf, results/publication/figures/ngc1622_mom1.pdf, results/publication/figures/ngc1622_chan.pdf, results/publication/figures/ngc1622_mom2.pdf, results/publication/figures/ngc1622_spec.pdf
    output: results/publication/figures/hcg16_meerkat_gbt_spec.pdf
    shell:
        python workflow/scripts/plot_gbt_meerkat_spectra.py --cube results/data/hcg16/hcg16_line60_masked.pb_corr_vopt.fits
        (one of the commands exited with non-zero exit code; note that snakemake uses bash strict mode!)

[Fri Feb  2 16:16:55 2024]
Error in rule plot_gbt_meerkat_spectra:
    jobid: 11
    input: results/data/hcg90/hcg90_line60_masked.pb_corr_vopt.fits, results/publication/figures/ngc1622_mom0.pdf, results/publication/figures/ngc1622_snr.pdf, results/publication/figures/ngc1622_mom1.pdf, results/publication/figures/ngc1622_chan.pdf, results/publication/figures/ngc1622_mom2.pdf, results/publication/figures/ngc1622_spec.pdf
    output: results/publication/figures/hcg90_meerkat_gbt_spec.pdf
    shell:
        python workflow/scripts/plot_gbt_meerkat_spectra.py --cube results/data/hcg90/hcg90_line60_masked.pb_corr_vopt.fits
        (one of the commands exited with non-zero exit code; note that snakemake uses bash strict mode!)

[Fri Feb  2 16:16:55 2024]
Error in rule plot_gbt_meerkat_spectra:
    jobid: 13
    input: results/data/hcg97/hcg97_line60_masked.pb_corr_vopt.fits, results/publication/figures/ngc1622_mom0.pdf, results/publication/figures/ngc1622_snr.pdf, results/publication/figures/ngc1622_mom1.pdf, results/publication/figures/ngc1622_chan.pdf, results/publication/figures/ngc1622_mom2.pdf, results/publication/figures/ngc1622_spec.pdf
    output: results/publication/figures/hcg97_meerkat_gbt_spec.pdf
    shell:
        python workflow/scripts/plot_gbt_meerkat_spectra.py --cube results/data/hcg97/hcg97_line60_masked.pb_corr_vopt.fits
        (one of the commands exited with non-zero exit code; note that snakemake uses bash strict mode!)

[Fri Feb  2 16:16:55 2024]
Error in rule plot_gbt_meerkat_spectra:
    jobid: 9
    input: results/data/hcg30/hcg30_line60_masked.pb_corr_vopt.fits, results/publication/figures/ngc1622_mom0.pdf, results/publication/figures/ngc1622_snr.pdf, results/publication/figures/ngc1622_mom1.pdf, results/publication/figures/ngc1622_chan.pdf, results/publication/figures/ngc1622_mom2.pdf, results/publication/figures/ngc1622_spec.pdf
    output: results/publication/figures/hcg30_meerkat_gbt_spec.pdf
    shell:
        python workflow/scripts/plot_gbt_meerkat_spectra.py --cube results/data/hcg30/hcg30_line60_masked.pb_corr_vopt.fits
        (one of the commands exited with non-zero exit code; note that snakemake uses bash strict mode!)

[Fri Feb  2 16:16:55 2024]
Error in rule plot_gbt_meerkat_spectra:
    jobid: 12
    input: results/data/hcg91/hcg91_line60_masked.pb_corr_vopt.fits, results/publication/figures/ngc1622_mom0.pdf, results/publication/figures/ngc1622_snr.pdf, results/publication/figures/ngc1622_mom1.pdf, results/publication/figures/ngc1622_chan.pdf, results/publication/figures/ngc1622_mom2.pdf, results/publication/figures/ngc1622_spec.pdf
    output: results/publication/figures/hcg91_meerkat_gbt_spec.pdf
    shell:
        python workflow/scripts/plot_gbt_meerkat_spectra.py --cube results/data/hcg91/hcg91_line60_masked.pb_corr_vopt.fits
        (one of the commands exited with non-zero exit code; note that snakemake uses bash strict mode!)

Shutting down, this might take some time.
Exiting because a job execution failed. Look above for error message
Complete log: .snakemake/log/2024-02-02T160813.615503.snakemake.log
