Building DAG of jobs...
Using shell: /bin/bash
Provided cores: 24
Rules claiming more threads will be scaled down.
Job stats:
job                    count
-------------------  -------
plot_global_prof           4
plot_noise_specaxis        4
tex2pdf_with_bib           1
total                      9

Select jobs to execute...

[Sun Jan 14 05:17:43 2024]
rule plot_noise_specaxis:
    input: results/sofia/hcg91/hcg91_line60_masked.image_vopt_noise.fits, results/publication/figures/hcg91_velocity_ra.pdf
    output: results/publication/figures/hcg91_noise_specaxis.pdf
    jobid: 18
    reason: Missing output files: results/publication/figures/hcg91_noise_specaxis.pdf
    wildcards: gal_idx=hcg91
    resources: mem_mb=3315, mem_mib=3162, disk_mb=3315, disk_mib=3162, tmpdir=/data


[Sun Jan 14 05:17:43 2024]
rule plot_noise_specaxis:
    input: results/sofia/hcg16/hcg16_line60_masked.image_vopt_noise.fits, results/publication/figures/hcg91_velocity_ra.pdf
    output: results/publication/figures/hcg16_noise_specaxis.pdf
    jobid: 15
    reason: Missing output files: results/publication/figures/hcg16_noise_specaxis.pdf
    wildcards: gal_idx=hcg16
    resources: mem_mb=1071, mem_mib=1022, disk_mb=1071, disk_mib=1022, tmpdir=/data


[Sun Jan 14 05:17:43 2024]
rule plot_noise_specaxis:
    input: results/sofia/hcg30/hcg30_line60_masked.image_vopt_noise.fits, results/publication/figures/hcg91_velocity_ra.pdf
    output: results/publication/figures/hcg30_noise_specaxis.pdf
    jobid: 16
    reason: Missing output files: results/publication/figures/hcg30_noise_specaxis.pdf
    wildcards: gal_idx=hcg30
    resources: mem_mb=1205, mem_mib=1150, disk_mb=1205, disk_mib=1150, tmpdir=/data


[Sun Jan 14 05:17:43 2024]
rule plot_noise_specaxis:
    input: results/sofia/hcg31/hcg31_line60_masked.image_vopt_noise.fits, results/publication/figures/hcg91_velocity_ra.pdf
    output: results/publication/figures/hcg31_noise_specaxis.pdf
    jobid: 17
    reason: Missing output files: results/publication/figures/hcg31_noise_specaxis.pdf
    wildcards: gal_idx=hcg31
    resources: mem_mb=1892, mem_mib=1805, disk_mb=1892, disk_mib=1805, tmpdir=/data

[Sun Jan 14 05:17:50 2024]
Error in rule plot_noise_specaxis:
    jobid: 15
    input: results/sofia/hcg16/hcg16_line60_masked.image_vopt_noise.fits, results/publication/figures/hcg91_velocity_ra.pdf
    output: results/publication/figures/hcg16_noise_specaxis.pdf
    shell:
        python workflow/scripts/plot_noise_specaxis.py --cube results/sofia/hcg16/hcg16_line60_masked.image_vopt_noise.fits
        (one of the commands exited with non-zero exit code; note that snakemake uses bash strict mode!)

[Sun Jan 14 05:17:50 2024]
Error in rule plot_noise_specaxis:
    jobid: 18
    input: results/sofia/hcg91/hcg91_line60_masked.image_vopt_noise.fits, results/publication/figures/hcg91_velocity_ra.pdf
    output: results/publication/figures/hcg91_noise_specaxis.pdf
    shell:
        python workflow/scripts/plot_noise_specaxis.py --cube results/sofia/hcg91/hcg91_line60_masked.image_vopt_noise.fits
        (one of the commands exited with non-zero exit code; note that snakemake uses bash strict mode!)

[Sun Jan 14 05:17:50 2024]
Error in rule plot_noise_specaxis:
    jobid: 16
    input: results/sofia/hcg30/hcg30_line60_masked.image_vopt_noise.fits, results/publication/figures/hcg91_velocity_ra.pdf
    output: results/publication/figures/hcg30_noise_specaxis.pdf
    shell:
        python workflow/scripts/plot_noise_specaxis.py --cube results/sofia/hcg30/hcg30_line60_masked.image_vopt_noise.fits
        (one of the commands exited with non-zero exit code; note that snakemake uses bash strict mode!)

[Sun Jan 14 05:17:51 2024]
Error in rule plot_noise_specaxis:
    jobid: 17
    input: results/sofia/hcg31/hcg31_line60_masked.image_vopt_noise.fits, results/publication/figures/hcg91_velocity_ra.pdf
    output: results/publication/figures/hcg31_noise_specaxis.pdf
    shell:
        python workflow/scripts/plot_noise_specaxis.py --cube results/sofia/hcg31/hcg31_line60_masked.image_vopt_noise.fits
        (one of the commands exited with non-zero exit code; note that snakemake uses bash strict mode!)

Shutting down, this might take some time.
Exiting because a job execution failed. Look above for error message
Complete log: .snakemake/log/2024-01-14T051742.410014.snakemake.log
