Building DAG of jobs...
Using shell: /bin/bash
Provided cores: 24
Rules claiming more threads will be scaled down.
Job stats:
job                 count
----------------  -------
plot_moments            2
tex2pdf_with_bib        1
total                   3

Select jobs to execute...

[Mon Jan 22 06:42:51 2024]
rule plot_moments:
    input: results/sofia_pbc/hcg91/hcg91_line60_masked.pb_corr_vopt_mom0.fits, results/sofia_pbc/hcg91/hcg91_line60_masked.pb_corr_vopt_mom1.fits, results/publication/figures/ngc1622_mom0.pdf, results/publication/figures/ngc1622_snr.pdf, results/publication/figures/ngc1622_mom1.pdf, results/publication/figures/ngc1622_chan.pdf, results/publication/figures/ngc1622_mom2.pdf, results/publication/figures/ngc1622_spec.pdf, results/publication/figures/hcg16_meerkat_gbt_spec.pdf, results/publication/figures/hcg30_meerkat_gbt_spec.pdf, results/publication/figures/hcg31_meerkat_gbt_spec.pdf, results/publication/figures/hcg91_meerkat_gbt_spec.pdf, results/publication/figures/hcgs_meerkat_gbt_flux.pdf, results/publication/figures/hcg16_velocity_ra.pdf, results/publication/figures/hcg30_velocity_ra.pdf, results/publication/figures/hcg31_velocity_ra.pdf, results/publication/figures/hcg91_velocity_ra.pdf, results/publication/figures/hcg16_noise_specaxis.pdf, results/publication/figures/hcg30_noise_specaxis.pdf, results/publication/figures/hcg31_noise_specaxis.pdf, results/publication/figures/hcg91_noise_specaxis.pdf, results/publication/figures/hcg16_global_profile.pdf, results/publication/figures/hcg30_global_profile.pdf, results/publication/figures/hcg31_global_profile.pdf, results/publication/figures/hcg91_global_profile.pdf
    output: results/publication/figures/hcg91_mom0_pbc_zoom.pdf, results/publication/figures/hcg91_mom0_pbc_large.pdf, results/publication/figures/hcg91_coldens_pbc_zoom.pdf, results/publication/figures/hcg91_coldens_pbc_large.pdf, results/publication/figures/hcg91_mom1_pbc_zoom.pdf, results/publication/figures/hcg91_mom1_pbc_large.pdf
    jobid: 25
    reason: Missing output files: results/publication/figures/hcg91_coldens_pbc_zoom.pdf, results/publication/figures/hcg91_mom1_pbc_large.pdf, results/publication/figures/hcg91_mom1_pbc_zoom.pdf, results/publication/figures/hcg91_coldens_pbc_large.pdf, results/publication/figures/hcg91_mom0_pbc_large.pdf, results/publication/figures/hcg91_mom0_pbc_zoom.pdf
    wildcards: gal_idx=hcg91
    resources: mem_mb=1000, mem_mib=954, disk_mb=1000, disk_mib=954, tmpdir=/tmp

[Mon Jan 22 06:42:51 2024]
rule plot_moments:
    input: results/sofia_pbc/hcg31/hcg31_line60_masked.pb_corr_vopt_mom0.fits, results/sofia_pbc/hcg31/hcg31_line60_masked.pb_corr_vopt_mom1.fits, results/publication/figures/ngc1622_mom0.pdf, results/publication/figures/ngc1622_snr.pdf, results/publication/figures/ngc1622_mom1.pdf, results/publication/figures/ngc1622_chan.pdf, results/publication/figures/ngc1622_mom2.pdf, results/publication/figures/ngc1622_spec.pdf, results/publication/figures/hcg16_meerkat_gbt_spec.pdf, results/publication/figures/hcg30_meerkat_gbt_spec.pdf, results/publication/figures/hcg31_meerkat_gbt_spec.pdf, results/publication/figures/hcg91_meerkat_gbt_spec.pdf, results/publication/figures/hcgs_meerkat_gbt_flux.pdf, results/publication/figures/hcg16_velocity_ra.pdf, results/publication/figures/hcg30_velocity_ra.pdf, results/publication/figures/hcg31_velocity_ra.pdf, results/publication/figures/hcg91_velocity_ra.pdf, results/publication/figures/hcg16_noise_specaxis.pdf, results/publication/figures/hcg30_noise_specaxis.pdf, results/publication/figures/hcg31_noise_specaxis.pdf, results/publication/figures/hcg91_noise_specaxis.pdf, results/publication/figures/hcg16_global_profile.pdf, results/publication/figures/hcg30_global_profile.pdf, results/publication/figures/hcg31_global_profile.pdf, results/publication/figures/hcg91_global_profile.pdf
    output: results/publication/figures/hcg31_mom0_pbc_zoom.pdf, results/publication/figures/hcg31_mom0_pbc_large.pdf, results/publication/figures/hcg31_coldens_pbc_zoom.pdf, results/publication/figures/hcg31_coldens_pbc_large.pdf, results/publication/figures/hcg31_mom1_pbc_zoom.pdf, results/publication/figures/hcg31_mom1_pbc_large.pdf
    jobid: 24
    reason: Missing output files: results/publication/figures/hcg31_mom1_pbc_large.pdf, results/publication/figures/hcg31_mom0_pbc_large.pdf, results/publication/figures/hcg31_mom0_pbc_zoom.pdf, results/publication/figures/hcg31_coldens_pbc_zoom.pdf, results/publication/figures/hcg31_mom1_pbc_zoom.pdf, results/publication/figures/hcg31_coldens_pbc_large.pdf
    wildcards: gal_idx=hcg31
    resources: mem_mb=1000, mem_mib=954, disk_mb=1000, disk_mib=954, tmpdir=/tmp

[Mon Jan 22 06:44:11 2024]
Finished job 24.
1 of 3 steps (33%) done
Shutting down, this might take some time.
Exiting because a job execution failed. Look above for error message
Complete log: .snakemake/log/2024-01-22T064250.801613.snakemake.log
