Building DAG of jobs...
Using shell: /bin/bash
Provided cores: 24
Rules claiming more threads will be scaled down.
Job stats:
job                         count
------------------------  -------
all                             1
plot_gbt_meerkat_spectra        3
total                           4

Select jobs to execute...

[Sun Jan  7 16:10:55 2024]
rule plot_gbt_meerkat_spectra:
    input: data/hcg16/hcg16_line60_masked.pb_corr_vopt.fits
    output: results/publication/figures/hcg16_meerkat_gbt_spec.pdf
    jobid: 5
    reason: Missing output files: results/publication/figures/hcg16_meerkat_gbt_spec.pdf
    wildcards: gal_idx=hcg16
    resources: mem_mb=1069, mem_mib=1020, disk_mb=1069, disk_mib=1020, tmpdir=/data


[Sun Jan  7 16:10:56 2024]
rule plot_gbt_meerkat_spectra:
    input: data/hcg30/hcg30_line60_masked.pb_corr_vopt.fits
    output: results/publication/figures/hcg30_meerkat_gbt_spec.pdf
    jobid: 6
    reason: Missing output files: results/publication/figures/hcg30_meerkat_gbt_spec.pdf
    wildcards: gal_idx=hcg30
    resources: mem_mb=1203, mem_mib=1148, disk_mb=1203, disk_mib=1148, tmpdir=/data


[Sun Jan  7 16:10:56 2024]
rule plot_gbt_meerkat_spectra:
    input: data/hcg31/hcg31_line60_masked.pb_corr_vopt.fits
    output: results/publication/figures/hcg31_meerkat_gbt_spec.pdf
    jobid: 7
    reason: Missing output files: results/publication/figures/hcg31_meerkat_gbt_spec.pdf
    wildcards: gal_idx=hcg31
    resources: mem_mb=1890, mem_mib=1803, disk_mb=1890, disk_mib=1803, tmpdir=/data

[Sun Jan  7 16:11:08 2024]
Finished job 6.
1 of 4 steps (25%) done
[Sun Jan  7 16:11:08 2024]
Finished job 5.
2 of 4 steps (50%) done
[Sun Jan  7 16:11:11 2024]
Finished job 7.
3 of 4 steps (75%) done
Select jobs to execute...

[Sun Jan  7 16:11:11 2024]
localrule all:
    input: results/sofia/hcg16/hcg16_sofia_updated_vopt.par, results/sofia/hcg30/hcg30_sofia_updated_vopt.par, results/sofia/hcg31/hcg31_sofia_updated_vopt.par, results/sofia/hcg16/hcg16_line60_masked.image_vopt_cat.txt, results/sofia/hcg30/hcg30_line60_masked.image_vopt_cat.txt, results/sofia/hcg31/hcg31_line60_masked.image_vopt_cat.txt, results/sofia/hcg16/hcg16_line60_masked.image_vopt_cubelets/hcg16_line60_masked.image_vopt_1_mom0.fits, results/sofia/hcg30/hcg30_line60_masked.image_vopt_cubelets/hcg30_line60_masked.image_vopt_1_mom0.fits, results/sofia/hcg31/hcg31_line60_masked.image_vopt_cubelets/hcg31_line60_masked.image_vopt_1_mom0.fits, results/sofia_pbc/hcg16/hcg16_sofia_updated_vopt.par, results/sofia_pbc/hcg30/hcg30_sofia_updated_vopt.par, results/sofia_pbc/hcg31/hcg31_sofia_updated_vopt.par, results/sofia_pbc/hcg16/hcg16_line60_masked.pb_corr_vopt_cat.txt, results/sofia_pbc/hcg30/hcg30_line60_masked.pb_corr_vopt_cat.txt, results/sofia_pbc/hcg31/hcg31_line60_masked.pb_corr_vopt_cat.txt, results/sofia_pbc/hcg16/hcg16_line60_masked.pb_corr_vopt_cubelets/hcg16_line60_masked.pb_corr_vopt_1_mom0.fits, results/sofia_pbc/hcg30/hcg30_line60_masked.pb_corr_vopt_cubelets/hcg30_line60_masked.pb_corr_vopt_1_mom0.fits, results/sofia_pbc/hcg31/hcg31_line60_masked.pb_corr_vopt_cubelets/hcg31_line60_masked.pb_corr_vopt_1_mom0.fits, results/publication/figures/ngc1622_mom0.pdf, results/publication/figures/ngc1622_snr.pdf, results/publication/figures/ngc1622_mom1.pdf, results/publication/figures/ngc1622_chan.pdf, results/publication/figures/ngc1622_mom2.pdf, results/publication/figures/ngc1622_spec.pdf, results/publication/figures/hcg16_meerkat_gbt_spec.pdf, results/publication/figures/hcg30_meerkat_gbt_spec.pdf, results/publication/figures/hcg31_meerkat_gbt_spec.pdf, results/publication/hcg_paper.pdf
    jobid: 0
    reason: Input files updated by another job: results/publication/figures/hcg30_meerkat_gbt_spec.pdf, results/publication/figures/hcg16_meerkat_gbt_spec.pdf, results/publication/figures/hcg31_meerkat_gbt_spec.pdf
    resources: mem_mb=1000, mem_mib=954, disk_mb=1000, disk_mib=954, tmpdir=/data

[Sun Jan  7 16:11:11 2024]
Finished job 0.
4 of 4 steps (100%) done
Complete log: .snakemake/log/2024-01-07T161054.674412.snakemake.log
