Building DAG of jobs...
Full Traceback (most recent call last):
  File "/opt/conda_envs/snakemake/lib/python3.10/site-packages/snakemake/__init__.py", line 792, in snakemake
    success = workflow.execute(
  File "/opt/conda_envs/snakemake/lib/python3.10/site-packages/snakemake/workflow.py", line 895, in execute
    dag.init()
  File "/opt/conda_envs/snakemake/lib/python3.10/site-packages/snakemake/dag.py", line 214, in init
    job = self.update([job], progress=progress, create_inventory=True)
  File "/opt/conda_envs/snakemake/lib/python3.10/site-packages/snakemake/dag.py", line 927, in update
    raise exceptions[0]
  File "/opt/conda_envs/snakemake/lib/python3.10/site-packages/snakemake/dag.py", line 885, in update
    self.update_(
  File "/opt/conda_envs/snakemake/lib/python3.10/site-packages/snakemake/dag.py", line 1046, in update_
    raise MissingInputException(job, missing_input)
snakemake.exceptions.MissingInputException: Missing input files for rule tex2pdf_with_bib:
    output: results/publication/hcg_paper.pdf
    affected files:
        #"results/sofia/hcg90/hcg90_line60_masked.image_vopt_cat.txt
        #"results/sofia/hcg91/hcg91_line60_masked.image_vopt_cat.txt
        #"results/sofia_pbc/hcg90/hcg90_line60_masked.pb_corr_vopt_cat.txt
        #"results/sofia_pbc/hcg16/hcg16_line60_masked.pb_corr_vopt_cat.txt
        #"results/sofia/hcg16/hcg16_line60_masked.image_vopt_cat.txt
        #"results/sofia_pbc/hcg31/hcg31_line60_masked.pb_corr_vopt_cat.txt
        #"results/sofia/hcg31/hcg31_line60_masked.image_vopt_cat.txt
        #"results/sofia/hcg30/hcg30_line60_masked.image_vopt_cat.txt
        #"results/sofia/hcg97/hcg97_line60_masked.image_vopt_cat.txt
        #"results/sofia_pbc/hcg30/hcg30_line60_masked.pb_corr_vopt_cat.txt
        #"results/sofia_pbc/hcg91/hcg91_line60_masked.pb_corr_vopt_cat.txt
        #"results/sofia_pbc/hcg97/hcg97_line60_masked.pb_corr_vopt_cat.txt

MissingInputException in rule tex2pdf_with_bib in file /data/workflow/Snakefile, line 66:
Missing input files for rule tex2pdf_with_bib:
    output: results/publication/hcg_paper.pdf
    affected files:
        #"results/sofia/hcg90/hcg90_line60_masked.image_vopt_cat.txt
        #"results/sofia/hcg91/hcg91_line60_masked.image_vopt_cat.txt
        #"results/sofia_pbc/hcg90/hcg90_line60_masked.pb_corr_vopt_cat.txt
        #"results/sofia_pbc/hcg16/hcg16_line60_masked.pb_corr_vopt_cat.txt
        #"results/sofia/hcg16/hcg16_line60_masked.image_vopt_cat.txt
        #"results/sofia_pbc/hcg31/hcg31_line60_masked.pb_corr_vopt_cat.txt
        #"results/sofia/hcg31/hcg31_line60_masked.image_vopt_cat.txt
        #"results/sofia/hcg30/hcg30_line60_masked.image_vopt_cat.txt
        #"results/sofia/hcg97/hcg97_line60_masked.image_vopt_cat.txt
        #"results/sofia_pbc/hcg30/hcg30_line60_masked.pb_corr_vopt_cat.txt
        #"results/sofia_pbc/hcg91/hcg91_line60_masked.pb_corr_vopt_cat.txt
        #"results/sofia_pbc/hcg97/hcg97_line60_masked.pb_corr_vopt_cat.txt
unlocking
removed all locks
