Building DAG of jobs...
MissingInputException in rule tex2pdf_with_bib in file /data/workflow/Snakefile, line 23:
Missing input files for rule tex2pdf_with_bib:
    output: results/publication/hcg_paper.pdf
    affected files:
        results/publication/figures/hcg30_coldens_pbc_large.pdf
        results/publication/figures/hcg16_chanmap170_pbc_zoom.pdf
        results/publication/figures/hcg91_mom0_pbc_large.pdf
        results/publication/figures/hcg91_mom1_pbc_zoom.pdf
        results/publication/figures/hcg16_chanmap171_pbc_zoom.pdf
        results/publication/figures/hcg16_mom1_pbc_zoom.pdf
        results/publication/figures/hcg16_global_profile.pdf
        results/publication/figures/hcg97_meerkat_gbt_spec.pdf
        results/publication/figures/hcg90_velocity_ra.pdf
        results/publication/figures/hcgs_meerkat_gbt_flux.pdf
        results/publication/figures/ngc1622_mom2.pdf
        results/publication/figures/hcg91_global_profile.pdf
        results/publication/figures/hcg91_velocity_ra.pdf
        results/publication/figures/hcg16_optical_mom0.pdf
        results/publication/figures/hcg90_optical_mom0.pdf
        results/publication/figures/hcg91_meerkat_gbt_spec.pdf
        results/publication/figures/hcg31_velocity_ra.pdf
        results/publication/figures/hcg97_mom0_pbc_large.pdf
        results/publication/figures/hcg97_velocity_ra.pdf
        results/publication/figures/hcg16_segmented_pv_view_mom0.pdf
        results/publication/figures/hcg30_mom1_pbc_large.pdf
        results/publication/figures/hcg97_optical_mom0.pdf
        results/publication/figures/hcg16_mom0_pbc_zoom.pdf
        results/publication/figures/hcg31_optical_mom0.pdf
        results/publication/figures/hcg30_mom0_pbc_large.pdf
        results/publication/figures/hcg90_global_profile.pdf
        results/publication/figures/hcg97_mom1_pbc_zoom.pdf
        results/publication/figures/hcg30_coldens_pbc_zoom.pdf
        results/publication/figures/hcg90_mom0_pbc_zoom.pdf
        results/publication/figures/hcg91_optical_mom0.pdf
        results/publication/figures/hcg31_coldens_pbc_large.pdf
        results/publication/figures/hcg31_noise_specaxis.pdf
        results/publication/figures/ngc1622_mom0.pdf
        results/publication/figures/hcg90_mom0_pbc_large.pdf
        results/publication/figures/hcg90_mom1_pbc_zoom.pdf
        results/publication/figures/hcg90_noise_specaxis.pdf
        results/publication/figures/hcg16_velocity_ra.pdf
        results/publication/figures/hcg16_mom1_pbc_large.pdf
        results/publication/figures/hcg16_coldens_pbc_zoom.pdf
        results/publication/figures/hcg91_mom1_pbc_large.pdf
        results/publication/figures/hcg31_mom0_pbc_large.pdf
        results/publication/figures/hcg16_coldens_pbc_large.pdf
        results/publication/figures/hcg30_noise_specaxis.pdf
        results/publication/figures/hcg16_meerkat_gbt_spec.pdf
        results/publication/figures/ngc1622_chan.pdf
        results/publication/figures/hcg30_optical_mom0.pdf
        results/publication/figures/hcg31_mom1_pbc_zoom.pdf
        results/publication/figures/ngc1622_spec.pdf
        results/publication/figures/hcg97_coldens_pbc_large.pdf
        results/publication/figures/hcg90_coldens_pbc_zoom.pdf
        results/publication/figures/hcg31_mom0_pbc_zoom.pdf
        results/publication/figures/hcg16_noise_specaxis.pdf
        results/publication/figures/hcg91_coldens_pbc_zoom.pdf
        results/publication/figures/hcg16_segmented_pv_vla.pdf
        results/publication/figures/hcg30_meerkat_gbt_spec.pdf
        results/publication/figures/ngc1622_snr.pdf
        results/publication/figures/hcg31_global_profile.pdf
        results/publication/figures/hcg16_mom0_pbc_large.pdf
        results/publication/figures/hcg31_mom1_pbc_large.pdf
        results/publication/figures/hcg31_meerkat_gbt_spec.pdf
        results/publication/figures/hcg90_meerkat_gbt_spec.pdf
        results/publication/figures/ngc1622_mom1.pdf
        results/publication/figures/hcg91_noise_specaxis.pdf
        results/publication/figures/hcg30_velocity_ra.pdf
        results/publication/figures/hcg16_segmented_pv.pdf
        results/publication/figures/hcg30_mom1_pbc_zoom.pdf
        results/publication/figures/hcg91_mom0_pbc_zoom.pdf
        results/publication/figures/hcg97_noise_specaxis.pdf
        results/publication/figures/hcg97_mom0_pbc_zoom.pdf
        results/publication/figures/hcg97_mom1_pbc_large.pdf
        results/publication/figures/hcg90_mom1_pbc_large.pdf
        results/publication/figures/hcg31_coldens_pbc_zoom.pdf
        results/publication/figures/hcg91_coldens_pbc_large.pdf
        results/publication/figures/hcg30_global_profile.pdf
        results/publication/figures/hcg97_global_profile.pdf
        results/publication/figures/hcg30_mom0_pbc_zoom.pdf
        results/publication/figures/hcg90_coldens_pbc_large.pdf
        results/publication/figures/hcg97_coldens_pbc_zoom.pdf
