Building DAG of jobs...
Using shell: /bin/bash
Provided cores: 24
Rules claiming more threads will be scaled down.
Job stats:
job                    count
-------------------  -------
plot_global_prof           4
plot_noise_specaxis        4
plot_velocity_ra           4
tex2pdf_with_bib           1
total                     13

Select jobs to execute...

[Fri Jan 12 11:52:35 2024]
rule plot_velocity_ra:
    input: results/data/hcg16/hcg16_line60_masked.image_vopt.fits, results/publication/figures/ngc1622_mom0.pdf, results/publication/figures/ngc1622_snr.pdf, results/publication/figures/ngc1622_mom1.pdf, results/publication/figures/ngc1622_chan.pdf, results/publication/figures/ngc1622_mom2.pdf, results/publication/figures/ngc1622_spec.pdf
    output: results/publication/figures/hcg16_velocity_ra.pdf
    jobid: 11
    reason: Missing output files: results/publication/figures/hcg16_velocity_ra.pdf
    wildcards: gal_idx=hcg16
    resources: mem_mb=1089, mem_mib=1039, disk_mb=1089, disk_mib=1039, tmpdir=/data


[Fri Jan 12 11:52:36 2024]
rule plot_velocity_ra:
    input: results/data/hcg30/hcg30_line60_masked.image_vopt.fits, results/publication/figures/ngc1622_mom0.pdf, results/publication/figures/ngc1622_snr.pdf, results/publication/figures/ngc1622_mom1.pdf, results/publication/figures/ngc1622_chan.pdf, results/publication/figures/ngc1622_mom2.pdf, results/publication/figures/ngc1622_spec.pdf
    output: results/publication/figures/hcg30_velocity_ra.pdf
    jobid: 12
    reason: Missing output files: results/publication/figures/hcg30_velocity_ra.pdf
    wildcards: gal_idx=hcg30
    resources: mem_mb=1224, mem_mib=1168, disk_mb=1224, disk_mib=1168, tmpdir=/data


[Fri Jan 12 11:52:36 2024]
rule plot_velocity_ra:
    input: results/data/hcg31/hcg31_line60_masked.image_vopt.fits, results/publication/figures/ngc1622_mom0.pdf, results/publication/figures/ngc1622_snr.pdf, results/publication/figures/ngc1622_mom1.pdf, results/publication/figures/ngc1622_chan.pdf, results/publication/figures/ngc1622_mom2.pdf, results/publication/figures/ngc1622_spec.pdf
    output: results/publication/figures/hcg31_velocity_ra.pdf
    jobid: 13
    reason: Missing output files: results/publication/figures/hcg31_velocity_ra.pdf
    wildcards: gal_idx=hcg31
    resources: mem_mb=1911, mem_mib=1823, disk_mb=1911, disk_mib=1823, tmpdir=/data


[Fri Jan 12 11:52:36 2024]
rule plot_velocity_ra:
    input: results/data/hcg91/hcg91_line60_masked.image_vopt.fits, results/publication/figures/ngc1622_mom0.pdf, results/publication/figures/ngc1622_snr.pdf, results/publication/figures/ngc1622_mom1.pdf, results/publication/figures/ngc1622_chan.pdf, results/publication/figures/ngc1622_mom2.pdf, results/publication/figures/ngc1622_spec.pdf
    output: results/publication/figures/hcg91_velocity_ra.pdf
    jobid: 14
    reason: Missing output files: results/publication/figures/hcg91_velocity_ra.pdf
    wildcards: gal_idx=hcg91
    resources: mem_mb=3334, mem_mib=3180, disk_mb=3334, disk_mib=3180, tmpdir=/data

[Fri Jan 12 11:52:47 2024]
Finished job 11.
1 of 13 steps (8%) done
[Fri Jan 12 11:52:48 2024]
Finished job 12.
2 of 13 steps (15%) done
[Fri Jan 12 11:52:51 2024]
Finished job 13.
3 of 13 steps (23%) done
[Fri Jan 12 11:52:59 2024]
Finished job 14.
4 of 13 steps (31%) done
Select jobs to execute...

[Fri Jan 12 11:52:59 2024]
rule plot_noise_specaxis:
    input: results/sofia/hcg91/hcg91_line60_masked.image_vopt_noise.fits, results/publication/figures/hcg91_velocity_ra.pdf
    output: results/publication/figures/hcg91_noise_specaxis.pdf
    jobid: 18
    reason: Input files updated by another job: results/publication/figures/hcg91_velocity_ra.pdf
    wildcards: gal_idx=hcg91
    resources: mem_mb=3315, mem_mib=3162, disk_mb=3315, disk_mib=3162, tmpdir=/data


[Fri Jan 12 11:52:59 2024]
rule plot_noise_specaxis:
    input: results/sofia/hcg16/hcg16_line60_masked.image_vopt_noise.fits, results/publication/figures/hcg91_velocity_ra.pdf
    output: results/publication/figures/hcg16_noise_specaxis.pdf
    jobid: 15
    reason: Input files updated by another job: results/publication/figures/hcg91_velocity_ra.pdf
    wildcards: gal_idx=hcg16
    resources: mem_mb=1071, mem_mib=1022, disk_mb=1071, disk_mib=1022, tmpdir=/data


[Fri Jan 12 11:52:59 2024]
rule plot_noise_specaxis:
    input: results/sofia/hcg30/hcg30_line60_masked.image_vopt_noise.fits, results/publication/figures/hcg91_velocity_ra.pdf
    output: results/publication/figures/hcg30_noise_specaxis.pdf
    jobid: 16
    reason: Input files updated by another job: results/publication/figures/hcg91_velocity_ra.pdf
    wildcards: gal_idx=hcg30
    resources: mem_mb=1205, mem_mib=1150, disk_mb=1205, disk_mib=1150, tmpdir=/data


[Fri Jan 12 11:52:59 2024]
rule plot_noise_specaxis:
    input: results/sofia/hcg31/hcg31_line60_masked.image_vopt_noise.fits, results/publication/figures/hcg91_velocity_ra.pdf
    output: results/publication/figures/hcg31_noise_specaxis.pdf
    jobid: 17
    reason: Input files updated by another job: results/publication/figures/hcg91_velocity_ra.pdf
    wildcards: gal_idx=hcg31
    resources: mem_mb=1892, mem_mib=1805, disk_mb=1892, disk_mib=1805, tmpdir=/data

[Fri Jan 12 11:53:01 2024]
Error in rule plot_noise_specaxis:
    jobid: 16
    input: results/sofia/hcg30/hcg30_line60_masked.image_vopt_noise.fits, results/publication/figures/hcg91_velocity_ra.pdf
    output: results/publication/figures/hcg30_noise_specaxis.pdf
    shell:
        python workflow/scripts/plot_noise_specaxis.py --cube results/sofia/hcg30/hcg30_line60_masked.image_vopt_noise.fits
        (one of the commands exited with non-zero exit code; note that snakemake uses bash strict mode!)

[Fri Jan 12 11:53:01 2024]
Error in rule plot_noise_specaxis:
    jobid: 15
    input: results/sofia/hcg16/hcg16_line60_masked.image_vopt_noise.fits, results/publication/figures/hcg91_velocity_ra.pdf
    output: results/publication/figures/hcg16_noise_specaxis.pdf
    shell:
        python workflow/scripts/plot_noise_specaxis.py --cube results/sofia/hcg16/hcg16_line60_masked.image_vopt_noise.fits
        (one of the commands exited with non-zero exit code; note that snakemake uses bash strict mode!)

[Fri Jan 12 11:53:01 2024]
[Fri Jan 12 11:53:01 2024]
Error in rule plot_noise_specaxis:
    jobid: 17
    input: results/sofia/hcg31/hcg31_line60_masked.image_vopt_noise.fits, results/publication/figures/hcg91_velocity_ra.pdf
    output: results/publication/figures/hcg31_noise_specaxis.pdf
    shell:
        python workflow/scripts/plot_noise_specaxis.py --cube results/sofia/hcg31/hcg31_line60_masked.image_vopt_noise.fits
        (one of the commands exited with non-zero exit code; note that snakemake uses bash strict mode!)

Error in rule plot_noise_specaxis:
    jobid: 18
    input: results/sofia/hcg91/hcg91_line60_masked.image_vopt_noise.fits, results/publication/figures/hcg91_velocity_ra.pdf
    output: results/publication/figures/hcg91_noise_specaxis.pdf
    shell:
        python workflow/scripts/plot_noise_specaxis.py --cube results/sofia/hcg91/hcg91_line60_masked.image_vopt_noise.fits
        (one of the commands exited with non-zero exit code; note that snakemake uses bash strict mode!)

Shutting down, this might take some time.
Exiting because a job execution failed. Look above for error message
Complete log: .snakemake/log/2024-01-12T115235.133039.snakemake.log
