Building DAG of jobs...
Full Traceback (most recent call last):
  File "/opt/conda_envs/snakemake/lib/python3.10/site-packages/snakemake/__init__.py", line 792, in snakemake
    success = workflow.execute(
  File "/opt/conda_envs/snakemake/lib/python3.10/site-packages/snakemake/workflow.py", line 895, in execute
    dag.init()
  File "/opt/conda_envs/snakemake/lib/python3.10/site-packages/snakemake/dag.py", line 214, in init
    job = self.update([job], progress=progress, create_inventory=True)
  File "/opt/conda_envs/snakemake/lib/python3.10/site-packages/snakemake/dag.py", line 927, in update
    raise exceptions[0]
  File "/opt/conda_envs/snakemake/lib/python3.10/site-packages/snakemake/dag.py", line 885, in update
    self.update_(
  File "/opt/conda_envs/snakemake/lib/python3.10/site-packages/snakemake/dag.py", line 1018, in update_
    raise ex
  File "/opt/conda_envs/snakemake/lib/python3.10/site-packages/snakemake/dag.py", line 1000, in update_
    selected_job = self.update(
  File "/opt/conda_envs/snakemake/lib/python3.10/site-packages/snakemake/dag.py", line 927, in update
    raise exceptions[0]
  File "/opt/conda_envs/snakemake/lib/python3.10/site-packages/snakemake/dag.py", line 885, in update
    self.update_(
  File "/opt/conda_envs/snakemake/lib/python3.10/site-packages/snakemake/dag.py", line 1046, in update_
    raise MissingInputException(job, missing_input)
snakemake.exceptions.MissingInputException: Missing input files for rule plot_gbt_meerkat_spectra:
    output: outputs/publication/figures/hcg16_meerkat_gbt_spec.pdf
    wildcards: gal_idx=hcg16
    affected files:
        results/publication/figures/ngc1622_mom1.pdf
        results/publication/figures/ngc1622_mom0.pdf
        results/publication/figures/ngc1622_snr.pdf
        results/publication/figures/ngc1622_chan.pdf
        results/publication/figures/ngc1622_mom2.pdf
        results/publication/figures/ngc1622_spec.pdf

MissingInputException in rule plot_gbt_meerkat_spectra in file /data/workflow/rules/plot_gbt_meerkat_spectra.smk, line 16:
Missing input files for rule plot_gbt_meerkat_spectra:
    output: outputs/publication/figures/hcg16_meerkat_gbt_spec.pdf
    wildcards: gal_idx=hcg16
    affected files:
        results/publication/figures/ngc1622_mom1.pdf
        results/publication/figures/ngc1622_mom0.pdf
        results/publication/figures/ngc1622_snr.pdf
        results/publication/figures/ngc1622_chan.pdf
        results/publication/figures/ngc1622_mom2.pdf
        results/publication/figures/ngc1622_spec.pdf
unlocking
removed all locks
