Building DAG of jobs...
Full Traceback (most recent call last):
  File "/opt/conda_envs/snakemake/lib/python3.10/site-packages/snakemake/__init__.py", line 792, in snakemake
    success = workflow.execute(
  File "/opt/conda_envs/snakemake/lib/python3.10/site-packages/snakemake/workflow.py", line 895, in execute
    dag.init()
  File "/opt/conda_envs/snakemake/lib/python3.10/site-packages/snakemake/dag.py", line 248, in init
    self.update_needrun(create_inventory=True)
  File "/opt/conda_envs/snakemake/lib/python3.10/site-packages/snakemake/dag.py", line 1233, in update_needrun
    missing_output = list(job_.missing_output(files))
  File "/opt/conda_envs/snakemake/lib/python3.10/site-packages/snakemake/jobs.py", line 710, in missing_output
    yield from handle_file(f)
  File "/opt/conda_envs/snakemake/lib/python3.10/site-packages/snakemake/jobs.py", line 697, in handle_file
    if is_flagged(f, "pipe") or is_flagged(f, "service") or not f.exists:
  File "/opt/conda_envs/snakemake/lib/python3.10/site-packages/snakemake/io.py", line 457, in exists
    return self.exists_local
  File "/opt/conda_envs/snakemake/lib/python3.10/site-packages/snakemake/io.py", line 221, in wrapper
    if self in cache:
  File "/opt/conda_envs/snakemake/lib/python3.10/site-packages/snakemake/io.py", line 122, in __contains__
    return parent in self.has_inventory or super().__contains__(path)
  File "/opt/conda_envs/snakemake/lib/python3.10/site-packages/snakemake/io.py", line 820, in __hash__
    return self._file.__hash__()
KeyboardInterrupt

Cancelling snakemake on user request.
unlocking
removed all locks
