Building DAG of jobs...
Using shell: /bin/bash
Provided cores: 24
Rules claiming more threads will be scaled down.
Job stats:
job                 count
----------------  -------
tex2pdf_with_bib        1
total                   1

Resources before job selection: {'_cores': 24, '_nodes': 9223372036854775807}
Ready jobs (1)
Select jobs to execute...
Using greedy selector because only single job has to be scheduled.
Selected jobs (1)
Resources after job selection: {'_cores': 23, '_nodes': 9223372036854775806}

[Mon Oct 28 12:09:34 2024]
rule tex2pdf_with_bib:
    input: outputs/sofia/hcg16/hcg16_sofia_updated_vopt_central.par, outputs/sofia/hcg16/hcg16_line60_masked.image_vopt_cat.txt, outputs/sofia/hcg16/hcg16_line60_masked.image_vopt_noise.fits, outputs/sofia/hcg16/hcg16_line60_masked.image_vopt_cubelets/hcg16_line60_masked.image_vopt_1_mom0.fits, outputs/sofia_pbc/hcg16/hcg16_sofia_updated_vopt_central.par, outputs/sofia_pbc/hcg16/hcg16_line60_masked.pb_corr_vopt_cat.txt, outputs/sofia_pbc/hcg16/hcg16_line60_masked.pb_corr_vopt_mask.fits, outputs/sofia_pbc/hcg16/hcg16_line60_masked.pb_corr_vopt_mom1.fits, outputs/sofia_pbc/hcg16/hcg16_line60_masked.pb_corr_vopt_mom0.fits, outputs/sofia_pbc/hcg16/hcg16_line60_masked.pb_corr_vopt_noise.fits, outputs/data/hcg16/hcg16_line60_masked.image_vopt.fits, outputs/data/hcg16/hcg16_line60_masked.pb_corr_vopt.fits, outputs/sofia_pbc/hcg16/hcg16_line60_masked.pb_corr_vopt_cubelets/hcg16_line60_masked.pb_corr_vopt_1_mom0.fits, outputs/sofia/hcg30/hcg30_sofia_updated_vopt_central.par, outputs/sofia/hcg30/hcg30_line60_masked.image_vopt_cat.txt, outputs/sofia/hcg30/hcg30_line60_masked.image_vopt_noise.fits, outputs/sofia/hcg30/hcg30_line60_masked.image_vopt_cubelets/hcg30_line60_masked.image_vopt_1_mom0.fits, outputs/sofia_pbc/hcg30/hcg30_sofia_updated_vopt_central.par, outputs/sofia_pbc/hcg30/hcg30_line60_masked.pb_corr_vopt_cat.txt, outputs/sofia_pbc/hcg30/hcg30_line60_masked.pb_corr_vopt_mask.fits, outputs/sofia_pbc/hcg30/hcg30_line60_masked.pb_corr_vopt_mom1.fits, outputs/sofia_pbc/hcg30/hcg30_line60_masked.pb_corr_vopt_mom0.fits, outputs/sofia_pbc/hcg30/hcg30_line60_masked.pb_corr_vopt_noise.fits, outputs/data/hcg30/hcg30_line60_masked.image_vopt.fits, outputs/data/hcg30/hcg30_line60_masked.pb_corr_vopt.fits, outputs/sofia_pbc/hcg30/hcg30_line60_masked.pb_corr_vopt_cubelets/hcg30_line60_masked.pb_corr_vopt_1_mom0.fits, outputs/sofia/hcg31/hcg31_sofia_updated_vopt_central.par, outputs/sofia/hcg31/hcg31_line60_masked.image_vopt_cat.txt, outputs/sofia/hcg31/hcg31_line60_masked.image_vopt_noise.fits, outputs/sofia/hcg31/hcg31_line60_masked.image_vopt_cubelets/hcg31_line60_masked.image_vopt_1_mom0.fits, outputs/sofia_pbc/hcg31/hcg31_sofia_updated_vopt_central.par, outputs/sofia_pbc/hcg31/hcg31_line60_masked.pb_corr_vopt_cat.txt, outputs/sofia_pbc/hcg31/hcg31_line60_masked.pb_corr_vopt_mask.fits, outputs/sofia_pbc/hcg31/hcg31_line60_masked.pb_corr_vopt_mom1.fits, outputs/sofia_pbc/hcg31/hcg31_line60_masked.pb_corr_vopt_mom0.fits, outputs/sofia_pbc/hcg31/hcg31_line60_masked.pb_corr_vopt_noise.fits, outputs/data/hcg31/hcg31_line60_masked.image_vopt.fits, outputs/data/hcg31/hcg31_line60_masked.pb_corr_vopt.fits, outputs/sofia_pbc/hcg31/hcg31_line60_masked.pb_corr_vopt_cubelets/hcg31_line60_masked.pb_corr_vopt_1_mom0.fits, outputs/sofia/hcg90/hcg90_sofia_updated_vopt_central.par, outputs/sofia/hcg90/hcg90_line60_masked.image_vopt_cat.txt, outputs/sofia/hcg90/hcg90_line60_masked.image_vopt_noise.fits, outputs/sofia/hcg90/hcg90_line60_masked.image_vopt_cubelets/hcg90_line60_masked.image_vopt_1_mom0.fits, outputs/sofia_pbc/hcg90/hcg90_sofia_updated_vopt_central.par, outputs/sofia_pbc/hcg90/hcg90_line60_masked.pb_corr_vopt_cat.txt, outputs/sofia_pbc/hcg90/hcg90_line60_masked.pb_corr_vopt_mask.fits, outputs/sofia_pbc/hcg90/hcg90_line60_masked.pb_corr_vopt_mom1.fits, outputs/sofia_pbc/hcg90/hcg90_line60_masked.pb_corr_vopt_mom0.fits, outputs/sofia_pbc/hcg90/hcg90_line60_masked.pb_corr_vopt_noise.fits, outputs/data/hcg90/hcg90_line60_masked.image_vopt.fits, outputs/data/hcg90/hcg90_line60_masked.pb_corr_vopt.fits, outputs/sofia_pbc/hcg90/hcg90_line60_masked.pb_corr_vopt_cubelets/hcg90_line60_masked.pb_corr_vopt_1_mom0.fits, outputs/sofia/hcg91/hcg91_sofia_updated_vopt_central.par, outputs/sofia/hcg91/hcg91_line60_masked.image_vopt_cat.txt, outputs/sofia/hcg91/hcg91_line60_masked.image_vopt_noise.fits, outputs/sofia/hcg91/hcg91_line60_masked.image_vopt_cubelets/hcg91_line60_masked.image_vopt_1_mom0.fits, outputs/sofia_pbc/hcg91/hcg91_sofia_updated_vopt_central.par, outputs/sofia_pbc/hcg91/hcg91_line60_masked.pb_corr_vopt_cat.txt, outputs/sofia_pbc/hcg91/hcg91_line60_masked.pb_corr_vopt_mask.fits, outputs/sofia_pbc/hcg91/hcg91_line60_masked.pb_corr_vopt_mom1.fits, outputs/sofia_pbc/hcg91/hcg91_line60_masked.pb_corr_vopt_mom0.fits, outputs/sofia_pbc/hcg91/hcg91_line60_masked.pb_corr_vopt_noise.fits, outputs/data/hcg91/hcg91_line60_masked.image_vopt.fits, outputs/data/hcg91/hcg91_line60_masked.pb_corr_vopt.fits, outputs/sofia_pbc/hcg91/hcg91_line60_masked.pb_corr_vopt_cubelets/hcg91_line60_masked.pb_corr_vopt_1_mom0.fits, outputs/sofia/hcg97/hcg97_sofia_updated_vopt_central.par, outputs/sofia/hcg97/hcg97_line60_masked.image_vopt_cat.txt, outputs/sofia/hcg97/hcg97_line60_masked.image_vopt_noise.fits, outputs/sofia/hcg97/hcg97_line60_masked.image_vopt_cubelets/hcg97_line60_masked.image_vopt_1_mom0.fits, outputs/sofia_pbc/hcg97/hcg97_sofia_updated_vopt_central.par, outputs/sofia_pbc/hcg97/hcg97_line60_masked.pb_corr_vopt_cat.txt, outputs/sofia_pbc/hcg97/hcg97_line60_masked.pb_corr_vopt_mask.fits, outputs/sofia_pbc/hcg97/hcg97_line60_masked.pb_corr_vopt_mom1.fits, outputs/sofia_pbc/hcg97/hcg97_line60_masked.pb_corr_vopt_mom0.fits, outputs/sofia_pbc/hcg97/hcg97_line60_masked.pb_corr_vopt_noise.fits, outputs/data/hcg97/hcg97_line60_masked.image_vopt.fits, outputs/data/hcg97/hcg97_line60_masked.pb_corr_vopt.fits, outputs/sofia_pbc/hcg97/hcg97_line60_masked.pb_corr_vopt_cubelets/hcg97_line60_masked.pb_corr_vopt_1_mom0.fits, outputs/publication/figures/ngc1622_column_density.pdf, outputs/publication/figures/ngc1622_snr.pdf, outputs/publication/figures/ngc1622_mom1.pdf, outputs/publication/figures/ngc1622_chan.pdf, outputs/publication/figures/ngc1622_mom2.pdf, outputs/publication/figures/ngc1622_spec.pdf, outputs/publication/figures/ngc1622_pv.pdf, outputs/publication/figures/ngc1622_pv_min.pdf, workflow/hcg_paper.tex
    output: outputs/publication/hcg_paper.pdf
    jobid: 0
    reason: Missing output files: outputs/publication/hcg_paper.pdf
    resources: mem_mb=55641, mem_mib=53064, disk_mb=55641, disk_mib=53064, tmpdir=/data

[Mon Oct 28 12:09:57 2024]
Finished job 0.
1 of 1 steps (100%) done
Complete log: .snakemake/log/2024-10-28T120934.123517.snakemake.log
unlocking
removing lock
removing lock
removed all locks
