Building DAG of jobs...
Using shell: /bin/bash
Provided cores: 24
Rules claiming more threads will be scaled down.
Job stats:
job                      count
---------------------  -------
plot_segmented_pvdiag        1
tex2pdf_with_bib             1
total                        2

Select jobs to execute...

[Sun Jan 28 10:56:23 2024]
rule plot_segmented_pvdiag:
    input: results/sofia_pbc/hcg16/hcg16_line60_masked.pb_corr_vopt_mom0_nan_zoom_addbeam.fits, results/data/hcg16/hcg16_line60_masked.pb_corr_vopt.fits, data/hcg16/vla_data/HCG16_CD_rob2_MS.fits, results/publication/figures/ngc1622_mom0.pdf, results/publication/figures/ngc1622_snr.pdf, results/publication/figures/ngc1622_mom1.pdf, results/publication/figures/ngc1622_chan.pdf, results/publication/figures/ngc1622_mom2.pdf, results/publication/figures/ngc1622_spec.pdf, results/publication/figures/hcg16_meerkat_gbt_spec.pdf, results/publication/figures/hcg30_meerkat_gbt_spec.pdf, results/publication/figures/hcg31_meerkat_gbt_spec.pdf, results/publication/figures/hcg91_meerkat_gbt_spec.pdf, results/publication/figures/hcgs_meerkat_gbt_flux.pdf, results/publication/figures/hcg16_velocity_ra.pdf, results/publication/figures/hcg30_velocity_ra.pdf, results/publication/figures/hcg31_velocity_ra.pdf, results/publication/figures/hcg91_velocity_ra.pdf, results/publication/figures/hcg16_noise_specaxis.pdf, results/publication/figures/hcg30_noise_specaxis.pdf, results/publication/figures/hcg31_noise_specaxis.pdf, results/publication/figures/hcg91_noise_specaxis.pdf, results/publication/figures/hcg16_global_profile.pdf, results/publication/figures/hcg30_global_profile.pdf, results/publication/figures/hcg31_global_profile.pdf, results/publication/figures/hcg91_global_profile.pdf, results/publication/figures/hcg16_mom0_pbc_zoom.pdf, results/publication/figures/hcg30_mom0_pbc_zoom.pdf, results/publication/figures/hcg31_mom0_pbc_zoom.pdf, results/publication/figures/hcg91_mom0_pbc_zoom.pdf, results/publication/figures/hcg16_mom0_pbc_large.pdf, results/publication/figures/hcg30_mom0_pbc_large.pdf, results/publication/figures/hcg31_mom0_pbc_large.pdf, results/publication/figures/hcg91_mom0_pbc_large.pdf, results/publication/figures/hcg16_coldens_pbc_zoom.pdf, results/publication/figures/hcg30_coldens_pbc_zoom.pdf, results/publication/figures/hcg31_coldens_pbc_zoom.pdf, results/publication/figures/hcg91_coldens_pbc_zoom.pdf, results/publication/figures/hcg16_coldens_pbc_large.pdf, results/publication/figures/hcg30_coldens_pbc_large.pdf, results/publication/figures/hcg31_coldens_pbc_large.pdf, results/publication/figures/hcg91_coldens_pbc_large.pdf, results/publication/figures/hcg16_mom1_pbc_zoom.pdf, results/publication/figures/hcg30_mom1_pbc_zoom.pdf, results/publication/figures/hcg31_mom1_pbc_zoom.pdf, results/publication/figures/hcg91_mom1_pbc_zoom.pdf, results/publication/figures/hcg16_mom1_pbc_large.pdf, results/publication/figures/hcg30_mom1_pbc_large.pdf, results/publication/figures/hcg31_mom1_pbc_large.pdf, results/publication/figures/hcg91_mom1_pbc_large.pdf
    output: results/publication/figures/hcg16_segmented_pv_view_mom0.pdf, results/publication/figures/hcg16_segmented_pv.pdf, results/publication/figures/hcg16_segmented_pv_vla.pdf
    jobid: 26
    reason: Missing output files: results/publication/figures/hcg16_segmented_pv_view_mom0.pdf, results/publication/figures/hcg16_segmented_pv.pdf, results/publication/figures/hcg16_segmented_pv_vla.pdf; Updated input files: data/hcg16/vla_data/HCG16_CD_rob2_MS.fits
    resources: mem_mb=1246, mem_mib=1189, disk_mb=1246, disk_mib=1189, tmpdir=/tmp

[Sun Jan 28 10:57:02 2024]
Finished job 26.
1 of 2 steps (50%) done
Select jobs to execute...

[Sun Jan 28 10:57:02 2024]
rule tex2pdf_with_bib:
    input: workflow/hcg_paper.tex, results/publication/figures/ngc1622_mom0.pdf, results/publication/figures/ngc1622_snr.pdf, results/publication/figures/ngc1622_mom1.pdf, results/publication/figures/ngc1622_chan.pdf, results/publication/figures/ngc1622_mom2.pdf, results/publication/figures/ngc1622_spec.pdf, results/publication/figures/hcg16_meerkat_gbt_spec.pdf, results/publication/figures/hcg30_meerkat_gbt_spec.pdf, results/publication/figures/hcg31_meerkat_gbt_spec.pdf, results/publication/figures/hcg91_meerkat_gbt_spec.pdf, results/publication/figures/hcgs_meerkat_gbt_flux.pdf, results/publication/figures/hcg16_velocity_ra.pdf, results/publication/figures/hcg30_velocity_ra.pdf, results/publication/figures/hcg31_velocity_ra.pdf, results/publication/figures/hcg91_velocity_ra.pdf, results/publication/figures/hcg16_noise_specaxis.pdf, results/publication/figures/hcg30_noise_specaxis.pdf, results/publication/figures/hcg31_noise_specaxis.pdf, results/publication/figures/hcg91_noise_specaxis.pdf, results/publication/figures/hcg16_global_profile.pdf, results/publication/figures/hcg30_global_profile.pdf, results/publication/figures/hcg31_global_profile.pdf, results/publication/figures/hcg91_global_profile.pdf, results/publication/figures/hcg16_mom0_pbc_zoom.pdf, results/publication/figures/hcg30_mom0_pbc_zoom.pdf, results/publication/figures/hcg31_mom0_pbc_zoom.pdf, results/publication/figures/hcg91_mom0_pbc_zoom.pdf, results/publication/figures/hcg16_mom0_pbc_large.pdf, results/publication/figures/hcg30_mom0_pbc_large.pdf, results/publication/figures/hcg31_mom0_pbc_large.pdf, results/publication/figures/hcg91_mom0_pbc_large.pdf, results/publication/figures/hcg16_coldens_pbc_zoom.pdf, results/publication/figures/hcg30_coldens_pbc_zoom.pdf, results/publication/figures/hcg31_coldens_pbc_zoom.pdf, results/publication/figures/hcg91_coldens_pbc_zoom.pdf, results/publication/figures/hcg16_coldens_pbc_large.pdf, results/publication/figures/hcg30_coldens_pbc_large.pdf, results/publication/figures/hcg31_coldens_pbc_large.pdf, results/publication/figures/hcg91_coldens_pbc_large.pdf, results/publication/figures/hcg16_mom1_pbc_zoom.pdf, results/publication/figures/hcg30_mom1_pbc_zoom.pdf, results/publication/figures/hcg31_mom1_pbc_zoom.pdf, results/publication/figures/hcg91_mom1_pbc_zoom.pdf, results/publication/figures/hcg16_mom1_pbc_large.pdf, results/publication/figures/hcg30_mom1_pbc_large.pdf, results/publication/figures/hcg31_mom1_pbc_large.pdf, results/publication/figures/hcg91_mom1_pbc_large.pdf, results/publication/figures/hcg16_segmented_pv_view_mom0.pdf, results/publication/figures/hcg16_segmented_pv.pdf, results/publication/figures/hcg16_segmented_pv_vla.pdf
    output: results/publication/hcg_paper.pdf
    jobid: 0
    reason: Input files updated by another job: results/publication/figures/hcg16_segmented_pv_view_mom0.pdf, results/publication/figures/hcg16_segmented_pv.pdf, results/publication/figures/hcg16_segmented_pv_vla.pdf
    resources: mem_mb=1000, mem_mib=954, disk_mb=1000, disk_mib=954, tmpdir=/tmp

[Sun Jan 28 10:57:09 2024]
Finished job 0.
2 of 2 steps (100%) done
Complete log: .snakemake/log/2024-01-28T105622.675122.snakemake.log
