Building DAG of jobs...
Using shell: /bin/bash
Provided cores: 24
Rules claiming more threads will be scaled down.
Job stats:
job                 count
----------------  -------
all                     1
tex2pdf_with_bib        1
total                   2

Select jobs to execute...

[Sun Jan  7 14:22:09 2024]
rule tex2pdf_with_bib:
    input: workflow/hcg_paper.tex, results/publication/figures/ngc1622_mom0.pdf, results/publication/figures/ngc1622_snr.pdf, results/publication/figures/ngc1622_mom1.pdf, results/publication/figures/ngc1622_chan.pdf, results/publication/figures/ngc1622_mom2.pdf, results/publication/figures/ngc1622_spec.pdf
    output: results/publication/hcg_paper.pdf
    jobid: 8
    reason: Updated input files: workflow/hcg_paper.tex
    resources: mem_mb=1000, mem_mib=954, disk_mb=1000, disk_mib=954, tmpdir=/data

[Sun Jan  7 14:22:11 2024]
Error in rule tex2pdf_with_bib:
    jobid: 8
    input: workflow/hcg_paper.tex, results/publication/figures/ngc1622_mom0.pdf, results/publication/figures/ngc1622_snr.pdf, results/publication/figures/ngc1622_mom1.pdf, results/publication/figures/ngc1622_chan.pdf, results/publication/figures/ngc1622_mom2.pdf, results/publication/figures/ngc1622_spec.pdf
    output: results/publication/hcg_paper.pdf
    shell:
        
        tectonic -o results/publication workflow/hcg_paper.tex
        
        (one of the commands exited with non-zero exit code; note that snakemake uses bash strict mode!)

Shutting down, this might take some time.
Exiting because a job execution failed. Look above for error message
Complete log: .snakemake/log/2024-01-07T142208.861328.snakemake.log
