Building DAG of jobs...
Using shell: /bin/bash
Provided cores: 24
Rules claiming more threads will be scaled down.
Job stats:
job                         count
------------------------  -------
plot_gbt_meerkat_spectra        6
plot_gbt_vs_meerkat_flux        1
plot_sofia_products             1
tex2pdf_with_bib                1
total                           9

Resources before job selection: {'_cores': 24, '_nodes': 9223372036854775807}
Ready jobs (7)
Select jobs to execute...
Selected jobs (7)
Resources after job selection: {'_cores': 17, '_nodes': 9223372036854775800}

[Fri Oct 25 17:55:29 2024]
rule plot_gbt_meerkat_spectra:
    input: outputs/data/hcg16/hcg16_line60_masked.pb_corr_vopt.fits
    output: outputs/data/hcg16/hcg16_line60_masked.pb_corr_vopt_times_beam_factor_integrated_spec.txt, outputs/publication/figures/hcg16_meerkat_gbt_spec.pdf
    log: outputs/sofia/logs/hcg16/hcg16_meerkat_gbt_spec.log
    jobid: 8
    reason: Missing output files: outputs/publication/figures/hcg16_meerkat_gbt_spec.pdf
    wildcards: gal_idx=hcg16
    priority: 98
    resources: mem_mb=1069, mem_mib=1020, disk_mb=1069, disk_mib=1020, tmpdir=/data


[Fri Oct 25 17:55:29 2024]
rule plot_gbt_meerkat_spectra:
    input: outputs/data/hcg31/hcg31_line60_masked.pb_corr_vopt.fits
    output: outputs/data/hcg31/hcg31_line60_masked.pb_corr_vopt_times_beam_factor_integrated_spec.txt, outputs/publication/figures/hcg31_meerkat_gbt_spec.pdf
    log: outputs/sofia/logs/hcg31/hcg31_meerkat_gbt_spec.log
    jobid: 10
    reason: Missing output files: outputs/publication/figures/hcg31_meerkat_gbt_spec.pdf
    wildcards: gal_idx=hcg31
    priority: 98
    resources: mem_mb=1890, mem_mib=1803, disk_mb=1890, disk_mib=1803, tmpdir=/data


[Fri Oct 25 17:55:29 2024]
rule plot_gbt_meerkat_spectra:
    input: outputs/data/hcg91/hcg91_line60_masked.pb_corr_vopt.fits
    output: outputs/data/hcg91/hcg91_line60_masked.pb_corr_vopt_times_beam_factor_integrated_spec.txt, outputs/publication/figures/hcg91_meerkat_gbt_spec.pdf
    log: outputs/sofia/logs/hcg91/hcg91_meerkat_gbt_spec.log
    jobid: 12
    reason: Missing output files: outputs/publication/figures/hcg91_meerkat_gbt_spec.pdf
    wildcards: gal_idx=hcg91
    priority: 98
    resources: mem_mb=3313, mem_mib=3160, disk_mb=3313, disk_mib=3160, tmpdir=/data


[Fri Oct 25 17:55:29 2024]
rule plot_sofia_products:
    input: results/sofia_pbc/hcg30/hcg30_line60_masked.pb_corr_vopt_cubelets/hcg30_line60_masked.pb_corr_vopt_1_mom0.fits, outputs/sofia_pbc/hcg30/hcg30_line60_masked.pb_corr_vopt_cat.txt, outputs/sofia_pbc/hcg30/hcg30_line60_masked.pb_corr_vopt_cubelets/hcg30_line60_masked.pb_corr_vopt_1_mom0.fits, outputs/sofia_pbc/hcg30/hcg30_line60_masked.pb_corr_vopt_cubelets/hcg30_line60_masked.pb_corr_vopt_1_mom0.fits, outputs/sofia_pbc/hcg30/hcg30_line60_masked.pb_corr_vopt_cubelets/hcg30_line60_masked.pb_corr_vopt_1_mom0.fits, outputs/sofia_pbc/hcg30/hcg30_line60_masked.pb_corr_vopt_cubelets/hcg30_line60_masked.pb_corr_vopt_1_mom0.fits, outputs/sofia_pbc/hcg30/hcg30_line60_masked.pb_corr_vopt_cubelets/hcg30_line60_masked.pb_corr_vopt_1_mom0.fits, outputs/sofia_pbc/hcg30/hcg30_line60_masked.pb_corr_vopt_cubelets/hcg30_line60_masked.pb_corr_vopt_1_mom0.fits
    output: outputs/publication/figures/ngc1622_column_density.pdf, outputs/publication/figures/ngc1622_snr.pdf, outputs/publication/figures/ngc1622_mom1.pdf, outputs/publication/figures/ngc1622_chan.pdf, outputs/publication/figures/ngc1622_mom2.pdf, outputs/publication/figures/ngc1622_spec.pdf
    jobid: 7
    reason: Missing output files: outputs/publication/figures/ngc1622_chan.pdf, outputs/publication/figures/ngc1622_snr.pdf, outputs/publication/figures/ngc1622_mom2.pdf, outputs/publication/figures/ngc1622_spec.pdf, outputs/publication/figures/ngc1622_mom1.pdf, outputs/publication/figures/ngc1622_column_density.pdf
    priority: 99
    resources: mem_mb=1000, mem_mib=954, disk_mb=1000, disk_mib=954, tmpdir=/data


[Fri Oct 25 17:55:29 2024]
rule plot_gbt_meerkat_spectra:
    input: outputs/data/hcg30/hcg30_line60_masked.pb_corr_vopt.fits
    output: outputs/data/hcg30/hcg30_line60_masked.pb_corr_vopt_times_beam_factor_integrated_spec.txt, outputs/publication/figures/hcg30_meerkat_gbt_spec.pdf
    log: outputs/sofia/logs/hcg30/hcg30_meerkat_gbt_spec.log
    jobid: 9
    reason: Missing output files: outputs/publication/figures/hcg30_meerkat_gbt_spec.pdf
    wildcards: gal_idx=hcg30
    priority: 98
    resources: mem_mb=1203, mem_mib=1148, disk_mb=1203, disk_mib=1148, tmpdir=/data


[Fri Oct 25 17:55:29 2024]
rule plot_gbt_meerkat_spectra:
    input: outputs/data/hcg90/hcg90_line60_masked.pb_corr_vopt.fits
    output: outputs/data/hcg90/hcg90_line60_masked.pb_corr_vopt_times_beam_factor_integrated_spec.txt, outputs/publication/figures/hcg90_meerkat_gbt_spec.pdf
    log: outputs/sofia/logs/hcg90/hcg90_meerkat_gbt_spec.log
    jobid: 11
    reason: Missing output files: outputs/publication/figures/hcg90_meerkat_gbt_spec.pdf
    wildcards: gal_idx=hcg90
    priority: 98
    resources: mem_mb=2206, mem_mib=2104, disk_mb=2206, disk_mib=2104, tmpdir=/data


[Fri Oct 25 17:55:29 2024]
rule plot_gbt_meerkat_spectra:
    input: outputs/data/hcg97/hcg97_line60_masked.pb_corr_vopt.fits
    output: outputs/data/hcg97/hcg97_line60_masked.pb_corr_vopt_times_beam_factor_integrated_spec.txt, outputs/publication/figures/hcg97_meerkat_gbt_spec.pdf
    log: outputs/sofia/logs/hcg97/hcg97_meerkat_gbt_spec.log
    jobid: 13
    reason: Missing output files: outputs/publication/figures/hcg97_meerkat_gbt_spec.pdf
    wildcards: gal_idx=hcg97
    priority: 98
    resources: mem_mb=1439, mem_mib=1373, disk_mb=1439, disk_mib=1373, tmpdir=/data

[Fri Oct 25 17:55:40 2024]
Finished job 8.
1 of 9 steps (11%) done
[Fri Oct 25 17:55:41 2024]
Finished job 9.
2 of 9 steps (22%) done
[Fri Oct 25 17:55:42 2024]
Finished job 13.
3 of 9 steps (33%) done
[Fri Oct 25 17:55:44 2024]
Finished job 10.
4 of 9 steps (44%) done
[Fri Oct 25 17:55:46 2024]
Finished job 11.
5 of 9 steps (56%) done
[Fri Oct 25 17:55:49 2024]
Finished job 12.
6 of 9 steps (67%) done
Resources before job selection: {'_cores': 23, '_nodes': 9223372036854775806}
Ready jobs (1)
Select jobs to execute...
Using greedy selector because only single job has to be scheduled.
Selected jobs (1)
Resources after job selection: {'_cores': 22, '_nodes': 9223372036854775805}

[Fri Oct 25 17:55:49 2024]
rule plot_gbt_vs_meerkat_flux:
    input: outputs/publication/figures/hcg16_meerkat_gbt_spec.pdf, outputs/publication/figures/hcg30_meerkat_gbt_spec.pdf, outputs/publication/figures/hcg31_meerkat_gbt_spec.pdf, outputs/publication/figures/hcg90_meerkat_gbt_spec.pdf, outputs/publication/figures/hcg91_meerkat_gbt_spec.pdf, outputs/publication/figures/hcg97_meerkat_gbt_spec.pdf, outputs/data/hcg16/hcg16_line60_masked.pb_corr_vopt_times_beam_factor_integrated_spec.txt, outputs/data/hcg30/hcg30_line60_masked.pb_corr_vopt_times_beam_factor_integrated_spec.txt, outputs/data/hcg31/hcg31_line60_masked.pb_corr_vopt_times_beam_factor_integrated_spec.txt, outputs/data/hcg90/hcg90_line60_masked.pb_corr_vopt_times_beam_factor_integrated_spec.txt, outputs/data/hcg91/hcg91_line60_masked.pb_corr_vopt_times_beam_factor_integrated_spec.txt, outputs/data/hcg97/hcg97_line60_masked.pb_corr_vopt_times_beam_factor_integrated_spec.txt, results/data/hcg16/hcg16_line60_masked.pb_corr_vopt.fits, results/data/hcg30/hcg30_line60_masked.pb_corr_vopt.fits, results/data/hcg31/hcg31_line60_masked.pb_corr_vopt.fits, results/data/hcg90/hcg90_line60_masked.pb_corr_vopt.fits, results/data/hcg91/hcg91_line60_masked.pb_corr_vopt.fits, results/data/hcg97/hcg97_line60_masked.pb_corr_vopt.fits
    output: outputs/publication/figures/hcgs_meerkat_gbt_flux.pdf
    jobid: 14
    reason: Missing output files: outputs/publication/figures/hcgs_meerkat_gbt_flux.pdf; Input files updated by another job: outputs/data/hcg30/hcg30_line60_masked.pb_corr_vopt_times_beam_factor_integrated_spec.txt, outputs/data/hcg90/hcg90_line60_masked.pb_corr_vopt_times_beam_factor_integrated_spec.txt, outputs/publication/figures/hcg91_meerkat_gbt_spec.pdf, outputs/data/hcg97/hcg97_line60_masked.pb_corr_vopt_times_beam_factor_integrated_spec.txt, outputs/data/hcg31/hcg31_line60_masked.pb_corr_vopt_times_beam_factor_integrated_spec.txt, outputs/publication/figures/hcg97_meerkat_gbt_spec.pdf, outputs/data/hcg91/hcg91_line60_masked.pb_corr_vopt_times_beam_factor_integrated_spec.txt, outputs/publication/figures/hcg31_meerkat_gbt_spec.pdf, outputs/publication/figures/hcg16_meerkat_gbt_spec.pdf, outputs/publication/figures/hcg30_meerkat_gbt_spec.pdf, outputs/data/hcg16/hcg16_line60_masked.pb_corr_vopt_times_beam_factor_integrated_spec.txt, outputs/publication/figures/hcg90_meerkat_gbt_spec.pdf
    priority: 97
    resources: mem_mb=11120, mem_mib=10605, disk_mb=11120, disk_mib=10605, tmpdir=/data

[Fri Oct 25 17:56:08 2024]
Finished job 14.
7 of 9 steps (78%) done
[Fri Oct 25 17:56:47 2024]
Finished job 7.
8 of 9 steps (89%) done
Resources before job selection: {'_cores': 24, '_nodes': 9223372036854775807}
Ready jobs (1)
Select jobs to execute...
Using greedy selector because only single job has to be scheduled.
Selected jobs (1)
Resources after job selection: {'_cores': 23, '_nodes': 9223372036854775806}

[Fri Oct 25 17:56:47 2024]
rule tex2pdf_with_bib:
    input: outputs/sofia/hcg16/hcg16_sofia_updated_vopt_central.par, outputs/sofia/hcg16/hcg16_line60_masked.image_vopt_cat.txt, outputs/sofia/hcg16/hcg16_line60_masked.image_vopt_noise.fits, outputs/sofia/hcg16/hcg16_line60_masked.image_vopt_cubelets/hcg16_line60_masked.image_vopt_1_mom0.fits, outputs/sofia_pbc/hcg16/hcg16_sofia_updated_vopt_central.par, outputs/sofia_pbc/hcg16/hcg16_line60_masked.pb_corr_vopt_cat.txt, outputs/sofia_pbc/hcg16/hcg16_line60_masked.pb_corr_vopt_mask.fits, outputs/sofia_pbc/hcg16/hcg16_line60_masked.pb_corr_vopt_mom1.fits, outputs/sofia_pbc/hcg16/hcg16_line60_masked.pb_corr_vopt_mom0.fits, outputs/sofia_pbc/hcg16/hcg16_line60_masked.pb_corr_vopt_noise.fits, outputs/data/hcg16/hcg16_line60_masked.image_vopt.fits, outputs/data/hcg16/hcg16_line60_masked.pb_corr_vopt.fits, outputs/sofia_pbc/hcg16/hcg16_line60_masked.pb_corr_vopt_cubelets/hcg16_line60_masked.pb_corr_vopt_1_mom0.fits, outputs/sofia/hcg30/hcg30_sofia_updated_vopt_central.par, outputs/sofia/hcg30/hcg30_line60_masked.image_vopt_cat.txt, outputs/sofia/hcg30/hcg30_line60_masked.image_vopt_noise.fits, outputs/sofia/hcg30/hcg30_line60_masked.image_vopt_cubelets/hcg30_line60_masked.image_vopt_1_mom0.fits, outputs/sofia_pbc/hcg30/hcg30_sofia_updated_vopt_central.par, outputs/sofia_pbc/hcg30/hcg30_line60_masked.pb_corr_vopt_cat.txt, outputs/sofia_pbc/hcg30/hcg30_line60_masked.pb_corr_vopt_mask.fits, outputs/sofia_pbc/hcg30/hcg30_line60_masked.pb_corr_vopt_mom1.fits, outputs/sofia_pbc/hcg30/hcg30_line60_masked.pb_corr_vopt_mom0.fits, outputs/sofia_pbc/hcg30/hcg30_line60_masked.pb_corr_vopt_noise.fits, outputs/data/hcg30/hcg30_line60_masked.image_vopt.fits, outputs/data/hcg30/hcg30_line60_masked.pb_corr_vopt.fits, outputs/sofia_pbc/hcg30/hcg30_line60_masked.pb_corr_vopt_cubelets/hcg30_line60_masked.pb_corr_vopt_1_mom0.fits, outputs/sofia/hcg31/hcg31_sofia_updated_vopt_central.par, outputs/sofia/hcg31/hcg31_line60_masked.image_vopt_cat.txt, outputs/sofia/hcg31/hcg31_line60_masked.image_vopt_noise.fits, outputs/sofia/hcg31/hcg31_line60_masked.image_vopt_cubelets/hcg31_line60_masked.image_vopt_1_mom0.fits, outputs/sofia_pbc/hcg31/hcg31_sofia_updated_vopt_central.par, outputs/sofia_pbc/hcg31/hcg31_line60_masked.pb_corr_vopt_cat.txt, outputs/sofia_pbc/hcg31/hcg31_line60_masked.pb_corr_vopt_mask.fits, outputs/sofia_pbc/hcg31/hcg31_line60_masked.pb_corr_vopt_mom1.fits, outputs/sofia_pbc/hcg31/hcg31_line60_masked.pb_corr_vopt_mom0.fits, outputs/sofia_pbc/hcg31/hcg31_line60_masked.pb_corr_vopt_noise.fits, outputs/data/hcg31/hcg31_line60_masked.image_vopt.fits, outputs/data/hcg31/hcg31_line60_masked.pb_corr_vopt.fits, outputs/sofia_pbc/hcg31/hcg31_line60_masked.pb_corr_vopt_cubelets/hcg31_line60_masked.pb_corr_vopt_1_mom0.fits, outputs/sofia/hcg90/hcg90_sofia_updated_vopt_central.par, outputs/sofia/hcg90/hcg90_line60_masked.image_vopt_cat.txt, outputs/sofia/hcg90/hcg90_line60_masked.image_vopt_noise.fits, outputs/sofia/hcg90/hcg90_line60_masked.image_vopt_cubelets/hcg90_line60_masked.image_vopt_1_mom0.fits, outputs/sofia_pbc/hcg90/hcg90_sofia_updated_vopt_central.par, outputs/sofia_pbc/hcg90/hcg90_line60_masked.pb_corr_vopt_cat.txt, outputs/sofia_pbc/hcg90/hcg90_line60_masked.pb_corr_vopt_mask.fits, outputs/sofia_pbc/hcg90/hcg90_line60_masked.pb_corr_vopt_mom1.fits, outputs/sofia_pbc/hcg90/hcg90_line60_masked.pb_corr_vopt_mom0.fits, outputs/sofia_pbc/hcg90/hcg90_line60_masked.pb_corr_vopt_noise.fits, outputs/data/hcg90/hcg90_line60_masked.image_vopt.fits, outputs/data/hcg90/hcg90_line60_masked.pb_corr_vopt.fits, outputs/sofia_pbc/hcg90/hcg90_line60_masked.pb_corr_vopt_cubelets/hcg90_line60_masked.pb_corr_vopt_1_mom0.fits, outputs/sofia/hcg91/hcg91_sofia_updated_vopt_central.par, outputs/sofia/hcg91/hcg91_line60_masked.image_vopt_cat.txt, outputs/sofia/hcg91/hcg91_line60_masked.image_vopt_noise.fits, outputs/sofia/hcg91/hcg91_line60_masked.image_vopt_cubelets/hcg91_line60_masked.image_vopt_1_mom0.fits, outputs/sofia_pbc/hcg91/hcg91_sofia_updated_vopt_central.par, outputs/sofia_pbc/hcg91/hcg91_line60_masked.pb_corr_vopt_cat.txt, outputs/sofia_pbc/hcg91/hcg91_line60_masked.pb_corr_vopt_mask.fits, outputs/sofia_pbc/hcg91/hcg91_line60_masked.pb_corr_vopt_mom1.fits, outputs/sofia_pbc/hcg91/hcg91_line60_masked.pb_corr_vopt_mom0.fits, outputs/sofia_pbc/hcg91/hcg91_line60_masked.pb_corr_vopt_noise.fits, outputs/data/hcg91/hcg91_line60_masked.image_vopt.fits, outputs/data/hcg91/hcg91_line60_masked.pb_corr_vopt.fits, outputs/sofia_pbc/hcg91/hcg91_line60_masked.pb_corr_vopt_cubelets/hcg91_line60_masked.pb_corr_vopt_1_mom0.fits, outputs/sofia/hcg97/hcg97_sofia_updated_vopt_central.par, outputs/sofia/hcg97/hcg97_line60_masked.image_vopt_cat.txt, outputs/sofia/hcg97/hcg97_line60_masked.image_vopt_noise.fits, outputs/sofia/hcg97/hcg97_line60_masked.image_vopt_cubelets/hcg97_line60_masked.image_vopt_1_mom0.fits, outputs/sofia_pbc/hcg97/hcg97_sofia_updated_vopt_central.par, outputs/sofia_pbc/hcg97/hcg97_line60_masked.pb_corr_vopt_cat.txt, outputs/sofia_pbc/hcg97/hcg97_line60_masked.pb_corr_vopt_mask.fits, outputs/sofia_pbc/hcg97/hcg97_line60_masked.pb_corr_vopt_mom1.fits, outputs/sofia_pbc/hcg97/hcg97_line60_masked.pb_corr_vopt_mom0.fits, outputs/sofia_pbc/hcg97/hcg97_line60_masked.pb_corr_vopt_noise.fits, outputs/data/hcg97/hcg97_line60_masked.image_vopt.fits, outputs/data/hcg97/hcg97_line60_masked.pb_corr_vopt.fits, outputs/sofia_pbc/hcg97/hcg97_line60_masked.pb_corr_vopt_cubelets/hcg97_line60_masked.pb_corr_vopt_1_mom0.fits, outputs/publication/figures/ngc1622_column_density.pdf, outputs/publication/figures/ngc1622_snr.pdf, outputs/publication/figures/ngc1622_mom1.pdf, outputs/publication/figures/ngc1622_chan.pdf, outputs/publication/figures/ngc1622_mom2.pdf, outputs/publication/figures/ngc1622_spec.pdf, outputs/data/hcg16/hcg16_line60_masked.pb_corr_vopt_times_beam_factor_integrated_spec.txt, outputs/publication/figures/hcg16_meerkat_gbt_spec.pdf, outputs/data/hcg30/hcg30_line60_masked.pb_corr_vopt_times_beam_factor_integrated_spec.txt, outputs/publication/figures/hcg30_meerkat_gbt_spec.pdf, outputs/data/hcg31/hcg31_line60_masked.pb_corr_vopt_times_beam_factor_integrated_spec.txt, outputs/publication/figures/hcg31_meerkat_gbt_spec.pdf, outputs/data/hcg90/hcg90_line60_masked.pb_corr_vopt_times_beam_factor_integrated_spec.txt, outputs/publication/figures/hcg90_meerkat_gbt_spec.pdf, outputs/data/hcg91/hcg91_line60_masked.pb_corr_vopt_times_beam_factor_integrated_spec.txt, outputs/publication/figures/hcg91_meerkat_gbt_spec.pdf, outputs/data/hcg97/hcg97_line60_masked.pb_corr_vopt_times_beam_factor_integrated_spec.txt, outputs/publication/figures/hcg97_meerkat_gbt_spec.pdf, outputs/publication/figures/hcgs_meerkat_gbt_flux.pdf, outputs/publication/figures/hcgs_meerkat_gbt_flux.pdf, outputs/publication/figures/hcgs_meerkat_gbt_flux.pdf, outputs/publication/figures/hcgs_meerkat_gbt_flux.pdf, outputs/publication/figures/hcgs_meerkat_gbt_flux.pdf, outputs/publication/figures/hcgs_meerkat_gbt_flux.pdf, workflow/hcg_paper.tex
    output: outputs/publication/hcg_paper.pdf
    jobid: 0
    reason: Missing output files: outputs/publication/hcg_paper.pdf; Input files updated by another job: outputs/publication/figures/ngc1622_chan.pdf, outputs/data/hcg90/hcg90_line60_masked.pb_corr_vopt_times_beam_factor_integrated_spec.txt, outputs/publication/figures/hcg97_meerkat_gbt_spec.pdf, outputs/publication/figures/hcg31_meerkat_gbt_spec.pdf, outputs/data/hcg16/hcg16_line60_masked.pb_corr_vopt_times_beam_factor_integrated_spec.txt, outputs/publication/figures/ngc1622_spec.pdf, outputs/publication/figures/hcg90_meerkat_gbt_spec.pdf, outputs/data/hcg30/hcg30_line60_masked.pb_corr_vopt_times_beam_factor_integrated_spec.txt, outputs/publication/figures/hcg91_meerkat_gbt_spec.pdf, outputs/data/hcg97/hcg97_line60_masked.pb_corr_vopt_times_beam_factor_integrated_spec.txt, outputs/data/hcg31/hcg31_line60_masked.pb_corr_vopt_times_beam_factor_integrated_spec.txt, outputs/data/hcg91/hcg91_line60_masked.pb_corr_vopt_times_beam_factor_integrated_spec.txt, outputs/publication/figures/ngc1622_mom2.pdf, outputs/publication/figures/hcg16_meerkat_gbt_spec.pdf, outputs/publication/figures/hcgs_meerkat_gbt_flux.pdf, outputs/publication/figures/hcg30_meerkat_gbt_spec.pdf, outputs/publication/figures/ngc1622_snr.pdf, outputs/publication/figures/ngc1622_mom1.pdf, outputs/publication/figures/ngc1622_column_density.pdf
    resources: mem_mb=55641, mem_mib=53064, disk_mb=55641, disk_mib=53064, tmpdir=/data

Full Traceback (most recent call last):
  File "/opt/conda_envs/snakemake/lib/python3.10/site-packages/snakemake/executors/__init__.py", line 2656, in run_wrapper
    run(
  File "/data/workflow/Snakefile", line 113, in __rule_tex2pdf_with_bib
  File "/opt/conda_envs/snakemake/lib/python3.10/site-packages/snakemake/shell.py", line 294, in __new__
    raise sp.CalledProcessError(retcode, cmd)
subprocess.CalledProcessError: Command 'set -euo pipefail;  

        tectonic -o outputs/publication workflow/hcg_paper.tex
        for file in *delete*; do
            if [ -f "$file" ]; then
                rm -f "$file"
            fi
        done' returned non-zero exit status 1.

[Fri Oct 25 17:56:48 2024]
Error in rule tex2pdf_with_bib:
    jobid: 0
    input: outputs/sofia/hcg16/hcg16_sofia_updated_vopt_central.par, outputs/sofia/hcg16/hcg16_line60_masked.image_vopt_cat.txt, outputs/sofia/hcg16/hcg16_line60_masked.image_vopt_noise.fits, outputs/sofia/hcg16/hcg16_line60_masked.image_vopt_cubelets/hcg16_line60_masked.image_vopt_1_mom0.fits, outputs/sofia_pbc/hcg16/hcg16_sofia_updated_vopt_central.par, outputs/sofia_pbc/hcg16/hcg16_line60_masked.pb_corr_vopt_cat.txt, outputs/sofia_pbc/hcg16/hcg16_line60_masked.pb_corr_vopt_mask.fits, outputs/sofia_pbc/hcg16/hcg16_line60_masked.pb_corr_vopt_mom1.fits, outputs/sofia_pbc/hcg16/hcg16_line60_masked.pb_corr_vopt_mom0.fits, outputs/sofia_pbc/hcg16/hcg16_line60_masked.pb_corr_vopt_noise.fits, outputs/data/hcg16/hcg16_line60_masked.image_vopt.fits, outputs/data/hcg16/hcg16_line60_masked.pb_corr_vopt.fits, outputs/sofia_pbc/hcg16/hcg16_line60_masked.pb_corr_vopt_cubelets/hcg16_line60_masked.pb_corr_vopt_1_mom0.fits, outputs/sofia/hcg30/hcg30_sofia_updated_vopt_central.par, outputs/sofia/hcg30/hcg30_line60_masked.image_vopt_cat.txt, outputs/sofia/hcg30/hcg30_line60_masked.image_vopt_noise.fits, outputs/sofia/hcg30/hcg30_line60_masked.image_vopt_cubelets/hcg30_line60_masked.image_vopt_1_mom0.fits, outputs/sofia_pbc/hcg30/hcg30_sofia_updated_vopt_central.par, outputs/sofia_pbc/hcg30/hcg30_line60_masked.pb_corr_vopt_cat.txt, outputs/sofia_pbc/hcg30/hcg30_line60_masked.pb_corr_vopt_mask.fits, outputs/sofia_pbc/hcg30/hcg30_line60_masked.pb_corr_vopt_mom1.fits, outputs/sofia_pbc/hcg30/hcg30_line60_masked.pb_corr_vopt_mom0.fits, outputs/sofia_pbc/hcg30/hcg30_line60_masked.pb_corr_vopt_noise.fits, outputs/data/hcg30/hcg30_line60_masked.image_vopt.fits, outputs/data/hcg30/hcg30_line60_masked.pb_corr_vopt.fits, outputs/sofia_pbc/hcg30/hcg30_line60_masked.pb_corr_vopt_cubelets/hcg30_line60_masked.pb_corr_vopt_1_mom0.fits, outputs/sofia/hcg31/hcg31_sofia_updated_vopt_central.par, outputs/sofia/hcg31/hcg31_line60_masked.image_vopt_cat.txt, outputs/sofia/hcg31/hcg31_line60_masked.image_vopt_noise.fits, outputs/sofia/hcg31/hcg31_line60_masked.image_vopt_cubelets/hcg31_line60_masked.image_vopt_1_mom0.fits, outputs/sofia_pbc/hcg31/hcg31_sofia_updated_vopt_central.par, outputs/sofia_pbc/hcg31/hcg31_line60_masked.pb_corr_vopt_cat.txt, outputs/sofia_pbc/hcg31/hcg31_line60_masked.pb_corr_vopt_mask.fits, outputs/sofia_pbc/hcg31/hcg31_line60_masked.pb_corr_vopt_mom1.fits, outputs/sofia_pbc/hcg31/hcg31_line60_masked.pb_corr_vopt_mom0.fits, outputs/sofia_pbc/hcg31/hcg31_line60_masked.pb_corr_vopt_noise.fits, outputs/data/hcg31/hcg31_line60_masked.image_vopt.fits, outputs/data/hcg31/hcg31_line60_masked.pb_corr_vopt.fits, outputs/sofia_pbc/hcg31/hcg31_line60_masked.pb_corr_vopt_cubelets/hcg31_line60_masked.pb_corr_vopt_1_mom0.fits, outputs/sofia/hcg90/hcg90_sofia_updated_vopt_central.par, outputs/sofia/hcg90/hcg90_line60_masked.image_vopt_cat.txt, outputs/sofia/hcg90/hcg90_line60_masked.image_vopt_noise.fits, outputs/sofia/hcg90/hcg90_line60_masked.image_vopt_cubelets/hcg90_line60_masked.image_vopt_1_mom0.fits, outputs/sofia_pbc/hcg90/hcg90_sofia_updated_vopt_central.par, outputs/sofia_pbc/hcg90/hcg90_line60_masked.pb_corr_vopt_cat.txt, outputs/sofia_pbc/hcg90/hcg90_line60_masked.pb_corr_vopt_mask.fits, outputs/sofia_pbc/hcg90/hcg90_line60_masked.pb_corr_vopt_mom1.fits, outputs/sofia_pbc/hcg90/hcg90_line60_masked.pb_corr_vopt_mom0.fits, outputs/sofia_pbc/hcg90/hcg90_line60_masked.pb_corr_vopt_noise.fits, outputs/data/hcg90/hcg90_line60_masked.image_vopt.fits, outputs/data/hcg90/hcg90_line60_masked.pb_corr_vopt.fits, outputs/sofia_pbc/hcg90/hcg90_line60_masked.pb_corr_vopt_cubelets/hcg90_line60_masked.pb_corr_vopt_1_mom0.fits, outputs/sofia/hcg91/hcg91_sofia_updated_vopt_central.par, outputs/sofia/hcg91/hcg91_line60_masked.image_vopt_cat.txt, outputs/sofia/hcg91/hcg91_line60_masked.image_vopt_noise.fits, outputs/sofia/hcg91/hcg91_line60_masked.image_vopt_cubelets/hcg91_line60_masked.image_vopt_1_mom0.fits, outputs/sofia_pbc/hcg91/hcg91_sofia_updated_vopt_central.par, outputs/sofia_pbc/hcg91/hcg91_line60_masked.pb_corr_vopt_cat.txt, outputs/sofia_pbc/hcg91/hcg91_line60_masked.pb_corr_vopt_mask.fits, outputs/sofia_pbc/hcg91/hcg91_line60_masked.pb_corr_vopt_mom1.fits, outputs/sofia_pbc/hcg91/hcg91_line60_masked.pb_corr_vopt_mom0.fits, outputs/sofia_pbc/hcg91/hcg91_line60_masked.pb_corr_vopt_noise.fits, outputs/data/hcg91/hcg91_line60_masked.image_vopt.fits, outputs/data/hcg91/hcg91_line60_masked.pb_corr_vopt.fits, outputs/sofia_pbc/hcg91/hcg91_line60_masked.pb_corr_vopt_cubelets/hcg91_line60_masked.pb_corr_vopt_1_mom0.fits, outputs/sofia/hcg97/hcg97_sofia_updated_vopt_central.par, outputs/sofia/hcg97/hcg97_line60_masked.image_vopt_cat.txt, outputs/sofia/hcg97/hcg97_line60_masked.image_vopt_noise.fits, outputs/sofia/hcg97/hcg97_line60_masked.image_vopt_cubelets/hcg97_line60_masked.image_vopt_1_mom0.fits, outputs/sofia_pbc/hcg97/hcg97_sofia_updated_vopt_central.par, outputs/sofia_pbc/hcg97/hcg97_line60_masked.pb_corr_vopt_cat.txt, outputs/sofia_pbc/hcg97/hcg97_line60_masked.pb_corr_vopt_mask.fits, outputs/sofia_pbc/hcg97/hcg97_line60_masked.pb_corr_vopt_mom1.fits, outputs/sofia_pbc/hcg97/hcg97_line60_masked.pb_corr_vopt_mom0.fits, outputs/sofia_pbc/hcg97/hcg97_line60_masked.pb_corr_vopt_noise.fits, outputs/data/hcg97/hcg97_line60_masked.image_vopt.fits, outputs/data/hcg97/hcg97_line60_masked.pb_corr_vopt.fits, outputs/sofia_pbc/hcg97/hcg97_line60_masked.pb_corr_vopt_cubelets/hcg97_line60_masked.pb_corr_vopt_1_mom0.fits, outputs/publication/figures/ngc1622_column_density.pdf, outputs/publication/figures/ngc1622_snr.pdf, outputs/publication/figures/ngc1622_mom1.pdf, outputs/publication/figures/ngc1622_chan.pdf, outputs/publication/figures/ngc1622_mom2.pdf, outputs/publication/figures/ngc1622_spec.pdf, outputs/data/hcg16/hcg16_line60_masked.pb_corr_vopt_times_beam_factor_integrated_spec.txt, outputs/publication/figures/hcg16_meerkat_gbt_spec.pdf, outputs/data/hcg30/hcg30_line60_masked.pb_corr_vopt_times_beam_factor_integrated_spec.txt, outputs/publication/figures/hcg30_meerkat_gbt_spec.pdf, outputs/data/hcg31/hcg31_line60_masked.pb_corr_vopt_times_beam_factor_integrated_spec.txt, outputs/publication/figures/hcg31_meerkat_gbt_spec.pdf, outputs/data/hcg90/hcg90_line60_masked.pb_corr_vopt_times_beam_factor_integrated_spec.txt, outputs/publication/figures/hcg90_meerkat_gbt_spec.pdf, outputs/data/hcg91/hcg91_line60_masked.pb_corr_vopt_times_beam_factor_integrated_spec.txt, outputs/publication/figures/hcg91_meerkat_gbt_spec.pdf, outputs/data/hcg97/hcg97_line60_masked.pb_corr_vopt_times_beam_factor_integrated_spec.txt, outputs/publication/figures/hcg97_meerkat_gbt_spec.pdf, outputs/publication/figures/hcgs_meerkat_gbt_flux.pdf, outputs/publication/figures/hcgs_meerkat_gbt_flux.pdf, outputs/publication/figures/hcgs_meerkat_gbt_flux.pdf, outputs/publication/figures/hcgs_meerkat_gbt_flux.pdf, outputs/publication/figures/hcgs_meerkat_gbt_flux.pdf, outputs/publication/figures/hcgs_meerkat_gbt_flux.pdf, workflow/hcg_paper.tex
    output: outputs/publication/hcg_paper.pdf
    shell:
        

        tectonic -o outputs/publication workflow/hcg_paper.tex
        for file in *delete*; do
            if [ -f "$file" ]; then
                rm -f "$file"
            fi
        done        
        
        (one of the commands exited with non-zero exit code; note that snakemake uses bash strict mode!)

Full Traceback (most recent call last):
  File "/opt/conda_envs/snakemake/lib/python3.10/site-packages/snakemake/executors/__init__.py", line 2656, in run_wrapper
    run(
  File "/data/workflow/Snakefile", line 113, in __rule_tex2pdf_with_bib
  File "/opt/conda_envs/snakemake/lib/python3.10/site-packages/snakemake/shell.py", line 294, in __new__
    raise sp.CalledProcessError(retcode, cmd)
subprocess.CalledProcessError: Command 'set -euo pipefail;  

        tectonic -o outputs/publication workflow/hcg_paper.tex
        for file in *delete*; do
            if [ -f "$file" ]; then
                rm -f "$file"
            fi
        done' returned non-zero exit status 1.

During handling of the above exception, another exception occurred:

Traceback (most recent call last):
  File "/opt/conda_envs/snakemake/lib/python3.10/site-packages/snakemake/executors/__init__.py", line 715, in _callback
    raise ex
  File "/opt/conda_envs/snakemake/lib/python3.10/concurrent/futures/thread.py", line 58, in run
    result = self.fn(*self.args, **self.kwargs)
  File "/opt/conda_envs/snakemake/lib/python3.10/site-packages/snakemake/executors/__init__.py", line 699, in cached_or_run
    run_func(*args)
  File "/opt/conda_envs/snakemake/lib/python3.10/site-packages/snakemake/executors/__init__.py", line 2692, in run_wrapper
    raise RuleException(
snakemake.exceptions.RuleException: CalledProcessError in file /data/workflow/Snakefile, line 82:
Command 'set -euo pipefail;  

        tectonic -o outputs/publication workflow/hcg_paper.tex
        for file in *delete*; do
            if [ -f "$file" ]; then
                rm -f "$file"
            fi
        done' returned non-zero exit status 1.
  File "/data/workflow/Snakefile", line 82, in __rule_tex2pdf_with_bib

RuleException:
CalledProcessError in file /data/workflow/Snakefile, line 82:
Command 'set -euo pipefail;  

        tectonic -o outputs/publication workflow/hcg_paper.tex
        for file in *delete*; do
            if [ -f "$file" ]; then
                rm -f "$file"
            fi
        done' returned non-zero exit status 1.
  File "/data/workflow/Snakefile", line 82, in __rule_tex2pdf_with_bib
  File "/opt/conda_envs/snakemake/lib/python3.10/concurrent/futures/thread.py", line 58, in run
Shutting down, this might take some time.
Exiting because a job execution failed. Look above for error message
Complete log: .snakemake/log/2024-10-25T175528.261895.snakemake.log
unlocking
removing lock
removing lock
removed all locks
