Building DAG of jobs...
Using shell: /bin/bash
Provided cores: 4
Rules claiming more threads will be scaled down.
Job stats:
job                 count
----------------  -------
tex2pdf_with_bib        1
total                   1

Select jobs to execute...

[Tue Oct 15 09:58:04 2024]
rule tex2pdf_with_bib:
    input: workflow/hcg_paper.tex
    output: results/publication/hcg_paper.pdf
    jobid: 0
    reason: Missing output files: results/publication/hcg_paper.pdf
    resources: tmpdir=/tmp

[Tue Oct 15 09:58:06 2024]
Error in rule tex2pdf_with_bib:
    jobid: 0
    input: workflow/hcg_paper.tex
    output: results/publication/hcg_paper.pdf
    shell:
        

        tectonic -o results/publication workflow/hcg_paper.tex
        for file in *delete*; do
            if [ -f "$file" ]; then
                rm -f "$file"
            fi
        done        
        
        (one of the commands exited with non-zero exit code; note that snakemake uses bash strict mode!)

Shutting down, this might take some time.
Exiting because a job execution failed. Look above for error message
Complete log: .snakemake/log/2024-10-15T095804.586603.snakemake.log
