Full Traceback (most recent call last):
  File "/opt/conda_envs/snakemake/lib/python3.10/site-packages/snakemake/__init__.py", line 671, in snakemake
    workflow.include(
  File "/opt/conda_envs/snakemake/lib/python3.10/site-packages/snakemake/workflow.py", line 1389, in include
    exec(compile(code, snakefile.get_path_or_uri(), "exec"), self.globals)
  File "/data/workflow/Snakefile", line 20, in <module>
    #include: "rules/plot_segmented_pvdiag.smk"
  File "/opt/conda_envs/snakemake/lib/python3.10/site-packages/snakemake/workflow.py", line 1389, in include
    exec(compile(code, snakefile.get_path_or_uri(), "exec"), self.globals)
  File "/data/workflow/rules/plot_gbt_meerkat_spectra.smk", line 55, in <module>
  File "/opt/conda_envs/snakemake/lib/python3.10/site-packages/snakemake/workflow.py", line 1564, in decorate
    rule.set_output(*ruleinfo.output.paths, **ruleinfo.output.kwpaths)
  File "/opt/conda_envs/snakemake/lib/python3.10/site-packages/snakemake/rules.py", line 455, in set_output
    self.register_wildcards(item.get_wildcard_names())
  File "/opt/conda_envs/snakemake/lib/python3.10/site-packages/snakemake/rules.py", line 421, in register_wildcards
    raise SyntaxError(
SyntaxError: Not all output, log and benchmark files of rule plot_gbt_meerkat_spectra contain the same wildcards. This is crucial though, in order to avoid that two or more jobs write to the same file.

SyntaxError:
Not all output, log and benchmark files of rule plot_gbt_meerkat_spectra contain the same wildcards. This is crucial though, in order to avoid that two or more jobs write to the same file.
  File "/data/workflow/Snakefile", line 14, in <module>
  File "/data/workflow/rules/plot_gbt_meerkat_spectra.smk", line 39, in <module>
